==== Collecting Debugging Information ====
==== Kernel Version ====
6.6.62+rpt-rpi-v8

==== Kernel Configuration ====
Kernel config not found in /proc/config.gz

==== Module Dependencies ====
filename:       /lib/modules/6.6.62+rpt-rpi-v8/extra/nc4_ili9488.ko
license:        GPL
author:         IHOR NEPOMNIASHCHYI <nepomniashchyi.igor@gmail.com>
description:    Ilitek ILI9488 DRM driver with extensive debugging
srcversion:     996B26650318F9EF46024E3
alias:          of:N*T*Cnc4_ili9488C*
alias:          of:N*T*Cnc4_ili9488
alias:          spi:nc4_ili9488
depends:        drm_kms_helper,drm,drm_mipi_dbi,backlight,drm_dma_helper
name:           nc4_ili9488
vermagic:       6.6.62+rpt-rpi-v8 SMP preempt mod_unload modversions aarch64

==== Loaded Kernel Modules ====
drm                   643072  1 debug_test
drm_panel_orientation_quirks    28672  1 drm
backlight              24576  1 drm

==== Exported Symbols ====
/usr/src/linux-headers-6.6.62+rpt-rpi-v8/Module.symvers:0xb19c7bbc	drm_gem_fb_get_obj	drivers/gpu/drm/drm_kms_helper	EXPORT_SYMBOL_GPL	
/usr/src/linux-headers-6.6.62+rpt-rpi-v8/Module.symvers:0xb40aed6f	drm_gem_fb_destroy	drivers/gpu/drm/drm_kms_helper	EXPORT_SYMBOL	
/usr/src/linux-headers-6.6.62+rpt-rpi-v8/Module.symvers:0xdf1542db	drm_gem_fb_create_handle	drivers/gpu/drm/drm_kms_helper	EXPORT_SYMBOL	
/usr/src/linux-headers-6.6.62+rpt-rpi-v8/Module.symvers:0xdf82e8af	drm_gem_fb_init_with_funcs	drivers/gpu/drm/drm_kms_helper	EXPORT_SYMBOL_GPL	
/usr/src/linux-headers-6.6.62+rpt-rpi-v8/Module.symvers:0x56d18cb5	drm_gem_fb_create_with_funcs	drivers/gpu/drm/drm_kms_helper	EXPORT_SYMBOL_GPL	
/usr/src/linux-headers-6.6.62+rpt-rpi-v8/Module.symvers:0x065319df	drm_gem_fb_create	drivers/gpu/drm/drm_kms_helper	EXPORT_SYMBOL_GPL	
/usr/src/linux-headers-6.6.62+rpt-rpi-v8/Module.symvers:0xe8b765d2	drm_gem_fb_create_with_dirty	drivers/gpu/drm/drm_kms_helper	EXPORT_SYMBOL_GPL	
/usr/src/linux-headers-6.6.62+rpt-rpi-v8/Module.symvers:0xd944f9a5	drm_gem_fb_vmap	drivers/gpu/drm/drm_kms_helper	EXPORT_SYMBOL	
/usr/src/linux-headers-6.6.62+rpt-rpi-v8/Module.symvers:0x431e5f50	drm_gem_fb_vunmap	drivers/gpu/drm/drm_kms_helper	EXPORT_SYMBOL	
/usr/src/linux-headers-6.6.62+rpt-rpi-v8/Module.symvers:0x1a1a1555	drm_gem_fb_begin_cpu_access	drivers/gpu/drm/drm_kms_helper	EXPORT_SYMBOL	
/usr/src/linux-headers-6.6.62+rpt-rpi-v8/Module.symvers:0xa4d29344	drm_gem_fb_end_cpu_access	drivers/gpu/drm/drm_kms_helper	EXPORT_SYMBOL	
/usr/src/linux-headers-6.6.62+rpt-rpi-v8/Module.symvers:0xd50818c0	drm_gem_fb_afbc_init	drivers/gpu/drm/drm_kms_helper	EXPORT_SYMBOL_GPL	
/usr/src/linux-headers-6.6.62+rpt-rpi-v8/Module.symvers:0x792e18a2	mipi_dbi_command_read	drivers/gpu/drm/drm_mipi_dbi	EXPORT_SYMBOL	
/usr/src/linux-headers-6.6.62+rpt-rpi-v8/Module.symvers:0x4cbbc58e	mipi_dbi_command_buf	drivers/gpu/drm/drm_mipi_dbi	EXPORT_SYMBOL	
/usr/src/linux-headers-6.6.62+rpt-rpi-v8/Module.symvers:0x96867e0a	mipi_dbi_command_stackbuf	drivers/gpu/drm/drm_mipi_dbi	EXPORT_SYMBOL	
/usr/src/linux-headers-6.6.62+rpt-rpi-v8/Module.symvers:0xca43ef19	mipi_dbi_buf_copy	drivers/gpu/drm/drm_mipi_dbi	EXPORT_SYMBOL	
/usr/src/linux-headers-6.6.62+rpt-rpi-v8/Module.symvers:0xfaa83941	mipi_dbi_pipe_mode_valid	drivers/gpu/drm/drm_mipi_dbi	EXPORT_SYMBOL	
/usr/src/linux-headers-6.6.62+rpt-rpi-v8/Module.symvers:0x74055185	mipi_dbi_pipe_update	drivers/gpu/drm/drm_mipi_dbi	EXPORT_SYMBOL	
/usr/src/linux-headers-6.6.62+rpt-rpi-v8/Module.symvers:0x648c742f	mipi_dbi_enable_flush	drivers/gpu/drm/drm_mipi_dbi	EXPORT_SYMBOL	
/usr/src/linux-headers-6.6.62+rpt-rpi-v8/Module.symvers:0x46812c96	mipi_dbi_pipe_disable	drivers/gpu/drm/drm_mipi_dbi	EXPORT_SYMBOL	
/usr/src/linux-headers-6.6.62+rpt-rpi-v8/Module.symvers:0xe6bcd438	mipi_dbi_pipe_begin_fb_access	drivers/gpu/drm/drm_mipi_dbi	EXPORT_SYMBOL	
/usr/src/linux-headers-6.6.62+rpt-rpi-v8/Module.symvers:0x59cb76c4	mipi_dbi_pipe_end_fb_access	drivers/gpu/drm/drm_mipi_dbi	EXPORT_SYMBOL	
/usr/src/linux-headers-6.6.62+rpt-rpi-v8/Module.symvers:0xb272a708	mipi_dbi_pipe_reset_plane	drivers/gpu/drm/drm_mipi_dbi	EXPORT_SYMBOL	
/usr/src/linux-headers-6.6.62+rpt-rpi-v8/Module.symvers:0xacf59096	mipi_dbi_pipe_duplicate_plane_state	drivers/gpu/drm/drm_mipi_dbi	EXPORT_SYMBOL	
/usr/src/linux-headers-6.6.62+rpt-rpi-v8/Module.symvers:0xeb544956	mipi_dbi_pipe_destroy_plane_state	drivers/gpu/drm/drm_mipi_dbi	EXPORT_SYMBOL	
/usr/src/linux-headers-6.6.62+rpt-rpi-v8/Module.symvers:0x76170370	mipi_dbi_dev_init_with_formats	drivers/gpu/drm/drm_mipi_dbi	EXPORT_SYMBOL	
/usr/src/linux-headers-6.6.62+rpt-rpi-v8/Module.symvers:0xec371fa5	mipi_dbi_dev_init	drivers/gpu/drm/drm_mipi_dbi	EXPORT_SYMBOL	
/usr/src/linux-headers-6.6.62+rpt-rpi-v8/Module.symvers:0xe50410f7	mipi_dbi_hw_reset	drivers/gpu/drm/drm_mipi_dbi	EXPORT_SYMBOL	
/usr/src/linux-headers-6.6.62+rpt-rpi-v8/Module.symvers:0x2d1066a5	mipi_dbi_display_is_on	drivers/gpu/drm/drm_mipi_dbi	EXPORT_SYMBOL	
/usr/src/linux-headers-6.6.62+rpt-rpi-v8/Module.symvers:0xc9d489bf	mipi_dbi_poweron_reset	drivers/gpu/drm/drm_mipi_dbi	EXPORT_SYMBOL	
/usr/src/linux-headers-6.6.62+rpt-rpi-v8/Module.symvers:0xb256a715	mipi_dbi_poweron_conditional_reset	drivers/gpu/drm/drm_mipi_dbi	EXPORT_SYMBOL	
/usr/src/linux-headers-6.6.62+rpt-rpi-v8/Module.symvers:0xf78bf80e	mipi_dbi_spi_cmd_max_speed	drivers/gpu/drm/drm_mipi_dbi	EXPORT_SYMBOL	
/usr/src/linux-headers-6.6.62+rpt-rpi-v8/Module.symvers:0x1f0ea9b4	mipi_dbi_spi_init	drivers/gpu/drm/drm_mipi_dbi	EXPORT_SYMBOL	
/usr/src/linux-headers-6.6.62+rpt-rpi-v8/Module.symvers:0x4c532cb5	mipi_dbi_spi_transfer	drivers/gpu/drm/drm_mipi_dbi	EXPORT_SYMBOL	
/usr/src/linux-headers-6.6.62+rpt-rpi-v8/Module.symvers:0x15f33312	mipi_dbi_debugfs_init	drivers/gpu/drm/drm_mipi_dbi	EXPORT_SYMBOL	

==== DRM Debugging Information ====
DebugFS DRM directory exists.

==== dmesg Logs (DRM Related) ====
[ 1178.627737] [drm] debug_test: DRM info message during initialization
[ 1178.627746] [drm:debug_test_init [debug_test]] debug_test: DRM debug message during initialization
[ 1178.627759] [drm:debug_test_init [debug_test]] debug_test: DRM KMS debug message during initialization
[ 1553.812358] nc4_ili9488: Unknown symbol drm_gem_fb_end_cpu_access (err -2)
[ 1553.812461] nc4_ili9488: Unknown symbol drm_atomic_helper_shutdown (err -2)
[ 1553.812607] nc4_ili9488: Unknown symbol drm_gem_fb_vmap (err -2)
[ 1553.812660] nc4_ili9488: Unknown symbol drm_atomic_helper_damage_merged (err -2)
[ 1553.812698] nc4_ili9488: Unknown symbol drm_gem_fb_vunmap (err -2)
[ 1553.812719] nc4_ili9488: Unknown symbol drm_gem_dma_dumb_create (err -2)
[ 1553.812742] nc4_ili9488: Unknown symbol drm_gem_fb_get_obj (err -2)
[ 1553.812787] nc4_ili9488: Unknown symbol drm_fb_xrgb8888_to_rgb888 (err -2)
[ 1553.812808] nc4_ili9488: Unknown symbol drm_fbdev_generic_setup (err -2)
[ 1553.812828] nc4_ili9488: Unknown symbol drm_fb_memcpy (err -2)
[ 1553.812855] nc4_ili9488: Unknown symbol drm_gem_fb_begin_cpu_access (err -2)
[ 1553.812876] nc4_ili9488: Unknown symbol drm_fb_swab (err -2)
[ 1553.812913] nc4_ili9488: Unknown symbol drm_gem_dma_prime_import_sg_table_vmap (err -2)
[ 1955.513037] nc4_ili9488: Unknown symbol drm_gem_fb_end_cpu_access (err -2)
[ 1955.513122] nc4_ili9488: Unknown symbol drm_atomic_helper_shutdown (err -2)
[ 1955.513246] nc4_ili9488: Unknown symbol drm_gem_fb_vmap (err -2)
[ 1955.513291] nc4_ili9488: Unknown symbol drm_atomic_helper_damage_merged (err -2)
[ 1955.513322] nc4_ili9488: Unknown symbol drm_gem_fb_vunmap (err -2)
[ 1955.513339] nc4_ili9488: Unknown symbol drm_gem_dma_dumb_create (err -2)
[ 1955.513358] nc4_ili9488: Unknown symbol drm_gem_fb_get_obj (err -2)
[ 1955.513396] nc4_ili9488: Unknown symbol drm_fb_xrgb8888_to_rgb888 (err -2)
[ 1955.513413] nc4_ili9488: Unknown symbol drm_fbdev_generic_setup (err -2)
[ 1955.513430] nc4_ili9488: Unknown symbol drm_fb_memcpy (err -2)
[ 1955.513451] nc4_ili9488: Unknown symbol drm_gem_fb_begin_cpu_access (err -2)
[ 1955.513469] nc4_ili9488: Unknown symbol drm_fb_swab (err -2)
[ 1955.513501] nc4_ili9488: Unknown symbol drm_gem_dma_prime_import_sg_table_vmap (err -2)

==== Attempting to Load Module ====
Module nc4_ili9488 not loaded, skipping removal.
insmod: ERROR: could not insert module /lib/modules/6.6.62+rpt-rpi-v8/extra/nc4_ili9488.ko: Unknown symbol in module
Module insertion failed.

==== dmesg Logs (After Module Insertion) ====
[ 1955.513103] nc4_ili9488: Unknown symbol mipi_dbi_debugfs_init (err -2)
[ 1955.513122] nc4_ili9488: Unknown symbol drm_atomic_helper_shutdown (err -2)
[ 1955.513145] nc4_ili9488: Unknown symbol mipi_dbi_spi_init (err -2)
[ 1955.513168] nc4_ili9488: Unknown symbol mipi_dbi_pipe_mode_valid (err -2)
[ 1955.513203] nc4_ili9488: Unknown symbol mipi_dbi_pipe_disable (err -2)
[ 1955.513246] nc4_ili9488: Unknown symbol drm_gem_fb_vmap (err -2)
[ 1955.513263] nc4_ili9488: Unknown symbol mipi_dbi_command_buf (err -2)
[ 1955.513291] nc4_ili9488: Unknown symbol drm_atomic_helper_damage_merged (err -2)
[ 1955.513322] nc4_ili9488: Unknown symbol drm_gem_fb_vunmap (err -2)
[ 1955.513339] nc4_ili9488: Unknown symbol drm_gem_dma_dumb_create (err -2)
[ 1955.513358] nc4_ili9488: Unknown symbol drm_gem_fb_get_obj (err -2)
[ 1955.513396] nc4_ili9488: Unknown symbol drm_fb_xrgb8888_to_rgb888 (err -2)
[ 1955.513413] nc4_ili9488: Unknown symbol drm_fbdev_generic_setup (err -2)
[ 1955.513430] nc4_ili9488: Unknown symbol drm_fb_memcpy (err -2)
[ 1955.513451] nc4_ili9488: Unknown symbol drm_gem_fb_begin_cpu_access (err -2)
[ 1955.513469] nc4_ili9488: Unknown symbol drm_fb_swab (err -2)
[ 1955.513501] nc4_ili9488: Unknown symbol drm_gem_dma_prime_import_sg_table_vmap (err -2)
[ 1955.538938] brcmfmac: brcmf_set_channel: set chanspec 0xd02e fail, reason -52
[ 1961.390793] brcmfmac: brcmf_set_channel: set chanspec 0xd022 fail, reason -52
[ 1961.498834] brcmfmac: brcmf_set_channel: set chanspec 0xd026 fail, reason -52
[ 1961.606796] brcmfmac: brcmf_set_channel: set chanspec 0xd02a fail, reason -52
[ 1961.714916] brcmfmac: brcmf_set_channel: set chanspec 0xd02e fail, reason -52
[ 1965.046784] brcmfmac: brcmf_set_channel: set chanspec 0xd022 fail, reason -52
[ 1965.154856] brcmfmac: brcmf_set_channel: set chanspec 0xd026 fail, reason -52
[ 1965.262793] brcmfmac: brcmf_set_channel: set chanspec 0xd02a fail, reason -52
[ 1965.370823] brcmfmac: brcmf_set_channel: set chanspec 0xd02e fail, reason -52
[ 1968.909184] systemd-journald[239]: Successfully sent stream file descriptor to service manager.
[ 1992.198956] systemd-journald[239]: Sent WATCHDOG=1 notification.
[ 2112.198529] systemd-journald[239]: Sent WATCHDOG=1 notification.
[ 2123.138339] nc4_ili9488: Unknown symbol mipi_dbi_poweron_conditional_reset (err -2)
[ 2123.138389] nc4_ili9488: Unknown symbol drm_gem_fb_end_cpu_access (err -2)
[ 2123.138415] nc4_ili9488: Unknown symbol mipi_dbi_dev_init_with_formats (err -2)
[ 2123.138432] nc4_ili9488: Unknown symbol mipi_dbi_command_stackbuf (err -2)
[ 2123.138448] nc4_ili9488: Unknown symbol mipi_dbi_debugfs_init (err -2)
[ 2123.138464] nc4_ili9488: Unknown symbol drm_atomic_helper_shutdown (err -2)
[ 2123.138488] nc4_ili9488: Unknown symbol mipi_dbi_spi_init (err -2)
[ 2123.138510] nc4_ili9488: Unknown symbol mipi_dbi_pipe_mode_valid (err -2)
[ 2123.138542] nc4_ili9488: Unknown symbol mipi_dbi_pipe_disable (err -2)
[ 2123.138581] nc4_ili9488: Unknown symbol drm_gem_fb_vmap (err -2)
[ 2123.138597] nc4_ili9488: Unknown symbol mipi_dbi_command_buf (err -2)
[ 2123.138622] nc4_ili9488: Unknown symbol drm_atomic_helper_damage_merged (err -2)
[ 2123.138650] nc4_ili9488: Unknown symbol drm_gem_fb_vunmap (err -2)
[ 2123.138666] nc4_ili9488: Unknown symbol drm_gem_dma_dumb_create (err -2)
[ 2123.138683] nc4_ili9488: Unknown symbol drm_gem_fb_get_obj (err -2)
[ 2123.138719] nc4_ili9488: Unknown symbol drm_fb_xrgb8888_to_rgb888 (err -2)
[ 2123.138735] nc4_ili9488: Unknown symbol drm_fbdev_generic_setup (err -2)
[ 2123.138749] nc4_ili9488: Unknown symbol drm_fb_memcpy (err -2)
[ 2123.138768] nc4_ili9488: Unknown symbol drm_gem_fb_begin_cpu_access (err -2)
[ 2123.138784] nc4_ili9488: Unknown symbol drm_fb_swab (err -2)
[ 2123.138814] nc4_ili9488: Unknown symbol drm_gem_dma_prime_import_sg_table_vmap (err -2)
