
Jan 04 13:30:47 raspberrypi sudo[1514]:      nc4 : TTY=pts/5 ; PWD=/home/nc4/TouchscreenApparatus ; USER=root ; COMMAND=/usr/bin/systemctl is-enabled nc4_ili9488_driver_init.service
Jan 04 13:31:41 raspberrypi kernel: nc4_ili9488 spi0.1: [drm:drm_atomic_state_init [drm]] Allocated atomic state 000000007d6adca5
Jan 04 13:31:41 raspberrypi kernel: nc4_ili9488 spi0.1: [drm:drm_atomic_get_plane_state [drm]] Added [PLANE:32:plane-0] 00000000ceae46e3 state to 000000007d6adca5
Jan 04 13:31:41 raspberrypi kernel: nc4_ili9488 spi0.1: [drm:drm_atomic_get_crtc_state [drm]] Added [CRTC:34:crtc-0] 00000000f05da720 state to 000000007d6adca5
Jan 04 13:31:41 raspberrypi kernel: nc4_ili9488 spi0.1: [drm:drm_atomic_check_only [drm]] checking 000000007d6adca5
Jan 04 13:31:41 raspberrypi kernel: nc4_ili9488 spi0.1: [drm:drm_atomic_add_affected_planes [drm]] Adding all current planes for [CRTC:34:crtc-0] to 000000007d6adca5
Jan 04 13:31:41 raspberrypi kernel: nc4_ili9488 spi0.1: [drm:drm_atomic_commit [drm]] committing 000000007d6adca5
Jan 04 13:31:41 raspberrypi kernel: [drm:nc4_mipi_dbi18_pipe_update [nc4_ili9488]] nc4_ili9488: [nc4_mipi_dbi18_pipe_update] pipe_update called
Jan 04 13:31:41 raspberrypi kernel: [drm:nc4_mipi_dbi18_pipe_update [nc4_ili9488]] nc4_ili9488: [nc4_mipi_dbi18_pipe_update] merged damage rect=(320x480+0+0)
Jan 04 13:31:41 raspberrypi kernel: [drm:nc4_mipi_dbi18_fb_dirty [nc4_ili9488]] nc4_ili9488: [nc4_mipi_dbi18_fb_dirty] Dirty framebuffer update: dev=spi0.1 cs=1 rect=(0,0)-(320,480)
Jan 04 13:31:41 raspberrypi kernel: [drm:nc4_mipi_dbi18_fb_dirty [nc4_ili9488]] nc4_ili9488: [nc4_mipi_dbi18_fb_dirty] Full framebuffer update detected.
Jan 04 13:31:41 raspberrypi kernel: [drm:nc4_mipi_dbi18_buf_copy [nc4_ili9488]] nc4_ili9488: [nc4_mipi_dbi18_buf_copy] format=XR24 little-endian (0x34325258) swap=1 clip=(0,0)-(320,480)
Jan 04 13:31:41 raspberrypi kernel: [drm:nc4_mipi_dbi18_buf_copy [nc4_ili9488]] nc4_ili9488: [nc4_mipi_dbi18_buf_copy] Converting from XRGB8888 to 18-bit
Jan 04 13:31:41 raspberrypi kernel: [drm:nc4_mipi_dbi18_fb_dirty [nc4_ili9488]] nc4_ili9488: [nc4_mipi_dbi_set_window_address] dev=spi0 cs=0 xs=0 xe=319 ys=0 ye=479
Jan 04 13:31:41 raspberrypi kernel: [drm:nc4_mipi_dbi18_fb_dirty [nc4_ili9488]] nc4_ili9488: [nc4_mipi_dbi18_fb_dirty] Writing memory data to device.
Jan 04 13:31:41 raspberrypi kernel: nc4_ili9488 spi0.0: [drm:drm_atomic_state_init [drm]] Allocated atomic state 0000000095cf0570
Jan 04 13:31:41 raspberrypi kernel: nc4_ili9488 spi0.0: [drm:drm_atomic_get_plane_state [drm]] Added [PLANE:32:plane-0] 000000004fbbec14 state to 0000000095cf0570
Jan 04 13:31:41 raspberrypi kernel: nc4_ili9488 spi0.0: [drm:drm_atomic_get_crtc_state [drm]] Added [CRTC:34:crtc-0] 00000000aa745179 state to 0000000095cf0570
Jan 04 13:31:41 raspberrypi kernel: nc4_ili9488 spi0.0: [drm:drm_atomic_check_only [drm]] checking 0000000095cf0570
Jan 04 13:31:41 raspberrypi kernel: nc4_ili9488 spi0.0: [drm:drm_atomic_add_affected_planes [drm]] Adding all current planes for [CRTC:34:crtc-0] to 0000000095cf0570
Jan 04 13:31:41 raspberrypi kernel: nc4_ili9488 spi0.0: [drm:drm_atomic_commit [drm]] committing 0000000095cf0570
Jan 04 13:31:41 raspberrypi kernel: [drm:nc4_mipi_dbi18_pipe_update [nc4_ili9488]] nc4_ili9488: [nc4_mipi_dbi18_pipe_update] pipe_update called
Jan 04 13:31:41 raspberrypi kernel: [drm:nc4_mipi_dbi18_pipe_update [nc4_ili9488]] nc4_ili9488: [nc4_mipi_dbi18_pipe_update] merged damage rect=(320x480+0+0)
Jan 04 13:31:41 raspberrypi kernel: [drm:nc4_mipi_dbi18_fb_dirty [nc4_ili9488]] nc4_ili9488: [nc4_mipi_dbi18_fb_dirty] Dirty framebuffer update: dev=spi0.0 cs=0 rect=(0,0)-(320,480)
Jan 04 13:31:41 raspberrypi kernel: [drm:nc4_mipi_dbi18_fb_dirty [nc4_ili9488]] nc4_ili9488: [nc4_mipi_dbi18_fb_dirty] Full framebuffer update detected.
Jan 04 13:31:41 raspberrypi kernel: [drm:nc4_mipi_dbi18_buf_copy [nc4_ili9488]] nc4_ili9488: [nc4_mipi_dbi18_buf_copy] format=XR24 little-endian (0x34325258) swap=1 clip=(0,0)-(320,480)
Jan 04 13:31:41 raspberrypi kernel: [drm:nc4_mipi_dbi18_buf_copy [nc4_ili9488]] nc4_ili9488: [nc4_mipi_dbi18_buf_copy] Converting from XRGB8888 to 18-bit
Jan 04 13:31:41 raspberrypi kernel: [drm:nc4_mipi_dbi18_fb_dirty [nc4_ili9488]] nc4_ili9488: [nc4_mipi_dbi_set_window_address] dev=spi0 cs=0 xs=0 xe=319 ys=0 ye=479
Jan 04 13:31:41 raspberrypi kernel: [drm:nc4_mipi_dbi18_pipe_update [nc4_ili9488]] nc4_ili9488: [nc4_mipi_dbi18_pipe_update] pipe_update done for dev=spi0.1 cs=1
Jan 04 13:31:41 raspberrypi kernel: nc4_ili9488 spi0.1: [drm:drm_atomic_state_default_clear [drm]] Clearing atomic state 000000007d6adca5
Jan 04 13:31:41 raspberrypi kernel: nc4_ili9488 spi0.1: [drm:__drm_atomic_state_free [drm]] Freeing atomic state 000000007d6adca5
Jan 04 13:31:41 raspberrypi kernel: [drm:nc4_mipi_dbi18_fb_dirty [nc4_ili9488]] nc4_ili9488: [nc4_mipi_dbi18_fb_dirty] Writing memory data to device.
Jan 04 13:31:41 raspberrypi kernel: [drm:nc4_mipi_dbi18_pipe_update [nc4_ili9488]] nc4_ili9488: [nc4_mipi_dbi18_pipe_update] pipe_update done for dev=spi0.0 cs=0
Jan 04 13:31:41 raspberrypi kernel: nc4_ili9488 spi0.0: [drm:drm_atomic_state_default_clear [drm]] Clearing atomic state 0000000095cf0570
Jan 04 13:31:41 raspberrypi kernel: nc4_ili9488 spi0.0: [drm:__drm_atomic_state_free [drm]] Freeing atomic state 0000000095cf0570
Jan 04 13:31:43 raspberrypi kernel: nc4_ili9488 spi0.1: [drm:drm_atomic_state_init [drm]] Allocated atomic state 0000000073cf4090
Jan 04 13:31:43 raspberrypi kernel: nc4_ili9488 spi0.1: [drm:drm_atomic_get_plane_state [drm]] Added [PLANE:32:plane-0] 00000000f01ccf4c state to 0000000073cf4090
Jan 04 13:31:43 raspberrypi kernel: nc4_ili9488 spi0.1: [drm:drm_atomic_get_crtc_state [drm]] Added [CRTC:34:crtc-0] 00000000fcd15e11 state to 0000000073cf4090
Jan 04 13:31:43 raspberrypi kernel: nc4_ili9488 spi0.1: [drm:drm_atomic_check_only [drm]] checking 0000000073cf4090
Jan 04 13:31:43 raspberrypi kernel: nc4_ili9488 spi0.1: [drm:drm_atomic_add_affected_planes [drm]] Adding all current planes for [CRTC:34:crtc-0] to 0000000073cf4090
Jan 04 13:31:43 raspberrypi kernel: nc4_ili9488 spi0.1: [drm:drm_atomic_commit [drm]] committing 0000000073cf4090
Jan 04 13:31:43 raspberrypi kernel: [drm:nc4_mipi_dbi18_pipe_update [nc4_ili9488]] nc4_ili9488: [nc4_mipi_dbi18_pipe_update] pipe_update called
Jan 04 13:31:43 raspberrypi kernel: [drm:nc4_mipi_dbi18_pipe_update [nc4_ili9488]] nc4_ili9488: [nc4_mipi_dbi18_pipe_update] merged damage rect=(320x480+0+0)
Jan 04 13:31:43 raspberrypi kernel: [drm:nc4_mipi_dbi18_fb_dirty [nc4_ili9488]] nc4_ili9488: [nc4_mipi_dbi18_fb_dirty] Dirty framebuffer update: dev=spi0.1 cs=1 rect=(0,0)-(320,480)
Jan 04 13:31:43 raspberrypi kernel: [drm:nc4_mipi_dbi18_fb_dirty [nc4_ili9488]] nc4_ili9488: [nc4_mipi_dbi18_fb_dirty] Full framebuffer update detected.
Jan 04 13:31:43 raspberrypi kernel: [drm:nc4_mipi_dbi18_buf_copy [nc4_ili9488]] nc4_ili9488: [nc4_mipi_dbi18_buf_copy] format=XR24 little-endian (0x34325258) swap=1 clip=(0,0)-(320,480)
Jan 04 13:31:43 raspberrypi kernel: [drm:nc4_mipi_dbi18_buf_copy [nc4_ili9488]] nc4_ili9488: [nc4_mipi_dbi18_buf_copy] Converting from XRGB8888 to 18-bit
Jan 04 13:31:43 raspberrypi kernel: [drm:nc4_mipi_dbi18_fb_dirty [nc4_ili9488]] nc4_ili9488: [nc4_mipi_dbi_set_window_address] dev=spi0 cs=0 xs=0 xe=319 ys=0 ye=479
Jan 04 13:31:43 raspberrypi kernel: [drm:nc4_mipi_dbi18_fb_dirty [nc4_ili9488]] nc4_ili9488: [nc4_mipi_dbi18_fb_dirty] Writing memory data to device.
Jan 04 13:31:43 raspberrypi kernel: nc4_ili9488 spi0.0: [drm:drm_atomic_state_init [drm]] Allocated atomic state 00000000cbf59cfd
Jan 04 13:31:43 raspberrypi kernel: nc4_ili9488 spi0.0: [drm:drm_atomic_get_plane_state [drm]] Added [PLANE:32:plane-0] 00000000138e9188 state to 00000000cbf59cfd
Jan 04 13:31:43 raspberrypi kernel: nc4_ili9488 spi0.0: [drm:drm_atomic_get_crtc_state [drm]] Added [CRTC:34:crtc-0] 00000000dfd81273 state to 00000000cbf59cfd
Jan 04 13:31:43 raspberrypi kernel: nc4_ili9488 spi0.0: [drm:drm_atomic_check_only [drm]] checking 00000000cbf59cfd
Jan 04 13:31:43 raspberrypi kernel: nc4_ili9488 spi0.0: [drm:drm_atomic_add_affected_planes [drm]] Adding all current planes for [CRTC:34:crtc-0] to 00000000cbf59cfd
Jan 04 13:31:43 raspberrypi kernel: nc4_ili9488 spi0.0: [drm:drm_atomic_commit [drm]] committing 00000000cbf59cfd
Jan 04 13:31:43 raspberrypi kernel: [drm:nc4_mipi_dbi18_pipe_update [nc4_ili9488]] nc4_ili9488: [nc4_mipi_dbi18_pipe_update] pipe_update called
Jan 04 13:31:43 raspberrypi kernel: [drm:nc4_mipi_dbi18_pipe_update [nc4_ili9488]] nc4_ili9488: [nc4_mipi_dbi18_pipe_update] merged damage rect=(320x480+0+0)
Jan 04 13:31:43 raspberrypi kernel: [drm:nc4_mipi_dbi18_fb_dirty [nc4_ili9488]] nc4_ili9488: [nc4_mipi_dbi18_fb_dirty] Dirty framebuffer update: dev=spi0.0 cs=0 rect=(0,0)-(320,480)
Jan 04 13:31:43 raspberrypi kernel: [drm:nc4_mipi_dbi18_fb_dirty [nc4_ili9488]] nc4_ili9488: [nc4_mipi_dbi18_fb_dirty] Full framebuffer update detected.
Jan 04 13:31:43 raspberrypi kernel: [drm:nc4_mipi_dbi18_buf_copy [nc4_ili9488]] nc4_ili9488: [nc4_mipi_dbi18_buf_copy] format=XR24 little-endian (0x34325258) swap=1 clip=(0,0)-(320,480)
Jan 04 13:31:43 raspberrypi kernel: [drm:nc4_mipi_dbi18_buf_copy [nc4_ili9488]] nc4_ili9488: [nc4_mipi_dbi18_buf_copy] Converting from XRGB8888 to 18-bit
Jan 04 13:31:43 raspberrypi kernel: [drm:nc4_mipi_dbi18_fb_dirty [nc4_ili9488]] nc4_ili9488: [nc4_mipi_dbi_set_window_address] dev=spi0 cs=0 xs=0 xe=319 ys=0 ye=479
Jan 04 13:31:43 raspberrypi kernel: [drm:nc4_mipi_dbi18_pipe_update [nc4_ili9488]] nc4_ili9488: [nc4_mipi_dbi18_pipe_update] pipe_update done for dev=spi0.1 cs=1
Jan 04 13:31:43 raspberrypi kernel: [drm:nc4_mipi_dbi18_fb_dirty [nc4_ili9488]] nc4_ili9488: [nc4_mipi_dbi18_fb_dirty] Writing memory data to device.
Jan 04 13:31:43 raspberrypi kernel: nc4_ili9488 spi0.1: [drm:drm_atomic_state_default_clear [drm]] Clearing atomic state 0000000073cf4090
Jan 04 13:31:43 raspberrypi kernel: nc4_ili9488 spi0.1: [drm:__drm_atomic_state_free [drm]] Freeing atomic state 0000000073cf4090
Jan 04 13:31:44 raspberrypi kernel: [drm:nc4_mipi_dbi18_pipe_update [nc4_ili9488]] nc4_ili9488: [nc4_mipi_dbi18_pipe_update] pipe_update done for dev=spi0.0 cs=0
Jan 04 13:31:44 raspberrypi kernel: nc4_ili9488 spi0.0: [drm:drm_atomic_state_default_clear [drm]] Clearing atomic state 00000000cbf59cfd
Jan 04 13:31:44 raspberrypi kernel: nc4_ili9488 spi0.0: [drm:__drm_atomic_state_free [drm]] Freeing atomic state 00000000cbf59cfd
Jan 04 13:31:45 raspberrypi kernel: nc4_ili9488 spi0.1: [drm:drm_atomic_state_init [drm]] Allocated atomic state 00000000726f4409
Jan 04 13:31:45 raspberrypi kernel: nc4_ili9488 spi0.1: [drm:drm_atomic_get_plane_state [drm]] Added [PLANE:32:plane-0] 0000000008a66184 state to 00000000726f4409
Jan 04 13:31:45 raspberrypi kernel: nc4_ili9488 spi0.1: [drm:drm_atomic_get_crtc_state [drm]] Added [CRTC:34:crtc-0] 0000000025c9da08 state to 00000000726f4409
Jan 04 13:31:45 raspberrypi kernel: nc4_ili9488 spi0.1: [drm:drm_atomic_check_only [drm]] checking 00000000726f4409
Jan 04 13:31:45 raspberrypi kernel: nc4_ili9488 spi0.1: [drm:drm_atomic_add_affected_planes [drm]] Adding all current planes for [CRTC:34:crtc-0] to 00000000726f4409
Jan 04 13:31:45 raspberrypi kernel: nc4_ili9488 spi0.1: [drm:drm_atomic_commit [drm]] committing 00000000726f4409
Jan 04 13:31:45 raspberrypi kernel: [drm:nc4_mipi_dbi18_pipe_update [nc4_ili9488]] nc4_ili9488: [nc4_mipi_dbi18_pipe_update] pipe_update called
Jan 04 13:31:45 raspberrypi kernel: [drm:nc4_mipi_dbi18_pipe_update [nc4_ili9488]] nc4_ili9488: [nc4_mipi_dbi18_pipe_update] merged damage rect=(320x480+0+0)
Jan 04 13:31:45 raspberrypi kernel: [drm:nc4_mipi_dbi18_fb_dirty [nc4_ili9488]] nc4_ili9488: [nc4_mipi_dbi18_fb_dirty] Dirty framebuffer update: dev=spi0.1 cs=1 rect=(0,0)-(320,480)
Jan 04 13:31:45 raspberrypi kernel: [drm:nc4_mipi_dbi18_fb_dirty [nc4_ili9488]] nc4_ili9488: [nc4_mipi_dbi18_fb_dirty] Full framebuffer update detected.
Jan 04 13:31:45 raspberrypi kernel: [drm:nc4_mipi_dbi18_buf_copy [nc4_ili9488]] nc4_ili9488: [nc4_mipi_dbi18_buf_copy] format=XR24 little-endian (0x34325258) swap=1 clip=(0,0)-(320,480)
Jan 04 13:31:45 raspberrypi kernel: [drm:nc4_mipi_dbi18_buf_copy [nc4_ili9488]] nc4_ili9488: [nc4_mipi_dbi18_buf_copy] Converting from XRGB8888 to 18-bit
Jan 04 13:31:45 raspberrypi kernel: [drm:nc4_mipi_dbi18_fb_dirty [nc4_ili9488]] nc4_ili9488: [nc4_mipi_dbi_set_window_address] dev=spi0 cs=0 xs=0 xe=319 ys=0 ye=479
Jan 04 13:31:45 raspberrypi kernel: [drm:nc4_mipi_dbi18_fb_dirty [nc4_ili9488]] nc4_ili9488: [nc4_mipi_dbi18_fb_dirty] Writing memory data to device.
Jan 04 13:31:45 raspberrypi kernel: nc4_ili9488 spi0.0: [drm:drm_atomic_state_init [drm]] Allocated atomic state 00000000f2294730
Jan 04 13:31:45 raspberrypi kernel: nc4_ili9488 spi0.0: [drm:drm_atomic_get_plane_state [drm]] Added [PLANE:32:plane-0] 00000000b1116432 state to 00000000f2294730
Jan 04 13:31:45 raspberrypi kernel: nc4_ili9488 spi0.0: [drm:drm_atomic_get_crtc_state [drm]] Added [CRTC:34:crtc-0] 00000000247e5c46 state to 00000000f2294730
Jan 04 13:31:45 raspberrypi kernel: nc4_ili9488 spi0.0: [drm:drm_atomic_check_only [drm]] checking 00000000f2294730
Jan 04 13:31:45 raspberrypi kernel: nc4_ili9488 spi0.0: [drm:drm_atomic_add_affected_planes [drm]] Adding all current planes for [CRTC:34:crtc-0] to 00000000f2294730
Jan 04 13:31:45 raspberrypi kernel: nc4_ili9488 spi0.0: [drm:drm_atomic_commit [drm]] committing 00000000f2294730
Jan 04 13:31:45 raspberrypi kernel: [drm:nc4_mipi_dbi18_pipe_update [nc4_ili9488]] nc4_ili9488: [nc4_mipi_dbi18_pipe_update] pipe_update called
Jan 04 13:31:45 raspberrypi kernel: [drm:nc4_mipi_dbi18_pipe_update [nc4_ili9488]] nc4_ili9488: [nc4_mipi_dbi18_pipe_update] merged damage rect=(320x480+0+0)
Jan 04 13:31:45 raspberrypi kernel: [drm:nc4_mipi_dbi18_fb_dirty [nc4_ili9488]] nc4_ili9488: [nc4_mipi_dbi18_fb_dirty] Dirty framebuffer update: dev=spi0.0 cs=0 rect=(0,0)-(320,480)
Jan 04 13:31:45 raspberrypi kernel: [drm:nc4_mipi_dbi18_fb_dirty [nc4_ili9488]] nc4_ili9488: [nc4_mipi_dbi18_fb_dirty] Full framebuffer update detected.
Jan 04 13:31:45 raspberrypi kernel: [drm:nc4_mipi_dbi18_buf_copy [nc4_ili9488]] nc4_ili9488: [nc4_mipi_dbi18_buf_copy] format=XR24 little-endian (0x34325258) swap=1 clip=(0,0)-(320,480)
Jan 04 13:31:45 raspberrypi kernel: [drm:nc4_mipi_dbi18_buf_copy [nc4_ili9488]] nc4_ili9488: [nc4_mipi_dbi18_buf_copy] Converting from XRGB8888 to 18-bit
Jan 04 13:31:45 raspberrypi kernel: [drm:nc4_mipi_dbi18_fb_dirty [nc4_ili9488]] nc4_ili9488: [nc4_mipi_dbi_set_window_address] dev=spi0 cs=0 xs=0 xe=319 ys=0 ye=479
Jan 04 13:31:45 raspberrypi kernel: [drm:nc4_mipi_dbi18_pipe_update [nc4_ili9488]] nc4_ili9488: [nc4_mipi_dbi18_pipe_update] pipe_update done for dev=spi0.1 cs=1
Jan 04 13:31:45 raspberrypi kernel: [drm:nc4_mipi_dbi18_fb_dirty [nc4_ili9488]] nc4_ili9488: [nc4_mipi_dbi18_fb_dirty] Writing memory data to device.
Jan 04 13:31:45 raspberrypi kernel: nc4_ili9488 spi0.1: [drm:drm_atomic_state_default_clear [drm]] Clearing atomic state 00000000726f4409
Jan 04 13:31:45 raspberrypi kernel: nc4_ili9488 spi0.1: [drm:__drm_atomic_state_free [drm]] Freeing atomic state 00000000726f4409
Jan 04 13:31:45 raspberrypi kernel: [drm:nc4_mipi_dbi18_pipe_update [nc4_ili9488]] nc4_ili9488: [nc4_mipi_dbi18_pipe_update] pipe_update done for dev=spi0.0 cs=0
Jan 04 13:31:45 raspberrypi kernel: nc4_ili9488 spi0.0: [drm:drm_atomic_state_default_clear [drm]] Clearing atomic state 00000000f2294730
Jan 04 13:31:45 raspberrypi kernel: nc4_ili9488 spi0.0: [drm:__drm_atomic_state_free [drm]] Freeing atomic state 00000000f2294730
Jan 04 13:31:47 raspberrypi kernel: nc4_ili9488 spi0.1: [drm:drm_atomic_state_init [drm]] Allocated atomic state 0000000073cf4090
Jan 04 13:31:47 raspberrypi kernel: nc4_ili9488 spi0.1: [drm:drm_atomic_get_plane_state [drm]] Added [PLANE:32:plane-0] 00000000f01ccf4c state to 0000000073cf4090
Jan 04 13:31:47 raspberrypi kernel: nc4_ili9488 spi0.1: [drm:drm_atomic_get_crtc_state [drm]] Added [CRTC:34:crtc-0] 00000000aed359d7 state to 0000000073cf4090
Jan 04 13:31:47 raspberrypi kernel: nc4_ili9488 spi0.1: [drm:drm_atomic_check_only [drm]] checking 0000000073cf4090
Jan 04 13:31:47 raspberrypi kernel: nc4_ili9488 spi0.1: [drm:drm_atomic_add_affected_planes [drm]] Adding all current planes for [CRTC:34:crtc-0] to 0000000073cf4090
Jan 04 13:31:47 raspberrypi kernel: nc4_ili9488 spi0.1: [drm:drm_atomic_commit [drm]] committing 0000000073cf4090
Jan 04 13:31:47 raspberrypi kernel: [drm:nc4_mipi_dbi18_pipe_update [nc4_ili9488]] nc4_ili9488: [nc4_mipi_dbi18_pipe_update] pipe_update called
Jan 04 13:31:47 raspberrypi kernel: [drm:nc4_mipi_dbi18_pipe_update [nc4_ili9488]] nc4_ili9488: [nc4_mipi_dbi18_pipe_update] merged damage rect=(320x20+0+460)
Jan 04 13:31:47 raspberrypi kernel: [drm:nc4_mipi_dbi18_fb_dirty [nc4_ili9488]] nc4_ili9488: [nc4_mipi_dbi18_fb_dirty] Dirty framebuffer update: dev=spi0.1 cs=1 rect=(0,460)-(320,480)
Jan 04 13:31:47 raspberrypi kernel: [drm:nc4_mipi_dbi18_buf_copy [nc4_ili9488]] nc4_ili9488: [nc4_mipi_dbi18_buf_copy] format=XR24 little-endian (0x34325258) swap=1 clip=(0,460)-(320,480)
Jan 04 13:31:47 raspberrypi kernel: [drm:nc4_mipi_dbi18_buf_copy [nc4_ili9488]] nc4_ili9488: [nc4_mipi_dbi18_buf_copy] Converting from XRGB8888 to 18-bit
Jan 04 13:31:47 raspberrypi kernel: [drm:nc4_mipi_dbi18_fb_dirty [nc4_ili9488]] nc4_ili9488: [nc4_mipi_dbi_set_window_address] dev=spi0 cs=0 xs=0 xe=319 ys=460 ye=479
Jan 04 13:31:47 raspberrypi kernel: [drm:nc4_mipi_dbi18_fb_dirty [nc4_ili9488]] nc4_ili9488: [nc4_mipi_dbi18_fb_dirty] Writing memory data to device.
Jan 04 13:31:47 raspberrypi kernel: [drm:nc4_mipi_dbi18_pipe_update [nc4_ili9488]] nc4_ili9488: [nc4_mipi_dbi18_pipe_update] pipe_update done for dev=spi0.1 cs=1
Jan 04 13:31:47 raspberrypi kernel: nc4_ili9488 spi0.1: [drm:drm_atomic_state_default_clear [drm]] Clearing atomic state 0000000073cf4090
Jan 04 13:31:47 raspberrypi kernel: nc4_ili9488 spi0.1: [drm:__drm_atomic_state_free [drm]] Freeing atomic state 0000000073cf4090
Jan 04 13:31:47 raspberrypi kernel: nc4_ili9488 spi0.0: [drm:drm_atomic_state_init [drm]] Allocated atomic state 000000001c748d0d
Jan 04 13:31:47 raspberrypi kernel: nc4_ili9488 spi0.0: [drm:drm_atomic_get_plane_state [drm]] Added [PLANE:32:plane-0] 00000000138e9188 state to 000000001c748d0d
Jan 04 13:31:47 raspberrypi kernel: nc4_ili9488 spi0.0: [drm:drm_atomic_get_crtc_state [drm]] Added [CRTC:34:crtc-0] 00000000cca11b05 state to 000000001c748d0d
Jan 04 13:31:47 raspberrypi kernel: nc4_ili9488 spi0.0: [drm:drm_atomic_check_only [drm]] checking 000000001c748d0d
Jan 04 13:31:47 raspberrypi kernel: nc4_ili9488 spi0.0: [drm:drm_atomic_add_affected_planes [drm]] Adding all current planes for [CRTC:34:crtc-0] to 000000001c748d0d
Jan 04 13:31:47 raspberrypi kernel: nc4_ili9488 spi0.0: [drm:drm_atomic_commit [drm]] committing 000000001c748d0d
Jan 04 13:31:47 raspberrypi kernel: [drm:nc4_mipi_dbi18_pipe_update [nc4_ili9488]] nc4_ili9488: [nc4_mipi_dbi18_pipe_update] pipe_update called
Jan 04 13:31:47 raspberrypi kernel: [drm:nc4_mipi_dbi18_pipe_update [nc4_ili9488]] nc4_ili9488: [nc4_mipi_dbi18_pipe_update] merged damage rect=(320x20+0+460)
Jan 04 13:31:47 raspberrypi kernel: [drm:nc4_mipi_dbi18_fb_dirty [nc4_ili9488]] nc4_ili9488: [nc4_mipi_dbi18_fb_dirty] Dirty framebuffer update: dev=spi0.0 cs=0 rect=(0,460)-(320,480)
Jan 04 13:31:47 raspberrypi kernel: [drm:nc4_mipi_dbi18_buf_copy [nc4_ili9488]] nc4_ili9488: [nc4_mipi_dbi18_buf_copy] format=XR24 little-endian (0x34325258) swap=1 clip=(0,460)-(320,480)
Jan 04 13:31:47 raspberrypi kernel: [drm:nc4_mipi_dbi18_buf_copy [nc4_ili9488]] nc4_ili9488: [nc4_mipi_dbi18_buf_copy] Converting from XRGB8888 to 18-bit
Jan 04 13:31:47 raspberrypi kernel: [drm:nc4_mipi_dbi18_fb_dirty [nc4_ili9488]] nc4_ili9488: [nc4_mipi_dbi_set_window_address] dev=spi0 cs=0 xs=0 xe=319 ys=460 ye=479
Jan 04 13:31:47 raspberrypi kernel: [drm:nc4_mipi_dbi18_fb_dirty [nc4_ili9488]] nc4_ili9488: [nc4_mipi_dbi18_fb_dirty] Writing memory data to device.
Jan 04 13:31:47 raspberrypi kernel: [drm:nc4_mipi_dbi18_pipe_update [nc4_ili9488]] nc4_ili9488: [nc4_mipi_dbi18_pipe_update] pipe_update done for dev=spi0.0 cs=0
Jan 04 13:31:47 raspberrypi kernel: nc4_ili9488 spi0.0: [drm:drm_atomic_state_default_clear [drm]] Clearing atomic state 000000001c748d0d
Jan 04 13:31:47 raspberrypi kernel: nc4_ili9488 spi0.0: [drm:__drm_atomic_state_free [drm]] Freeing atomic state 000000001c748d0d
Jan 04 13:31:49 raspberrypi kernel: nc4_ili9488 spi0.1: [drm:drm_atomic_state_init [drm]] Allocated atomic state 0000000073cf4090
Jan 04 13:31:49 raspberrypi kernel: nc4_ili9488 spi0.1: [drm:drm_atomic_get_plane_state [drm]] Added [PLANE:32:plane-0] 0000000008a66184 state to 0000000073cf4090
Jan 04 13:31:49 raspberrypi kernel: nc4_ili9488 spi0.1: [drm:drm_atomic_get_crtc_state [drm]] Added [CRTC:34:crtc-0] 0000000025c9da08 state to 0000000073cf4090
Jan 04 13:31:49 raspberrypi kernel: nc4_ili9488 spi0.1: [drm:drm_atomic_check_only [drm]] checking 0000000073cf4090
Jan 04 13:31:49 raspberrypi kernel: nc4_ili9488 spi0.1: [drm:drm_atomic_add_affected_planes [drm]] Adding all current planes for [CRTC:34:crtc-0] to 0000000073cf4090
Jan 04 13:31:49 raspberrypi kernel: nc4_ili9488 spi0.1: [drm:drm_atomic_commit [drm]] committing 0000000073cf4090
Jan 04 13:31:49 raspberrypi kernel: [drm:nc4_mipi_dbi18_pipe_update [nc4_ili9488]] nc4_ili9488: [nc4_mipi_dbi18_pipe_update] pipe_update called
Jan 04 13:31:49 raspberrypi kernel: [drm:nc4_mipi_dbi18_pipe_update [nc4_ili9488]] nc4_ili9488: [nc4_mipi_dbi18_pipe_update] merged damage rect=(320x480+0+0)
Jan 04 13:31:49 raspberrypi kernel: [drm:nc4_mipi_dbi18_fb_dirty [nc4_ili9488]] nc4_ili9488: [nc4_mipi_dbi18_fb_dirty] Dirty framebuffer update: dev=spi0.1 cs=1 rect=(0,0)-(320,480)
Jan 04 13:31:49 raspberrypi kernel: [drm:nc4_mipi_dbi18_fb_dirty [nc4_ili9488]] nc4_ili9488: [nc4_mipi_dbi18_fb_dirty] Full framebuffer update detected.
Jan 04 13:31:49 raspberrypi kernel: [drm:nc4_mipi_dbi18_buf_copy [nc4_ili9488]] nc4_ili9488: [nc4_mipi_dbi18_buf_copy] format=XR24 little-endian (0x34325258) swap=1 clip=(0,0)-(320,480)
Jan 04 13:31:49 raspberrypi kernel: [drm:nc4_mipi_dbi18_buf_copy [nc4_ili9488]] nc4_ili9488: [nc4_mipi_dbi18_buf_copy] Converting from XRGB8888 to 18-bit
Jan 04 13:31:49 raspberrypi kernel: [drm:nc4_mipi_dbi18_fb_dirty [nc4_ili9488]] nc4_ili9488: [nc4_mipi_dbi_set_window_address] dev=spi0 cs=0 xs=0 xe=319 ys=0 ye=479
Jan 04 13:31:49 raspberrypi kernel: [drm:nc4_mipi_dbi18_fb_dirty [nc4_ili9488]] nc4_ili9488: [nc4_mipi_dbi18_fb_dirty] Writing memory data to device.
Jan 04 13:31:49 raspberrypi kernel: nc4_ili9488 spi0.0: [drm:drm_atomic_state_init [drm]] Allocated atomic state 000000001c748d0d
Jan 04 13:31:49 raspberrypi kernel: nc4_ili9488 spi0.0: [drm:drm_atomic_get_plane_state [drm]] Added [PLANE:32:plane-0] 00000000b1116432 state to 000000001c748d0d
Jan 04 13:31:49 raspberrypi kernel: nc4_ili9488 spi0.0: [drm:drm_atomic_get_crtc_state [drm]] Added [CRTC:34:crtc-0] 00000000f6247b4c state to 000000001c748d0d
Jan 04 13:31:49 raspberrypi kernel: nc4_ili9488 spi0.0: [drm:drm_atomic_check_only [drm]] checking 000000001c748d0d
Jan 04 13:31:49 raspberrypi kernel: nc4_ili9488 spi0.0: [drm:drm_atomic_add_affected_planes [drm]] Adding all current planes for [CRTC:34:crtc-0] to 000000001c748d0d
Jan 04 13:31:49 raspberrypi kernel: nc4_ili9488 spi0.0: [drm:drm_atomic_commit [drm]] committing 000000001c748d0d
Jan 04 13:31:49 raspberrypi kernel: [drm:nc4_mipi_dbi18_pipe_update [nc4_ili9488]] nc4_ili9488: [nc4_mipi_dbi18_pipe_update] pipe_update called
Jan 04 13:31:49 raspberrypi kernel: [drm:nc4_mipi_dbi18_pipe_update [nc4_ili9488]] nc4_ili9488: [nc4_mipi_dbi18_pipe_update] merged damage rect=(320x480+0+0)
Jan 04 13:31:49 raspberrypi kernel: [drm:nc4_mipi_dbi18_fb_dirty [nc4_ili9488]] nc4_ili9488: [nc4_mipi_dbi18_fb_dirty] Dirty framebuffer update: dev=spi0.0 cs=0 rect=(0,0)-(320,480)
Jan 04 13:31:49 raspberrypi kernel: [drm:nc4_mipi_dbi18_fb_dirty [nc4_ili9488]] nc4_ili9488: [nc4_mipi_dbi18_fb_dirty] Full framebuffer update detected.
Jan 04 13:31:49 raspberrypi kernel: [drm:nc4_mipi_dbi18_buf_copy [nc4_ili9488]] nc4_ili9488: [nc4_mipi_dbi18_buf_copy] format=XR24 little-endian (0x34325258) swap=1 clip=(0,0)-(320,480)
Jan 04 13:31:49 raspberrypi kernel: [drm:nc4_mipi_dbi18_buf_copy [nc4_ili9488]] nc4_ili9488: [nc4_mipi_dbi18_buf_copy] Converting from XRGB8888 to 18-bit
Jan 04 13:31:49 raspberrypi kernel: [drm:nc4_mipi_dbi18_fb_dirty [nc4_ili9488]] nc4_ili9488: [nc4_mipi_dbi_set_window_address] dev=spi0 cs=0 xs=0 xe=319 ys=0 ye=479
Jan 04 13:31:49 raspberrypi kernel: [drm:nc4_mipi_dbi18_pipe_update [nc4_ili9488]] nc4_ili9488: [nc4_mipi_dbi18_pipe_update] pipe_update done for dev=spi0.1 cs=1
Jan 04 13:31:49 raspberrypi kernel: [drm:nc4_mipi_dbi18_fb_dirty [nc4_ili9488]] nc4_ili9488: [nc4_mipi_dbi18_fb_dirty] Writing memory data to device.
Jan 04 13:31:49 raspberrypi kernel: nc4_ili9488 spi0.1: [drm:drm_atomic_state_default_clear [drm]] Clearing atomic state 0000000073cf4090
Jan 04 13:31:49 raspberrypi kernel: nc4_ili9488 spi0.1: [drm:__drm_atomic_state_free [drm]] Freeing atomic state 0000000073cf4090
Jan 04 13:31:49 raspberrypi kernel: [drm:nc4_mipi_dbi18_pipe_update [nc4_ili9488]] nc4_ili9488: [nc4_mipi_dbi18_pipe_update] pipe_update done for dev=spi0.0 cs=0
Jan 04 13:31:49 raspberrypi kernel: nc4_ili9488 spi0.0: [drm:drm_atomic_state_default_clear [drm]] Clearing atomic state 000000001c748d0d
Jan 04 13:31:49 raspberrypi kernel: nc4_ili9488 spi0.0: [drm:__drm_atomic_state_free [drm]] Freeing atomic state 000000001c748d0d
Jan 04 13:39:31 raspberrypi drm_init_utility[1817]: nc4_ili9488: [drm_init_utility] Opened DRM device successfully
Jan 04 13:39:31 raspberrypi kernel: nc4_ili9488 spi0.0: [drm:drm_open_helper [drm]] comm="drm_init_utilit", pid=1817, minor=1
Jan 04 13:39:31 raspberrypi kernel: nc4_ili9488 spi0.0: [drm:drm_ioctl [drm]] comm="drm_init_utilit" pid=1817, dev=0xe201, auth=1, DRM_IOCTL_MODE_GETRESOURCES
Jan 04 13:39:31 raspberrypi kernel: nc4_ili9488 spi0.0: [drm:drm_ioctl [drm]] comm="drm_init_utilit" pid=1817, dev=0xe201, auth=1, DRM_IOCTL_MODE_GETRESOURCES
Jan 04 13:39:31 raspberrypi kernel: nc4_ili9488 spi0.0: [drm:drm_ioctl [drm]] comm="drm_init_utilit" pid=1817, dev=0xe201, auth=1, DRM_IOCTL_MODE_GETCONNECTOR
Jan 04 13:39:31 raspberrypi kernel: nc4_ili9488 spi0.0: [drm:drm_ioctl [drm]] comm="drm_init_utilit" pid=1817, dev=0xe201, auth=1, DRM_IOCTL_MODE_GETCONNECTOR
Jan 04 13:39:31 raspberrypi kernel: nc4_ili9488 spi0.0: [drm:drm_ioctl [drm]] comm="drm_init_utilit" pid=1817, dev=0xe201, auth=1, DRM_IOCTL_MODE_CREATE_DUMB
Jan 04 13:39:31 raspberrypi kernel: nc4_ili9488 spi0.0: [drm:drm_ioctl [drm]] comm="drm_init_utilit" pid=1817, dev=0xe201, auth=1, DRM_IOCTL_MODE_ADDFB
Jan 04 13:39:31 raspberrypi kernel: nc4_ili9488 spi0.0: [drm:drm_mode_addfb2 [drm]] [FB:39]
Jan 04 13:39:31 raspberrypi kernel: nc4_ili9488 spi0.0: [drm:drm_ioctl [drm]] comm="drm_init_utilit" pid=1817, dev=0xe201, auth=1, DRM_IOCTL_MODE_MAP_DUMB
Jan 04 13:39:31 raspberrypi kernel: nc4_ili9488 spi0.0: [drm:drm_ioctl [drm]] comm="drm_init_utilit" pid=1817, dev=0xe201, auth=1, DRM_IOCTL_MODE_SETCRTC
Jan 04 13:39:31 raspberrypi kernel: nc4_ili9488 spi0.0: [drm:drm_atomic_state_init [drm]] Allocated atomic state 00000000631d4cf6
Jan 04 13:39:31 raspberrypi kernel: nc4_ili9488 spi0.0: [drm:drm_atomic_get_crtc_state [drm]] Added [CRTC:34:crtc-0] 00000000c990d5b0 state to 00000000631d4cf6
Jan 04 13:39:31 raspberrypi kernel: nc4_ili9488 spi0.0: [drm:drm_atomic_get_plane_state [drm]] Added [PLANE:32:plane-0] 000000008c6ccf0b state to 00000000631d4cf6
Jan 04 13:39:31 raspberrypi kernel: nc4_ili9488 spi0.0: [drm:drm_atomic_set_mode_for_crtc [drm]] Set [MODE:320x480] for [CRTC:34:crtc-0] state 00000000c990d5b0
Jan 04 13:39:31 raspberrypi kernel: nc4_ili9488 spi0.0: [drm:drm_atomic_set_fb_for_plane [drm]] Set [FB:39] for [PLANE:32:plane-0] state 000000008c6ccf0b
Jan 04 13:39:31 raspberrypi kernel: nc4_ili9488 spi0.0: [drm:drm_atomic_add_affected_connectors [drm]] Adding all current connectors for [CRTC:34:crtc-0] to 00000000631d4cf6
Jan 04 13:39:31 raspberrypi kernel: nc4_ili9488 spi0.0: [drm:drm_atomic_get_connector_state [drm]] Added [CONNECTOR:31:SPI-2] 00000000d45f901e state to 00000000631d4cf6
Jan 04 13:39:31 raspberrypi kernel: nc4_ili9488 spi0.0: [drm:drm_atomic_set_crtc_for_connector [drm]] Link [CONNECTOR:31:SPI-2] state 00000000d45f901e to [NOCRTC]
Jan 04 13:39:31 raspberrypi kernel: nc4_ili9488 spi0.0: [drm:drm_atomic_set_crtc_for_connector [drm]] Link [CONNECTOR:31:SPI-2] state 00000000d45f901e to [CRTC:34:crtc-0]
Jan 04 13:39:31 raspberrypi kernel: nc4_ili9488 spi0.0: [drm:drm_atomic_check_only [drm]] checking 00000000631d4cf6
Jan 04 13:39:31 raspberrypi kernel: nc4_ili9488 spi0.0: [drm:drm_atomic_helper_check_modeset [drm_kms_helper]] Updating routing for [CONNECTOR:31:SPI-2]
Jan 04 13:39:31 raspberrypi kernel: nc4_ili9488 spi0.0: [drm:drm_atomic_helper_check_modeset [drm_kms_helper]] [CONNECTOR:31:SPI-2] keeps [ENCODER:35:None-35], now on [CRTC:34:crtc-0]
Jan 04 13:39:31 raspberrypi kernel: nc4_ili9488 spi0.0: [drm:drm_atomic_add_encoder_bridges [drm]] Adding all bridges for [encoder:35:None-35] to 00000000631d4cf6
Jan 04 13:39:31 raspberrypi kernel: nc4_ili9488 spi0.0: [drm:drm_atomic_add_encoder_bridges [drm]] Adding all bridges for [encoder:35:None-35] to 00000000631d4cf6
Jan 04 13:39:31 raspberrypi kernel: nc4_ili9488 spi0.0: [drm:drm_atomic_add_affected_planes [drm]] Adding all current planes for [CRTC:34:crtc-0] to 00000000631d4cf6
Jan 04 13:39:31 raspberrypi kernel: nc4_ili9488 spi0.0: [drm:drm_atomic_commit [drm]] committing 00000000631d4cf6
Jan 04 13:39:31 raspberrypi kernel: [drm:nc4_mipi_dbi18_pipe_update [nc4_ili9488]] nc4_ili9488: [nc4_mipi_dbi18_pipe_update] pipe_update called
Jan 04 13:39:31 raspberrypi kernel: [drm:nc4_mipi_dbi18_pipe_update [nc4_ili9488]] nc4_ili9488: [nc4_mipi_dbi18_pipe_update] merged damage rect=(320x480+0+0)
Jan 04 13:39:31 raspberrypi kernel: [drm:nc4_mipi_dbi18_fb_dirty [nc4_ili9488]] nc4_ili9488: [nc4_mipi_dbi18_fb_dirty] Dirty framebuffer update: dev=spi0.0 cs=0 rect=(0,0)-(320,480)
Jan 04 13:39:31 raspberrypi kernel: [drm:nc4_mipi_dbi18_fb_dirty [nc4_ili9488]] nc4_ili9488: [nc4_mipi_dbi18_fb_dirty] Full framebuffer update detected.
Jan 04 13:39:31 raspberrypi kernel: [drm:nc4_mipi_dbi18_buf_copy [nc4_ili9488]] nc4_ili9488: [nc4_mipi_dbi18_buf_copy] format=XR24 little-endian (0x34325258) swap=1 clip=(0,0)-(320,480)
Jan 04 13:39:31 raspberrypi kernel: [drm:nc4_mipi_dbi18_buf_copy [nc4_ili9488]] nc4_ili9488: [nc4_mipi_dbi18_buf_copy] Converting from XRGB8888 to 18-bit
Jan 04 13:39:31 raspberrypi kernel: [drm:nc4_mipi_dbi18_fb_dirty [nc4_ili9488]] nc4_ili9488: [nc4_mipi_dbi_set_window_address] dev=spi0 cs=0 xs=0 xe=319 ys=0 ye=479
Jan 04 13:39:31 raspberrypi kernel: [drm:nc4_mipi_dbi18_fb_dirty [nc4_ili9488]] nc4_ili9488: [nc4_mipi_dbi18_fb_dirty] Writing memory data to device.
Jan 04 13:39:31 raspberrypi drm_init_utility[1817]: nc4_ili9488: [drm_init_utility] Fetched DRM resources successfully
Jan 04 13:39:31 raspberrypi drm_init_utility[1817]: nc4_ili9488: [drm_init_utility] Connector 31 is connected with mode 320x480
Jan 04 13:39:31 raspberrypi drm_init_utility[1817]: nc4_ili9488: [drm_init_utility] Dumb buffer created: handle=1, pitch=1280, size=614400
Jan 04 13:39:31 raspberrypi drm_init_utility[1817]: nc4_ili9488: [drm_init_utility] Framebuffer added with ID=39
Jan 04 13:39:31 raspberrypi drm_init_utility[1817]: nc4_ili9488: [drm_init_utility] Dumb buffer mapped at offset=4295581696
Jan 04 13:39:31 raspberrypi drm_init_utility[1817]: nc4_ili9488: [drm_init_utility] Framebuffer filled with white color
Jan 04 13:39:31 raspberrypi kernel: [drm:nc4_mipi_dbi18_pipe_update [nc4_ili9488]] nc4_ili9488: [nc4_mipi_dbi18_pipe_update] pipe_update done for dev=spi0.0 cs=0
Jan 04 13:39:31 raspberrypi kernel: nc4_ili9488 spi0.0: [drm:drm_atomic_state_default_clear [drm]] Clearing atomic state 00000000631d4cf6
Jan 04 13:39:31 raspberrypi kernel: nc4_ili9488 spi0.0: [drm:__drm_atomic_state_free [drm]] Freeing atomic state 00000000631d4cf6
Jan 04 13:39:31 raspberrypi drm_init_utility[1817]: nc4_ili9488: [drm_init_utility] CRTC set successfully for mode 320x480 on connector 31
Jan 04 13:41:02 raspberrypi kernel: nc4_ili9488 spi0.0: [drm:drm_release [drm]] open_count = 1
Jan 04 13:41:02 raspberrypi kernel: nc4_ili9488 spi0.0: [drm:drm_file_free [drm]] comm="drm_init_utilit", pid=1817, dev=0xe201, open_count=1
Jan 04 13:41:02 raspberrypi kernel: nc4_ili9488 spi0.0: [drm:drm_mode_rmfb_work_fn [drm]] Removing [FB:39] from all active usage due to RMFB ioctl
Jan 04 13:41:02 raspberrypi kernel: nc4_ili9488 spi0.0: [drm:drm_atomic_state_init [drm]] Allocated atomic state 00000000e7264dbd
Jan 04 13:41:02 raspberrypi kernel: nc4_ili9488 spi0.0: [drm:drm_framebuffer_remove [drm]] Disabling [PLANE:32:plane-0] because [FB:39] is removed
Jan 04 13:41:02 raspberrypi kernel: nc4_ili9488 spi0.0: [drm:drm_atomic_get_plane_state [drm]] Added [PLANE:32:plane-0] 00000000dea5df8d state to 00000000e7264dbd
Jan 04 13:41:02 raspberrypi kernel: nc4_ili9488 spi0.0: [drm:drm_atomic_get_crtc_state [drm]] Added [CRTC:34:crtc-0] 0000000026b1bd36 state to 00000000e7264dbd
Jan 04 13:41:02 raspberrypi kernel: nc4_ili9488 spi0.0: [drm:drm_atomic_set_fb_for_plane [drm]] Set [NOFB] for [PLANE:32:plane-0] state 00000000dea5df8d
Jan 04 13:41:02 raspberrypi kernel: nc4_ili9488 spi0.0: [drm:drm_atomic_set_crtc_for_plane [drm]] Link [PLANE:32:plane-0] state 00000000dea5df8d to [NOCRTC]
Jan 04 13:41:02 raspberrypi kernel: nc4_ili9488 spi0.0: [drm:drm_atomic_check_only [drm]] checking 00000000e7264dbd
Jan 04 13:41:02 raspberrypi kernel: nc4_ili9488 spi0.0: [drm:drm_atomic_helper_check_crtc_primary_plane [drm_kms_helper]] [CRTC:34:crtc-0] primary plane missing
Jan 04 13:41:02 raspberrypi kernel: nc4_ili9488 spi0.0: [drm:drm_atomic_helper_check_planes [drm_kms_helper]] [CRTC:34:crtc-0] atomic driver check failed
Jan 04 13:41:02 raspberrypi kernel: nc4_ili9488 spi0.0: [drm:drm_atomic_check_only [drm]] atomic driver check for 00000000e7264dbd failed: -22
Jan 04 13:41:02 raspberrypi kernel: nc4_ili9488 spi0.0: [drm:drm_atomic_state_default_clear [drm]] Clearing atomic state 00000000e7264dbd
Jan 04 13:41:02 raspberrypi kernel: nc4_ili9488 spi0.0: [drm:__drm_atomic_state_free [drm]] Freeing atomic state 00000000e7264dbd
Jan 04 13:41:02 raspberrypi kernel: nc4_ili9488 spi0.0: [drm:drm_atomic_state_init [drm]] Allocated atomic state 00000000e7264dbd
Jan 04 13:41:02 raspberrypi kernel: nc4_ili9488 spi0.0: [drm:drm_framebuffer_remove [drm]] Disabling [PLANE:32:plane-0] because [FB:39] is removed
Jan 04 13:41:02 raspberrypi kernel: nc4_ili9488 spi0.0: [drm:drm_atomic_get_plane_state [drm]] Added [PLANE:32:plane-0] 00000000dea5df8d state to 00000000e7264dbd
Jan 04 13:41:02 raspberrypi kernel: nc4_ili9488 spi0.0: [drm:drm_atomic_get_crtc_state [drm]] Added [CRTC:34:crtc-0] 0000000026b1bd36 state to 00000000e7264dbd
Jan 04 13:41:02 raspberrypi kernel: nc4_ili9488 spi0.0: [drm:drm_framebuffer_remove [drm]] Disabling [CRTC:34:crtc-0] because [FB:39] is removed
Jan 04 13:41:02 raspberrypi kernel: nc4_ili9488 spi0.0: [drm:drm_atomic_add_affected_connectors [drm]] Adding all current connectors for [CRTC:34:crtc-0] to 00000000e7264dbd
Jan 04 13:41:02 raspberrypi kernel: nc4_ili9488 spi0.0: [drm:drm_atomic_get_connector_state [drm]] Added [CONNECTOR:31:SPI-2] 00000000ceae46e3 state to 00000000e7264dbd
Jan 04 13:41:02 raspberrypi kernel: nc4_ili9488 spi0.0: [drm:drm_atomic_set_mode_for_crtc [drm]] Set [NOMODE] for [CRTC:34:crtc-0] state 0000000026b1bd36
Jan 04 13:41:02 raspberrypi kernel: nc4_ili9488 spi0.0: [drm:drm_atomic_set_fb_for_plane [drm]] Set [NOFB] for [PLANE:32:plane-0] state 00000000dea5df8d
Jan 04 13:41:02 raspberrypi kernel: nc4_ili9488 spi0.0: [drm:drm_atomic_set_crtc_for_plane [drm]] Link [PLANE:32:plane-0] state 00000000dea5df8d to [NOCRTC]
Jan 04 13:41:02 raspberrypi kernel: nc4_ili9488 spi0.0: [drm:drm_atomic_set_crtc_for_connector [drm]] Link [CONNECTOR:31:SPI-2] state 00000000ceae46e3 to [NOCRTC]
Jan 04 13:41:02 raspberrypi kernel: nc4_ili9488 spi0.0: [drm:drm_atomic_check_only [drm]] checking 00000000e7264dbd
Jan 04 13:41:02 raspberrypi kernel: nc4_ili9488 spi0.0: [drm:drm_atomic_helper_check_modeset [drm_kms_helper]] [CRTC:34:crtc-0] mode changed
Jan 04 13:41:02 raspberrypi kernel: nc4_ili9488 spi0.0: [drm:drm_atomic_helper_check_modeset [drm_kms_helper]] [CRTC:34:crtc-0] enable changed
Jan 04 13:41:02 raspberrypi kernel: nc4_ili9488 spi0.0: [drm:drm_atomic_helper_check_modeset [drm_kms_helper]] [CRTC:34:crtc-0] active changed
Jan 04 13:41:02 raspberrypi kernel: nc4_ili9488 spi0.0: [drm:drm_atomic_helper_check_modeset [drm_kms_helper]] Updating routing for [CONNECTOR:31:SPI-2]
Jan 04 13:41:02 raspberrypi kernel: nc4_ili9488 spi0.0: [drm:drm_atomic_helper_check_modeset [drm_kms_helper]] Disabling [CONNECTOR:31:SPI-2]
Jan 04 13:41:02 raspberrypi kernel: nc4_ili9488 spi0.0: [drm:drm_atomic_helper_check_modeset [drm_kms_helper]] [CRTC:34:crtc-0] needs all connectors, enable: n, active: n
Jan 04 13:41:02 raspberrypi kernel: nc4_ili9488 spi0.0: [drm:drm_atomic_add_affected_connectors [drm]] Adding all current connectors for [CRTC:34:crtc-0] to 00000000e7264dbd
Jan 04 13:41:02 raspberrypi kernel: nc4_ili9488 spi0.0: [drm:drm_atomic_add_affected_planes [drm]] Adding all current planes for [CRTC:34:crtc-0] to 00000000e7264dbd
Jan 04 13:41:02 raspberrypi kernel: nc4_ili9488 spi0.0: [drm:drm_atomic_add_encoder_bridges [drm]] Adding all bridges for [encoder:35:None-35] to 00000000e7264dbd
Jan 04 13:41:02 raspberrypi kernel: nc4_ili9488 spi0.0: [drm:drm_atomic_add_affected_planes [drm]] Adding all current planes for [CRTC:34:crtc-0] to 00000000e7264dbd
Jan 04 13:41:02 raspberrypi kernel: nc4_ili9488 spi0.0: [drm:drm_atomic_commit [drm]] committing 00000000e7264dbd
Jan 04 13:41:02 raspberrypi kernel: nc4_ili9488 spi0.0: [drm:disable_outputs [drm_kms_helper]] disabling [ENCODER:35:None-35]
Jan 04 13:41:02 raspberrypi kernel: nc4_ili9488 spi0.0: [drm:disable_outputs [drm_kms_helper]] disabling [CRTC:34:crtc-0]
Jan 04 13:41:02 raspberrypi kernel: [drm:nc4_mipi_dbi18_pipe_update [nc4_ili9488]] nc4_ili9488: [nc4_mipi_dbi18_pipe_update] pipe_update called
Jan 04 13:41:02 raspberrypi kernel: [drm:nc4_mipi_dbi18_pipe_update [nc4_ili9488]] nc4_ili9488: [nc4_mipi_dbi18_pipe_update] pipe_update aborted: crtc not active
Jan 04 13:41:02 raspberrypi kernel: nc4_ili9488 spi0.0: [drm:drm_atomic_state_default_clear [drm]] Clearing atomic state 00000000e7264dbd
Jan 04 13:41:02 raspberrypi kernel: nc4_ili9488 spi0.0: [drm:__drm_atomic_state_free [drm]] Freeing atomic state 00000000e7264dbd
Jan 04 13:41:02 raspberrypi kernel: nc4_ili9488 spi0.0: [drm:drm_lastclose [drm]] 
Jan 04 13:41:02 raspberrypi kernel: nc4_ili9488 spi0.0: [drm:drm_lastclose [drm]] driver lastclose completed
Jan 04 13:41:02 raspberrypi kernel: nc4_ili9488 spi0.0: [drm:drm_atomic_state_init [drm]] Allocated atomic state 00000000cd34e6e7
Jan 04 13:41:02 raspberrypi kernel: nc4_ili9488 spi0.0: [drm:drm_atomic_get_plane_state [drm]] Added [PLANE:32:plane-0] 000000007a049b47 state to 00000000cd34e6e7
Jan 04 13:41:02 raspberrypi kernel: nc4_ili9488 spi0.0: [drm:drm_atomic_get_crtc_state [drm]] Added [CRTC:34:crtc-0] 000000001b76774e state to 00000000cd34e6e7
Jan 04 13:41:02 raspberrypi kernel: nc4_ili9488 spi0.0: [drm:drm_atomic_set_mode_for_crtc [drm]] Set [MODE:320x480] for [CRTC:34:crtc-0] state 000000001b76774e
Jan 04 13:41:02 raspberrypi kernel: nc4_ili9488 spi0.0: [drm:drm_atomic_set_crtc_for_plane [drm]] Link [PLANE:32:plane-0] state 000000007a049b47 to [CRTC:34:crtc-0]
Jan 04 13:41:02 raspberrypi kernel: nc4_ili9488 spi0.0: [drm:drm_atomic_set_fb_for_plane [drm]] Set [FB:36] for [PLANE:32:plane-0] state 000000007a049b47
Jan 04 13:41:02 raspberrypi kernel: nc4_ili9488 spi0.0: [drm:drm_atomic_add_affected_connectors [drm]] Adding all current connectors for [CRTC:34:crtc-0] to 00000000cd34e6e7
Jan 04 13:41:02 raspberrypi kernel: nc4_ili9488 spi0.0: [drm:drm_atomic_get_connector_state [drm]] Added [CONNECTOR:31:SPI-2] 000000005692d31c state to 00000000cd34e6e7
Jan 04 13:41:02 raspberrypi kernel: nc4_ili9488 spi0.0: [drm:drm_atomic_set_crtc_for_connector [drm]] Link [CONNECTOR:31:SPI-2] state 000000005692d31c to [CRTC:34:crtc-0]
Jan 04 13:41:02 raspberrypi kernel: nc4_ili9488 spi0.0: [drm:drm_atomic_check_only [drm]] checking 00000000cd34e6e7
Jan 04 13:41:02 raspberrypi kernel: nc4_ili9488 spi0.0: [drm:drm_atomic_helper_check_modeset [drm_kms_helper]] [CRTC:34:crtc-0] mode changed
Jan 04 13:41:02 raspberrypi kernel: nc4_ili9488 spi0.0: [drm:drm_atomic_helper_check_modeset [drm_kms_helper]] [CRTC:34:crtc-0] enable changed
Jan 04 13:41:02 raspberrypi kernel: nc4_ili9488 spi0.0: [drm:drm_atomic_helper_check_modeset [drm_kms_helper]] [CRTC:34:crtc-0] active changed
Jan 04 13:41:02 raspberrypi kernel: nc4_ili9488 spi0.0: [drm:drm_atomic_helper_check_modeset [drm_kms_helper]] Updating routing for [CONNECTOR:31:SPI-2]
Jan 04 13:41:02 raspberrypi kernel: nc4_ili9488 spi0.0: [drm:drm_atomic_helper_check_modeset [drm_kms_helper]] [CONNECTOR:31:SPI-2] using [ENCODER:35:None-35] on [CRTC:34:crtc-0]
Jan 04 13:41:02 raspberrypi kernel: nc4_ili9488 spi0.0: [drm:drm_atomic_helper_check_modeset [drm_kms_helper]] [CRTC:34:crtc-0] needs all connectors, enable: y, active: y
Jan 04 13:41:02 raspberrypi kernel: nc4_ili9488 spi0.0: [drm:drm_atomic_add_affected_connectors [drm]] Adding all current connectors for [CRTC:34:crtc-0] to 00000000cd34e6e7
Jan 04 13:41:02 raspberrypi kernel: nc4_ili9488 spi0.0: [drm:drm_atomic_add_affected_planes [drm]] Adding all current planes for [CRTC:34:crtc-0] to 00000000cd34e6e7
Jan 04 13:41:02 raspberrypi kernel: nc4_ili9488 spi0.0: [drm:drm_atomic_add_encoder_bridges [drm]] Adding all bridges for [encoder:35:None-35] to 00000000cd34e6e7
Jan 04 13:41:02 raspberrypi kernel: nc4_ili9488 spi0.0: [drm:drm_atomic_add_affected_planes [drm]] Adding all current planes for [CRTC:34:crtc-0] to 00000000cd34e6e7
Jan 04 13:41:02 raspberrypi kernel: nc4_ili9488 spi0.0: [drm:drm_atomic_commit [drm]] committing 00000000cd34e6e7
Jan 04 13:41:02 raspberrypi kernel: nc4_ili9488 spi0.0: [drm:crtc_set_mode [drm_kms_helper]] modeset on [ENCODER:35:None-35]
Jan 04 13:41:02 raspberrypi kernel: [drm:nc4_mipi_dbi18_pipe_update [nc4_ili9488]] nc4_ili9488: [nc4_mipi_dbi18_pipe_update] pipe_update called
Jan 04 13:41:02 raspberrypi kernel: [drm:nc4_mipi_dbi18_pipe_update [nc4_ili9488]] nc4_ili9488: [nc4_mipi_dbi18_pipe_update] merged damage rect=(320x480+0+0)
Jan 04 13:41:02 raspberrypi kernel: [drm:nc4_mipi_dbi18_fb_dirty [nc4_ili9488]] nc4_ili9488: [nc4_mipi_dbi18_fb_dirty] Dirty framebuffer update: dev=spi0.0 cs=0 rect=(0,0)-(320,480)
Jan 04 13:41:02 raspberrypi kernel: [drm:nc4_mipi_dbi18_fb_dirty [nc4_ili9488]] nc4_ili9488: [nc4_mipi_dbi18_fb_dirty] Full framebuffer update detected.
Jan 04 13:41:02 raspberrypi kernel: [drm:nc4_mipi_dbi18_buf_copy [nc4_ili9488]] nc4_ili9488: [nc4_mipi_dbi18_buf_copy] format=XR24 little-endian (0x34325258) swap=1 clip=(0,0)-(320,480)
Jan 04 13:41:02 raspberrypi kernel: [drm:nc4_mipi_dbi18_buf_copy [nc4_ili9488]] nc4_ili9488: [nc4_mipi_dbi18_buf_copy] Converting from XRGB8888 to 18-bit
Jan 04 13:41:02 raspberrypi kernel: [drm:nc4_mipi_dbi18_fb_dirty [nc4_ili9488]] nc4_ili9488: [nc4_mipi_dbi_set_window_address] dev=spi0 cs=0 xs=0 xe=319 ys=0 ye=479
Jan 04 13:41:02 raspberrypi kernel: [drm:nc4_mipi_dbi18_fb_dirty [nc4_ili9488]] nc4_ili9488: [nc4_mipi_dbi18_fb_dirty] Writing memory data to device.
Jan 04 13:41:03 raspberrypi kernel: [drm:nc4_mipi_dbi18_pipe_update [nc4_ili9488]] nc4_ili9488: [nc4_mipi_dbi18_pipe_update] pipe_update done for dev=spi0.0 cs=0
Jan 04 13:41:03 raspberrypi kernel: nc4_ili9488 spi0.0: [drm:drm_atomic_helper_commit_modeset_enables [drm_kms_helper]] enabling [CRTC:34:crtc-0]
Jan 04 13:41:03 raspberrypi kernel: [drm:nc4_ili9488_enable [nc4_ili9488]] nc4_ili9488: [ENABLE] Starting enable sequence for device spi0.0 on CS=0
Jan 04 13:41:03 raspberrypi kernel: [drm:nc4_ili9488_enable [nc4_ili9488]] nc4_ili9488: [ENABLE] Power-on reset completed for device spi0.0 on CS=0
Jan 04 13:41:03 raspberrypi kernel: [drm:nc4_ili9488_enable [nc4_ili9488]] nc4_ili9488: [ENABLE] Explicit hardware reset completed for spi0.0 on CS=0
Jan 04 13:41:03 raspberrypi kernel: [drm:nc4_ili9488_enable [nc4_ili9488]] nc4_ili9488: [ENABLE] Initializing panel commands for device spi0.0 on CS=0
Jan 04 13:41:03 raspberrypi kernel: [drm:nc4_ili9488_send_cmd.constprop.0 [nc4_ili9488]] nc4_ili9488: [nc4_ili9488_send_cmd] SPI dev=spi0 cs=0 -> cmd=SW_RESET(0x01), num_args=0
Jan 04 13:41:03 raspberrypi kernel: [drm:nc4_ili9488_send_cmd.constprop.0 [nc4_ili9488]] nc4_ili9488: [nc4_ili9488_send_cmd] CMD:SW_RESET(0x01), args(0):
Jan 04 13:41:03 raspberrypi kernel: [drm:nc4_ili9488_send_cmd.constprop.0 [nc4_ili9488]] 
Jan 04 13:41:03 raspberrypi kernel: [drm:nc4_ili9488_send_cmd.constprop.0 [nc4_ili9488]] nc4_ili9488: [nc4_ili9488_send_cmd] SPI dev=spi0 cs=0 -> cmd=DISPLAY_OFF(0x28), num_args=0
Jan 04 13:41:03 raspberrypi kernel: [drm:nc4_ili9488_send_cmd.constprop.0 [nc4_ili9488]] nc4_ili9488: [nc4_ili9488_send_cmd] CMD:DISPLAY_OFF(0x28), args(0):
Jan 04 13:41:03 raspberrypi kernel: [drm:nc4_ili9488_send_cmd.constprop.0 [nc4_ili9488]] 
Jan 04 13:41:03 raspberrypi kernel: [drm:nc4_ili9488_send_cmd.constprop.0 [nc4_ili9488]] nc4_ili9488: [nc4_ili9488_send_cmd] SPI dev=spi0 cs=0 -> cmd=SLEEP_OUT(0x11), num_args=0
Jan 04 13:41:03 raspberrypi kernel: [drm:nc4_ili9488_send_cmd.constprop.0 [nc4_ili9488]] nc4_ili9488: [nc4_ili9488_send_cmd] CMD:SLEEP_OUT(0x11), args(0):
Jan 04 13:41:03 raspberrypi kernel: [drm:nc4_ili9488_send_cmd.constprop.0 [nc4_ili9488]] 
Jan 04 13:41:03 raspberrypi kernel: [drm:nc4_ili9488_send_cmd.constprop.0 [nc4_ili9488]] nc4_ili9488: [nc4_ili9488_send_cmd] SPI dev=spi0 cs=0 -> cmd=DISPLAY_ON(0x29), num_args=0
Jan 04 13:41:03 raspberrypi kernel: [drm:nc4_ili9488_send_cmd.constprop.0 [nc4_ili9488]] nc4_ili9488: [nc4_ili9488_send_cmd] CMD:DISPLAY_ON(0x29), args(0):
Jan 04 13:41:03 raspberrypi kernel: [drm:nc4_ili9488_send_cmd.constprop.0 [nc4_ili9488]] 
Jan 04 13:41:03 raspberrypi kernel: [drm:nc4_ili9488_enable [nc4_ili9488]] nc4_ili9488: [ENABLE] Address mode configuration.
Jan 04 13:41:03 raspberrypi kernel: [drm:nc4_ili9488_enable [nc4_ili9488]] nc4_ili9488: [ENABLE] Address mode set to 0x40 for rotation 0
Jan 04 13:41:03 raspberrypi kernel: [drm:nc4_ili9488_enable [nc4_ili9488]] nc4_ili9488: [ENABLE] Flushing framebuffer to panel.
Jan 04 13:41:03 raspberrypi kernel: [drm:nc4_mipi_dbi18_enable_flush [nc4_ili9488]] nc4_ili9488: [nc4_mipi_dbi18_enable_flush] enable_flush - full screen
Jan 04 13:41:03 raspberrypi kernel: [drm:nc4_mipi_dbi18_fb_dirty [nc4_ili9488]] nc4_ili9488: [nc4_mipi_dbi18_fb_dirty] Dirty framebuffer update: dev=spi0.0 cs=0 rect=(0,0)-(320,480)
Jan 04 13:41:03 raspberrypi kernel: [drm:nc4_mipi_dbi18_fb_dirty [nc4_ili9488]] nc4_ili9488: [nc4_mipi_dbi18_fb_dirty] Full framebuffer update detected.
Jan 04 13:41:03 raspberrypi kernel: [drm:nc4_mipi_dbi18_buf_copy [nc4_ili9488]] nc4_ili9488: [nc4_mipi_dbi18_buf_copy] format=XR24 little-endian (0x34325258) swap=1 clip=(0,0)-(320,480)
Jan 04 13:41:03 raspberrypi kernel: [drm:nc4_mipi_dbi18_buf_copy [nc4_ili9488]] nc4_ili9488: [nc4_mipi_dbi18_buf_copy] Converting from XRGB8888 to 18-bit
Jan 04 13:41:03 raspberrypi kernel: [drm:nc4_mipi_dbi18_fb_dirty [nc4_ili9488]] nc4_ili9488: [nc4_mipi_dbi_set_window_address] dev=spi0 cs=0 xs=0 xe=319 ys=0 ye=479
Jan 04 13:41:03 raspberrypi kernel: [drm:nc4_mipi_dbi18_fb_dirty [nc4_ili9488]] nc4_ili9488: [nc4_mipi_dbi18_fb_dirty] Writing memory data to device.
Jan 04 13:41:03 raspberrypi kernel: [drm:nc4_mipi_dbi18_enable_flush [nc4_ili9488]] nc4_ili9488: [nc4_mipi_dbi18_enable_flush] after fb_dirty in enable_flush dev=spi0 cs=0
Jan 04 13:41:03 raspberrypi kernel: [drm:nc4_mipi_dbi18_enable_flush [nc4_ili9488]] nc4_ili9488: [nc4_mipi_dbi18_enable_flush] enabling backlight
Jan 04 13:41:03 raspberrypi kernel: [drm:nc4_ili9488_enable [nc4_ili9488]] nc4_ili9488: [ENABLE] Backlight enabled for device spi0.0 on CS=0
Jan 04 13:41:03 raspberrypi kernel: [drm:nc4_ili9488_enable [nc4_ili9488]] nc4_ili9488: [ENABLE] Enable sequence completed for device spi0.0 on CS=0
Jan 04 13:41:03 raspberrypi kernel: nc4_ili9488 spi0.0: [drm:drm_atomic_helper_commit_modeset_enables [drm_kms_helper]] enabling [ENCODER:35:None-35]
Jan 04 13:41:03 raspberrypi kernel: nc4_ili9488 spi0.0: [drm:drm_atomic_state_default_clear [drm]] Clearing atomic state 00000000cd34e6e7
Jan 04 13:41:03 raspberrypi kernel: nc4_ili9488 spi0.0: [drm:__drm_atomic_state_free [drm]] Freeing atomic state 00000000cd34e6e7
Jan 04 13:41:03 raspberrypi kernel: nc4_ili9488 spi0.0: [drm:drm_client_dev_restore [drm]] fbdev: ret=0
Jan 04 13:41:09 raspberrypi kernel: nc4_ili9488 spi0.0: [drm:drm_open_helper [drm]] comm="drm_init_utilit", pid=1899, minor=1
Jan 04 13:41:09 raspberrypi kernel: nc4_ili9488 spi0.0: [drm:drm_ioctl [drm]] comm="drm_init_utilit" pid=1899, dev=0xe201, auth=1, DRM_IOCTL_MODE_GETRESOURCES
Jan 04 13:41:09 raspberrypi kernel: nc4_ili9488 spi0.0: [drm:drm_ioctl [drm]] comm="drm_init_utilit" pid=1899, dev=0xe201, auth=1, DRM_IOCTL_MODE_GETRESOURCES
Jan 04 13:41:09 raspberrypi kernel: nc4_ili9488 spi0.0: [drm:drm_ioctl [drm]] comm="drm_init_utilit" pid=1899, dev=0xe201, auth=1, DRM_IOCTL_MODE_GETCONNECTOR
Jan 04 13:41:09 raspberrypi kernel: nc4_ili9488 spi0.0: [drm:drm_ioctl [drm]] comm="drm_init_utilit" pid=1899, dev=0xe201, auth=1, DRM_IOCTL_MODE_GETCONNECTOR
Jan 04 13:41:09 raspberrypi kernel: nc4_ili9488 spi0.0: [drm:drm_ioctl [drm]] comm="drm_init_utilit" pid=1899, dev=0xe201, auth=1, DRM_IOCTL_MODE_CREATE_DUMB
Jan 04 13:41:09 raspberrypi drm_init_utility[1899]: nc4_ili9488: [drm_init_utility] Opened DRM device successfully
Jan 04 13:41:09 raspberrypi drm_init_utility[1899]: nc4_ili9488: [drm_init_utility] Fetched DRM resources successfully
Jan 04 13:41:09 raspberrypi drm_init_utility[1899]: nc4_ili9488: [drm_init_utility] Connector 31 is connected with mode 320x480
Jan 04 13:41:09 raspberrypi drm_init_utility[1899]: nc4_ili9488: [drm_init_utility] Dumb buffer created: handle=1, pitch=1280, size=614400
Jan 04 13:41:09 raspberrypi kernel: nc4_ili9488 spi0.0: [drm:drm_ioctl [drm]] comm="drm_init_utilit" pid=1899, dev=0xe201, auth=1, DRM_IOCTL_MODE_ADDFB
Jan 04 13:41:09 raspberrypi kernel: nc4_ili9488 spi0.0: [drm:drm_mode_addfb2 [drm]] [FB:38]
Jan 04 13:41:09 raspberrypi kernel: nc4_ili9488 spi0.0: [drm:drm_ioctl [drm]] comm="drm_init_utilit" pid=1899, dev=0xe201, auth=1, DRM_IOCTL_MODE_MAP_DUMB
Jan 04 13:41:09 raspberrypi kernel: nc4_ili9488 spi0.0: [drm:drm_ioctl [drm]] comm="drm_init_utilit" pid=1899, dev=0xe201, auth=1, DRM_IOCTL_MODE_SETCRTC
Jan 04 13:41:09 raspberrypi kernel: nc4_ili9488 spi0.0: [drm:drm_atomic_state_init [drm]] Allocated atomic state 00000000075081d9
Jan 04 13:41:09 raspberrypi kernel: nc4_ili9488 spi0.0: [drm:drm_atomic_get_crtc_state [drm]] Added [CRTC:34:crtc-0] 00000000f6247b4c state to 00000000075081d9
Jan 04 13:41:09 raspberrypi kernel: nc4_ili9488 spi0.0: [drm:drm_atomic_get_plane_state [drm]] Added [PLANE:32:plane-0] 00000000b5c9d77c state to 00000000075081d9
Jan 04 13:41:09 raspberrypi kernel: nc4_ili9488 spi0.0: [drm:drm_atomic_set_mode_for_crtc [drm]] Set [MODE:320x480] for [CRTC:34:crtc-0] state 00000000f6247b4c
Jan 04 13:41:09 raspberrypi kernel: nc4_ili9488 spi0.0: [drm:drm_atomic_set_fb_for_plane [drm]] Set [FB:38] for [PLANE:32:plane-0] state 00000000b5c9d77c
Jan 04 13:41:09 raspberrypi kernel: nc4_ili9488 spi0.0: [drm:drm_atomic_add_affected_connectors [drm]] Adding all current connectors for [CRTC:34:crtc-0] to 00000000075081d9
Jan 04 13:41:09 raspberrypi kernel: nc4_ili9488 spi0.0: [drm:drm_atomic_get_connector_state [drm]] Added [CONNECTOR:31:SPI-2] 000000004c25762f state to 00000000075081d9
Jan 04 13:41:09 raspberrypi kernel: nc4_ili9488 spi0.0: [drm:drm_atomic_set_crtc_for_connector [drm]] Link [CONNECTOR:31:SPI-2] state 000000004c25762f to [NOCRTC]
Jan 04 13:41:09 raspberrypi kernel: nc4_ili9488 spi0.0: [drm:drm_atomic_set_crtc_for_connector [drm]] Link [CONNECTOR:31:SPI-2] state 000000004c25762f to [CRTC:34:crtc-0]
Jan 04 13:41:09 raspberrypi kernel: nc4_ili9488 spi0.0: [drm:drm_atomic_check_only [drm]] checking 00000000075081d9
Jan 04 13:41:09 raspberrypi kernel: nc4_ili9488 spi0.0: [drm:drm_atomic_helper_check_modeset [drm_kms_helper]] Updating routing for [CONNECTOR:31:SPI-2]
Jan 04 13:41:09 raspberrypi kernel: nc4_ili9488 spi0.0: [drm:drm_atomic_helper_check_modeset [drm_kms_helper]] [CONNECTOR:31:SPI-2] keeps [ENCODER:35:None-35], now on [CRTC:34:crtc-0]
Jan 04 13:41:09 raspberrypi kernel: nc4_ili9488 spi0.0: [drm:drm_atomic_add_encoder_bridges [drm]] Adding all bridges for [encoder:35:None-35] to 00000000075081d9
Jan 04 13:41:09 raspberrypi kernel: nc4_ili9488 spi0.0: [drm:drm_atomic_add_encoder_bridges [drm]] Adding all bridges for [encoder:35:None-35] to 00000000075081d9
Jan 04 13:41:09 raspberrypi kernel: nc4_ili9488 spi0.0: [drm:drm_atomic_add_affected_planes [drm]] Adding all current planes for [CRTC:34:crtc-0] to 00000000075081d9
Jan 04 13:41:09 raspberrypi kernel: nc4_ili9488 spi0.0: [drm:drm_atomic_commit [drm]] committing 00000000075081d9
Jan 04 13:41:09 raspberrypi kernel: [drm:nc4_mipi_dbi18_pipe_update [nc4_ili9488]] nc4_ili9488: [nc4_mipi_dbi18_pipe_update] pipe_update called
Jan 04 13:41:09 raspberrypi kernel: [drm:nc4_mipi_dbi18_pipe_update [nc4_ili9488]] nc4_ili9488: [nc4_mipi_dbi18_pipe_update] merged damage rect=(320x480+0+0)
Jan 04 13:41:09 raspberrypi kernel: [drm:nc4_mipi_dbi18_fb_dirty [nc4_ili9488]] nc4_ili9488: [nc4_mipi_dbi18_fb_dirty] Dirty framebuffer update: dev=spi0.0 cs=0 rect=(0,0)-(320,480)
Jan 04 13:41:09 raspberrypi kernel: [drm:nc4_mipi_dbi18_fb_dirty [nc4_ili9488]] nc4_ili9488: [nc4_mipi_dbi18_fb_dirty] Full framebuffer update detected.
Jan 04 13:41:09 raspberrypi kernel: [drm:nc4_mipi_dbi18_buf_copy [nc4_ili9488]] nc4_ili9488: [nc4_mipi_dbi18_buf_copy] format=XR24 little-endian (0x34325258) swap=1 clip=(0,0)-(320,480)
Jan 04 13:41:09 raspberrypi kernel: [drm:nc4_mipi_dbi18_buf_copy [nc4_ili9488]] nc4_ili9488: [nc4_mipi_dbi18_buf_copy] Converting from XRGB8888 to 18-bit
Jan 04 13:41:09 raspberrypi kernel: [drm:nc4_mipi_dbi18_fb_dirty [nc4_ili9488]] nc4_ili9488: [nc4_mipi_dbi_set_window_address] dev=spi0 cs=0 xs=0 xe=319 ys=0 ye=479
Jan 04 13:41:09 raspberrypi kernel: [drm:nc4_mipi_dbi18_fb_dirty [nc4_ili9488]] nc4_ili9488: [nc4_mipi_dbi18_fb_dirty] Writing memory data to device.
Jan 04 13:41:09 raspberrypi drm_init_utility[1899]: nc4_ili9488: [drm_init_utility] Framebuffer added with ID=38
Jan 04 13:41:09 raspberrypi drm_init_utility[1899]: nc4_ili9488: [drm_init_utility] Dumb buffer mapped at offset=4295581696
Jan 04 13:41:09 raspberrypi drm_init_utility[1899]: nc4_ili9488: [drm_init_utility] Framebuffer filled with white color
Jan 04 13:41:09 raspberrypi drm_init_utility[1899]: nc4_ili9488: [drm_init_utility] CRTC set successfully for mode 320x480 on connector 31
Jan 04 13:41:09 raspberrypi kernel: [drm:nc4_mipi_dbi18_pipe_update [nc4_ili9488]] nc4_ili9488: [nc4_mipi_dbi18_pipe_update] pipe_update done for dev=spi0.0 cs=0
Jan 04 13:41:09 raspberrypi kernel: nc4_ili9488 spi0.0: [drm:drm_atomic_state_default_clear [drm]] Clearing atomic state 00000000075081d9
Jan 04 13:41:09 raspberrypi kernel: nc4_ili9488 spi0.0: [drm:__drm_atomic_state_free [drm]] Freeing atomic state 00000000075081d9
Jan 04 13:41:19 raspberrypi kernel: nc4_ili9488 spi0.0: [drm:drm_release [drm]] open_count = 1
Jan 04 13:41:19 raspberrypi kernel: nc4_ili9488 spi0.0: [drm:drm_file_free [drm]] comm="drm_init_utilit", pid=1899, dev=0xe201, open_count=1
Jan 04 13:41:19 raspberrypi kernel: nc4_ili9488 spi0.0: [drm:drm_mode_rmfb_work_fn [drm]] Removing [FB:38] from all active usage due to RMFB ioctl
Jan 04 13:41:19 raspberrypi kernel: nc4_ili9488 spi0.0: [drm:drm_atomic_state_init [drm]] Allocated atomic state 00000000e929608d
Jan 04 13:41:19 raspberrypi kernel: nc4_ili9488 spi0.0: [drm:drm_framebuffer_remove [drm]] Disabling [PLANE:32:plane-0] because [FB:38] is removed
Jan 04 13:41:19 raspberrypi kernel: nc4_ili9488 spi0.0: [drm:drm_atomic_get_plane_state [drm]] Added [PLANE:32:plane-0] 00000000dea5df8d state to 00000000e929608d
Jan 04 13:41:19 raspberrypi kernel: nc4_ili9488 spi0.0: [drm:drm_atomic_get_crtc_state [drm]] Added [CRTC:34:crtc-0] 0000000056ec549a state to 00000000e929608d
Jan 04 13:41:19 raspberrypi kernel: nc4_ili9488 spi0.0: [drm:drm_atomic_set_fb_for_plane [drm]] Set [NOFB] for [PLANE:32:plane-0] state 00000000dea5df8d
Jan 04 13:41:19 raspberrypi kernel: nc4_ili9488 spi0.0: [drm:drm_atomic_set_crtc_for_plane [drm]] Link [PLANE:32:plane-0] state 00000000dea5df8d to [NOCRTC]
Jan 04 13:41:19 raspberrypi kernel: nc4_ili9488 spi0.0: [drm:drm_atomic_check_only [drm]] checking 00000000e929608d
Jan 04 13:41:19 raspberrypi kernel: nc4_ili9488 spi0.0: [drm:drm_atomic_helper_check_crtc_primary_plane [drm_kms_helper]] [CRTC:34:crtc-0] primary plane missing
Jan 04 13:41:19 raspberrypi kernel: nc4_ili9488 spi0.0: [drm:drm_atomic_helper_check_planes [drm_kms_helper]] [CRTC:34:crtc-0] atomic driver check failed
Jan 04 13:41:19 raspberrypi kernel: nc4_ili9488 spi0.0: [drm:drm_atomic_check_only [drm]] atomic driver check for 00000000e929608d failed: -22
Jan 04 13:41:19 raspberrypi kernel: nc4_ili9488 spi0.0: [drm:drm_atomic_state_default_clear [drm]] Clearing atomic state 00000000e929608d
Jan 04 13:41:19 raspberrypi kernel: nc4_ili9488 spi0.0: [drm:__drm_atomic_state_free [drm]] Freeing atomic state 00000000e929608d
Jan 04 13:41:19 raspberrypi kernel: nc4_ili9488 spi0.0: [drm:drm_atomic_state_init [drm]] Allocated atomic state 00000000e929608d
Jan 04 13:41:19 raspberrypi kernel: nc4_ili9488 spi0.0: [drm:drm_framebuffer_remove [drm]] Disabling [PLANE:32:plane-0] because [FB:38] is removed
Jan 04 13:41:19 raspberrypi kernel: nc4_ili9488 spi0.0: [drm:drm_atomic_get_plane_state [drm]] Added [PLANE:32:plane-0] 00000000dea5df8d state to 00000000e929608d
Jan 04 13:41:19 raspberrypi kernel: nc4_ili9488 spi0.0: [drm:drm_atomic_get_crtc_state [drm]] Added [CRTC:34:crtc-0] 0000000056ec549a state to 00000000e929608d
Jan 04 13:41:19 raspberrypi kernel: nc4_ili9488 spi0.0: [drm:drm_framebuffer_remove [drm]] Disabling [CRTC:34:crtc-0] because [FB:38] is removed
Jan 04 13:41:19 raspberrypi kernel: nc4_ili9488 spi0.0: [drm:drm_atomic_add_affected_connectors [drm]] Adding all current connectors for [CRTC:34:crtc-0] to 00000000e929608d
Jan 04 13:41:19 raspberrypi kernel: nc4_ili9488 spi0.0: [drm:drm_atomic_get_connector_state [drm]] Added [CONNECTOR:31:SPI-2] 00000000fb4ccdc5 state to 00000000e929608d
Jan 04 13:41:19 raspberrypi kernel: nc4_ili9488 spi0.0: [drm:drm_atomic_set_mode_for_crtc [drm]] Set [NOMODE] for [CRTC:34:crtc-0] state 0000000056ec549a
Jan 04 13:41:19 raspberrypi kernel: nc4_ili9488 spi0.0: [drm:drm_atomic_set_fb_for_plane [drm]] Set [NOFB] for [PLANE:32:plane-0] state 00000000dea5df8d
Jan 04 13:41:19 raspberrypi kernel: nc4_ili9488 spi0.0: [drm:drm_atomic_set_crtc_for_plane [drm]] Link [PLANE:32:plane-0] state 00000000dea5df8d to [NOCRTC]
Jan 04 13:41:19 raspberrypi kernel: nc4_ili9488 spi0.0: [drm:drm_atomic_set_crtc_for_connector [drm]] Link [CONNECTOR:31:SPI-2] state 00000000fb4ccdc5 to [NOCRTC]
Jan 04 13:41:19 raspberrypi kernel: nc4_ili9488 spi0.0: [drm:drm_atomic_check_only [drm]] checking 00000000e929608d
Jan 04 13:41:19 raspberrypi kernel: nc4_ili9488 spi0.0: [drm:drm_atomic_helper_check_modeset [drm_kms_helper]] [CRTC:34:crtc-0] mode changed
Jan 04 13:41:19 raspberrypi kernel: nc4_ili9488 spi0.0: [drm:drm_atomic_helper_check_modeset [drm_kms_helper]] [CRTC:34:crtc-0] enable changed
Jan 04 13:41:19 raspberrypi kernel: nc4_ili9488 spi0.0: [drm:drm_atomic_helper_check_modeset [drm_kms_helper]] [CRTC:34:crtc-0] active changed
Jan 04 13:41:19 raspberrypi kernel: nc4_ili9488 spi0.0: [drm:drm_atomic_helper_check_modeset [drm_kms_helper]] Updating routing for [CONNECTOR:31:SPI-2]
Jan 04 13:41:19 raspberrypi kernel: nc4_ili9488 spi0.0: [drm:drm_atomic_helper_check_modeset [drm_kms_helper]] Disabling [CONNECTOR:31:SPI-2]
Jan 04 13:41:19 raspberrypi kernel: nc4_ili9488 spi0.0: [drm:drm_atomic_helper_check_modeset [drm_kms_helper]] [CRTC:34:crtc-0] needs all connectors, enable: n, active: n
Jan 04 13:41:19 raspberrypi kernel: nc4_ili9488 spi0.0: [drm:drm_atomic_add_affected_connectors [drm]] Adding all current connectors for [CRTC:34:crtc-0] to 00000000e929608d
Jan 04 13:41:19 raspberrypi kernel: nc4_ili9488 spi0.0: [drm:drm_atomic_add_affected_planes [drm]] Adding all current planes for [CRTC:34:crtc-0] to 00000000e929608d
Jan 04 13:41:19 raspberrypi kernel: nc4_ili9488 spi0.0: [drm:drm_atomic_add_encoder_bridges [drm]] Adding all bridges for [encoder:35:None-35] to 00000000e929608d
Jan 04 13:41:19 raspberrypi kernel: nc4_ili9488 spi0.0: [drm:drm_atomic_add_affected_planes [drm]] Adding all current planes for [CRTC:34:crtc-0] to 00000000e929608d
Jan 04 13:41:19 raspberrypi kernel: nc4_ili9488 spi0.0: [drm:drm_atomic_commit [drm]] committing 00000000e929608d
Jan 04 13:41:19 raspberrypi kernel: nc4_ili9488 spi0.0: [drm:disable_outputs [drm_kms_helper]] disabling [ENCODER:35:None-35]
Jan 04 13:41:19 raspberrypi kernel: nc4_ili9488 spi0.0: [drm:disable_outputs [drm_kms_helper]] disabling [CRTC:34:crtc-0]
Jan 04 13:41:19 raspberrypi kernel: [drm:nc4_mipi_dbi18_pipe_update [nc4_ili9488]] nc4_ili9488: [nc4_mipi_dbi18_pipe_update] pipe_update called
Jan 04 13:41:19 raspberrypi kernel: [drm:nc4_mipi_dbi18_pipe_update [nc4_ili9488]] nc4_ili9488: [nc4_mipi_dbi18_pipe_update] pipe_update aborted: crtc not active
Jan 04 13:41:19 raspberrypi kernel: nc4_ili9488 spi0.0: [drm:drm_atomic_state_default_clear [drm]] Clearing atomic state 00000000e929608d
Jan 04 13:41:19 raspberrypi kernel: nc4_ili9488 spi0.0: [drm:__drm_atomic_state_free [drm]] Freeing atomic state 00000000e929608d
Jan 04 13:41:19 raspberrypi kernel: nc4_ili9488 spi0.0: [drm:drm_lastclose [drm]] 
Jan 04 13:41:19 raspberrypi kernel: nc4_ili9488 spi0.0: [drm:drm_lastclose [drm]] driver lastclose completed
Jan 04 13:41:19 raspberrypi kernel: nc4_ili9488 spi0.0: [drm:drm_atomic_state_init [drm]] Allocated atomic state 00000000e929608d
Jan 04 13:41:19 raspberrypi kernel: nc4_ili9488 spi0.0: [drm:drm_atomic_get_plane_state [drm]] Added [PLANE:32:plane-0] 00000000cd3083c4 state to 00000000e929608d
Jan 04 13:41:19 raspberrypi kernel: nc4_ili9488 spi0.0: [drm:drm_atomic_get_crtc_state [drm]] Added [CRTC:34:crtc-0] 000000007685b1c9 state to 00000000e929608d
Jan 04 13:41:19 raspberrypi kernel: nc4_ili9488 spi0.0: [drm:drm_atomic_set_mode_for_crtc [drm]] Set [MODE:320x480] for [CRTC:34:crtc-0] state 000000007685b1c9
Jan 04 13:41:19 raspberrypi kernel: nc4_ili9488 spi0.0: [drm:drm_atomic_set_crtc_for_plane [drm]] Link [PLANE:32:plane-0] state 00000000cd3083c4 to [CRTC:34:crtc-0]
Jan 04 13:41:19 raspberrypi kernel: nc4_ili9488 spi0.0: [drm:drm_atomic_set_fb_for_plane [drm]] Set [FB:36] for [PLANE:32:plane-0] state 00000000cd3083c4
Jan 04 13:41:19 raspberrypi kernel: nc4_ili9488 spi0.0: [drm:drm_atomic_add_affected_connectors [drm]] Adding all current connectors for [CRTC:34:crtc-0] to 00000000e929608d
Jan 04 13:41:19 raspberrypi kernel: nc4_ili9488 spi0.0: [drm:drm_atomic_get_connector_state [drm]] Added [CONNECTOR:31:SPI-2] 0000000079e9cbc9 state to 00000000e929608d
Jan 04 13:41:19 raspberrypi kernel: nc4_ili9488 spi0.0: [drm:drm_atomic_set_crtc_for_connector [drm]] Link [CONNECTOR:31:SPI-2] state 0000000079e9cbc9 to [CRTC:34:crtc-0]
Jan 04 13:41:19 raspberrypi kernel: nc4_ili9488 spi0.0: [drm:drm_atomic_check_only [drm]] checking 00000000e929608d
Jan 04 13:41:19 raspberrypi kernel: nc4_ili9488 spi0.0: [drm:drm_atomic_helper_check_modeset [drm_kms_helper]] [CRTC:34:crtc-0] mode changed
Jan 04 13:41:19 raspberrypi kernel: nc4_ili9488 spi0.0: [drm:drm_atomic_helper_check_modeset [drm_kms_helper]] [CRTC:34:crtc-0] enable changed
Jan 04 13:41:19 raspberrypi kernel: nc4_ili9488 spi0.0: [drm:drm_atomic_helper_check_modeset [drm_kms_helper]] [CRTC:34:crtc-0] active changed
Jan 04 13:41:19 raspberrypi kernel: nc4_ili9488 spi0.0: [drm:drm_atomic_helper_check_modeset [drm_kms_helper]] Updating routing for [CONNECTOR:31:SPI-2]
Jan 04 13:41:19 raspberrypi kernel: nc4_ili9488 spi0.0: [drm:drm_atomic_helper_check_modeset [drm_kms_helper]] [CONNECTOR:31:SPI-2] using [ENCODER:35:None-35] on [CRTC:34:crtc-0]
Jan 04 13:41:19 raspberrypi kernel: nc4_ili9488 spi0.0: [drm:drm_atomic_helper_check_modeset [drm_kms_helper]] [CRTC:34:crtc-0] needs all connectors, enable: y, active: y
Jan 04 13:41:19 raspberrypi kernel: nc4_ili9488 spi0.0: [drm:drm_atomic_add_affected_connectors [drm]] Adding all current connectors for [CRTC:34:crtc-0] to 00000000e929608d
Jan 04 13:41:19 raspberrypi kernel: nc4_ili9488 spi0.0: [drm:drm_atomic_add_affected_planes [drm]] Adding all current planes for [CRTC:34:crtc-0] to 00000000e929608d
Jan 04 13:41:19 raspberrypi kernel: nc4_ili9488 spi0.0: [drm:drm_atomic_add_encoder_bridges [drm]] Adding all bridges for [encoder:35:None-35] to 00000000e929608d
Jan 04 13:41:19 raspberrypi kernel: nc4_ili9488 spi0.0: [drm:drm_atomic_add_affected_planes [drm]] Adding all current planes for [CRTC:34:crtc-0] to 00000000e929608d
Jan 04 13:41:19 raspberrypi kernel: nc4_ili9488 spi0.0: [drm:drm_atomic_commit [drm]] committing 00000000e929608d
Jan 04 13:41:19 raspberrypi kernel: nc4_ili9488 spi0.0: [drm:crtc_set_mode [drm_kms_helper]] modeset on [ENCODER:35:None-35]
Jan 04 13:41:19 raspberrypi kernel: [drm:nc4_mipi_dbi18_pipe_update [nc4_ili9488]] nc4_ili9488: [nc4_mipi_dbi18_pipe_update] pipe_update called
Jan 04 13:41:19 raspberrypi kernel: [drm:nc4_mipi_dbi18_pipe_update [nc4_ili9488]] nc4_ili9488: [nc4_mipi_dbi18_pipe_update] merged damage rect=(320x480+0+0)
Jan 04 13:41:19 raspberrypi kernel: [drm:nc4_mipi_dbi18_fb_dirty [nc4_ili9488]] nc4_ili9488: [nc4_mipi_dbi18_fb_dirty] Dirty framebuffer update: dev=spi0.0 cs=0 rect=(0,0)-(320,480)
Jan 04 13:41:19 raspberrypi kernel: [drm:nc4_mipi_dbi18_fb_dirty [nc4_ili9488]] nc4_ili9488: [nc4_mipi_dbi18_fb_dirty] Full framebuffer update detected.
Jan 04 13:41:19 raspberrypi kernel: [drm:nc4_mipi_dbi18_buf_copy [nc4_ili9488]] nc4_ili9488: [nc4_mipi_dbi18_buf_copy] format=XR24 little-endian (0x34325258) swap=1 clip=(0,0)-(320,480)
Jan 04 13:41:19 raspberrypi kernel: [drm:nc4_mipi_dbi18_buf_copy [nc4_ili9488]] nc4_ili9488: [nc4_mipi_dbi18_buf_copy] Converting from XRGB8888 to 18-bit
Jan 04 13:41:19 raspberrypi kernel: [drm:nc4_mipi_dbi18_fb_dirty [nc4_ili9488]] nc4_ili9488: [nc4_mipi_dbi_set_window_address] dev=spi0 cs=0 xs=0 xe=319 ys=0 ye=479
Jan 04 13:41:19 raspberrypi kernel: [drm:nc4_mipi_dbi18_fb_dirty [nc4_ili9488]] nc4_ili9488: [nc4_mipi_dbi18_fb_dirty] Writing memory data to device.
Jan 04 13:41:19 raspberrypi kernel: [drm:nc4_mipi_dbi18_pipe_update [nc4_ili9488]] nc4_ili9488: [nc4_mipi_dbi18_pipe_update] pipe_update done for dev=spi0.0 cs=0
Jan 04 13:41:19 raspberrypi kernel: nc4_ili9488 spi0.0: [drm:drm_atomic_helper_commit_modeset_enables [drm_kms_helper]] enabling [CRTC:34:crtc-0]
Jan 04 13:41:19 raspberrypi kernel: [drm:nc4_ili9488_enable [nc4_ili9488]] nc4_ili9488: [ENABLE] Starting enable sequence for device spi0.0 on CS=0
Jan 04 13:41:19 raspberrypi kernel: [drm:nc4_ili9488_enable [nc4_ili9488]] nc4_ili9488: [ENABLE] Power-on reset completed for device spi0.0 on CS=0
Jan 04 13:41:20 raspberrypi kernel: [drm:nc4_ili9488_enable [nc4_ili9488]] nc4_ili9488: [ENABLE] Explicit hardware reset completed for spi0.0 on CS=0
Jan 04 13:41:20 raspberrypi kernel: [drm:nc4_ili9488_enable [nc4_ili9488]] nc4_ili9488: [ENABLE] Initializing panel commands for device spi0.0 on CS=0
Jan 04 13:41:20 raspberrypi kernel: [drm:nc4_ili9488_send_cmd.constprop.0 [nc4_ili9488]] nc4_ili9488: [nc4_ili9488_send_cmd] SPI dev=spi0 cs=0 -> cmd=SW_RESET(0x01), num_args=0
Jan 04 13:41:20 raspberrypi kernel: [drm:nc4_ili9488_send_cmd.constprop.0 [nc4_ili9488]] nc4_ili9488: [nc4_ili9488_send_cmd] CMD:SW_RESET(0x01), args(0):
Jan 04 13:41:20 raspberrypi kernel: [drm:nc4_ili9488_send_cmd.constprop.0 [nc4_ili9488]] 
Jan 04 13:41:20 raspberrypi kernel: [drm:nc4_ili9488_send_cmd.constprop.0 [nc4_ili9488]] nc4_ili9488: [nc4_ili9488_send_cmd] SPI dev=spi0 cs=0 -> cmd=DISPLAY_OFF(0x28), num_args=0
Jan 04 13:41:20 raspberrypi kernel: [drm:nc4_ili9488_send_cmd.constprop.0 [nc4_ili9488]] nc4_ili9488: [nc4_ili9488_send_cmd] CMD:DISPLAY_OFF(0x28), args(0):
Jan 04 13:41:20 raspberrypi kernel: [drm:nc4_ili9488_send_cmd.constprop.0 [nc4_ili9488]] 
Jan 04 13:41:20 raspberrypi kernel: [drm:nc4_ili9488_send_cmd.constprop.0 [nc4_ili9488]] nc4_ili9488: [nc4_ili9488_send_cmd] SPI dev=spi0 cs=0 -> cmd=SLEEP_OUT(0x11), num_args=0
Jan 04 13:41:20 raspberrypi kernel: [drm:nc4_ili9488_send_cmd.constprop.0 [nc4_ili9488]] nc4_ili9488: [nc4_ili9488_send_cmd] CMD:SLEEP_OUT(0x11), args(0):
Jan 04 13:41:20 raspberrypi kernel: [drm:nc4_ili9488_send_cmd.constprop.0 [nc4_ili9488]] 
Jan 04 13:41:20 raspberrypi kernel: [drm:nc4_ili9488_send_cmd.constprop.0 [nc4_ili9488]] nc4_ili9488: [nc4_ili9488_send_cmd] SPI dev=spi0 cs=0 -> cmd=DISPLAY_ON(0x29), num_args=0
Jan 04 13:41:20 raspberrypi kernel: [drm:nc4_ili9488_send_cmd.constprop.0 [nc4_ili9488]] nc4_ili9488: [nc4_ili9488_send_cmd] CMD:DISPLAY_ON(0x29), args(0):
Jan 04 13:41:20 raspberrypi kernel: [drm:nc4_ili9488_send_cmd.constprop.0 [nc4_ili9488]] 
Jan 04 13:41:20 raspberrypi kernel: [drm:nc4_ili9488_enable [nc4_ili9488]] nc4_ili9488: [ENABLE] Address mode configuration.
Jan 04 13:41:20 raspberrypi kernel: [drm:nc4_ili9488_enable [nc4_ili9488]] nc4_ili9488: [ENABLE] Address mode set to 0x40 for rotation 0
Jan 04 13:41:20 raspberrypi kernel: [drm:nc4_ili9488_enable [nc4_ili9488]] nc4_ili9488: [ENABLE] Flushing framebuffer to panel.
Jan 04 13:41:20 raspberrypi kernel: [drm:nc4_mipi_dbi18_enable_flush [nc4_ili9488]] nc4_ili9488: [nc4_mipi_dbi18_enable_flush] enable_flush - full screen
Jan 04 13:41:20 raspberrypi kernel: [drm:nc4_mipi_dbi18_fb_dirty [nc4_ili9488]] nc4_ili9488: [nc4_mipi_dbi18_fb_dirty] Dirty framebuffer update: dev=spi0.0 cs=0 rect=(0,0)-(320,480)
Jan 04 13:41:20 raspberrypi kernel: [drm:nc4_mipi_dbi18_fb_dirty [nc4_ili9488]] nc4_ili9488: [nc4_mipi_dbi18_fb_dirty] Full framebuffer update detected.
Jan 04 13:41:20 raspberrypi kernel: [drm:nc4_mipi_dbi18_buf_copy [nc4_ili9488]] nc4_ili9488: [nc4_mipi_dbi18_buf_copy] format=XR24 little-endian (0x34325258) swap=1 clip=(0,0)-(320,480)
Jan 04 13:41:20 raspberrypi kernel: [drm:nc4_mipi_dbi18_buf_copy [nc4_ili9488]] nc4_ili9488: [nc4_mipi_dbi18_buf_copy] Converting from XRGB8888 to 18-bit
Jan 04 13:41:20 raspberrypi kernel: [drm:nc4_mipi_dbi18_fb_dirty [nc4_ili9488]] nc4_ili9488: [nc4_mipi_dbi_set_window_address] dev=spi0 cs=0 xs=0 xe=319 ys=0 ye=479
Jan 04 13:41:20 raspberrypi kernel: [drm:nc4_mipi_dbi18_fb_dirty [nc4_ili9488]] nc4_ili9488: [nc4_mipi_dbi18_fb_dirty] Writing memory data to device.
Jan 04 13:41:20 raspberrypi kernel: [drm:nc4_mipi_dbi18_enable_flush [nc4_ili9488]] nc4_ili9488: [nc4_mipi_dbi18_enable_flush] after fb_dirty in enable_flush dev=spi0 cs=0
Jan 04 13:41:20 raspberrypi kernel: [drm:nc4_mipi_dbi18_enable_flush [nc4_ili9488]] nc4_ili9488: [nc4_mipi_dbi18_enable_flush] enabling backlight
Jan 04 13:41:20 raspberrypi kernel: [drm:nc4_ili9488_enable [nc4_ili9488]] nc4_ili9488: [ENABLE] Backlight enabled for device spi0.0 on CS=0
Jan 04 13:41:20 raspberrypi kernel: [drm:nc4_ili9488_enable [nc4_ili9488]] nc4_ili9488: [ENABLE] Enable sequence completed for device spi0.0 on CS=0
Jan 04 13:41:20 raspberrypi kernel: nc4_ili9488 spi0.0: [drm:drm_atomic_helper_commit_modeset_enables [drm_kms_helper]] enabling [ENCODER:35:None-35]
Jan 04 13:41:20 raspberrypi kernel: nc4_ili9488 spi0.0: [drm:drm_atomic_state_default_clear [drm]] Clearing atomic state 00000000e929608d
Jan 04 13:41:20 raspberrypi kernel: nc4_ili9488 spi0.0: [drm:__drm_atomic_state_free [drm]] Freeing atomic state 00000000e929608d
Jan 04 13:41:20 raspberrypi kernel: nc4_ili9488 spi0.0: [drm:drm_client_dev_restore [drm]] fbdev: ret=0
