Dec 29 13:46:47 raspberrypi systemd[1]: Started kmsconvt@tty1.service - KMS System Console on tty1.
Dec 29 13:46:50 raspberrypi kmscon[807]: [0000.000000] NOTICE: kmscon Revision v9.0.0 Jan 29 2023 19:19:17 (log_print_init() in ../src/shl_log.c:509)
Dec 29 13:46:53 raspberrypi kmscon[807]: [0002.450529] NOTICE: vt: using tty /dev/tty1 (open_tty() in ../src/uterm_vt.c:285)
Dec 29 13:47:01 raspberrypi kmscon[807]: [0011.209334] WARNING: video_fbdev: cannot read monitor refresh rate, forcing 60 Hz (display_activate_force() in ../src/uterm_fbdev_video.c:285)
Dec 29 13:47:01 raspberrypi kmscon[807]: [0011.210939] WARNING: video_fbdev: cannot read monitor refresh rate, forcing 60 Hz (display_activate_force() in ../src/uterm_fbdev_video.c:285)
Dec 29 13:52:22 raspberrypi kmscon[807]: [0331.563177] WARNING: seat: destroying seat seat0 while still awake: -16 (kmscon_seat_free() in ../src/kmscon_seat.c:806)
Dec 29 13:52:25 raspberrypi systemd[1]: kmsconvt@tty1.service: Deactivated successfully.
-- Boot 56b3d09c34d04310ba4fe5926137f9a9 --
Dec 29 14:29:06 raspberrypi systemd[1]: Started kmsconvt@tty1.service - KMS System Console on tty1.
Dec 29 14:29:10 raspberrypi kmscon[802]: [0000.000000] NOTICE: kmscon Revision v9.0.0 Jan 29 2023 19:19:17 (log_print_init() in ../src/shl_log.c:509)
Dec 29 14:29:12 raspberrypi kmscon[802]: [0001.912871] NOTICE: vt: using tty /dev/tty1 (open_tty() in ../src/uterm_vt.c:285)
Dec 29 14:29:28 raspberrypi kmscon[802]: [0017.421943] WARNING: video_fbdev: cannot read monitor refresh rate, forcing 60 Hz (display_activate_force() in ../src/uterm_fbdev_video.c:285)
Dec 29 14:29:28 raspberrypi kmscon[802]: [0017.425536] WARNING: video_fbdev: cannot read monitor refresh rate, forcing 60 Hz (display_activate_force() in ../src/uterm_fbdev_video.c:285)
Dec 29 16:09:23 raspberrypi kmscon[802]: [6012.360184] WARNING: seat: destroying seat seat0 while still awake: -16 (kmscon_seat_free() in ../src/kmscon_seat.c:806)
Dec 29 16:09:23 raspberrypi systemd[1]: Stopping kmsconvt@tty1.service - KMS System Console on tty1...
Dec 29 16:09:27 raspberrypi systemd[1]: kmsconvt@tty1.service: Deactivated successfully.
Dec 29 16:09:27 raspberrypi systemd[1]: Stopped kmsconvt@tty1.service - KMS System Console on tty1.
-- Boot 6fde333eee1e435bae019fde241a1646 --
Dec 29 16:10:01 raspberrypi systemd[1]: Started kmsconvt@tty1.service - KMS System Console on tty1.
Dec 29 16:10:04 raspberrypi kmscon[805]: [0000.000000] NOTICE: kmscon Revision v9.0.0 Jan 29 2023 19:19:17 (log_print_init() in ../src/shl_log.c:509)
Dec 29 16:10:07 raspberrypi kmscon[805]: [0002.617822] NOTICE: vt: using tty /dev/tty1 (open_tty() in ../src/uterm_vt.c:285)
Dec 29 16:10:48 raspberrypi kmscon[805]: [0044.099870] WARNING: video_fbdev: cannot read monitor refresh rate, forcing 60 Hz (display_activate_force() in ../src/uterm_fbdev_video.c:285)
Dec 29 16:10:48 raspberrypi kmscon[805]: [0044.101345] WARNING: video_fbdev: cannot read monitor refresh rate, forcing 60 Hz (display_activate_force() in ../src/uterm_fbdev_video.c:285)
Dec 29 16:31:48 raspberrypi kmscon[805]: [1303.950082] WARNING: seat: destroying seat seat0 while still awake: -16 (kmscon_seat_free() in ../src/kmscon_seat.c:806)
Dec 29 16:31:48 raspberrypi systemd[1]: Stopping kmsconvt@tty1.service - KMS System Console on tty1...
Dec 29 16:31:52 raspberrypi systemd[1]: kmsconvt@tty1.service: Deactivated successfully.
Dec 29 16:31:52 raspberrypi systemd[1]: Stopped kmsconvt@tty1.service - KMS System Console on tty1.
-- Boot 79861b0aa2264eac89bd603085f75dee --
Dec 29 16:32:16 raspberrypi systemd[1]: Started kmsconvt@tty1.service - KMS System Console on tty1.
Dec 29 16:32:19 raspberrypi kmscon[803]: [0000.000000] NOTICE: kmscon Revision v9.0.0 Jan 29 2023 19:19:17 (log_print_init() in ../src/shl_log.c:509)
Dec 29 16:32:23 raspberrypi kmscon[803]: [0003.475727] NOTICE: vt: using tty /dev/tty1 (open_tty() in ../src/uterm_vt.c:285)
Dec 29 16:32:33 raspberrypi kmscon[803]: [0014.187719] WARNING: video_fbdev: cannot read monitor refresh rate, forcing 60 Hz (display_activate_force() in ../src/uterm_fbdev_video.c:285)
Dec 29 16:32:33 raspberrypi kmscon[803]: [0014.192547] WARNING: video_fbdev: cannot read monitor refresh rate, forcing 60 Hz (display_activate_force() in ../src/uterm_fbdev_video.c:285)
Dec 29 16:53:33 raspberrypi systemd[1]: Stopping kmsconvt@tty1.service - KMS System Console on tty1...
Dec 29 16:53:41 raspberrypi kmscon[803]: [1281.583321] WARNING: seat: destroying seat seat0 while still awake: -16 (kmscon_seat_free() in ../src/kmscon_seat.c:806)
Dec 29 16:53:48 raspberrypi systemd[1]: kmsconvt@tty1.service: Deactivated successfully.
Dec 29 16:53:48 raspberrypi systemd[1]: Stopped kmsconvt@tty1.service - KMS System Console on tty1.
-- Boot 631393b347e74e529213a121592ef0bb --
Dec 29 16:54:08 raspberrypi systemd[1]: Started kmsconvt@tty1.service - KMS System Console on tty1.
Dec 29 16:54:12 raspberrypi kmscon[801]: [0000.000000] NOTICE: kmscon Revision v9.0.0 Jan 29 2023 19:19:17 (log_print_init() in ../src/shl_log.c:509)
Dec 29 16:54:15 raspberrypi kmscon[801]: [0003.204279] NOTICE: vt: using tty /dev/tty1 (open_tty() in ../src/uterm_vt.c:285)
Dec 29 16:55:02 raspberrypi kmscon[801]: [0050.190383] WARNING: video_fbdev: cannot read monitor refresh rate, forcing 60 Hz (display_activate_force() in ../src/uterm_fbdev_video.c:285)
Dec 29 16:55:02 raspberrypi kmscon[801]: [0050.191933] WARNING: video_fbdev: cannot read monitor refresh rate, forcing 60 Hz (display_activate_force() in ../src/uterm_fbdev_video.c:285)
Dec 29 16:55:37 raspberrypi login[830]: pam_unix(login:auth): check pass; user unknown
Dec 29 16:55:37 raspberrypi login[830]: pam_unix(login:auth): authentication failure; logname=LOGIN uid=0 euid=0 tty=/dev/pts/0 ruser= rhost=
Dec 29 16:55:41 raspberrypi login[830]: FAILED LOGIN (1) on '/dev/pts/0' FOR 'UNKNOWN', Authentication failure
Dec 29 16:55:59 raspberrypi login[830]: pam_unix(login:session): session opened for user nc4(uid=1000) by LOGIN(uid=0)
Dec 29 16:58:07 raspberrypi kmscon[801]: [0235.456996] WARNING: seat: destroying seat seat0 while still awake: -16 (kmscon_seat_free() in ../src/kmscon_seat.c:806)
Dec 29 16:58:07 raspberrypi systemd[1]: Stopping kmsconvt@tty1.service - KMS System Console on tty1...
Dec 29 16:58:13 raspberrypi systemd[1]: kmsconvt@tty1.service: Deactivated successfully.
Dec 29 16:58:13 raspberrypi systemd[1]: Stopped kmsconvt@tty1.service - KMS System Console on tty1.
Dec 29 16:58:13 raspberrypi systemd[1]: kmsconvt@tty1.service: Consumed 1.011s CPU time.
-- Boot 72dc201519134263896061121cc99ce5 --
Dec 29 16:58:39 raspberrypi systemd[1]: Started kmsconvt@tty1.service - KMS System Console on tty1.
Dec 29 16:58:43 raspberrypi kmscon[804]: [0000.000000] NOTICE: kmscon Revision v9.0.0 Jan 29 2023 19:19:17 (log_print_init() in ../src/shl_log.c:509)
Dec 29 16:58:46 raspberrypi kmscon[804]: [0003.315339] NOTICE: vt: using tty /dev/tty1 (open_tty() in ../src/uterm_vt.c:285)
Dec 29 16:58:54 raspberrypi kmscon[804]: [0011.536307] WARNING: video_fbdev: cannot read monitor refresh rate, forcing 60 Hz (display_activate_force() in ../src/uterm_fbdev_video.c:285)
Dec 29 16:58:54 raspberrypi kmscon[804]: [0011.537676] WARNING: video_fbdev: cannot read monitor refresh rate, forcing 60 Hz (display_activate_force() in ../src/uterm_fbdev_video.c:285)
Dec 29 17:00:33 raspberrypi systemd[1]: Stopping kmsconvt@tty1.service - KMS System Console on tty1...
Dec 29 17:00:42 raspberrypi kmscon[804]: [0119.556465] WARNING: seat: destroying seat seat0 while still awake: -16 (kmscon_seat_free() in ../src/kmscon_seat.c:806)
Dec 29 17:00:49 raspberrypi systemd[1]: kmsconvt@tty1.service: Deactivated successfully.
Dec 29 17:00:49 raspberrypi systemd[1]: Stopped kmsconvt@tty1.service - KMS System Console on tty1.
-- Boot e2ea9e9591de49b0a4c310a67ffa1dfe --
Dec 29 17:01:10 raspberrypi systemd[1]: Started kmsconvt@tty1.service - KMS System Console on tty1.
Dec 29 17:01:11 raspberrypi kmscon[801]: [0000.000000] NOTICE: kmscon Revision v9.0.0 Jan 29 2023 19:19:17 (log_print_init() in ../src/shl_log.c:509)
Dec 29 17:01:11 raspberrypi kmscon[801]: [0000.136438] NOTICE: vt: using tty /dev/tty1 (open_tty() in ../src/uterm_vt.c:285)
-- Boot d08851c827d74a41b52897244a93233a --
Dec 29 17:02:31 raspberrypi systemd[1]: Started kmsconvt@tty1.service - KMS System Console on tty1.
Dec 29 17:02:36 raspberrypi kmscon[799]: [0000.000000] NOTICE: kmscon Revision v9.0.0 Jan 29 2023 19:19:17 (log_print_init() in ../src/shl_log.c:509)
Dec 29 17:02:36 raspberrypi kmscon[799]: [0000.477400] NOTICE: vt: using tty /dev/tty1 (open_tty() in ../src/uterm_vt.c:285)
Dec 29 17:04:35 raspberrypi kmscon[799]: [0119.268148] WARNING: video_fbdev: cannot read monitor refresh rate, forcing 60 Hz (display_activate_force() in ../src/uterm_fbdev_video.c:285)
Dec 29 17:04:46 raspberrypi kmscon[799]: [0130.122379] WARNING: video_fbdev: cannot read monitor refresh rate, forcing 60 Hz (display_activate_force() in ../src/uterm_fbdev_video.c:285)
Dec 29 17:14:01 raspberrypi kmscon[799]: [0685.076758] WARNING: seat: destroying seat seat0 while still awake: -16 (kmscon_seat_free() in ../src/kmscon_seat.c:806)
Dec 29 17:14:01 raspberrypi systemd[1]: Stopping kmsconvt@tty1.service - KMS System Console on tty1...
Dec 29 17:14:01 raspberrypi systemd[1]: kmsconvt@tty1.service: Deactivated successfully.
Dec 29 17:14:01 raspberrypi systemd[1]: Stopped kmsconvt@tty1.service - KMS System Console on tty1.
-- Boot ac530a7604c443fcb06fe5f619e16ee5 --
Dec 29 17:14:26 raspberrypi systemd[1]: Started kmsconvt@tty1.service - KMS System Console on tty1.
Dec 29 17:14:26 raspberrypi kmscon[796]: [0000.000000] NOTICE: kmscon Revision v9.0.0 Jan 29 2023 19:19:17 (log_print_init() in ../src/shl_log.c:509)
Dec 29 17:14:27 raspberrypi kmscon[796]: [0000.136091] NOTICE: vt: using tty /dev/tty1 (open_tty() in ../src/uterm_vt.c:285)
Dec 29 17:15:27 raspberrypi kmscon[796]: [0060.431510] WARNING: seat: destroying seat seat0 while still awake: -16 (kmscon_seat_free() in ../src/kmscon_seat.c:806)
Dec 29 17:15:27 raspberrypi systemd[1]: kmsconvt@tty1.service: Deactivated successfully.
-- Boot 624e5d7d45dc478ebd58e4427636e43c --
Dec 29 17:17:16 raspberrypi systemd[1]: Started kmsconvt@tty1.service - KMS System Console on tty1.
Dec 29 17:17:17 raspberrypi kmscon[795]: [0000.000000] NOTICE: kmscon Revision v9.0.0 Jan 29 2023 19:19:17 (log_print_init() in ../src/shl_log.c:509)
Dec 29 17:17:17 raspberrypi kmscon[795]: [0000.136198] NOTICE: vt: using tty /dev/tty1 (open_tty() in ../src/uterm_vt.c:285)
Dec 29 17:20:08 raspberrypi kmscon[795]: [0171.622609] WARNING: video_fbdev: cannot read monitor refresh rate, forcing 60 Hz (display_activate_force() in ../src/uterm_fbdev_video.c:285)
Dec 29 17:20:13 raspberrypi kmscon[795]: [0176.784335] WARNING: video_fbdev: cannot read monitor refresh rate, forcing 60 Hz (display_activate_force() in ../src/uterm_fbdev_video.c:285)
-- Boot f8d8a1f749ff4479b4518206e143e914 --
Dec 29 17:20:21 raspberrypi systemd[1]: Started kmsconvt@tty1.service - KMS System Console on tty1.
Dec 29 17:20:21 raspberrypi kmscon[805]: [0000.000000] NOTICE: kmscon Revision v9.0.0 Jan 29 2023 19:19:17 (log_print_init() in ../src/shl_log.c:509)
Dec 29 17:20:21 raspberrypi kmscon[805]: [0000.136985] NOTICE: vt: using tty /dev/tty1 (open_tty() in ../src/uterm_vt.c:285)
Dec 29 17:22:16 raspberrypi kmscon[805]: [0114.595074] WARNING: video_fbdev: cannot read monitor refresh rate, forcing 60 Hz (display_activate_force() in ../src/uterm_fbdev_video.c:285)
Dec 29 17:22:16 raspberrypi kmscon[805]: [0114.727537] WARNING: video_fbdev: cannot read monitor refresh rate, forcing 60 Hz (display_activate_force() in ../src/uterm_fbdev_video.c:285)
Dec 29 17:23:41 raspberrypi kmscon[805]: [0200.275082] WARNING: seat: destroying seat seat0 while still awake: -16 (kmscon_seat_free() in ../src/kmscon_seat.c:806)
Dec 29 17:23:41 raspberrypi systemd[1]: Stopping kmsconvt@tty1.service - KMS System Console on tty1...
Dec 29 17:23:41 raspberrypi systemd[1]: kmsconvt@tty1.service: Deactivated successfully.
Dec 29 17:23:41 raspberrypi systemd[1]: Stopped kmsconvt@tty1.service - KMS System Console on tty1.
-- Boot ec4a052c213d4447a6fbd991c5bb4717 --
Dec 29 17:24:02 raspberrypi systemd[1]: Started kmsconvt@tty1.service - KMS System Console on tty1.
Dec 29 17:24:02 raspberrypi kmscon[807]: [0000.000000] NOTICE: kmscon Revision v9.0.0 Jan 29 2023 19:19:17 (log_print_init() in ../src/shl_log.c:509)
Dec 29 17:24:03 raspberrypi kmscon[807]: [0000.138063] NOTICE: vt: using tty /dev/tty1 (open_tty() in ../src/uterm_vt.c:285)
Dec 29 17:25:08 raspberrypi kmscon[807]: [0065.682530] WARNING: video_fbdev: cannot read monitor refresh rate, forcing 60 Hz (display_activate_force() in ../src/uterm_fbdev_video.c:285)
Dec 29 17:25:09 raspberrypi kmscon[807]: [0066.459851] WARNING: video_fbdev: cannot read monitor refresh rate, forcing 60 Hz (display_activate_force() in ../src/uterm_fbdev_video.c:285)
Dec 29 17:30:33 raspberrypi systemd[1]: Stopping kmsconvt@tty1.service - KMS System Console on tty1...
Dec 29 17:30:33 raspberrypi kmscon[807]: [0390.321352] WARNING: seat: destroying seat seat0 while still awake: -16 (kmscon_seat_free() in ../src/kmscon_seat.c:806)
Dec 29 17:30:33 raspberrypi kmscon[807]: [0390.322516] ERROR: vt: cannot reset VT KBMODE to 3 (5): Input/output error (real_close() in ../src/uterm_vt.c:433)
Dec 29 17:30:33 raspberrypi kmscon[807]: [0390.322559] WARNING: vt: cannot reset VT 1 to VT_AUTO mode (5): Input/output error (real_close() in ../src/uterm_vt.c:440)
Dec 29 17:30:33 raspberrypi kmscon[807]: [0390.322572] WARNING: vt: cannot reset VT 1 to text-mode (5): Input/output error (real_close() in ../src/uterm_vt.c:445)
Dec 29 17:30:33 raspberrypi systemd[1]: kmsconvt@tty1.service: Deactivated successfully.
Dec 29 17:30:33 raspberrypi systemd[1]: Stopped kmsconvt@tty1.service - KMS System Console on tty1.
-- Boot 73a6eb72e4e54d6fb8a2ad088b6cf670 --
Dec 29 17:30:54 raspberrypi systemd[1]: Started kmsconvt@tty1.service - KMS System Console on tty1.
Dec 29 17:30:55 raspberrypi kmscon[801]: [0000.000000] NOTICE: kmscon Revision v9.0.0 Jan 29 2023 19:19:17 (log_print_init() in ../src/shl_log.c:509)
Dec 29 17:30:56 raspberrypi kmscon[801]: [0000.608587] NOTICE: vt: using tty /dev/tty1 (open_tty() in ../src/uterm_vt.c:285)
Dec 29 17:30:58 raspberrypi kmscon[801]: [0002.752980] WARNING: video_fbdev: cannot read monitor refresh rate, forcing 60 Hz (display_activate_force() in ../src/uterm_fbdev_video.c:285)
Dec 29 17:30:58 raspberrypi kmscon[801]: [0002.754455] WARNING: video_fbdev: cannot read monitor refresh rate, forcing 60 Hz (display_activate_force() in ../src/uterm_fbdev_video.c:285)
Dec 29 17:42:46 raspberrypi systemd[1]: Stopping kmsconvt@tty1.service - KMS System Console on tty1...
Dec 29 17:42:47 raspberrypi kmscon[801]: [0712.169798] WARNING: seat: destroying seat seat0 while still awake: -16 (kmscon_seat_free() in ../src/kmscon_seat.c:806)
Dec 29 17:42:48 raspberrypi systemd[1]: kmsconvt@tty1.service: Deactivated successfully.
Dec 29 17:42:48 raspberrypi systemd[1]: Stopped kmsconvt@tty1.service - KMS System Console on tty1.
-- Boot 53561419d54a4f12a44322781b401cc6 --
Dec 29 17:43:08 raspberrypi systemd[1]: Started kmsconvt@tty1.service - KMS System Console on tty1.
Dec 29 17:43:09 raspberrypi kmscon[803]: [0000.000000] NOTICE: kmscon Revision v9.0.0 Jan 29 2023 19:19:17 (log_print_init() in ../src/shl_log.c:509)
Dec 29 17:43:09 raspberrypi kmscon[803]: [0000.608507] NOTICE: vt: using tty /dev/tty1 (open_tty() in ../src/uterm_vt.c:285)
Dec 29 17:43:12 raspberrypi kmscon[803]: [0002.942789] WARNING: video_fbdev: cannot read monitor refresh rate, forcing 60 Hz (display_activate_force() in ../src/uterm_fbdev_video.c:285)
Dec 29 17:43:12 raspberrypi kmscon[803]: [0002.944123] WARNING: video_fbdev: cannot read monitor refresh rate, forcing 60 Hz (display_activate_force() in ../src/uterm_fbdev_video.c:285)
Dec 29 17:45:50 raspberrypi systemd[1]: Stopping kmsconvt@tty1.service - KMS System Console on tty1...
Dec 29 17:45:52 raspberrypi kmscon[803]: [0163.701457] WARNING: seat: destroying seat seat0 while still awake: -16 (kmscon_seat_free() in ../src/kmscon_seat.c:806)
Dec 29 17:45:54 raspberrypi systemd[1]: kmsconvt@tty1.service: Deactivated successfully.
Dec 29 17:45:54 raspberrypi systemd[1]: Stopped kmsconvt@tty1.service - KMS System Console on tty1.
-- Boot da3e53acc3744361b9b3e97b7b6b95bb --
Dec 29 17:46:21 raspberrypi systemd[1]: Started kmsconvt@tty1.service - KMS System Console on tty1.
Dec 29 17:46:22 raspberrypi kmscon[802]: [0000.000000] NOTICE: kmscon Revision v9.0.0 Jan 29 2023 19:19:17 (log_print_init() in ../src/shl_log.c:509)
Dec 29 17:46:23 raspberrypi kmscon[802]: [0000.331263] NOTICE: vt: using tty /dev/tty1 (open_tty() in ../src/uterm_vt.c:285)
Dec 29 17:46:25 raspberrypi kmscon[802]: [0002.470784] WARNING: video_fbdev: cannot read monitor refresh rate, forcing 60 Hz (display_activate_force() in ../src/uterm_fbdev_video.c:285)
Dec 29 17:46:25 raspberrypi kmscon[802]: [0002.472120] WARNING: video_fbdev: cannot read monitor refresh rate, forcing 60 Hz (display_activate_force() in ../src/uterm_fbdev_video.c:285)
Dec 29 17:49:14 raspberrypi systemd[1]: Stopping kmsconvt@tty1.service - KMS System Console on tty1...
Dec 29 17:49:15 raspberrypi kmscon[802]: [0172.886218] WARNING: seat: destroying seat seat0 while still awake: -16 (kmscon_seat_free() in ../src/kmscon_seat.c:806)
Dec 29 17:49:16 raspberrypi systemd[1]: kmsconvt@tty1.service: Deactivated successfully.
Dec 29 17:49:16 raspberrypi systemd[1]: Stopped kmsconvt@tty1.service - KMS System Console on tty1.
-- Boot 16690cbf308549faaebd41e7ef1677f5 --
Dec 29 17:49:33 raspberrypi systemd[1]: Started kmsconvt@tty1.service - KMS System Console on tty1.
Dec 29 17:49:33 raspberrypi kmscon[802]: [0000.000000] NOTICE: kmscon Revision v9.0.0 Jan 29 2023 19:19:17 (log_print_init() in ../src/shl_log.c:509)
Dec 29 17:49:34 raspberrypi kmscon[802]: [0000.333940] NOTICE: vt: using tty /dev/tty1 (open_tty() in ../src/uterm_vt.c:285)
Dec 29 17:49:36 raspberrypi kmscon[802]: [0002.913623] WARNING: video_fbdev: cannot read monitor refresh rate, forcing 60 Hz (display_activate_force() in ../src/uterm_fbdev_video.c:285)
Dec 29 17:49:36 raspberrypi kmscon[802]: [0002.915345] WARNING: video_fbdev: cannot read monitor refresh rate, forcing 60 Hz (display_activate_force() in ../src/uterm_fbdev_video.c:285)
Dec 29 17:56:40 raspberrypi systemd[1]: Stopping kmsconvt@tty1.service - KMS System Console on tty1...
Dec 29 17:56:41 raspberrypi kmscon[802]: [0427.631990] WARNING: seat: destroying seat seat0 while still awake: -16 (kmscon_seat_free() in ../src/kmscon_seat.c:806)
Dec 29 17:56:42 raspberrypi systemd[1]: kmsconvt@tty1.service: Deactivated successfully.
Dec 29 17:56:42 raspberrypi systemd[1]: Stopped kmsconvt@tty1.service - KMS System Console on tty1.
-- Boot d043a886a8f84d53b06a8998aef50c20 --
Dec 29 17:57:02 raspberrypi systemd[1]: Started kmsconvt@tty1.service - KMS System Console on tty1.
Dec 29 17:57:03 raspberrypi kmscon[803]: [0000.000000] NOTICE: kmscon Revision v9.0.0 Jan 29 2023 19:19:17 (log_print_init() in ../src/shl_log.c:509)
Dec 29 17:57:04 raspberrypi kmscon[803]: [0000.588008] NOTICE: vt: using tty /dev/tty1 (open_tty() in ../src/uterm_vt.c:285)
Dec 29 17:57:08 raspberrypi kmscon[803]: [0004.581384] WARNING: video_fbdev: cannot read monitor refresh rate, forcing 60 Hz (display_activate_force() in ../src/uterm_fbdev_video.c:285)
Dec 29 17:57:08 raspberrypi kmscon[803]: [0004.584815] WARNING: video_fbdev: cannot read monitor refresh rate, forcing 60 Hz (display_activate_force() in ../src/uterm_fbdev_video.c:285)
Dec 29 18:10:42 raspberrypi systemd[1]: Stopping kmsconvt@tty1.service - KMS System Console on tty1...
Dec 29 18:10:44 raspberrypi kmscon[803]: [0820.305380] WARNING: seat: destroying seat seat0 while still awake: -16 (kmscon_seat_free() in ../src/kmscon_seat.c:806)
Dec 29 18:10:44 raspberrypi systemd[1]: kmsconvt@tty1.service: Deactivated successfully.
Dec 29 18:10:44 raspberrypi systemd[1]: Stopped kmsconvt@tty1.service - KMS System Console on tty1.
-- Boot 7092d5a374ae4489a280dcef6a66cd57 --
Dec 29 18:11:01 raspberrypi systemd[1]: Started kmsconvt@tty1.service - KMS System Console on tty1.
Dec 29 18:11:01 raspberrypi kmscon[801]: [0000.000000] NOTICE: kmscon Revision v9.0.0 Jan 29 2023 19:19:17 (log_print_init() in ../src/shl_log.c:509)
Dec 29 18:11:02 raspberrypi kmscon[801]: [0000.333814] NOTICE: vt: using tty /dev/tty1 (open_tty() in ../src/uterm_vt.c:285)
Dec 29 18:11:04 raspberrypi kmscon[801]: [0002.484984] WARNING: video_fbdev: cannot read monitor refresh rate, forcing 60 Hz (display_activate_force() in ../src/uterm_fbdev_video.c:285)
Dec 29 18:11:04 raspberrypi kmscon[801]: [0002.486363] WARNING: video_fbdev: cannot read monitor refresh rate, forcing 60 Hz (display_activate_force() in ../src/uterm_fbdev_video.c:285)
Dec 29 18:47:56 raspberrypi systemd[1]: Stopping kmsconvt@tty1.service - KMS System Console on tty1...
Dec 29 18:47:57 raspberrypi kmscon[801]: [2215.410833] WARNING: seat: destroying seat seat0 while still awake: -16 (kmscon_seat_free() in ../src/kmscon_seat.c:806)
Dec 29 18:47:57 raspberrypi systemd[1]: kmsconvt@tty1.service: Deactivated successfully.
Dec 29 18:47:57 raspberrypi systemd[1]: Stopped kmsconvt@tty1.service - KMS System Console on tty1.
-- Boot 3a6965550fca4db3b2e7e8e6f0a52ba3 --
Dec 29 18:48:14 raspberrypi systemd[1]: Started kmsconvt@tty1.service - KMS System Console on tty1.
Dec 29 18:48:15 raspberrypi kmscon[796]: [0000.000000] NOTICE: kmscon Revision v9.0.0 Jan 29 2023 19:19:17 (log_print_init() in ../src/shl_log.c:509)
Dec 29 18:48:16 raspberrypi kmscon[796]: [0000.334352] NOTICE: vt: using tty /dev/tty1 (open_tty() in ../src/uterm_vt.c:285)
Dec 29 18:48:18 raspberrypi kmscon[796]: [0002.496670] WARNING: video_fbdev: cannot read monitor refresh rate, forcing 60 Hz (display_activate_force() in ../src/uterm_fbdev_video.c:285)
Dec 29 18:48:18 raspberrypi kmscon[796]: [0002.498159] WARNING: video_fbdev: cannot read monitor refresh rate, forcing 60 Hz (display_activate_force() in ../src/uterm_fbdev_video.c:285)
Dec 29 19:00:19 raspberrypi systemd[1]: Stopping kmsconvt@tty1.service - KMS System Console on tty1...
Dec 29 19:00:20 raspberrypi kmscon[796]: [0724.858690] WARNING: seat: destroying seat seat0 while still awake: -16 (kmscon_seat_free() in ../src/kmscon_seat.c:806)
Dec 29 19:00:21 raspberrypi systemd[1]: kmsconvt@tty1.service: Deactivated successfully.
Dec 29 19:00:21 raspberrypi systemd[1]: Stopped kmsconvt@tty1.service - KMS System Console on tty1.
-- Boot bbf82b8dc48f458b8b7acdff4f342810 --
Dec 29 19:00:37 raspberrypi systemd[1]: Started kmsconvt@tty1.service - KMS System Console on tty1.
Dec 29 19:00:38 raspberrypi kmscon[796]: [0000.000000] NOTICE: kmscon Revision v9.0.0 Jan 29 2023 19:19:17 (log_print_init() in ../src/shl_log.c:509)
Dec 29 19:00:39 raspberrypi kmscon[796]: [0000.336176] NOTICE: vt: using tty /dev/tty1 (open_tty() in ../src/uterm_vt.c:285)
Dec 29 19:00:41 raspberrypi kmscon[796]: [0002.509462] WARNING: video_fbdev: cannot read monitor refresh rate, forcing 60 Hz (display_activate_force() in ../src/uterm_fbdev_video.c:285)
Dec 29 19:00:41 raspberrypi kmscon[796]: [0002.510842] WARNING: video_fbdev: cannot read monitor refresh rate, forcing 60 Hz (display_activate_force() in ../src/uterm_fbdev_video.c:285)
Dec 29 19:50:13 raspberrypi kmscon[796]: [2974.344635] WARNING: seat: destroying seat seat0 while still awake: -16 (kmscon_seat_free() in ../src/kmscon_seat.c:806)
Dec 29 19:50:13 raspberrypi systemd[1]: Stopping kmsconvt@tty1.service - KMS System Console on tty1...
Dec 29 19:50:14 raspberrypi systemd[1]: kmsconvt@tty1.service: Deactivated successfully.
Dec 29 19:50:14 raspberrypi systemd[1]: Stopped kmsconvt@tty1.service - KMS System Console on tty1.
-- Boot 020d60df84b74402b8a8a3170788e02d --
Dec 29 19:51:47 raspberrypi systemd[1]: Started kmsconvt@tty1.service - KMS System Console on tty1.
Dec 29 19:51:53 raspberrypi kmscon[679]: [0000.000000] NOTICE: kmscon Revision v9.0.0 Jan 29 2023 19:19:17 (log_print_init() in ../src/shl_log.c:509)
Dec 29 19:51:53 raspberrypi kmscon[679]: [0000.342463] NOTICE: vt: using tty /dev/tty1 (open_tty() in ../src/uterm_vt.c:285)
Dec 29 19:51:56 raspberrypi kmscon[679]: [0002.544690] WARNING: video_fbdev: cannot read monitor refresh rate, forcing 60 Hz (display_activate_force() in ../src/uterm_fbdev_video.c:285)
Dec 29 19:51:56 raspberrypi kmscon[679]: [0002.546040] WARNING: video_fbdev: cannot read monitor refresh rate, forcing 60 Hz (display_activate_force() in ../src/uterm_fbdev_video.c:285)
Dec 29 20:15:30 raspberrypi systemd[1]: Stopping kmsconvt@tty1.service - KMS System Console on tty1...
Dec 29 20:15:31 raspberrypi kmscon[679]: [1417.917768] WARNING: seat: destroying seat seat0 while still awake: -16 (kmscon_seat_free() in ../src/kmscon_seat.c:806)
Dec 29 20:15:32 raspberrypi systemd[1]: kmsconvt@tty1.service: Deactivated successfully.
Dec 29 20:15:32 raspberrypi systemd[1]: Stopped kmsconvt@tty1.service - KMS System Console on tty1.
-- Boot a89a969add644aec8048d6ae712d78c5 --
Dec 29 20:15:37 raspberrypi systemd[1]: Started kmsconvt@tty1.service - KMS System Console on tty1.
Dec 29 20:15:43 raspberrypi kmscon[665]: [0000.000000] NOTICE: kmscon Revision v9.0.0 Jan 29 2023 19:19:17 (log_print_init() in ../src/shl_log.c:509)
Dec 29 20:15:43 raspberrypi kmscon[665]: [0000.343393] NOTICE: vt: using tty /dev/tty1 (open_tty() in ../src/uterm_vt.c:285)
Dec 29 20:15:46 raspberrypi kmscon[665]: [0002.548749] WARNING: video_fbdev: cannot read monitor refresh rate, forcing 60 Hz (display_activate_force() in ../src/uterm_fbdev_video.c:285)
Dec 29 20:15:46 raspberrypi kmscon[665]: [0002.550146] WARNING: video_fbdev: cannot read monitor refresh rate, forcing 60 Hz (display_activate_force() in ../src/uterm_fbdev_video.c:285)
Dec 29 20:20:08 raspberrypi kmscon[665]: [0264.813509] WARNING: seat: destroying seat seat0 while still awake: -16 (kmscon_seat_free() in ../src/kmscon_seat.c:806)
Dec 29 20:20:08 raspberrypi systemd[1]: Stopping kmsconvt@tty1.service - KMS System Console on tty1...
Dec 29 20:20:09 raspberrypi systemd[1]: kmsconvt@tty1.service: Deactivated successfully.
Dec 29 20:20:09 raspberrypi systemd[1]: Stopped kmsconvt@tty1.service - KMS System Console on tty1.
-- Boot 92ae6ce8aa7d455aa123b0ed892b5e70 --
Dec 29 20:20:14 raspberrypi systemd[1]: Started kmsconvt@tty1.service - KMS System Console on tty1.
Dec 29 20:20:19 raspberrypi kmscon[667]: [0000.000000] NOTICE: kmscon Revision v9.0.0 Jan 29 2023 19:19:17 (log_print_init() in ../src/shl_log.c:509)
Dec 29 20:20:19 raspberrypi kmscon[667]: [0000.143249] NOTICE: vt: using tty /dev/tty1 (open_tty() in ../src/uterm_vt.c:285)
Dec 29 20:24:02 raspberrypi kmscon[667]: [0223.005305] WARNING: video_fbdev: cannot read monitor refresh rate, forcing 60 Hz (display_activate_force() in ../src/uterm_fbdev_video.c:285)
Dec 29 20:24:03 raspberrypi kmscon[667]: [0223.980920] WARNING: video_fbdev: cannot read monitor refresh rate, forcing 60 Hz (display_activate_force() in ../src/uterm_fbdev_video.c:285)
Dec 29 20:38:22 raspberrypi kmscon[667]: [1082.675116] WARNING: seat: destroying seat seat0 while still awake: -16 (kmscon_seat_free() in ../src/kmscon_seat.c:806)
Dec 29 20:38:23 raspberrypi systemd[1]: Stopping kmsconvt@tty1.service - KMS System Console on tty1...
Dec 29 20:38:23 raspberrypi systemd[1]: kmsconvt@tty1.service: Deactivated successfully.
Dec 29 20:38:23 raspberrypi systemd[1]: Stopped kmsconvt@tty1.service - KMS System Console on tty1.
-- Boot a628fc6d13414e838a046e8d7bd371cf --
Dec 29 20:38:29 raspberrypi systemd[1]: Started kmsconvt@tty1.service - KMS System Console on tty1.
Dec 29 20:38:35 raspberrypi kmscon[667]: [0000.000000] NOTICE: kmscon Revision v9.0.0 Jan 29 2023 19:19:17 (log_print_init() in ../src/shl_log.c:509)
Dec 29 20:38:35 raspberrypi kmscon[667]: [0000.343415] NOTICE: vt: using tty /dev/tty1 (open_tty() in ../src/uterm_vt.c:285)
Dec 29 20:38:37 raspberrypi kmscon[667]: [0002.548369] WARNING: video_fbdev: cannot read monitor refresh rate, forcing 60 Hz (display_activate_force() in ../src/uterm_fbdev_video.c:285)
Dec 29 20:38:37 raspberrypi kmscon[667]: [0002.549939] WARNING: video_fbdev: cannot read monitor refresh rate, forcing 60 Hz (display_activate_force() in ../src/uterm_fbdev_video.c:285)
Dec 29 20:41:27 raspberrypi systemd[1]: Stopping kmsconvt@tty1.service - KMS System Console on tty1...
Dec 29 20:41:28 raspberrypi kmscon[667]: [0173.256475] WARNING: seat: destroying seat seat0 while still awake: -16 (kmscon_seat_free() in ../src/kmscon_seat.c:806)
Dec 29 20:41:29 raspberrypi systemd[1]: kmsconvt@tty1.service: Deactivated successfully.
Dec 29 20:41:29 raspberrypi systemd[1]: Stopped kmsconvt@tty1.service - KMS System Console on tty1.
-- Boot 244361453281452e8a419a122a28a0c8 --
Dec 29 20:41:34 raspberrypi systemd[1]: Started kmsconvt@tty1.service - KMS System Console on tty1.
Dec 29 20:41:40 raspberrypi kmscon[666]: [0000.000000] NOTICE: kmscon Revision v9.0.0 Jan 29 2023 19:19:17 (log_print_init() in ../src/shl_log.c:509)
Dec 29 20:41:40 raspberrypi kmscon[666]: [0000.343088] NOTICE: vt: using tty /dev/tty1 (open_tty() in ../src/uterm_vt.c:285)
Dec 29 20:41:42 raspberrypi kmscon[666]: [0002.525365] WARNING: video_fbdev: cannot read monitor refresh rate, forcing 60 Hz (display_activate_force() in ../src/uterm_fbdev_video.c:285)
Dec 29 20:41:42 raspberrypi kmscon[666]: [0002.527056] WARNING: video_fbdev: cannot read monitor refresh rate, forcing 60 Hz (display_activate_force() in ../src/uterm_fbdev_video.c:285)
Dec 29 20:47:01 raspberrypi kmscon[666]: [0321.446371] WARNING: seat: destroying seat seat0 while still awake: -16 (kmscon_seat_free() in ../src/kmscon_seat.c:806)
Dec 29 20:47:01 raspberrypi systemd[1]: Stopping kmsconvt@tty1.service - KMS System Console on tty1...
Dec 29 20:47:02 raspberrypi systemd[1]: kmsconvt@tty1.service: Deactivated successfully.
Dec 29 20:47:02 raspberrypi systemd[1]: Stopped kmsconvt@tty1.service - KMS System Console on tty1.
-- Boot 2c10378ce8a044538693c29fbd69fcb6 --
Dec 29 20:47:08 raspberrypi systemd[1]: Started kmsconvt@tty1.service - KMS System Console on tty1.
Dec 29 20:47:14 raspberrypi kmscon[668]: [0000.000000] NOTICE: kmscon Revision v9.0.0 Jan 29 2023 19:19:17 (log_print_init() in ../src/shl_log.c:509)
Dec 29 20:47:14 raspberrypi kmscon[668]: [0000.348198] NOTICE: vt: using tty /dev/tty1 (open_tty() in ../src/uterm_vt.c:285)
Dec 29 20:47:17 raspberrypi kmscon[668]: [0002.555933] WARNING: video_fbdev: cannot read monitor refresh rate, forcing 60 Hz (display_activate_force() in ../src/uterm_fbdev_video.c:285)
Dec 29 20:47:17 raspberrypi kmscon[668]: [0002.557768] WARNING: video_fbdev: cannot read monitor refresh rate, forcing 60 Hz (display_activate_force() in ../src/uterm_fbdev_video.c:285)
Dec 29 21:00:50 raspberrypi kmscon[668]: [0816.308153] WARNING: seat: destroying seat seat0 while still awake: -16 (kmscon_seat_free() in ../src/kmscon_seat.c:806)
Dec 29 21:00:51 raspberrypi systemd[1]: Stopping kmsconvt@tty1.service - KMS System Console on tty1...
Dec 29 21:00:51 raspberrypi systemd[1]: kmsconvt@tty1.service: Deactivated successfully.
Dec 29 21:00:51 raspberrypi systemd[1]: Stopped kmsconvt@tty1.service - KMS System Console on tty1.
-- Boot 37b3e9ba88874e699d292aa99b9130f2 --
Dec 29 21:00:58 raspberrypi systemd[1]: Started kmsconvt@tty1.service - KMS System Console on tty1.
Dec 29 21:01:07 raspberrypi kmscon[676]: [0000.000000] NOTICE: kmscon Revision v9.0.0 Jan 29 2023 19:19:17 (log_print_init() in ../src/shl_log.c:509)
Dec 29 21:01:08 raspberrypi kmscon[676]: [0001.248371] NOTICE: vt: using tty /dev/tty1 (open_tty() in ../src/uterm_vt.c:285)
Dec 29 21:01:13 raspberrypi kmscon[676]: [0005.767099] WARNING: video_fbdev: cannot read monitor refresh rate, forcing 60 Hz (display_activate_force() in ../src/uterm_fbdev_video.c:285)
Dec 29 21:16:24 raspberrypi kmscon[676]: [0917.495711] WARNING: seat: destroying seat seat0 while still awake: -16 (kmscon_seat_free() in ../src/kmscon_seat.c:806)
Dec 29 21:16:24 raspberrypi systemd[1]: Stopping kmsconvt@tty1.service - KMS System Console on tty1...
Dec 29 21:16:26 raspberrypi systemd[1]: kmsconvt@tty1.service: Deactivated successfully.
Dec 29 21:16:26 raspberrypi systemd[1]: Stopped kmsconvt@tty1.service - KMS System Console on tty1.
-- Boot ff1ff870dd0a41b98f341a5e20550bf3 --
Dec 29 21:16:36 raspberrypi systemd[1]: Started kmsconvt@tty1.service - KMS System Console on tty1.
Dec 29 21:16:42 raspberrypi kmscon[666]: [0000.000000] NOTICE: kmscon Revision v9.0.0 Jan 29 2023 19:19:17 (log_print_init() in ../src/shl_log.c:509)
Dec 29 21:16:42 raspberrypi kmscon[666]: [0000.345310] NOTICE: vt: using tty /dev/tty1 (open_tty() in ../src/uterm_vt.c:285)
Dec 29 21:16:44 raspberrypi kmscon[666]: [0002.510153] WARNING: video_fbdev: cannot read monitor refresh rate, forcing 60 Hz (display_activate_force() in ../src/uterm_fbdev_video.c:285)
Dec 29 21:16:44 raspberrypi kmscon[666]: [0002.511761] WARNING: video_fbdev: cannot read monitor refresh rate, forcing 60 Hz (display_activate_force() in ../src/uterm_fbdev_video.c:285)
-- Boot 3b6ff36db54947d8bb5bbb370b51a606 --
Dec 29 21:20:05 raspberrypi systemd[1]: Started kmsconvt@tty1.service - KMS System Console on tty1.
Dec 29 21:20:11 raspberrypi kmscon[667]: [0000.000000] NOTICE: kmscon Revision v9.0.0 Jan 29 2023 19:19:17 (log_print_init() in ../src/shl_log.c:509)
Dec 29 21:20:11 raspberrypi kmscon[667]: [0000.341531] NOTICE: vt: using tty /dev/tty1 (open_tty() in ../src/uterm_vt.c:285)
Dec 29 21:20:13 raspberrypi kmscon[667]: [0002.523858] WARNING: video_fbdev: cannot read monitor refresh rate, forcing 60 Hz (display_activate_force() in ../src/uterm_fbdev_video.c:285)
Dec 29 21:20:13 raspberrypi kmscon[667]: [0002.525625] WARNING: video_fbdev: cannot read monitor refresh rate, forcing 60 Hz (display_activate_force() in ../src/uterm_fbdev_video.c:285)
Dec 29 21:38:36 raspberrypi systemd[1]: Stopping kmsconvt@tty1.service - KMS System Console on tty1...
Dec 29 21:38:38 raspberrypi kmscon[667]: [1107.117627] WARNING: seat: destroying seat seat0 while still awake: -16 (kmscon_seat_free() in ../src/kmscon_seat.c:806)
Dec 29 21:38:38 raspberrypi systemd[1]: kmsconvt@tty1.service: Deactivated successfully.
Dec 29 21:38:38 raspberrypi systemd[1]: Stopped kmsconvt@tty1.service - KMS System Console on tty1.
-- Boot 1ed2deed6b054e618262130d3b6c682c --
Dec 29 21:38:43 raspberrypi systemd[1]: Started kmsconvt@tty1.service - KMS System Console on tty1.
Dec 29 21:38:49 raspberrypi kmscon[664]: [0000.000000] NOTICE: kmscon Revision v9.0.0 Jan 29 2023 19:19:17 (log_print_init() in ../src/shl_log.c:509)
Dec 29 21:38:49 raspberrypi kmscon[664]: [0000.342058] NOTICE: vt: using tty /dev/tty1 (open_tty() in ../src/uterm_vt.c:285)
Dec 29 21:38:51 raspberrypi kmscon[664]: [0002.517407] WARNING: video_fbdev: cannot read monitor refresh rate, forcing 60 Hz (display_activate_force() in ../src/uterm_fbdev_video.c:285)
Dec 29 21:38:51 raspberrypi kmscon[664]: [0002.518775] WARNING: video_fbdev: cannot read monitor refresh rate, forcing 60 Hz (display_activate_force() in ../src/uterm_fbdev_video.c:285)
Dec 29 21:48:36 raspberrypi systemd[1]: Stopping kmsconvt@tty1.service - KMS System Console on tty1...
Dec 29 21:48:37 raspberrypi kmscon[664]: [0588.464318] WARNING: seat: destroying seat seat0 while still awake: -16 (kmscon_seat_free() in ../src/kmscon_seat.c:806)
Dec 29 21:48:38 raspberrypi systemd[1]: kmsconvt@tty1.service: Deactivated successfully.
Dec 29 21:48:38 raspberrypi systemd[1]: Stopped kmsconvt@tty1.service - KMS System Console on tty1.
-- Boot 34ef78e98b0b4446aa5fb3c5dc6591e1 --
Dec 29 21:48:43 raspberrypi systemd[1]: Started kmsconvt@tty1.service - KMS System Console on tty1.
Dec 29 21:48:49 raspberrypi kmscon[668]: [0000.000000] NOTICE: kmscon Revision v9.0.0 Jan 29 2023 19:19:17 (log_print_init() in ../src/shl_log.c:509)
Dec 29 21:48:49 raspberrypi kmscon[668]: [0000.347708] NOTICE: vt: using tty /dev/tty1 (open_tty() in ../src/uterm_vt.c:285)
Dec 29 21:48:51 raspberrypi kmscon[668]: [0002.539822] WARNING: video_fbdev: cannot read monitor refresh rate, forcing 60 Hz (display_activate_force() in ../src/uterm_fbdev_video.c:285)
Dec 29 21:48:51 raspberrypi kmscon[668]: [0002.541191] WARNING: video_fbdev: cannot read monitor refresh rate, forcing 60 Hz (display_activate_force() in ../src/uterm_fbdev_video.c:285)
Dec 29 22:11:08 raspberrypi systemd[1]: Stopping kmsconvt@tty1.service - KMS System Console on tty1...
Dec 29 22:11:09 raspberrypi kmscon[668]: [1340.388916] WARNING: seat: destroying seat seat0 while still awake: -16 (kmscon_seat_free() in ../src/kmscon_seat.c:806)
Dec 29 22:11:10 raspberrypi systemd[1]: kmsconvt@tty1.service: Deactivated successfully.
Dec 29 22:11:10 raspberrypi systemd[1]: Stopped kmsconvt@tty1.service - KMS System Console on tty1.
-- Boot 7b8839f1084745e89bc10ce0594fe802 --
Dec 29 22:11:16 raspberrypi systemd[1]: Started kmsconvt@tty1.service - KMS System Console on tty1.
Dec 29 22:11:22 raspberrypi kmscon[665]: [0000.000000] NOTICE: kmscon Revision v9.0.0 Jan 29 2023 19:19:17 (log_print_init() in ../src/shl_log.c:509)
Dec 29 22:11:22 raspberrypi kmscon[665]: [0000.342567] NOTICE: vt: using tty /dev/tty1 (open_tty() in ../src/uterm_vt.c:285)
Dec 29 22:11:24 raspberrypi kmscon[665]: [0002.523783] WARNING: video_fbdev: cannot read monitor refresh rate, forcing 60 Hz (display_activate_force() in ../src/uterm_fbdev_video.c:285)
Dec 29 22:11:24 raspberrypi kmscon[665]: [0002.525482] WARNING: video_fbdev: cannot read monitor refresh rate, forcing 60 Hz (display_activate_force() in ../src/uterm_fbdev_video.c:285)
Dec 29 22:37:34 raspberrypi systemd[1]: Stopping kmsconvt@tty1.service - KMS System Console on tty1...
Dec 29 22:37:35 raspberrypi kmscon[665]: [1573.288749] WARNING: seat: destroying seat seat0 while still awake: -16 (kmscon_seat_free() in ../src/kmscon_seat.c:806)
Dec 29 22:37:36 raspberrypi systemd[1]: kmsconvt@tty1.service: Deactivated successfully.
Dec 29 22:37:36 raspberrypi systemd[1]: Stopped kmsconvt@tty1.service - KMS System Console on tty1.
-- Boot 5a5059143bdc4d009bdd412bd3c9c485 --
Dec 29 22:37:41 raspberrypi systemd[1]: Started kmsconvt@tty1.service - KMS System Console on tty1.
Dec 29 22:37:47 raspberrypi kmscon[661]: [0000.000000] NOTICE: kmscon Revision v9.0.0 Jan 29 2023 19:19:17 (log_print_init() in ../src/shl_log.c:509)
Dec 29 22:37:47 raspberrypi kmscon[661]: [0000.406696] NOTICE: vt: using tty /dev/tty1 (open_tty() in ../src/uterm_vt.c:285)
Dec 29 22:37:50 raspberrypi kmscon[661]: [0002.606441] WARNING: video_fbdev: cannot read monitor refresh rate, forcing 60 Hz (display_activate_force() in ../src/uterm_fbdev_video.c:285)
Dec 29 22:37:50 raspberrypi kmscon[661]: [0002.607785] WARNING: video_fbdev: cannot read monitor refresh rate, forcing 60 Hz (display_activate_force() in ../src/uterm_fbdev_video.c:285)
Dec 29 22:39:45 raspberrypi systemd[1]: Stopping kmsconvt@tty1.service - KMS System Console on tty1...
Dec 29 22:39:46 raspberrypi kmscon[661]: [0118.846673] WARNING: seat: destroying seat seat0 while still awake: -16 (kmscon_seat_free() in ../src/kmscon_seat.c:806)
Dec 29 22:39:47 raspberrypi systemd[1]: kmsconvt@tty1.service: Deactivated successfully.
Dec 29 22:39:47 raspberrypi systemd[1]: Stopped kmsconvt@tty1.service - KMS System Console on tty1.
-- Boot f6ae3ed44dda42b2a692c81120dc10a8 --
Dec 29 22:39:53 raspberrypi systemd[1]: Started kmsconvt@tty1.service - KMS System Console on tty1.
Dec 29 22:39:59 raspberrypi kmscon[663]: [0000.000000] NOTICE: kmscon Revision v9.0.0 Jan 29 2023 19:19:17 (log_print_init() in ../src/shl_log.c:509)
Dec 29 22:39:59 raspberrypi kmscon[663]: [0000.340933] NOTICE: vt: using tty /dev/tty1 (open_tty() in ../src/uterm_vt.c:285)
Dec 29 22:40:01 raspberrypi kmscon[663]: [0002.532520] WARNING: video_fbdev: cannot read monitor refresh rate, forcing 60 Hz (display_activate_force() in ../src/uterm_fbdev_video.c:285)
Dec 29 22:40:01 raspberrypi kmscon[663]: [0002.533836] WARNING: video_fbdev: cannot read monitor refresh rate, forcing 60 Hz (display_activate_force() in ../src/uterm_fbdev_video.c:285)
Dec 29 22:52:29 raspberrypi systemd[1]: Stopping kmsconvt@tty1.service - KMS System Console on tty1...
Dec 29 22:52:30 raspberrypi kmscon[663]: [0751.171897] WARNING: seat: destroying seat seat0 while still awake: -16 (kmscon_seat_free() in ../src/kmscon_seat.c:806)
Dec 29 22:52:31 raspberrypi systemd[1]: kmsconvt@tty1.service: Deactivated successfully.
Dec 29 22:52:31 raspberrypi systemd[1]: Stopped kmsconvt@tty1.service - KMS System Console on tty1.
-- Boot fb699afd04114576941f8aa2bc55e195 --
Dec 29 22:52:36 raspberrypi systemd[1]: Started kmsconvt@tty1.service - KMS System Console on tty1.
Dec 29 22:52:42 raspberrypi kmscon[667]: [0000.000000] NOTICE: kmscon Revision v9.0.0 Jan 29 2023 19:19:17 (log_print_init() in ../src/shl_log.c:509)
Dec 29 22:52:42 raspberrypi kmscon[667]: [0000.341157] NOTICE: vt: using tty /dev/tty1 (open_tty() in ../src/uterm_vt.c:285)
Dec 29 22:52:45 raspberrypi kmscon[667]: [0002.561017] WARNING: video_fbdev: cannot read monitor refresh rate, forcing 60 Hz (display_activate_force() in ../src/uterm_fbdev_video.c:285)
Dec 29 22:52:45 raspberrypi kmscon[667]: [0002.562505] WARNING: video_fbdev: cannot read monitor refresh rate, forcing 60 Hz (display_activate_force() in ../src/uterm_fbdev_video.c:285)
Dec 29 22:57:21 raspberrypi kmscon[667]: [0278.969004] WARNING: seat: destroying seat seat0 while still awake: -16 (kmscon_seat_free() in ../src/kmscon_seat.c:806)
Dec 29 22:57:22 raspberrypi systemd[1]: kmsconvt@tty1.service: Deactivated successfully.
-- Boot d33453e0eaf84acea755d64a928841ee --
Dec 29 23:12:18 raspberrypi systemd[1]: Started kmsconvt@tty1.service - KMS System Console on tty1.
Dec 29 23:12:24 raspberrypi kmscon[660]: [0000.000000] NOTICE: kmscon Revision v9.0.0 Jan 29 2023 19:19:17 (log_print_init() in ../src/shl_log.c:509)
Dec 29 23:12:24 raspberrypi kmscon[660]: [0000.340729] NOTICE: vt: using tty /dev/tty1 (open_tty() in ../src/uterm_vt.c:285)
Dec 29 23:12:26 raspberrypi kmscon[660]: [0002.526132] WARNING: video_fbdev: cannot read monitor refresh rate, forcing 60 Hz (display_activate_force() in ../src/uterm_fbdev_video.c:285)
Dec 29 23:12:26 raspberrypi kmscon[660]: [0002.527508] WARNING: video_fbdev: cannot read monitor refresh rate, forcing 60 Hz (display_activate_force() in ../src/uterm_fbdev_video.c:285)
-- Boot 08dfcd757798430cb4655bf0f81ea00d --
Dec 29 23:15:16 raspberrypi systemd[1]: Started kmsconvt@tty1.service - KMS System Console on tty1.
Dec 29 23:15:22 raspberrypi kmscon[668]: [0000.000000] NOTICE: kmscon Revision v9.0.0 Jan 29 2023 19:19:17 (log_print_init() in ../src/shl_log.c:509)
Dec 29 23:15:23 raspberrypi kmscon[668]: [0000.353526] NOTICE: vt: using tty /dev/tty1 (open_tty() in ../src/uterm_vt.c:285)
Dec 29 23:15:25 raspberrypi kmscon[668]: [0002.523887] WARNING: video_fbdev: cannot read monitor refresh rate, forcing 60 Hz (display_activate_force() in ../src/uterm_fbdev_video.c:285)
Dec 29 23:15:25 raspberrypi kmscon[668]: [0002.525522] WARNING: video_fbdev: cannot read monitor refresh rate, forcing 60 Hz (display_activate_force() in ../src/uterm_fbdev_video.c:285)
Dec 29 23:41:25 raspberrypi systemd[1]: Stopping kmsconvt@tty1.service - KMS System Console on tty1...
Dec 29 23:41:26 raspberrypi kmscon[668]: [1563.913250] WARNING: seat: destroying seat seat0 while still awake: -16 (kmscon_seat_free() in ../src/kmscon_seat.c:806)
Dec 29 23:41:27 raspberrypi systemd[1]: kmsconvt@tty1.service: Deactivated successfully.
Dec 29 23:41:27 raspberrypi systemd[1]: Stopped kmsconvt@tty1.service - KMS System Console on tty1.
-- Boot 167483fdb474460a80a56dc4013e9c64 --
Dec 29 23:41:32 raspberrypi systemd[1]: Started kmsconvt@tty1.service - KMS System Console on tty1.
Dec 29 23:41:37 raspberrypi kmscon[663]: [0000.000000] NOTICE: kmscon Revision v9.0.0 Jan 29 2023 19:19:17 (log_print_init() in ../src/shl_log.c:509)
Dec 29 23:41:38 raspberrypi kmscon[663]: [0000.152050] NOTICE: vt: using tty /dev/tty1 (open_tty() in ../src/uterm_vt.c:285)
Dec 29 23:41:42 raspberrypi kmscon[663]: [0004.212144] WARNING: video_fbdev: cannot read monitor refresh rate, forcing 60 Hz (display_activate_force() in ../src/uterm_fbdev_video.c:285)
Dec 29 23:41:43 raspberrypi kmscon[663]: [0005.649042] WARNING: video_fbdev: cannot read monitor refresh rate, forcing 60 Hz (display_activate_force() in ../src/uterm_fbdev_video.c:285)
Dec 29 23:46:47 raspberrypi kmscon[663]: [0309.541409] WARNING: seat: destroying seat seat0 while still awake: -16 (kmscon_seat_free() in ../src/kmscon_seat.c:806)
Dec 29 23:46:47 raspberrypi systemd[1]: Stopping kmsconvt@tty1.service - KMS System Console on tty1...
Dec 29 23:46:47 raspberrypi systemd[1]: kmsconvt@tty1.service: Deactivated successfully.
Dec 29 23:46:47 raspberrypi systemd[1]: Stopped kmsconvt@tty1.service - KMS System Console on tty1.
-- Boot 37268ff1bc9749ddabd2f2f29852ee19 --
Dec 29 23:46:53 raspberrypi systemd[1]: Started kmsconvt@tty1.service - KMS System Console on tty1.
Dec 29 23:46:58 raspberrypi kmscon[663]: [0000.000000] NOTICE: kmscon Revision v9.0.0 Jan 29 2023 19:19:17 (log_print_init() in ../src/shl_log.c:509)
Dec 29 23:46:59 raspberrypi kmscon[663]: [0000.152372] NOTICE: vt: using tty /dev/tty1 (open_tty() in ../src/uterm_vt.c:285)
Dec 29 23:47:02 raspberrypi kmscon[663]: [0003.944877] WARNING: video_fbdev: cannot read monitor refresh rate, forcing 60 Hz (display_activate_force() in ../src/uterm_fbdev_video.c:285)
Dec 29 23:47:03 raspberrypi kmscon[663]: [0005.027462] WARNING: video_fbdev: cannot read monitor refresh rate, forcing 60 Hz (display_activate_force() in ../src/uterm_fbdev_video.c:285)
Dec 29 23:48:58 raspberrypi kmscon[663]: [0119.591711] WARNING: seat: destroying seat seat0 while still awake: -16 (kmscon_seat_free() in ../src/kmscon_seat.c:806)
Dec 29 23:48:58 raspberrypi systemd[1]: Stopping kmsconvt@tty1.service - KMS System Console on tty1...
Dec 29 23:48:58 raspberrypi systemd[1]: kmsconvt@tty1.service: Deactivated successfully.
Dec 29 23:48:58 raspberrypi systemd[1]: Stopped kmsconvt@tty1.service - KMS System Console on tty1.
-- Boot a9f7ca00e3024a89a021690c2d9fa01b --
Dec 29 23:49:05 raspberrypi systemd[1]: Started kmsconvt@tty1.service - KMS System Console on tty1.
Dec 29 23:49:10 raspberrypi kmscon[659]: [0000.000000] NOTICE: kmscon Revision v9.0.0 Jan 29 2023 19:19:17 (log_print_init() in ../src/shl_log.c:509)
Dec 29 23:49:11 raspberrypi kmscon[659]: [0000.152295] NOTICE: vt: using tty /dev/tty1 (open_tty() in ../src/uterm_vt.c:285)
Dec 29 23:53:57 raspberrypi systemd[1]: Stopping kmsconvt@tty1.service - KMS System Console on tty1...
Dec 29 23:53:57 raspberrypi kmscon[659]: [0286.681581] WARNING: seat: destroying seat seat0 while still awake: -16 (kmscon_seat_free() in ../src/kmscon_seat.c:806)
Dec 29 23:53:57 raspberrypi systemd[1]: kmsconvt@tty1.service: Deactivated successfully.
Dec 29 23:53:57 raspberrypi systemd[1]: Stopped kmsconvt@tty1.service - KMS System Console on tty1.
-- Boot 2c7c8e8e158f48549da52c522e48dbf5 --
Dec 29 23:54:02 raspberrypi systemd[1]: Started kmsconvt@tty1.service - KMS System Console on tty1.
Dec 29 23:54:08 raspberrypi kmscon[665]: [0000.000000] NOTICE: kmscon Revision v9.0.0 Jan 29 2023 19:19:17 (log_print_init() in ../src/shl_log.c:509)
Dec 29 23:54:08 raspberrypi kmscon[665]: [0000.354173] NOTICE: vt: using tty /dev/tty1 (open_tty() in ../src/uterm_vt.c:285)
Dec 29 23:54:10 raspberrypi kmscon[665]: [0002.557946] WARNING: video_fbdev: cannot read monitor refresh rate, forcing 60 Hz (display_activate_force() in ../src/uterm_fbdev_video.c:285)
Dec 29 23:54:10 raspberrypi kmscon[665]: [0002.559252] WARNING: video_fbdev: cannot read monitor refresh rate, forcing 60 Hz (display_activate_force() in ../src/uterm_fbdev_video.c:285)
Dec 29 23:57:08 raspberrypi systemd[1]: Stopping kmsconvt@tty1.service - KMS System Console on tty1...
Dec 29 23:57:09 raspberrypi kmscon[665]: [0181.099364] WARNING: seat: destroying seat seat0 while still awake: -16 (kmscon_seat_free() in ../src/kmscon_seat.c:806)
Dec 29 23:57:10 raspberrypi systemd[1]: kmsconvt@tty1.service: Deactivated successfully.
Dec 29 23:57:10 raspberrypi systemd[1]: Stopped kmsconvt@tty1.service - KMS System Console on tty1.
-- Boot b254833368434acdaebe5dffaddd47ea --
Dec 30 00:02:31 raspberrypi systemd[1]: Started kmsconvt@tty1.service - KMS System Console on tty1.
Dec 30 00:02:37 raspberrypi kmscon[661]: [0000.000000] NOTICE: kmscon Revision v9.0.0 Jan 29 2023 19:19:17 (log_print_init() in ../src/shl_log.c:509)
Dec 30 00:02:37 raspberrypi kmscon[661]: [0000.354465] NOTICE: vt: using tty /dev/tty1 (open_tty() in ../src/uterm_vt.c:285)
Dec 30 00:02:39 raspberrypi kmscon[661]: [0002.549209] WARNING: video_fbdev: cannot read monitor refresh rate, forcing 60 Hz (display_activate_force() in ../src/uterm_fbdev_video.c:285)
Dec 30 00:02:39 raspberrypi kmscon[661]: [0002.550587] WARNING: video_fbdev: cannot read monitor refresh rate, forcing 60 Hz (display_activate_force() in ../src/uterm_fbdev_video.c:285)
Dec 30 00:03:55 raspberrypi systemd[1]: Stopping kmsconvt@tty1.service - KMS System Console on tty1...
Dec 30 00:03:57 raspberrypi kmscon[661]: [0080.051357] WARNING: seat: destroying seat seat0 while still awake: -16 (kmscon_seat_free() in ../src/kmscon_seat.c:806)
Dec 30 00:03:58 raspberrypi systemd[1]: kmsconvt@tty1.service: Deactivated successfully.
Dec 30 00:03:58 raspberrypi systemd[1]: Stopped kmsconvt@tty1.service - KMS System Console on tty1.
-- Boot d0f40e9533ea4617808fdfcad4627772 --
Dec 30 00:04:19 raspberrypi systemd[1]: Started kmsconvt@tty1.service - KMS System Console on tty1.
Dec 30 00:04:25 raspberrypi kmscon[666]: [0000.000000] NOTICE: kmscon Revision v9.0.0 Jan 29 2023 19:19:17 (log_print_init() in ../src/shl_log.c:509)
Dec 30 00:04:25 raspberrypi kmscon[666]: [0000.365512] NOTICE: vt: using tty /dev/tty1 (open_tty() in ../src/uterm_vt.c:285)
Dec 30 00:04:28 raspberrypi kmscon[666]: [0002.556610] WARNING: video_fbdev: cannot read monitor refresh rate, forcing 60 Hz (display_activate_force() in ../src/uterm_fbdev_video.c:285)
Dec 30 00:04:28 raspberrypi kmscon[666]: [0002.557972] WARNING: video_fbdev: cannot read monitor refresh rate, forcing 60 Hz (display_activate_force() in ../src/uterm_fbdev_video.c:285)
Dec 30 00:05:46 raspberrypi systemd[1]: Stopping kmsconvt@tty1.service - KMS System Console on tty1...
Dec 30 00:05:47 raspberrypi kmscon[666]: [0082.071431] WARNING: seat: destroying seat seat0 while still awake: -16 (kmscon_seat_free() in ../src/kmscon_seat.c:806)
Dec 30 00:05:48 raspberrypi systemd[1]: kmsconvt@tty1.service: Deactivated successfully.
Dec 30 00:05:48 raspberrypi systemd[1]: Stopped kmsconvt@tty1.service - KMS System Console on tty1.
Dec 30 00:20:43 raspberrypi systemd[1]: Started kmsconvt@tty1.service - KMS System Console on tty1.
Dec 30 00:20:45 raspberrypi kmscon[1960]: [0000.000000] NOTICE: kmscon Revision v9.0.0 Jan 29 2023 19:19:17 (log_print_init() in ../src/shl_log.c:509)
Dec 30 00:20:45 raspberrypi kmscon[1960]: [0000.221635] NOTICE: vt: using tty /dev/tty1 (open_tty() in ../src/uterm_vt.c:285)
Dec 30 00:20:46 raspberrypi kmscon[1960]: [0001.525366] WARNING: video_fbdev: cannot read monitor refresh rate, forcing 60 Hz (display_activate_force() in ../src/uterm_fbdev_video.c:285)
Dec 30 00:20:46 raspberrypi kmscon[1960]: [0001.526681] WARNING: video_fbdev: cannot read monitor refresh rate, forcing 60 Hz (display_activate_force() in ../src/uterm_fbdev_video.c:285)
Dec 30 00:28:02 raspberrypi systemd[1]: Stopping kmsconvt@tty1.service - KMS System Console on tty1...
Dec 30 00:28:03 raspberrypi kmscon[1960]: [0438.585303] WARNING: seat: destroying seat seat0 while still awake: -16 (kmscon_seat_free() in ../src/kmscon_seat.c:806)
Dec 30 00:28:04 raspberrypi systemd[1]: kmsconvt@tty1.service: Deactivated successfully.
Dec 30 00:28:04 raspberrypi systemd[1]: Stopped kmsconvt@tty1.service - KMS System Console on tty1.
-- Boot f8f3a1e6896242cfb6a844a7c29d1299 --
Dec 30 00:47:28 raspberrypi systemd[1]: Started kmsconvt@tty1.service - KMS System Console on tty1.
Dec 30 00:47:30 raspberrypi kmscon[1920]: [0000.000000] NOTICE: kmscon Revision v9.0.0 Jan 29 2023 19:19:17 (log_print_init() in ../src/shl_log.c:509)
Dec 30 00:47:30 raspberrypi kmscon[1920]: [0000.279677] NOTICE: vt: using tty /dev/tty1 (open_tty() in ../src/uterm_vt.c:285)
Dec 30 00:47:32 raspberrypi kmscon[1920]: [0002.372021] WARNING: video_fbdev: cannot read monitor refresh rate, forcing 60 Hz (display_activate_force() in ../src/uterm_fbdev_video.c:285)
Dec 30 00:47:32 raspberrypi kmscon[1920]: [0002.373343] WARNING: video_fbdev: cannot read monitor refresh rate, forcing 60 Hz (display_activate_force() in ../src/uterm_fbdev_video.c:285)
Dec 30 00:53:10 raspberrypi systemd[1]: Stopping kmsconvt@tty1.service - KMS System Console on tty1...
Dec 30 00:53:11 raspberrypi kmscon[1920]: [0341.789512] WARNING: seat: destroying seat seat0 while still awake: -16 (kmscon_seat_free() in ../src/kmscon_seat.c:806)
Dec 30 00:53:12 raspberrypi systemd[1]: kmsconvt@tty1.service: Deactivated successfully.
Dec 30 00:53:12 raspberrypi systemd[1]: Stopped kmsconvt@tty1.service - KMS System Console on tty1.
Dec 30 00:53:12 raspberrypi systemd[1]: Started kmsconvt@tty1.service - KMS System Console on tty1.
Dec 30 00:53:13 raspberrypi kmscon[2724]: Unknown argument: --log-level=debug
Dec 30 00:53:13 raspberrypi kmscon[2724]: [0000.000000] ERROR: cannot load configuration: -14 (main() in ../src/kmscon_main.c:607)
Dec 30 00:53:13 raspberrypi kmscon[2724]: [0000.000033] ERROR: cannot initialize kmscon, errno -14: Bad address (main() in ../src/kmscon_main.c:665)
Dec 30 00:53:13 raspberrypi systemd[1]: kmsconvt@tty1.service: Main process exited, code=exited, status=14/n/a
Dec 30 00:53:13 raspberrypi systemd[1]: kmsconvt@tty1.service: Failed with result 'exit-code'.
Dec 30 00:53:13 raspberrypi systemd[1]: kmsconvt@tty1.service: Triggering OnFailure= dependencies.
