[    0.000000] Kernel command line: coherent_pool=1M 8250.nr_uarts=0 snd_bcm2835.enable_headphones=0 cgroup_disable=memory numa_policy=interleave snd_bcm2835.enable_headphones=1 snd_bcm2835.enable_hdmi=1 bcm2708_fb.fbwidth=0 bcm2708_fb.fbheight=0 bcm2708_fb.fbswap=1 smsc95xx.macaddr=D8:3A:DD:6F:A3:94 vc_mem.mem_base=0x3ec00000 vc_mem.mem_size=0x40000000  console=ttyS0,115200 console=tty1 root=PARTUUID=60ff2e57-02 rootfstype=ext4 fsck.repair=yes rootwait cfg80211.ieee80211_regdom=CA ip=169.254.55.240::0.0.0.0:255.255.0.0::eth0:off systemd.unit=multi-user.target autologin-user=nc4 nosplash logo.nologo vt.global_cursor_default=0 drm.debug=0x1f log_buf_len=16M
[    7.016713] systemd[1]: Starting modprobe@drm.service - Load Kernel Module drm...
[    7.114799] [drm:drm_core_init [drm]] Initialized
[    7.136147] systemd[1]: modprobe@drm.service: Deactivated successfully.
[    7.136489] systemd[1]: Finished modprobe@drm.service - Load Kernel Module drm.
[   69.716139] [drm:nc4_ili9488_probe [nc4_ili9488]] nc4_ili9488: [nc4_ili9488_probe] Starting probe for device spi0.0 on CS=0
[   69.716226] [drm:nc4_ili9488_probe [nc4_ili9488]] nc4_ili9488: [nc4_ili9488_probe] Allocated DRM device successfully.
[   69.716236] [drm:nc4_ili9488_probe [nc4_ili9488]] nc4_ili9488: [DRIVER INFO] Driver Name: nc4_ili9488
[   69.716246] [drm:nc4_ili9488_probe [nc4_ili9488]] nc4_ili9488: [DRIVER INFO] Description: nc4 ILI9488
[   69.716254] [drm:nc4_ili9488_probe [nc4_ili9488]] nc4_ili9488: [DRIVER INFO] Date: 20241227
[   69.716284] [drm:nc4_ili9488_probe [nc4_ili9488]] nc4_ili9488: [nc4_ili9488_probe] RESET GPIO: acquired
[   69.716301] [drm:nc4_ili9488_probe [nc4_ili9488]] nc4_ili9488: [nc4_ili9488_probe] DC GPIO: acquired
[   69.716324] [drm:nc4_ili9488_probe [nc4_ili9488]] nc4_ili9488: [nc4_ili9488_probe] Backlight initialized successfully.
[   69.716334] [drm:nc4_ili9488_probe [nc4_ili9488]] nc4_ili9488: [nc4_ili9488_probe] Device rotation property: 0
[   69.716345] [drm:mipi_dbi_spi_init [drm_mipi_dbi]] SPI speed: 20MHz
[   69.716357] [drm:nc4_ili9488_probe [nc4_ili9488]] nc4_ili9488: [nc4_ili9488_probe] SPI initialized successfully.
[   69.716365] [drm:nc4_ili9488_probe [nc4_ili9488]] nc4_ili9488: [nc4_mipi_dbi18_dev_init] dev_init mode=320x480 rotation=0
[   69.716424] [drm:mipi_dbi_dev_init_with_formats [drm_mipi_dbi]] rotation = 0
[   69.716435] [drm:nc4_ili9488_probe [nc4_ili9488]] nc4_ili9488: [nc4_ili9488_probe] MIPI-DBI device initialized successfully.
[   69.716450] [drm:drm_minor_register [drm]] 
[   69.716562] [drm:drm_minor_register [drm]] 
[   69.716998] [drm:drm_minor_register [drm]] new minor registered 0
[   69.717099] [drm:drm_minor_register [drm]] 
[   69.717199] [drm:drm_sysfs_connector_add [drm]] adding "SPI-1" to sysfs
[   69.717348] nc4_ili9488 spi0.0: [drm:drm_sysfs_connector_hotplug_event [drm]] [CONNECTOR:31:SPI-1] generating connector hotplug event
[   69.717445] [drm] Initialized nc4_ili9488 1.0.0 20241227 for spi0.0 on minor 0
[   69.717449] [drm:nc4_ili9488_probe [nc4_ili9488]] nc4_ili9488: [nc4_ili9488_probe] DRM device registered successfully.
[   69.717471] [drm:drm_client_modeset_probe [drm]] 
[   69.717548] [drm:drm_mode_object_get [drm]] OBJ ID: 31 (2)
[   69.717621] [drm:drm_helper_probe_single_connector_modes [drm_kms_helper]] [CONNECTOR:31:SPI-1]
[   69.717679] [drm:drm_helper_probe_single_connector_modes [drm_kms_helper]] [CONNECTOR:31:SPI-1] status updated from unknown to connected
[   69.717735] [drm:drm_helper_probe_single_connector_modes [drm_kms_helper]] [CONNECTOR:31:SPI-1] probed modes :
[   69.717770] [drm:drm_mode_debug_printmodeline [drm]] Modeline "320x480": 0 1 320 320 320 320 480 480 480 480 0x48 0x0
[   69.717850] [drm:drm_client_modeset_probe [drm]] connector 31 enabled? yes
[   69.717924] [drm:drm_client_modeset_probe [drm]] Not using firmware configuration
[   69.717997] [drm:drm_client_modeset_probe [drm]] looking for cmdline mode on connector 31
[   69.718067] [drm:drm_client_modeset_probe [drm]] looking for preferred mode on connector 31 0
[   69.718138] [drm:drm_client_modeset_probe [drm]] found mode 320x480
[   69.718208] [drm:drm_client_modeset_probe [drm]] picking CRTCs for 320x480 config
[   69.718280] [drm:drm_client_modeset_probe [drm]] desired mode 320x480 set on crtc 34 (0,0)
[   69.718352] [drm:drm_mode_object_get [drm]] OBJ ID: 31 (2)
[   69.718423] [drm:drm_mode_object_put.part.0 [drm]] OBJ ID: 31 (3)
[   69.718496] nc4_ili9488 spi0.0: [drm:__drm_fb_helper_initial_config_and_unlock [drm_kms_helper]] test CRTC 0 primary plane
[   69.718537] nc4_ili9488 spi0.0: [drm:drm_fbdev_generic_helper_fb_probe [drm_kms_helper]] surface width(320), height(480) and bpp(32)
[   69.719034] nc4_ili9488 spi0.0: [drm:drm_mode_addfb2 [drm]] [FB:36]
[   69.719127] [drm:drm_mode_object_put.part.0 [drm]] OBJ ID: 36 (2)
[   69.719724] nc4_ili9488 spi0.0: [drm] fb0: nc4_ili9488drmf frame buffer device
[   69.732812] [drm:nc4_ili9488_probe [nc4_ili9488]] nc4_ili9488: [nc4_ili9488_probe] Probe completed for device spi0.0 on CS=0
[   69.733012] [drm:nc4_ili9488_probe [nc4_ili9488]] nc4_ili9488: [nc4_ili9488_probe] Starting probe for device spi0.1 on CS=1
[   69.733055] [drm:nc4_ili9488_probe [nc4_ili9488]] nc4_ili9488: [nc4_ili9488_probe] Allocated DRM device successfully.
[   69.733064] [drm:nc4_ili9488_probe [nc4_ili9488]] nc4_ili9488: [DRIVER INFO] Driver Name: nc4_ili9488
[   69.733072] [drm:nc4_ili9488_probe [nc4_ili9488]] nc4_ili9488: [DRIVER INFO] Description: nc4 ILI9488
[   69.733080] [drm:nc4_ili9488_probe [nc4_ili9488]] nc4_ili9488: [DRIVER INFO] Date: 20241227
[   69.733115] [drm:nc4_ili9488_probe [nc4_ili9488]] nc4_ili9488: [nc4_ili9488_probe] RESET GPIO: acquired
[   69.733133] [drm:nc4_ili9488_probe [nc4_ili9488]] nc4_ili9488: [nc4_ili9488_probe] DC GPIO: acquired
[   69.733164] [drm:nc4_ili9488_probe [nc4_ili9488]] nc4_ili9488: [nc4_ili9488_probe] Backlight initialized successfully.
[   69.733174] [drm:nc4_ili9488_probe [nc4_ili9488]] nc4_ili9488: [nc4_ili9488_probe] Device rotation property: 0
[   69.733204] [drm:mipi_dbi_spi_init [drm_mipi_dbi]] SPI speed: 20MHz
[   69.733221] [drm:nc4_ili9488_probe [nc4_ili9488]] nc4_ili9488: [nc4_ili9488_probe] SPI initialized successfully.
[   69.733230] [drm:nc4_ili9488_probe [nc4_ili9488]] nc4_ili9488: [nc4_mipi_dbi18_dev_init] dev_init mode=320x480 rotation=0
[   69.733297] [drm:mipi_dbi_dev_init_with_formats [drm_mipi_dbi]] rotation = 0
[   69.733308] [drm:nc4_ili9488_probe [nc4_ili9488]] nc4_ili9488: [nc4_ili9488_probe] MIPI-DBI device initialized successfully.
[   69.733324] [drm:drm_minor_register [drm]] 
[   69.733449] [drm:drm_minor_register [drm]] 
[   69.733736] [drm:drm_minor_register [drm]] new minor registered 1
[   69.733830] [drm:drm_minor_register [drm]] 
[   69.733935] [drm:drm_sysfs_connector_add [drm]] adding "SPI-2" to sysfs
[   69.734104] nc4_ili9488 spi0.1: [drm:drm_sysfs_connector_hotplug_event [drm]] [CONNECTOR:31:SPI-2] generating connector hotplug event
[   69.734210] [drm] Initialized nc4_ili9488 1.0.0 20241227 for spi0.1 on minor 1
[   69.734215] [drm:nc4_ili9488_probe [nc4_ili9488]] nc4_ili9488: [nc4_ili9488_probe] DRM device registered successfully.
[   69.734241] [drm:drm_client_modeset_probe [drm]] 
[   69.734333] [drm:drm_mode_object_get [drm]] OBJ ID: 31 (2)
[   69.734416] [drm:drm_helper_probe_single_connector_modes [drm_kms_helper]] [CONNECTOR:31:SPI-2]
[   69.734483] [drm:drm_helper_probe_single_connector_modes [drm_kms_helper]] [CONNECTOR:31:SPI-2] status updated from unknown to connected
[   69.734540] [drm:drm_helper_probe_single_connector_modes [drm_kms_helper]] [CONNECTOR:31:SPI-2] probed modes :
[   69.734575] [drm:drm_mode_debug_printmodeline [drm]] Modeline "320x480": 0 1 320 320 320 320 480 480 480 480 0x48 0x0
[   69.734663] [drm:drm_client_modeset_probe [drm]] connector 31 enabled? yes
[   69.734740] [drm:drm_client_modeset_probe [drm]] Not using firmware configuration
[   69.734813] [drm:drm_client_modeset_probe [drm]] looking for cmdline mode on connector 31
[   69.734886] [drm:drm_client_modeset_probe [drm]] looking for preferred mode on connector 31 0
[   69.734957] [drm:drm_client_modeset_probe [drm]] found mode 320x480
[   69.735030] [drm:drm_client_modeset_probe [drm]] picking CRTCs for 320x480 config
[   69.735106] [drm:drm_client_modeset_probe [drm]] desired mode 320x480 set on crtc 34 (0,0)
[   69.735182] [drm:drm_mode_object_get [drm]] OBJ ID: 31 (2)
[   69.735258] [drm:drm_mode_object_put.part.0 [drm]] OBJ ID: 31 (3)
[   69.735336] nc4_ili9488 spi0.1: [drm:__drm_fb_helper_initial_config_and_unlock [drm_kms_helper]] test CRTC 0 primary plane
[   69.735398] nc4_ili9488 spi0.1: [drm:drm_fbdev_generic_helper_fb_probe [drm_kms_helper]] surface width(320), height(480) and bpp(32)
[   69.736040] nc4_ili9488 spi0.1: [drm:drm_mode_addfb2 [drm]] [FB:36]
[   69.736163] [drm:drm_mode_object_put.part.0 [drm]] OBJ ID: 36 (2)
[   69.736730] nc4_ili9488 spi0.1: [drm] fb1: nc4_ili9488drmf frame buffer device
[   69.736740] [drm:nc4_ili9488_probe [nc4_ili9488]] nc4_ili9488: [nc4_ili9488_probe] Probe completed for device spi0.1 on CS=1
[   69.744687] [drm:drm_stub_open [drm]] 
[   69.744980] nc4_ili9488 spi0.0: [drm:drm_open_helper [drm]] comm="kmscon", pid=663, minor=0
[   69.745622] nc4_ili9488 spi0.0: [drm:drm_ioctl [drm]] comm="kmscon" pid=663, dev=0xe200, auth=1, DRM_IOCTL_VERSION
[   69.745738] nc4_ili9488 spi0.0: [drm:drm_ioctl [drm]] comm="kmscon" pid=663, dev=0xe200, auth=1, DRM_IOCTL_VERSION
[   69.745826] nc4_ili9488 spi0.0: [drm:drm_release [drm]] open_count = 1
[   69.745904] nc4_ili9488 spi0.0: [drm:drm_file_free [drm]] comm="kmscon", pid=663, dev=0xe200, open_count=1
[   69.745988] nc4_ili9488 spi0.0: [drm:drm_lastclose [drm]] 
[   69.746062] nc4_ili9488 spi0.0: [drm:drm_lastclose [drm]] driver lastclose completed
[   69.746141] nc4_ili9488 spi0.0: [drm:drm_atomic_state_init [drm]] Allocated atomic state 00000000836a7971
[   69.746227] nc4_ili9488 spi0.0: [drm:drm_atomic_get_plane_state [drm]] Added [PLANE:32:plane-0] 00000000090bc181 state to 00000000836a7971
[   69.746306] nc4_ili9488 spi0.0: [drm:drm_atomic_get_crtc_state [drm]] Added [CRTC:34:crtc-0] 000000006ab21d9d state to 00000000836a7971
[   69.746391] nc4_ili9488 spi0.0: [drm:drm_atomic_set_mode_for_crtc [drm]] Set [MODE:320x480] for [CRTC:34:crtc-0] state 000000006ab21d9d
[   69.746471] nc4_ili9488 spi0.0: [drm:drm_atomic_set_crtc_for_plane [drm]] Link [PLANE:32:plane-0] state 00000000090bc181 to [CRTC:34:crtc-0]
[   69.746552] nc4_ili9488 spi0.0: [drm:drm_atomic_set_fb_for_plane [drm]] Set [FB:36] for [PLANE:32:plane-0] state 00000000090bc181
[   69.746630] [drm:drm_mode_object_get [drm]] OBJ ID: 36 (1)
[   69.746706] nc4_ili9488 spi0.0: [drm:drm_atomic_add_affected_connectors [drm]] Adding all current connectors for [CRTC:34:crtc-0] to 00000000836a7971
[   69.746791] [drm:drm_mode_object_get [drm]] OBJ ID: 31 (2)
[   69.746871] nc4_ili9488 spi0.0: [drm:drm_atomic_get_connector_state [drm]] Added [CONNECTOR:31:SPI-1] 00000000a0e3a9c8 state to 00000000836a7971
[   69.746949] [drm:drm_mode_object_get [drm]] OBJ ID: 31 (3)
[   69.747024] nc4_ili9488 spi0.0: [drm:drm_atomic_set_crtc_for_connector [drm]] Link [CONNECTOR:31:SPI-1] state 00000000a0e3a9c8 to [CRTC:34:crtc-0]
[   69.747109] nc4_ili9488 spi0.0: [drm:drm_atomic_check_only [drm]] checking 00000000836a7971
[   69.747194] nc4_ili9488 spi0.0: [drm:drm_atomic_helper_check_modeset [drm_kms_helper]] [CRTC:34:crtc-0] mode changed
[   69.747265] nc4_ili9488 spi0.0: [drm:drm_atomic_helper_check_modeset [drm_kms_helper]] [CRTC:34:crtc-0] enable changed
[   69.747298] nc4_ili9488 spi0.0: [drm:drm_atomic_helper_check_modeset [drm_kms_helper]] [CRTC:34:crtc-0] active changed
[   69.747335] nc4_ili9488 spi0.0: [drm:drm_atomic_helper_check_modeset [drm_kms_helper]] Updating routing for [CONNECTOR:31:SPI-1]
[   69.747371] nc4_ili9488 spi0.0: [drm:drm_atomic_helper_check_modeset [drm_kms_helper]] [CONNECTOR:31:SPI-1] using [ENCODER:35:None-35] on [CRTC:34:crtc-0]
[   69.747406] nc4_ili9488 spi0.0: [drm:drm_atomic_helper_check_modeset [drm_kms_helper]] [CRTC:34:crtc-0] needs all connectors, enable: y, active: y
[   69.747441] nc4_ili9488 spi0.0: [drm:drm_atomic_add_affected_connectors [drm]] Adding all current connectors for [CRTC:34:crtc-0] to 00000000836a7971
[   69.747541] nc4_ili9488 spi0.0: [drm:drm_atomic_add_affected_planes [drm]] Adding all current planes for [CRTC:34:crtc-0] to 00000000836a7971
[   69.747618] nc4_ili9488 spi0.0: [drm:drm_atomic_add_encoder_bridges [drm]] Adding all bridges for [encoder:35:None-35] to 00000000836a7971
[   69.747704] nc4_ili9488 spi0.0: [drm:drm_atomic_add_affected_planes [drm]] Adding all current planes for [CRTC:34:crtc-0] to 00000000836a7971
[   69.747784] nc4_ili9488 spi0.0: [drm:drm_atomic_commit [drm]] committing 00000000836a7971
[   69.747877] nc4_ili9488 spi0.0: [drm:crtc_set_mode [drm_kms_helper]] modeset on [ENCODER:35:None-35]
[   69.747928] [drm:nc4_mipi_dbi18_pipe_update [nc4_ili9488]] nc4_ili9488: [nc4_mipi_dbi18_pipe_update] pipe_update called
[   69.747941] [drm:nc4_mipi_dbi18_pipe_update [nc4_ili9488]] nc4_ili9488: [nc4_mipi_dbi18_pipe_update] merged damage rect=(320x480+0+0)
[   69.747951] [drm:nc4_mipi_dbi18_fb_dirty [nc4_ili9488]] nc4_ili9488: [nc4_mipi_dbi18_fb_dirty] Dirty framebuffer update: dev=spi0.0 cs=0 rect=(0,0)-(320,480)
[   69.747961] [drm:nc4_mipi_dbi18_fb_dirty [nc4_ili9488]] nc4_ili9488: [nc4_mipi_dbi18_fb_dirty] Full framebuffer update detected.
[   69.747969] [drm:nc4_mipi_dbi18_buf_copy [nc4_ili9488]] nc4_ili9488: [nc4_mipi_dbi18_buf_copy] format=XR24 little-endian (0x34325258) swap=1 clip=(0,0)-(320,480)
[   69.747983] [drm:nc4_mipi_dbi18_buf_copy [nc4_ili9488]] nc4_ili9488: [nc4_mipi_dbi18_buf_copy] Converting from XRGB8888 to 18-bit
[   69.749308] [drm:nc4_mipi_dbi18_fb_dirty [nc4_ili9488]] nc4_ili9488: [nc4_mipi_dbi_set_window_address] dev=spi0 cs=0 xs=0 xe=319 ys=0 ye=479
[   69.749330] [drm:mipi_dbi_typec3_command [drm_mipi_dbi]] cmd=2a, par=00 00 01 3f
[   69.749365] [drm:mipi_dbi_typec3_command [drm_mipi_dbi]] cmd=2b, par=00 00 01 df
[   69.749384] [drm:nc4_mipi_dbi18_fb_dirty [nc4_ili9488]] nc4_ili9488: [nc4_mipi_dbi18_fb_dirty] Writing memory data to device.
[   69.749393] [drm:mipi_dbi_typec3_command [drm_mipi_dbi]] cmd=2c, len=460800
[   69.942127] [drm:nc4_mipi_dbi18_pipe_update [nc4_ili9488]] nc4_ili9488: [nc4_mipi_dbi18_pipe_update] pipe_update done for dev=spi0.0 cs=0
[   69.942162] nc4_ili9488 spi0.0: [drm:drm_atomic_helper_commit_modeset_enables [drm_kms_helper]] enabling [CRTC:34:crtc-0]
[   69.942217] [drm:nc4_ili9488_enable [nc4_ili9488]] nc4_ili9488: [ENABLE] Starting enable sequence for device spi0.0 on CS=0
[   69.942246] [drm:mipi_dbi_typec3_command_read [drm_mipi_dbi]] cmd=0a, par=00
[   70.068778] [drm:mipi_dbi_typec3_command [drm_mipi_dbi]] cmd=01
[   70.075834] [drm:nc4_ili9488_enable [nc4_ili9488]] nc4_ili9488: [ENABLE] Power-on reset completed for device spi0.0 on CS=0
[   70.228823] [drm:nc4_ili9488_enable [nc4_ili9488]] nc4_ili9488: [ENABLE] Explicit hardware reset completed for spi0.0 on CS=0
[   70.228854] [drm:nc4_ili9488_enable [nc4_ili9488]] nc4_ili9488: [ENABLE] Initializing panel commands for device spi0.0 on CS=0
[   70.228864] [drm:nc4_ili9488_send_cmd.constprop.0 [nc4_ili9488]] nc4_ili9488: [nc4_ili9488_send_cmd] SPI dev=spi0 cs=0 -> cmd=SW_RESET(0x01), num_args=0
[   70.228874] [drm:nc4_ili9488_send_cmd.constprop.0 [nc4_ili9488]] nc4_ili9488: [nc4_ili9488_send_cmd] CMD:SW_RESET(0x01), args(0):
[   70.228883] [drm:nc4_ili9488_send_cmd.constprop.0 [nc4_ili9488]] 
[   70.228893] [drm:mipi_dbi_typec3_command [drm_mipi_dbi]] cmd=01, par=00 00 00 00 00 00 00 00 00 00 00 00 00 00 00 00
[   70.356781] [drm:nc4_ili9488_send_cmd.constprop.0 [nc4_ili9488]] nc4_ili9488: [nc4_ili9488_send_cmd] SPI dev=spi0 cs=0 -> cmd=DISPLAY_OFF(0x28), num_args=0
[   70.356803] [drm:nc4_ili9488_send_cmd.constprop.0 [nc4_ili9488]] nc4_ili9488: [nc4_ili9488_send_cmd] CMD:DISPLAY_OFF(0x28), args(0):
[   70.356812] [drm:nc4_ili9488_send_cmd.constprop.0 [nc4_ili9488]] 
[   70.356821] [drm:mipi_dbi_typec3_command [drm_mipi_dbi]] cmd=28, par=00 00 00 00 00 00 00 00 00 00 00 00 00 00 00 00
[   70.356862] [drm:nc4_ili9488_send_cmd.constprop.0 [nc4_ili9488]] nc4_ili9488: [nc4_ili9488_send_cmd] SPI dev=spi0 cs=0 -> cmd=SLEEP_OUT(0x11), num_args=0
[   70.356872] [drm:nc4_ili9488_send_cmd.constprop.0 [nc4_ili9488]] nc4_ili9488: [nc4_ili9488_send_cmd] CMD:SLEEP_OUT(0x11), args(0):
[   70.356880] [drm:nc4_ili9488_send_cmd.constprop.0 [nc4_ili9488]] 
[   70.356888] [drm:mipi_dbi_typec3_command [drm_mipi_dbi]] cmd=11, par=00 00 00 00 00 00 00 00 00 00 00 00 00 00 00 00
[   70.484774] [drm:nc4_ili9488_send_cmd.constprop.0 [nc4_ili9488]] nc4_ili9488: [nc4_ili9488_send_cmd] SPI dev=spi0 cs=0 -> cmd=DISPLAY_ON(0x29), num_args=0
[   70.484793] [drm:nc4_ili9488_send_cmd.constprop.0 [nc4_ili9488]] nc4_ili9488: [nc4_ili9488_send_cmd] CMD:DISPLAY_ON(0x29), args(0):
[   70.484802] [drm:nc4_ili9488_send_cmd.constprop.0 [nc4_ili9488]] 
[   70.484810] [drm:mipi_dbi_typec3_command [drm_mipi_dbi]] cmd=29, par=00 00 00 00 00 00 00 00 00 00 00 00 00 00 00 00
[   70.484847] [drm:nc4_ili9488_enable [nc4_ili9488]] nc4_ili9488: [ENABLE] Address mode configuration.
[   70.484855] [drm:mipi_dbi_typec3_command [drm_mipi_dbi]] cmd=36, par=40
[   70.484870] [drm:nc4_ili9488_enable [nc4_ili9488]] nc4_ili9488: [ENABLE] Address mode set to 0x40 for rotation 0
[   70.484879] [drm:nc4_ili9488_enable [nc4_ili9488]] nc4_ili9488: [ENABLE] Flushing framebuffer to panel.
[   70.484887] [drm:nc4_mipi_dbi18_enable_flush [nc4_ili9488]] nc4_ili9488: [nc4_mipi_dbi18_enable_flush] enable_flush - full screen
[   70.484896] [drm:nc4_mipi_dbi18_fb_dirty [nc4_ili9488]] nc4_ili9488: [nc4_mipi_dbi18_fb_dirty] Dirty framebuffer update: dev=spi0.0 cs=0 rect=(0,0)-(320,480)
[   70.484906] [drm:nc4_mipi_dbi18_fb_dirty [nc4_ili9488]] nc4_ili9488: [nc4_mipi_dbi18_fb_dirty] Full framebuffer update detected.
[   70.484914] [drm:nc4_mipi_dbi18_buf_copy [nc4_ili9488]] nc4_ili9488: [nc4_mipi_dbi18_buf_copy] format=XR24 little-endian (0x34325258) swap=1 clip=(0,0)-(320,480)
[   70.484928] [drm:nc4_mipi_dbi18_buf_copy [nc4_ili9488]] nc4_ili9488: [nc4_mipi_dbi18_buf_copy] Converting from XRGB8888 to 18-bit
[   70.486152] [drm:nc4_mipi_dbi18_fb_dirty [nc4_ili9488]] nc4_ili9488: [nc4_mipi_dbi_set_window_address] dev=spi0 cs=0 xs=0 xe=319 ys=0 ye=479
[   70.486162] [drm:mipi_dbi_typec3_command [drm_mipi_dbi]] cmd=2a, par=00 00 01 3f
[   70.486181] [drm:mipi_dbi_typec3_command [drm_mipi_dbi]] cmd=2b, par=00 00 01 df
[   70.486198] [drm:nc4_mipi_dbi18_fb_dirty [nc4_ili9488]] nc4_ili9488: [nc4_mipi_dbi18_fb_dirty] Writing memory data to device.
[   70.486206] [drm:mipi_dbi_typec3_command [drm_mipi_dbi]] cmd=2c, len=460800
[   70.678657] [drm:nc4_mipi_dbi18_enable_flush [nc4_ili9488]] nc4_ili9488: [nc4_mipi_dbi18_enable_flush] after fb_dirty in enable_flush dev=spi0 cs=0
[   70.678689] [drm:nc4_mipi_dbi18_enable_flush [nc4_ili9488]] nc4_ili9488: [nc4_mipi_dbi18_enable_flush] enabling backlight
[   70.678700] [drm:nc4_ili9488_enable [nc4_ili9488]] nc4_ili9488: [ENABLE] Backlight enabled for device spi0.0 on CS=0
[   70.678709] [drm:nc4_ili9488_enable [nc4_ili9488]] nc4_ili9488: [ENABLE] Enable sequence completed for device spi0.0 on CS=0
[   70.678720] nc4_ili9488 spi0.0: [drm:drm_atomic_helper_commit_modeset_enables [drm_kms_helper]] enabling [ENCODER:35:None-35]
[   70.678792] nc4_ili9488 spi0.0: [drm:drm_atomic_state_default_clear [drm]] Clearing atomic state 00000000836a7971
[   70.678919] [drm:drm_mode_object_put.part.0 [drm]] OBJ ID: 31 (4)
[   70.678995] nc4_ili9488 spi0.0: [drm:__drm_atomic_state_free [drm]] Freeing atomic state 00000000836a7971
[   70.679069] nc4_ili9488 spi0.0: [drm:drm_client_dev_restore [drm]] fbdev: ret=0
[   70.679433] [drm:drm_stub_open [drm]] 
[   70.679519] nc4_ili9488 spi0.1: [drm:drm_open_helper [drm]] comm="kmscon", pid=663, minor=1
[   70.680013] nc4_ili9488 spi0.1: [drm:drm_ioctl [drm]] comm="kmscon" pid=663, dev=0xe201, auth=1, DRM_IOCTL_VERSION
[   70.680096] nc4_ili9488 spi0.1: [drm:drm_ioctl [drm]] comm="kmscon" pid=663, dev=0xe201, auth=1, DRM_IOCTL_VERSION
[   70.680169] nc4_ili9488 spi0.1: [drm:drm_release [drm]] open_count = 1
[   70.680239] nc4_ili9488 spi0.1: [drm:drm_file_free [drm]] comm="kmscon", pid=663, dev=0xe201, open_count=1
[   70.680314] nc4_ili9488 spi0.1: [drm:drm_lastclose [drm]] 
[   70.680383] nc4_ili9488 spi0.1: [drm:drm_lastclose [drm]] driver lastclose completed
[   70.680455] nc4_ili9488 spi0.1: [drm:drm_atomic_state_init [drm]] Allocated atomic state 00000000c7f004fc
[   70.680528] nc4_ili9488 spi0.1: [drm:drm_atomic_get_plane_state [drm]] Added [PLANE:32:plane-0] 00000000bee78766 state to 00000000c7f004fc
[   70.680602] nc4_ili9488 spi0.1: [drm:drm_atomic_get_crtc_state [drm]] Added [CRTC:34:crtc-0] 000000000abf8b6b state to 00000000c7f004fc
[   70.680679] nc4_ili9488 spi0.1: [drm:drm_atomic_set_mode_for_crtc [drm]] Set [MODE:320x480] for [CRTC:34:crtc-0] state 000000000abf8b6b
[   70.680750] nc4_ili9488 spi0.1: [drm:drm_atomic_set_crtc_for_plane [drm]] Link [PLANE:32:plane-0] state 00000000bee78766 to [CRTC:34:crtc-0]
[   70.680866] nc4_ili9488 spi0.1: [drm:drm_atomic_set_fb_for_plane [drm]] Set [FB:36] for [PLANE:32:plane-0] state 00000000bee78766
[   70.680941] [drm:drm_mode_object_get [drm]] OBJ ID: 36 (1)
[   70.681013] nc4_ili9488 spi0.1: [drm:drm_atomic_add_affected_connectors [drm]] Adding all current connectors for [CRTC:34:crtc-0] to 00000000c7f004fc
[   70.681089] [drm:drm_mode_object_get [drm]] OBJ ID: 31 (2)
[   70.681159] nc4_ili9488 spi0.1: [drm:drm_atomic_get_connector_state [drm]] Added [CONNECTOR:31:SPI-2] 000000000342e7e7 state to 00000000c7f004fc
[   70.681231] [drm:drm_mode_object_get [drm]] OBJ ID: 31 (3)
[   70.681301] nc4_ili9488 spi0.1: [drm:drm_atomic_set_crtc_for_connector [drm]] Link [CONNECTOR:31:SPI-2] state 000000000342e7e7 to [CRTC:34:crtc-0]
[   70.681373] nc4_ili9488 spi0.1: [drm:drm_atomic_check_only [drm]] checking 00000000c7f004fc
[   70.681446] nc4_ili9488 spi0.1: [drm:drm_atomic_helper_check_modeset [drm_kms_helper]] [CRTC:34:crtc-0] mode changed
[   70.681496] nc4_ili9488 spi0.1: [drm:drm_atomic_helper_check_modeset [drm_kms_helper]] [CRTC:34:crtc-0] enable changed
[   70.681529] nc4_ili9488 spi0.1: [drm:drm_atomic_helper_check_modeset [drm_kms_helper]] [CRTC:34:crtc-0] active changed
[   70.681564] nc4_ili9488 spi0.1: [drm:drm_atomic_helper_check_modeset [drm_kms_helper]] Updating routing for [CONNECTOR:31:SPI-2]
[   70.681598] nc4_ili9488 spi0.1: [drm:drm_atomic_helper_check_modeset [drm_kms_helper]] [CONNECTOR:31:SPI-2] using [ENCODER:35:None-35] on [CRTC:34:crtc-0]
[   70.681633] nc4_ili9488 spi0.1: [drm:drm_atomic_helper_check_modeset [drm_kms_helper]] [CRTC:34:crtc-0] needs all connectors, enable: y, active: y
[   70.681666] nc4_ili9488 spi0.1: [drm:drm_atomic_add_affected_connectors [drm]] Adding all current connectors for [CRTC:34:crtc-0] to 00000000c7f004fc
[   70.681746] nc4_ili9488 spi0.1: [drm:drm_atomic_add_affected_planes [drm]] Adding all current planes for [CRTC:34:crtc-0] to 00000000c7f004fc
[   70.681818] nc4_ili9488 spi0.1: [drm:drm_atomic_add_encoder_bridges [drm]] Adding all bridges for [encoder:35:None-35] to 00000000c7f004fc
[   70.681898] nc4_ili9488 spi0.1: [drm:drm_atomic_add_affected_planes [drm]] Adding all current planes for [CRTC:34:crtc-0] to 00000000c7f004fc
[   70.681970] nc4_ili9488 spi0.1: [drm:drm_atomic_commit [drm]] committing 00000000c7f004fc
[   70.682055] nc4_ili9488 spi0.1: [drm:crtc_set_mode [drm_kms_helper]] modeset on [ENCODER:35:None-35]
[   70.682094] [drm:nc4_mipi_dbi18_pipe_update [nc4_ili9488]] nc4_ili9488: [nc4_mipi_dbi18_pipe_update] pipe_update called
[   70.682105] [drm:nc4_mipi_dbi18_pipe_update [nc4_ili9488]] nc4_ili9488: [nc4_mipi_dbi18_pipe_update] merged damage rect=(320x480+0+0)
[   70.682115] [drm:nc4_mipi_dbi18_fb_dirty [nc4_ili9488]] nc4_ili9488: [nc4_mipi_dbi18_fb_dirty] Dirty framebuffer update: dev=spi0.1 cs=1 rect=(0,0)-(320,480)
[   70.682124] [drm:nc4_mipi_dbi18_fb_dirty [nc4_ili9488]] nc4_ili9488: [nc4_mipi_dbi18_fb_dirty] Full framebuffer update detected.
[   70.682132] [drm:nc4_mipi_dbi18_buf_copy [nc4_ili9488]] nc4_ili9488: [nc4_mipi_dbi18_buf_copy] format=XR24 little-endian (0x34325258) swap=1 clip=(0,0)-(320,480)
[   70.682145] [drm:nc4_mipi_dbi18_buf_copy [nc4_ili9488]] nc4_ili9488: [nc4_mipi_dbi18_buf_copy] Converting from XRGB8888 to 18-bit
[   70.683381] [drm:nc4_mipi_dbi18_fb_dirty [nc4_ili9488]] nc4_ili9488: [nc4_mipi_dbi_set_window_address] dev=spi0 cs=0 xs=0 xe=319 ys=0 ye=479
[   70.683393] [drm:mipi_dbi_typec3_command [drm_mipi_dbi]] cmd=2a, par=00 00 01 3f
[   70.683426] [drm:mipi_dbi_typec3_command [drm_mipi_dbi]] cmd=2b, par=00 00 01 df
[   70.683445] [drm:nc4_mipi_dbi18_fb_dirty [nc4_ili9488]] nc4_ili9488: [nc4_mipi_dbi18_fb_dirty] Writing memory data to device.
[   70.683453] [drm:mipi_dbi_typec3_command [drm_mipi_dbi]] cmd=2c, len=460800
[   70.902766] [drm:nc4_mipi_dbi18_pipe_update [nc4_ili9488]] nc4_ili9488: [nc4_mipi_dbi18_pipe_update] pipe_update done for dev=spi0.1 cs=1
[   70.902834] nc4_ili9488 spi0.1: [drm:drm_atomic_helper_commit_modeset_enables [drm_kms_helper]] enabling [CRTC:34:crtc-0]
[   70.902948] [drm:nc4_ili9488_enable [nc4_ili9488]] nc4_ili9488: [ENABLE] Starting enable sequence for device spi0.1 on CS=1
[   70.903016] [drm:mipi_dbi_typec3_command_read [drm_mipi_dbi]] cmd=0a, par=00
[   71.028800] [drm:mipi_dbi_typec3_command [drm_mipi_dbi]] cmd=01
[   71.048894] [drm:nc4_ili9488_enable [nc4_ili9488]] nc4_ili9488: [ENABLE] Power-on reset completed for device spi0.1 on CS=1
[   71.204826] [drm:nc4_ili9488_enable [nc4_ili9488]] nc4_ili9488: [ENABLE] Explicit hardware reset completed for spi0.1 on CS=1
[   71.204886] [drm:nc4_ili9488_enable [nc4_ili9488]] nc4_ili9488: [ENABLE] Initializing panel commands for device spi0.1 on CS=1
[   71.204911] [drm:nc4_ili9488_send_cmd.constprop.0 [nc4_ili9488]] nc4_ili9488: [nc4_ili9488_send_cmd] SPI dev=spi0 cs=0 -> cmd=SW_RESET(0x01), num_args=0
[   71.204939] [drm:nc4_ili9488_send_cmd.constprop.0 [nc4_ili9488]] nc4_ili9488: [nc4_ili9488_send_cmd] CMD:SW_RESET(0x01), args(0):
[   71.204964] [drm:nc4_ili9488_send_cmd.constprop.0 [nc4_ili9488]] 
[   71.204991] [drm:mipi_dbi_typec3_command [drm_mipi_dbi]] cmd=01, par=00 00 00 00 00 00 00 00 00 00 00 00 00 00 00 00
[   71.332794] [drm:nc4_ili9488_send_cmd.constprop.0 [nc4_ili9488]] nc4_ili9488: [nc4_ili9488_send_cmd] SPI dev=spi0 cs=0 -> cmd=DISPLAY_OFF(0x28), num_args=0
[   71.332853] [drm:nc4_ili9488_send_cmd.constprop.0 [nc4_ili9488]] nc4_ili9488: [nc4_ili9488_send_cmd] CMD:DISPLAY_OFF(0x28), args(0):
[   71.332877] [drm:nc4_ili9488_send_cmd.constprop.0 [nc4_ili9488]] 
[   71.332902] [drm:mipi_dbi_typec3_command [drm_mipi_dbi]] cmd=28, par=00 00 00 00 00 00 00 00 00 00 00 00 00 00 00 00
[   71.332999] [drm:nc4_ili9488_send_cmd.constprop.0 [nc4_ili9488]] nc4_ili9488: [nc4_ili9488_send_cmd] SPI dev=spi0 cs=0 -> cmd=SLEEP_OUT(0x11), num_args=0
[   71.333024] [drm:nc4_ili9488_send_cmd.constprop.0 [nc4_ili9488]] nc4_ili9488: [nc4_ili9488_send_cmd] CMD:SLEEP_OUT(0x11), args(0):
[   71.333045] [drm:nc4_ili9488_send_cmd.constprop.0 [nc4_ili9488]] 
[   71.333064] [drm:mipi_dbi_typec3_command [drm_mipi_dbi]] cmd=11, par=00 00 00 00 00 00 00 00 00 00 00 00 00 00 00 00
[   71.460791] [drm:nc4_ili9488_send_cmd.constprop.0 [nc4_ili9488]] nc4_ili9488: [nc4_ili9488_send_cmd] SPI dev=spi0 cs=0 -> cmd=DISPLAY_ON(0x29), num_args=0
[   71.460830] [drm:nc4_ili9488_send_cmd.constprop.0 [nc4_ili9488]] nc4_ili9488: [nc4_ili9488_send_cmd] CMD:DISPLAY_ON(0x29), args(0):
[   71.460847] [drm:nc4_ili9488_send_cmd.constprop.0 [nc4_ili9488]] 
[   71.460864] [drm:mipi_dbi_typec3_command [drm_mipi_dbi]] cmd=29, par=00 00 00 00 00 00 00 00 00 00 00 00 00 00 00 00
[   71.460934] [drm:nc4_ili9488_enable [nc4_ili9488]] nc4_ili9488: [ENABLE] Address mode configuration.
[   71.460950] [drm:mipi_dbi_typec3_command [drm_mipi_dbi]] cmd=36, par=40
[   71.460980] [drm:nc4_ili9488_enable [nc4_ili9488]] nc4_ili9488: [ENABLE] Address mode set to 0x40 for rotation 0
[   71.460997] [drm:nc4_ili9488_enable [nc4_ili9488]] nc4_ili9488: [ENABLE] Flushing framebuffer to panel.
[   71.461012] [drm:nc4_mipi_dbi18_enable_flush [nc4_ili9488]] nc4_ili9488: [nc4_mipi_dbi18_enable_flush] enable_flush - full screen
[   71.461029] [drm:nc4_mipi_dbi18_fb_dirty [nc4_ili9488]] nc4_ili9488: [nc4_mipi_dbi18_fb_dirty] Dirty framebuffer update: dev=spi0.1 cs=1 rect=(0,0)-(320,480)
[   71.461049] [drm:nc4_mipi_dbi18_fb_dirty [nc4_ili9488]] nc4_ili9488: [nc4_mipi_dbi18_fb_dirty] Full framebuffer update detected.
[   71.461064] [drm:nc4_mipi_dbi18_buf_copy [nc4_ili9488]] nc4_ili9488: [nc4_mipi_dbi18_buf_copy] format=XR24 little-endian (0x34325258) swap=1 clip=(0,0)-(320,480)
[   71.461090] [drm:nc4_mipi_dbi18_buf_copy [nc4_ili9488]] nc4_ili9488: [nc4_mipi_dbi18_buf_copy] Converting from XRGB8888 to 18-bit
[   71.462914] [drm:nc4_mipi_dbi18_fb_dirty [nc4_ili9488]] nc4_ili9488: [nc4_mipi_dbi_set_window_address] dev=spi0 cs=0 xs=0 xe=319 ys=0 ye=479
[   71.462934] [drm:mipi_dbi_typec3_command [drm_mipi_dbi]] cmd=2a, par=00 00 01 3f
[   71.462970] [drm:mipi_dbi_typec3_command [drm_mipi_dbi]] cmd=2b, par=00 00 01 df
[   71.463005] [drm:nc4_mipi_dbi18_fb_dirty [nc4_ili9488]] nc4_ili9488: [nc4_mipi_dbi18_fb_dirty] Writing memory data to device.
[   71.463021] [drm:mipi_dbi_typec3_command [drm_mipi_dbi]] cmd=2c, len=460800
[   71.912160] [drm:nc4_mipi_dbi18_enable_flush [nc4_ili9488]] nc4_ili9488: [nc4_mipi_dbi18_enable_flush] after fb_dirty in enable_flush dev=spi0 cs=0
[   71.912223] [drm:nc4_mipi_dbi18_enable_flush [nc4_ili9488]] nc4_ili9488: [nc4_mipi_dbi18_enable_flush] enabling backlight
[   71.912251] [drm:nc4_ili9488_enable [nc4_ili9488]] nc4_ili9488: [ENABLE] Backlight enabled for device spi0.1 on CS=1
[   71.912276] [drm:nc4_ili9488_enable [nc4_ili9488]] nc4_ili9488: [ENABLE] Enable sequence completed for device spi0.1 on CS=1
[   71.912306] nc4_ili9488 spi0.1: [drm:drm_atomic_helper_commit_modeset_enables [drm_kms_helper]] enabling [ENCODER:35:None-35]
[   71.912444] nc4_ili9488 spi0.1: [drm:drm_atomic_state_default_clear [drm]] Clearing atomic state 00000000c7f004fc
[   71.912684] [drm:drm_mode_object_put.part.0 [drm]] OBJ ID: 31 (4)
[   71.912967] nc4_ili9488 spi0.1: [drm:__drm_atomic_state_free [drm]] Freeing atomic state 00000000c7f004fc
[   71.913191] nc4_ili9488 spi0.1: [drm:drm_client_dev_restore [drm]] fbdev: ret=0
[   71.914181] nc4_ili9488 spi0.0: [drm:drm_atomic_state_init [drm]] Allocated atomic state 00000000c7f004fc
[   71.914421] [drm:drm_mode_object_get [drm]] OBJ ID: 36 (2)
[   71.914636] nc4_ili9488 spi0.0: [drm:drm_atomic_get_plane_state [drm]] Added [PLANE:32:plane-0] 00000000f154dc57 state to 00000000c7f004fc
[   71.914854] [drm:drm_mode_object_get [drm]] OBJ ID: 37 (1)
[   71.915062] nc4_ili9488 spi0.0: [drm:drm_atomic_get_crtc_state [drm]] Added [CRTC:34:crtc-0] 00000000e2363db2 state to 00000000c7f004fc
[   71.915282] nc4_ili9488 spi0.0: [drm:drm_atomic_set_fb_for_plane [drm]] Set [FB:36] for [PLANE:32:plane-0] state 00000000f154dc57
[   71.915493] [drm:drm_mode_object_get [drm]] OBJ ID: 36 (3)
[   71.915699] [drm:drm_mode_object_put.part.0 [drm]] OBJ ID: 36 (4)
[   71.915906] nc4_ili9488 spi0.0: [drm:drm_atomic_add_affected_connectors [drm]] Adding all current connectors for [CRTC:34:crtc-0] to 00000000c7f004fc
[   71.916122] [drm:drm_mode_object_get [drm]] OBJ ID: 31 (4)
[   71.916327] [drm:drm_mode_object_get [drm]] OBJ ID: 31 (5)
[   71.916531] nc4_ili9488 spi0.0: [drm:drm_atomic_get_connector_state [drm]] Added [CONNECTOR:31:SPI-1] 0000000005dafcc3 state to 00000000c7f004fc
[   71.916744] [drm:drm_mode_object_put.part.0 [drm]] OBJ ID: 31 (5)
[   71.916981] nc4_ili9488 spi0.0: [drm:drm_atomic_set_crtc_for_connector [drm]] Link [CONNECTOR:31:SPI-1] state 0000000005dafcc3 to [NOCRTC]
[   71.917197] [drm:drm_mode_object_get [drm]] OBJ ID: 31 (4)
[   71.917403] nc4_ili9488 spi0.0: [drm:drm_atomic_set_crtc_for_connector [drm]] Link [CONNECTOR:31:SPI-1] state 0000000005dafcc3 to [CRTC:34:crtc-0]
[   71.917616] nc4_ili9488 spi0.0: [drm:drm_atomic_check_only [drm]] checking 00000000c7f004fc
[   71.917833] nc4_ili9488 spi0.0: [drm:drm_atomic_helper_check_modeset [drm_kms_helper]] Updating routing for [CONNECTOR:31:SPI-1]
[   71.917943] nc4_ili9488 spi0.0: [drm:drm_atomic_helper_check_modeset [drm_kms_helper]] [CONNECTOR:31:SPI-1] keeps [ENCODER:35:None-35], now on [CRTC:34:crtc-0]
[   71.918046] nc4_ili9488 spi0.0: [drm:drm_atomic_add_encoder_bridges [drm]] Adding all bridges for [encoder:35:None-35] to 00000000c7f004fc
[   71.918263] nc4_ili9488 spi0.0: [drm:drm_atomic_add_encoder_bridges [drm]] Adding all bridges for [encoder:35:None-35] to 00000000c7f004fc
[   71.918483] nc4_ili9488 spi0.0: [drm:drm_atomic_add_affected_planes [drm]] Adding all current planes for [CRTC:34:crtc-0] to 00000000c7f004fc
[   71.918696] nc4_ili9488 spi0.0: [drm:drm_atomic_commit [drm]] committing 00000000c7f004fc
[   71.918931] [drm:nc4_mipi_dbi18_pipe_update [nc4_ili9488]] nc4_ili9488: [nc4_mipi_dbi18_pipe_update] pipe_update called
[   71.918960] [drm:nc4_mipi_dbi18_pipe_update [nc4_ili9488]] nc4_ili9488: [nc4_mipi_dbi18_pipe_update] merged damage rect=(320x480+0+0)
[   71.918986] [drm:nc4_mipi_dbi18_fb_dirty [nc4_ili9488]] nc4_ili9488: [nc4_mipi_dbi18_fb_dirty] Dirty framebuffer update: dev=spi0.0 cs=0 rect=(0,0)-(320,480)
[   71.919013] [drm:nc4_mipi_dbi18_fb_dirty [nc4_ili9488]] nc4_ili9488: [nc4_mipi_dbi18_fb_dirty] Full framebuffer update detected.
[   71.919034] [drm:nc4_mipi_dbi18_buf_copy [nc4_ili9488]] nc4_ili9488: [nc4_mipi_dbi18_buf_copy] format=XR24 little-endian (0x34325258) swap=1 clip=(0,0)-(320,480)
[   71.919069] [drm:nc4_mipi_dbi18_buf_copy [nc4_ili9488]] nc4_ili9488: [nc4_mipi_dbi18_buf_copy] Converting from XRGB8888 to 18-bit
[   71.921544] [drm:nc4_mipi_dbi18_fb_dirty [nc4_ili9488]] nc4_ili9488: [nc4_mipi_dbi_set_window_address] dev=spi0 cs=0 xs=0 xe=319 ys=0 ye=479
[   71.921582] [drm:mipi_dbi_typec3_command [drm_mipi_dbi]] cmd=2a, par=00 00 01 3f
[   71.921659] [drm:mipi_dbi_typec3_command [drm_mipi_dbi]] cmd=2b, par=00 00 01 df
[   71.921711] [drm:nc4_mipi_dbi18_fb_dirty [nc4_ili9488]] nc4_ili9488: [nc4_mipi_dbi18_fb_dirty] Writing memory data to device.
[   71.921733] [drm:mipi_dbi_typec3_command [drm_mipi_dbi]] cmd=2c, len=460800
[   72.285930] [drm:nc4_mipi_dbi18_pipe_update [nc4_ili9488]] nc4_ili9488: [nc4_mipi_dbi18_pipe_update] pipe_update done for dev=spi0.0 cs=0
[   72.285973] nc4_ili9488 spi0.0: [drm:drm_atomic_state_default_clear [drm]] Clearing atomic state 00000000c7f004fc
[   72.286091] [drm:drm_mode_object_put.part.0 [drm]] OBJ ID: 31 (5)
[   72.286165] [drm:drm_mode_object_put.part.0 [drm]] OBJ ID: 31 (4)
[   72.286237] [drm:drm_mode_object_put.part.0 [drm]] OBJ ID: 37 (2)
[   72.286307] [drm:drm_mode_object_put.part.0 [drm]] OBJ ID: 36 (3)
[   72.286378] nc4_ili9488 spi0.0: [drm:__drm_atomic_state_free [drm]] Freeing atomic state 00000000c7f004fc
[   72.286457] nc4_ili9488 spi0.0: [drm:drm_atomic_state_init [drm]] Allocated atomic state 00000000c7f004fc
[   72.286531] [drm:drm_mode_object_get [drm]] OBJ ID: 36 (2)
[   72.286601] nc4_ili9488 spi0.0: [drm:drm_atomic_get_plane_state [drm]] Added [PLANE:32:plane-0] 00000000ac8bb959 state to 00000000c7f004fc
[   72.286673] [drm:drm_mode_object_get [drm]] OBJ ID: 37 (1)
[   72.286742] nc4_ili9488 spi0.0: [drm:drm_atomic_get_crtc_state [drm]] Added [CRTC:34:crtc-0] 000000006ab21d9d state to 00000000c7f004fc
[   72.286817] nc4_ili9488 spi0.0: [drm:drm_atomic_set_fb_for_plane [drm]] Set [FB:36] for [PLANE:32:plane-0] state 00000000ac8bb959
[   72.286888] [drm:drm_mode_object_get [drm]] OBJ ID: 36 (3)
[   72.286957] [drm:drm_mode_object_put.part.0 [drm]] OBJ ID: 36 (4)
[   72.287026] nc4_ili9488 spi0.0: [drm:drm_atomic_add_affected_connectors [drm]] Adding all current connectors for [CRTC:34:crtc-0] to 00000000c7f004fc
[   72.287100] [drm:drm_mode_object_get [drm]] OBJ ID: 31 (4)
[   72.287168] [drm:drm_mode_object_get [drm]] OBJ ID: 31 (5)
[   72.287236] nc4_ili9488 spi0.0: [drm:drm_atomic_get_connector_state [drm]] Added [CONNECTOR:31:SPI-1] 00000000abcdf25d state to 00000000c7f004fc
[   72.287308] [drm:drm_mode_object_put.part.0 [drm]] OBJ ID: 31 (5)
[   72.287376] nc4_ili9488 spi0.0: [drm:drm_atomic_set_crtc_for_connector [drm]] Link [CONNECTOR:31:SPI-1] state 00000000abcdf25d to [NOCRTC]
[   72.287447] [drm:drm_mode_object_get [drm]] OBJ ID: 31 (4)
[   72.287515] nc4_ili9488 spi0.0: [drm:drm_atomic_set_crtc_for_connector [drm]] Link [CONNECTOR:31:SPI-1] state 00000000abcdf25d to [CRTC:34:crtc-0]
[   72.287587] nc4_ili9488 spi0.0: [drm:drm_atomic_check_only [drm]] checking 00000000c7f004fc
[   72.287663] nc4_ili9488 spi0.0: [drm:drm_atomic_helper_check_modeset [drm_kms_helper]] Updating routing for [CONNECTOR:31:SPI-1]
[   72.287718] nc4_ili9488 spi0.0: [drm:drm_atomic_helper_check_modeset [drm_kms_helper]] [CONNECTOR:31:SPI-1] keeps [ENCODER:35:None-35], now on [CRTC:34:crtc-0]
[   72.287753] nc4_ili9488 spi0.0: [drm:drm_atomic_add_encoder_bridges [drm]] Adding all bridges for [encoder:35:None-35] to 00000000c7f004fc
[   72.287829] nc4_ili9488 spi0.0: [drm:drm_atomic_add_encoder_bridges [drm]] Adding all bridges for [encoder:35:None-35] to 00000000c7f004fc
[   72.287904] nc4_ili9488 spi0.0: [drm:drm_atomic_add_affected_planes [drm]] Adding all current planes for [CRTC:34:crtc-0] to 00000000c7f004fc
[   72.287975] nc4_ili9488 spi0.0: [drm:drm_atomic_commit [drm]] committing 00000000c7f004fc
[   72.288062] [drm:nc4_mipi_dbi18_pipe_update [nc4_ili9488]] nc4_ili9488: [nc4_mipi_dbi18_pipe_update] pipe_update called
[   72.288072] [drm:nc4_mipi_dbi18_pipe_update [nc4_ili9488]] nc4_ili9488: [nc4_mipi_dbi18_pipe_update] merged damage rect=(320x480+0+0)
[   72.288082] [drm:nc4_mipi_dbi18_fb_dirty [nc4_ili9488]] nc4_ili9488: [nc4_mipi_dbi18_fb_dirty] Dirty framebuffer update: dev=spi0.0 cs=0 rect=(0,0)-(320,480)
[   72.288091] [drm:nc4_mipi_dbi18_fb_dirty [nc4_ili9488]] nc4_ili9488: [nc4_mipi_dbi18_fb_dirty] Full framebuffer update detected.
[   72.288098] [drm:nc4_mipi_dbi18_buf_copy [nc4_ili9488]] nc4_ili9488: [nc4_mipi_dbi18_buf_copy] format=XR24 little-endian (0x34325258) swap=1 clip=(0,0)-(320,480)
[   72.288111] [drm:nc4_mipi_dbi18_buf_copy [nc4_ili9488]] nc4_ili9488: [nc4_mipi_dbi18_buf_copy] Converting from XRGB8888 to 18-bit
[   72.289411] [drm:nc4_mipi_dbi18_fb_dirty [nc4_ili9488]] nc4_ili9488: [nc4_mipi_dbi_set_window_address] dev=spi0 cs=0 xs=0 xe=319 ys=0 ye=479
[   72.289429] [drm:mipi_dbi_typec3_command [drm_mipi_dbi]] cmd=2a, par=00 00 01 3f
[   72.289464] [drm:mipi_dbi_typec3_command [drm_mipi_dbi]] cmd=2b, par=00 00 01 df
[   72.289482] [drm:nc4_mipi_dbi18_fb_dirty [nc4_ili9488]] nc4_ili9488: [nc4_mipi_dbi18_fb_dirty] Writing memory data to device.
[   72.289490] [drm:mipi_dbi_typec3_command [drm_mipi_dbi]] cmd=2c, len=460800
[   72.481925] [drm:nc4_mipi_dbi18_pipe_update [nc4_ili9488]] nc4_ili9488: [nc4_mipi_dbi18_pipe_update] pipe_update done for dev=spi0.0 cs=0
[   72.481965] nc4_ili9488 spi0.0: [drm:drm_atomic_state_default_clear [drm]] Clearing atomic state 00000000c7f004fc
[   72.482076] [drm:drm_mode_object_put.part.0 [drm]] OBJ ID: 31 (5)
[   72.482147] [drm:drm_mode_object_put.part.0 [drm]] OBJ ID: 31 (4)
[   72.482216] [drm:drm_mode_object_put.part.0 [drm]] OBJ ID: 37 (2)
[   72.482285] [drm:drm_mode_object_put.part.0 [drm]] OBJ ID: 36 (3)
[   72.482354] nc4_ili9488 spi0.0: [drm:__drm_atomic_state_free [drm]] Freeing atomic state 00000000c7f004fc
[   72.483059] nc4_ili9488 spi0.0: [drm:drm_atomic_state_init [drm]] Allocated atomic state 00000000c7f004fc
[   72.483180] [drm:drm_mode_object_get [drm]] OBJ ID: 36 (2)
[   72.483251] nc4_ili9488 spi0.0: [drm:drm_atomic_get_plane_state [drm]] Added [PLANE:32:plane-0] 000000002530279b state to 00000000c7f004fc
[   72.483325] [drm:drm_mode_object_get [drm]] OBJ ID: 37 (1)
[   72.483395] nc4_ili9488 spi0.0: [drm:drm_atomic_get_crtc_state [drm]] Added [CRTC:34:crtc-0] 00000000e2363db2 state to 00000000c7f004fc
[   72.483470] nc4_ili9488 spi0.0: [drm:drm_atomic_set_fb_for_plane [drm]] Set [FB:36] for [PLANE:32:plane-0] state 000000002530279b
[   72.483540] [drm:drm_mode_object_get [drm]] OBJ ID: 36 (3)
[   72.483608] [drm:drm_mode_object_put.part.0 [drm]] OBJ ID: 36 (4)
[   72.483677] nc4_ili9488 spi0.0: [drm:drm_atomic_add_affected_connectors [drm]] Adding all current connectors for [CRTC:34:crtc-0] to 00000000c7f004fc
[   72.483751] [drm:drm_mode_object_get [drm]] OBJ ID: 31 (4)
[   72.483819] [drm:drm_mode_object_get [drm]] OBJ ID: 31 (5)
[   72.483887] nc4_ili9488 spi0.0: [drm:drm_atomic_get_connector_state [drm]] Added [CONNECTOR:31:SPI-1] 000000000e82bd11 state to 00000000c7f004fc
[   72.483959] [drm:drm_mode_object_put.part.0 [drm]] OBJ ID: 31 (5)
[   72.484027] nc4_ili9488 spi0.0: [drm:drm_atomic_set_crtc_for_connector [drm]] Link [CONNECTOR:31:SPI-1] state 000000000e82bd11 to [NOCRTC]
[   72.484097] [drm:drm_mode_object_get [drm]] OBJ ID: 31 (4)
[   72.484165] nc4_ili9488 spi0.0: [drm:drm_atomic_set_crtc_for_connector [drm]] Link [CONNECTOR:31:SPI-1] state 000000000e82bd11 to [CRTC:34:crtc-0]
[   72.484236] nc4_ili9488 spi0.0: [drm:drm_atomic_check_only [drm]] checking 00000000c7f004fc
[   72.484311] nc4_ili9488 spi0.0: [drm:drm_atomic_helper_check_modeset [drm_kms_helper]] Updating routing for [CONNECTOR:31:SPI-1]
[   72.484373] nc4_ili9488 spi0.0: [drm:drm_atomic_helper_check_modeset [drm_kms_helper]] [CONNECTOR:31:SPI-1] keeps [ENCODER:35:None-35], now on [CRTC:34:crtc-0]
[   72.484408] nc4_ili9488 spi0.0: [drm:drm_atomic_add_encoder_bridges [drm]] Adding all bridges for [encoder:35:None-35] to 00000000c7f004fc
[   72.484479] nc4_ili9488 spi0.0: [drm:drm_atomic_add_encoder_bridges [drm]] Adding all bridges for [encoder:35:None-35] to 00000000c7f004fc
[   72.484555] nc4_ili9488 spi0.0: [drm:drm_atomic_add_affected_planes [drm]] Adding all current planes for [CRTC:34:crtc-0] to 00000000c7f004fc
[   72.484626] nc4_ili9488 spi0.0: [drm:drm_atomic_commit [drm]] committing 00000000c7f004fc
[   72.484710] [drm:nc4_mipi_dbi18_pipe_update [nc4_ili9488]] nc4_ili9488: [nc4_mipi_dbi18_pipe_update] pipe_update called
[   72.484722] [drm:nc4_mipi_dbi18_pipe_update [nc4_ili9488]] nc4_ili9488: [nc4_mipi_dbi18_pipe_update] merged damage rect=(320x480+0+0)
[   72.484730] [drm:nc4_mipi_dbi18_fb_dirty [nc4_ili9488]] nc4_ili9488: [nc4_mipi_dbi18_fb_dirty] Dirty framebuffer update: dev=spi0.0 cs=0 rect=(0,0)-(320,480)
[   72.484740] [drm:nc4_mipi_dbi18_fb_dirty [nc4_ili9488]] nc4_ili9488: [nc4_mipi_dbi18_fb_dirty] Full framebuffer update detected.
[   72.484747] [drm:nc4_mipi_dbi18_buf_copy [nc4_ili9488]] nc4_ili9488: [nc4_mipi_dbi18_buf_copy] format=XR24 little-endian (0x34325258) swap=1 clip=(0,0)-(320,480)
[   72.484800] [drm:nc4_mipi_dbi18_buf_copy [nc4_ili9488]] nc4_ili9488: [nc4_mipi_dbi18_buf_copy] Converting from XRGB8888 to 18-bit
[   72.486056] [drm:nc4_mipi_dbi18_fb_dirty [nc4_ili9488]] nc4_ili9488: [nc4_mipi_dbi_set_window_address] dev=spi0 cs=0 xs=0 xe=319 ys=0 ye=479
[   72.486068] [drm:mipi_dbi_typec3_command [drm_mipi_dbi]] cmd=2a, par=00 00 01 3f
[   72.486101] [drm:mipi_dbi_typec3_command [drm_mipi_dbi]] cmd=2b, par=00 00 01 df
[   72.486120] [drm:nc4_mipi_dbi18_fb_dirty [nc4_ili9488]] nc4_ili9488: [nc4_mipi_dbi18_fb_dirty] Writing memory data to device.
[   72.486128] [drm:mipi_dbi_typec3_command [drm_mipi_dbi]] cmd=2c, len=460800
[   72.678479] [drm:nc4_mipi_dbi18_pipe_update [nc4_ili9488]] nc4_ili9488: [nc4_mipi_dbi18_pipe_update] pipe_update done for dev=spi0.0 cs=0
[   72.678516] nc4_ili9488 spi0.0: [drm:drm_atomic_state_default_clear [drm]] Clearing atomic state 00000000c7f004fc
[   72.678631] [drm:drm_mode_object_put.part.0 [drm]] OBJ ID: 31 (5)
[   72.678702] [drm:drm_mode_object_put.part.0 [drm]] OBJ ID: 31 (4)
[   72.678772] [drm:drm_mode_object_put.part.0 [drm]] OBJ ID: 37 (2)
[   72.678840] [drm:drm_mode_object_put.part.0 [drm]] OBJ ID: 36 (3)
[   72.678909] nc4_ili9488 spi0.0: [drm:__drm_atomic_state_free [drm]] Freeing atomic state 00000000c7f004fc
[   72.681166] nc4_ili9488 spi0.0: [drm:drm_atomic_state_init [drm]] Allocated atomic state 00000000c7f004fc
[   72.681309] [drm:drm_mode_object_get [drm]] OBJ ID: 36 (2)
[   72.681383] nc4_ili9488 spi0.0: [drm:drm_atomic_get_plane_state [drm]] Added [PLANE:32:plane-0] 00000000ac8bb959 state to 00000000c7f004fc
[   72.681459] [drm:drm_mode_object_get [drm]] OBJ ID: 37 (1)
[   72.681529] nc4_ili9488 spi0.0: [drm:drm_atomic_get_crtc_state [drm]] Added [CRTC:34:crtc-0] 000000006ab21d9d state to 00000000c7f004fc
[   72.681601] [drm:drm_mode_object_get [drm]] OBJ ID: 38 (1)
[   72.681672] nc4_ili9488 spi0.0: [drm:drm_atomic_check_only [drm]] checking 00000000c7f004fc
[   72.681754] nc4_ili9488 spi0.0: [drm:drm_atomic_add_affected_planes [drm]] Adding all current planes for [CRTC:34:crtc-0] to 00000000c7f004fc
[   72.681829] nc4_ili9488 spi0.0: [drm:drm_atomic_commit [drm]] committing 00000000c7f004fc
[   72.681913] [drm:nc4_mipi_dbi18_pipe_update [nc4_ili9488]] nc4_ili9488: [nc4_mipi_dbi18_pipe_update] pipe_update called
[   72.681926] [drm:nc4_mipi_dbi18_pipe_update [nc4_ili9488]] nc4_ili9488: [nc4_mipi_dbi18_pipe_update] merged damage rect=(320x480+0+0)
[   72.681936] [drm:nc4_mipi_dbi18_fb_dirty [nc4_ili9488]] nc4_ili9488: [nc4_mipi_dbi18_fb_dirty] Dirty framebuffer update: dev=spi0.0 cs=0 rect=(0,0)-(320,480)
[   72.681946] [drm:nc4_mipi_dbi18_fb_dirty [nc4_ili9488]] nc4_ili9488: [nc4_mipi_dbi18_fb_dirty] Full framebuffer update detected.
[   72.681954] [drm:nc4_mipi_dbi18_buf_copy [nc4_ili9488]] nc4_ili9488: [nc4_mipi_dbi18_buf_copy] format=XR24 little-endian (0x34325258) swap=1 clip=(0,0)-(320,480)
[   72.681967] [drm:nc4_mipi_dbi18_buf_copy [nc4_ili9488]] nc4_ili9488: [nc4_mipi_dbi18_buf_copy] Converting from XRGB8888 to 18-bit
[   72.683200] [drm:nc4_mipi_dbi18_fb_dirty [nc4_ili9488]] nc4_ili9488: [nc4_mipi_dbi_set_window_address] dev=spi0 cs=0 xs=0 xe=319 ys=0 ye=479
[   72.683212] [drm:mipi_dbi_typec3_command [drm_mipi_dbi]] cmd=2a, par=00 00 01 3f
[   72.683246] [drm:mipi_dbi_typec3_command [drm_mipi_dbi]] cmd=2b, par=00 00 01 df
[   72.683266] [drm:nc4_mipi_dbi18_fb_dirty [nc4_ili9488]] nc4_ili9488: [nc4_mipi_dbi18_fb_dirty] Writing memory data to device.
[   72.683274] [drm:mipi_dbi_typec3_command [drm_mipi_dbi]] cmd=2c, len=460800
[   72.684855] nc4_ili9488 spi0.1: [drm:drm_atomic_state_init [drm]] Allocated atomic state 00000000341b1cd2
[   72.685043] [drm:drm_mode_object_get [drm]] OBJ ID: 36 (2)
[   72.685113] nc4_ili9488 spi0.1: [drm:drm_atomic_get_plane_state [drm]] Added [PLANE:32:plane-0] 0000000046582104 state to 00000000341b1cd2
[   72.685188] [drm:drm_mode_object_get [drm]] OBJ ID: 37 (1)
[   72.685257] nc4_ili9488 spi0.1: [drm:drm_atomic_get_crtc_state [drm]] Added [CRTC:34:crtc-0] 00000000c191c382 state to 00000000341b1cd2
[   72.685332] nc4_ili9488 spi0.1: [drm:drm_atomic_set_fb_for_plane [drm]] Set [FB:36] for [PLANE:32:plane-0] state 0000000046582104
[   72.685402] [drm:drm_mode_object_get [drm]] OBJ ID: 36 (3)
[   72.685470] [drm:drm_mode_object_put.part.0 [drm]] OBJ ID: 36 (4)
[   72.685540] nc4_ili9488 spi0.1: [drm:drm_atomic_add_affected_connectors [drm]] Adding all current connectors for [CRTC:34:crtc-0] to 00000000341b1cd2
[   72.685613] [drm:drm_mode_object_get [drm]] OBJ ID: 31 (4)
[   72.685681] [drm:drm_mode_object_get [drm]] OBJ ID: 31 (5)
[   72.685750] nc4_ili9488 spi0.1: [drm:drm_atomic_get_connector_state [drm]] Added [CONNECTOR:31:SPI-2] 0000000022b60a10 state to 00000000341b1cd2
[   72.685821] [drm:drm_mode_object_put.part.0 [drm]] OBJ ID: 31 (5)
[   72.685889] nc4_ili9488 spi0.1: [drm:drm_atomic_set_crtc_for_connector [drm]] Link [CONNECTOR:31:SPI-2] state 0000000022b60a10 to [NOCRTC]
[   72.685959] [drm:drm_mode_object_get [drm]] OBJ ID: 31 (4)
[   72.686028] nc4_ili9488 spi0.1: [drm:drm_atomic_set_crtc_for_connector [drm]] Link [CONNECTOR:31:SPI-2] state 0000000022b60a10 to [CRTC:34:crtc-0]
[   72.686099] nc4_ili9488 spi0.1: [drm:drm_atomic_check_only [drm]] checking 00000000341b1cd2
[   72.686175] nc4_ili9488 spi0.1: [drm:drm_atomic_helper_check_modeset [drm_kms_helper]] Updating routing for [CONNECTOR:31:SPI-2]
[   72.686254] nc4_ili9488 spi0.1: [drm:drm_atomic_helper_check_modeset [drm_kms_helper]] [CONNECTOR:31:SPI-2] keeps [ENCODER:35:None-35], now on [CRTC:34:crtc-0]
[   72.686289] nc4_ili9488 spi0.1: [drm:drm_atomic_add_encoder_bridges [drm]] Adding all bridges for [encoder:35:None-35] to 00000000341b1cd2
[   72.686361] nc4_ili9488 spi0.1: [drm:drm_atomic_add_encoder_bridges [drm]] Adding all bridges for [encoder:35:None-35] to 00000000341b1cd2
[   72.686438] nc4_ili9488 spi0.1: [drm:drm_atomic_add_affected_planes [drm]] Adding all current planes for [CRTC:34:crtc-0] to 00000000341b1cd2
[   72.686509] nc4_ili9488 spi0.1: [drm:drm_atomic_commit [drm]] committing 00000000341b1cd2
[   72.686596] [drm:nc4_mipi_dbi18_pipe_update [nc4_ili9488]] nc4_ili9488: [nc4_mipi_dbi18_pipe_update] pipe_update called
[   72.686608] [drm:nc4_mipi_dbi18_pipe_update [nc4_ili9488]] nc4_ili9488: [nc4_mipi_dbi18_pipe_update] merged damage rect=(320x480+0+0)
[   72.686617] [drm:nc4_mipi_dbi18_fb_dirty [nc4_ili9488]] nc4_ili9488: [nc4_mipi_dbi18_fb_dirty] Dirty framebuffer update: dev=spi0.1 cs=1 rect=(0,0)-(320,480)
[   72.686626] [drm:nc4_mipi_dbi18_fb_dirty [nc4_ili9488]] nc4_ili9488: [nc4_mipi_dbi18_fb_dirty] Full framebuffer update detected.
[   72.686633] [drm:nc4_mipi_dbi18_buf_copy [nc4_ili9488]] nc4_ili9488: [nc4_mipi_dbi18_buf_copy] format=XR24 little-endian (0x34325258) swap=1 clip=(0,0)-(320,480)
[   72.686646] [drm:nc4_mipi_dbi18_buf_copy [nc4_ili9488]] nc4_ili9488: [nc4_mipi_dbi18_buf_copy] Converting from XRGB8888 to 18-bit
[   72.687878] [drm:nc4_mipi_dbi18_fb_dirty [nc4_ili9488]] nc4_ili9488: [nc4_mipi_dbi_set_window_address] dev=spi0 cs=0 xs=0 xe=319 ys=0 ye=479
[   72.687889] [drm:mipi_dbi_typec3_command [drm_mipi_dbi]] cmd=2a, par=00 00 01 3f
[   72.875628] [drm:nc4_mipi_dbi18_pipe_update [nc4_ili9488]] nc4_ili9488: [nc4_mipi_dbi18_pipe_update] pipe_update done for dev=spi0.0 cs=0
[   72.875666] [drm:drm_mode_object_put.part.0 [drm]] OBJ ID: 38 (2)
[   72.875780] nc4_ili9488 spi0.0: [drm:drm_atomic_state_default_clear [drm]] Clearing atomic state 00000000c7f004fc
[   72.875853] [drm:drm_mode_object_put.part.0 [drm]] OBJ ID: 37 (2)
[   72.875923] [drm:drm_mode_object_put.part.0 [drm]] OBJ ID: 36 (3)
[   72.875992] nc4_ili9488 spi0.0: [drm:__drm_atomic_state_free [drm]] Freeing atomic state 00000000c7f004fc
[   72.876334] nc4_ili9488 spi0.0: [drm:drm_atomic_state_init [drm]] Allocated atomic state 00000000c7f004fc
[   72.876418] [drm:drm_mode_object_get [drm]] OBJ ID: 36 (2)
[   72.876488] nc4_ili9488 spi0.0: [drm:drm_atomic_get_plane_state [drm]] Added [PLANE:32:plane-0] 000000002530279b state to 00000000c7f004fc
[   72.876560] [drm:drm_mode_object_get [drm]] OBJ ID: 37 (1)
[   72.876629] nc4_ili9488 spi0.0: [drm:drm_atomic_get_crtc_state [drm]] Added [CRTC:34:crtc-0] 00000000e2363db2 state to 00000000c7f004fc
[   72.876699] [drm:drm_mode_object_get [drm]] OBJ ID: 39 (1)
[   72.876809] nc4_ili9488 spi0.0: [drm:drm_atomic_check_only [drm]] checking 00000000c7f004fc
[   72.876850] [drm:mipi_dbi_typec3_command [drm_mipi_dbi]] cmd=2b, par=00 00 01 df
[   72.876882] [drm:nc4_mipi_dbi18_fb_dirty [nc4_ili9488]] nc4_ili9488: [nc4_mipi_dbi18_fb_dirty] Writing memory data to device.
[   72.876892] [drm:mipi_dbi_typec3_command [drm_mipi_dbi]] cmd=2c, len=460800
[   72.876898] nc4_ili9488 spi0.0: [drm:drm_atomic_add_affected_planes [drm]] Adding all current planes for [CRTC:34:crtc-0] to 00000000c7f004fc
[   72.876979] nc4_ili9488 spi0.0: [drm:drm_atomic_commit [drm]] committing 00000000c7f004fc
[   72.877106] [drm:nc4_mipi_dbi18_pipe_update [nc4_ili9488]] nc4_ili9488: [nc4_mipi_dbi18_pipe_update] pipe_update called
[   72.877127] [drm:nc4_mipi_dbi18_pipe_update [nc4_ili9488]] nc4_ili9488: [nc4_mipi_dbi18_pipe_update] merged damage rect=(320x480+0+0)
[   72.877138] [drm:nc4_mipi_dbi18_fb_dirty [nc4_ili9488]] nc4_ili9488: [nc4_mipi_dbi18_fb_dirty] Dirty framebuffer update: dev=spi0.0 cs=0 rect=(0,0)-(320,480)
[   72.877148] [drm:nc4_mipi_dbi18_fb_dirty [nc4_ili9488]] nc4_ili9488: [nc4_mipi_dbi18_fb_dirty] Full framebuffer update detected.
[   72.877156] [drm:nc4_mipi_dbi18_buf_copy [nc4_ili9488]] nc4_ili9488: [nc4_mipi_dbi18_buf_copy] format=XR24 little-endian (0x34325258) swap=1 clip=(0,0)-(320,480)
[   72.877172] [drm:nc4_mipi_dbi18_buf_copy [nc4_ili9488]] nc4_ili9488: [nc4_mipi_dbi18_buf_copy] Converting from XRGB8888 to 18-bit
[   72.878425] [drm:nc4_mipi_dbi18_fb_dirty [nc4_ili9488]] nc4_ili9488: [nc4_mipi_dbi_set_window_address] dev=spi0 cs=0 xs=0 xe=319 ys=0 ye=479
[   72.878437] [drm:mipi_dbi_typec3_command [drm_mipi_dbi]] cmd=2a, par=00 00 01 3f
[   73.069649] [drm:nc4_mipi_dbi18_pipe_update [nc4_ili9488]] nc4_ili9488: [nc4_mipi_dbi18_pipe_update] pipe_update done for dev=spi0.1 cs=1
[   73.069691] nc4_ili9488 spi0.1: [drm:drm_atomic_state_default_clear [drm]] Clearing atomic state 00000000341b1cd2
[   73.069820] [drm:drm_mode_object_put.part.0 [drm]] OBJ ID: 31 (5)
[   73.069892] [drm:drm_mode_object_put.part.0 [drm]] OBJ ID: 31 (4)
[   73.069962] [drm:drm_mode_object_put.part.0 [drm]] OBJ ID: 37 (2)
[   73.070032] [drm:drm_mode_object_put.part.0 [drm]] OBJ ID: 36 (3)
[   73.070100] nc4_ili9488 spi0.1: [drm:__drm_atomic_state_free [drm]] Freeing atomic state 00000000341b1cd2
[   73.070178] nc4_ili9488 spi0.1: [drm:drm_atomic_state_init [drm]] Allocated atomic state 00000000341b1cd2
[   73.070250] [drm:drm_mode_object_get [drm]] OBJ ID: 36 (2)
[   73.070318] nc4_ili9488 spi0.1: [drm:drm_atomic_get_plane_state [drm]] Added [PLANE:32:plane-0] 000000007f5ae4de state to 00000000341b1cd2
[   73.070390] [drm:drm_mode_object_get [drm]] OBJ ID: 37 (1)
[   73.070458] nc4_ili9488 spi0.1: [drm:drm_atomic_get_crtc_state [drm]] Added [CRTC:34:crtc-0] 000000000abf8b6b state to 00000000341b1cd2
[   73.070533] nc4_ili9488 spi0.1: [drm:drm_atomic_set_fb_for_plane [drm]] Set [FB:36] for [PLANE:32:plane-0] state 000000007f5ae4de
[   73.070603] [drm:drm_mode_object_get [drm]] OBJ ID: 36 (3)
[   73.070671] [drm:drm_mode_object_put.part.0 [drm]] OBJ ID: 36 (4)
[   73.070740] nc4_ili9488 spi0.1: [drm:drm_atomic_add_affected_connectors [drm]] Adding all current connectors for [CRTC:34:crtc-0] to 00000000341b1cd2
[   73.070812] [drm:drm_mode_object_get [drm]] OBJ ID: 31 (4)
[   73.070880] [drm:drm_mode_object_get [drm]] OBJ ID: 31 (5)
[   73.070948] nc4_ili9488 spi0.1: [drm:drm_atomic_get_connector_state [drm]] Added [CONNECTOR:31:SPI-2] 000000001dcea585 state to 00000000341b1cd2
[   73.071019] [drm:drm_mode_object_put.part.0 [drm]] OBJ ID: 31 (5)
[   73.071087] nc4_ili9488 spi0.1: [drm:drm_atomic_set_crtc_for_connector [drm]] Link [CONNECTOR:31:SPI-2] state 000000001dcea585 to [NOCRTC]
[   73.071157] [drm:drm_mode_object_get [drm]] OBJ ID: 31 (4)
[   73.071225] nc4_ili9488 spi0.1: [drm:drm_atomic_set_crtc_for_connector [drm]] Link [CONNECTOR:31:SPI-2] state 000000001dcea585 to [CRTC:34:crtc-0]
[   73.071296] nc4_ili9488 spi0.1: [drm:drm_atomic_check_only [drm]] checking 00000000341b1cd2
[   73.071371] nc4_ili9488 spi0.1: [drm:drm_atomic_helper_check_modeset [drm_kms_helper]] Updating routing for [CONNECTOR:31:SPI-2]
[   73.071430] nc4_ili9488 spi0.1: [drm:drm_atomic_helper_check_modeset [drm_kms_helper]] [CONNECTOR:31:SPI-2] keeps [ENCODER:35:None-35], now on [CRTC:34:crtc-0]
[   73.071465] nc4_ili9488 spi0.1: [drm:drm_atomic_add_encoder_bridges [drm]] Adding all bridges for [encoder:35:None-35] to 00000000341b1cd2
[   73.071536] nc4_ili9488 spi0.1: [drm:drm_atomic_add_encoder_bridges [drm]] Adding all bridges for [encoder:35:None-35] to 00000000341b1cd2
[   73.071612] nc4_ili9488 spi0.1: [drm:drm_atomic_add_affected_planes [drm]] Adding all current planes for [CRTC:34:crtc-0] to 00000000341b1cd2
[   73.071683] nc4_ili9488 spi0.1: [drm:drm_atomic_commit [drm]] committing 00000000341b1cd2
[   73.071766] [drm:nc4_mipi_dbi18_pipe_update [nc4_ili9488]] nc4_ili9488: [nc4_mipi_dbi18_pipe_update] pipe_update called
[   73.071776] [drm:nc4_mipi_dbi18_pipe_update [nc4_ili9488]] nc4_ili9488: [nc4_mipi_dbi18_pipe_update] merged damage rect=(320x480+0+0)
[   73.071784] [drm:nc4_mipi_dbi18_fb_dirty [nc4_ili9488]] nc4_ili9488: [nc4_mipi_dbi18_fb_dirty] Dirty framebuffer update: dev=spi0.1 cs=1 rect=(0,0)-(320,480)
[   73.071794] [drm:nc4_mipi_dbi18_fb_dirty [nc4_ili9488]] nc4_ili9488: [nc4_mipi_dbi18_fb_dirty] Full framebuffer update detected.
[   73.071801] [drm:nc4_mipi_dbi18_buf_copy [nc4_ili9488]] nc4_ili9488: [nc4_mipi_dbi18_buf_copy] format=XR24 little-endian (0x34325258) swap=1 clip=(0,0)-(320,480)
[   73.071813] [drm:nc4_mipi_dbi18_buf_copy [nc4_ili9488]] nc4_ili9488: [nc4_mipi_dbi18_buf_copy] Converting from XRGB8888 to 18-bit
[   73.072805] [drm:mipi_dbi_typec3_command [drm_mipi_dbi]] cmd=2b, par=00 00 01 df
[   73.072832] [drm:nc4_mipi_dbi18_fb_dirty [nc4_ili9488]] nc4_ili9488: [nc4_mipi_dbi18_fb_dirty] Writing memory data to device.
[   73.072840] [drm:mipi_dbi_typec3_command [drm_mipi_dbi]] cmd=2c, len=460800
[   73.073429] [drm:nc4_mipi_dbi18_fb_dirty [nc4_ili9488]] nc4_ili9488: [nc4_mipi_dbi_set_window_address] dev=spi0 cs=0 xs=0 xe=319 ys=0 ye=479
[   73.073446] [drm:mipi_dbi_typec3_command [drm_mipi_dbi]] cmd=2a, par=00 00 01 3f
[   73.265164] [drm:nc4_mipi_dbi18_pipe_update [nc4_ili9488]] nc4_ili9488: [nc4_mipi_dbi18_pipe_update] pipe_update done for dev=spi0.0 cs=0
[   73.265200] [drm:drm_mode_object_put.part.0 [drm]] OBJ ID: 39 (2)
[   73.265314] nc4_ili9488 spi0.0: [drm:drm_atomic_state_default_clear [drm]] Clearing atomic state 00000000c7f004fc
[   73.265387] [drm:drm_mode_object_put.part.0 [drm]] OBJ ID: 37 (2)
[   73.265457] [drm:drm_mode_object_put.part.0 [drm]] OBJ ID: 36 (3)
[   73.265526] [drm:drm_mode_object_put.part.0 [drm]] OBJ ID: 38 (1)
[   73.265598] nc4_ili9488 spi0.0: [drm:__drm_atomic_state_free [drm]] Freeing atomic state 00000000c7f004fc
[   73.265695] [drm:mipi_dbi_typec3_command [drm_mipi_dbi]] cmd=2b, par=00 00 01 df
[   73.265722] [drm:nc4_mipi_dbi18_fb_dirty [nc4_ili9488]] nc4_ili9488: [nc4_mipi_dbi18_fb_dirty] Writing memory data to device.
[   73.265730] [drm:mipi_dbi_typec3_command [drm_mipi_dbi]] cmd=2c, len=460800
[   73.457981] [drm:nc4_mipi_dbi18_pipe_update [nc4_ili9488]] nc4_ili9488: [nc4_mipi_dbi18_pipe_update] pipe_update done for dev=spi0.1 cs=1
[   73.458018] nc4_ili9488 spi0.1: [drm:drm_atomic_state_default_clear [drm]] Clearing atomic state 00000000341b1cd2
[   73.458126] [drm:drm_mode_object_put.part.0 [drm]] OBJ ID: 31 (5)
[   73.458196] [drm:drm_mode_object_put.part.0 [drm]] OBJ ID: 31 (4)
[   73.458265] [drm:drm_mode_object_put.part.0 [drm]] OBJ ID: 37 (2)
[   73.458334] [drm:drm_mode_object_put.part.0 [drm]] OBJ ID: 36 (3)
[   73.458402] nc4_ili9488 spi0.1: [drm:__drm_atomic_state_free [drm]] Freeing atomic state 00000000341b1cd2
[   73.459087] nc4_ili9488 spi0.1: [drm:drm_atomic_state_init [drm]] Allocated atomic state 00000000341b1cd2
[   73.459197] [drm:drm_mode_object_get [drm]] OBJ ID: 36 (2)
[   73.459267] nc4_ili9488 spi0.1: [drm:drm_atomic_get_plane_state [drm]] Added [PLANE:32:plane-0] 0000000046582104 state to 00000000341b1cd2
[   73.459339] [drm:drm_mode_object_get [drm]] OBJ ID: 37 (1)
[   73.459409] nc4_ili9488 spi0.1: [drm:drm_atomic_get_crtc_state [drm]] Added [CRTC:34:crtc-0] 00000000c191c382 state to 00000000341b1cd2
[   73.459483] nc4_ili9488 spi0.1: [drm:drm_atomic_set_fb_for_plane [drm]] Set [FB:36] for [PLANE:32:plane-0] state 0000000046582104
[   73.459553] [drm:drm_mode_object_get [drm]] OBJ ID: 36 (3)
[   73.459621] [drm:drm_mode_object_put.part.0 [drm]] OBJ ID: 36 (4)
[   73.459690] nc4_ili9488 spi0.1: [drm:drm_atomic_add_affected_connectors [drm]] Adding all current connectors for [CRTC:34:crtc-0] to 00000000341b1cd2
[   73.459763] [drm:drm_mode_object_get [drm]] OBJ ID: 31 (4)
[   73.459831] [drm:drm_mode_object_get [drm]] OBJ ID: 31 (5)
[   73.459899] nc4_ili9488 spi0.1: [drm:drm_atomic_get_connector_state [drm]] Added [CONNECTOR:31:SPI-2] 00000000acc6fd41 state to 00000000341b1cd2
[   73.459970] [drm:drm_mode_object_put.part.0 [drm]] OBJ ID: 31 (5)
[   73.460038] nc4_ili9488 spi0.1: [drm:drm_atomic_set_crtc_for_connector [drm]] Link [CONNECTOR:31:SPI-2] state 00000000acc6fd41 to [NOCRTC]
[   73.460108] [drm:drm_mode_object_get [drm]] OBJ ID: 31 (4)
[   73.460176] nc4_ili9488 spi0.1: [drm:drm_atomic_set_crtc_for_connector [drm]] Link [CONNECTOR:31:SPI-2] state 00000000acc6fd41 to [CRTC:34:crtc-0]
[   73.460247] nc4_ili9488 spi0.1: [drm:drm_atomic_check_only [drm]] checking 00000000341b1cd2
[   73.460323] nc4_ili9488 spi0.1: [drm:drm_atomic_helper_check_modeset [drm_kms_helper]] Updating routing for [CONNECTOR:31:SPI-2]
[   73.460387] nc4_ili9488 spi0.1: [drm:drm_atomic_helper_check_modeset [drm_kms_helper]] [CONNECTOR:31:SPI-2] keeps [ENCODER:35:None-35], now on [CRTC:34:crtc-0]
[   73.460422] nc4_ili9488 spi0.1: [drm:drm_atomic_add_encoder_bridges [drm]] Adding all bridges for [encoder:35:None-35] to 00000000341b1cd2
[   73.460494] nc4_ili9488 spi0.1: [drm:drm_atomic_add_encoder_bridges [drm]] Adding all bridges for [encoder:35:None-35] to 00000000341b1cd2
[   73.460570] nc4_ili9488 spi0.1: [drm:drm_atomic_add_affected_planes [drm]] Adding all current planes for [CRTC:34:crtc-0] to 00000000341b1cd2
[   73.460641] nc4_ili9488 spi0.1: [drm:drm_atomic_commit [drm]] committing 00000000341b1cd2
[   73.460766] [drm:nc4_mipi_dbi18_pipe_update [nc4_ili9488]] nc4_ili9488: [nc4_mipi_dbi18_pipe_update] pipe_update called
[   73.460782] [drm:nc4_mipi_dbi18_pipe_update [nc4_ili9488]] nc4_ili9488: [nc4_mipi_dbi18_pipe_update] merged damage rect=(320x480+0+0)
[   73.460791] [drm:nc4_mipi_dbi18_fb_dirty [nc4_ili9488]] nc4_ili9488: [nc4_mipi_dbi18_fb_dirty] Dirty framebuffer update: dev=spi0.1 cs=1 rect=(0,0)-(320,480)
[   73.460800] [drm:nc4_mipi_dbi18_fb_dirty [nc4_ili9488]] nc4_ili9488: [nc4_mipi_dbi18_fb_dirty] Full framebuffer update detected.
[   73.460807] [drm:nc4_mipi_dbi18_buf_copy [nc4_ili9488]] nc4_ili9488: [nc4_mipi_dbi18_buf_copy] format=XR24 little-endian (0x34325258) swap=1 clip=(0,0)-(320,480)
[   73.460821] [drm:nc4_mipi_dbi18_buf_copy [nc4_ili9488]] nc4_ili9488: [nc4_mipi_dbi18_buf_copy] Converting from XRGB8888 to 18-bit
[   73.462079] [drm:nc4_mipi_dbi18_fb_dirty [nc4_ili9488]] nc4_ili9488: [nc4_mipi_dbi_set_window_address] dev=spi0 cs=0 xs=0 xe=319 ys=0 ye=479
[   73.462091] [drm:mipi_dbi_typec3_command [drm_mipi_dbi]] cmd=2a, par=00 00 01 3f
[   73.462127] [drm:mipi_dbi_typec3_command [drm_mipi_dbi]] cmd=2b, par=00 00 01 df
[   73.462145] [drm:nc4_mipi_dbi18_fb_dirty [nc4_ili9488]] nc4_ili9488: [nc4_mipi_dbi18_fb_dirty] Writing memory data to device.
[   73.462152] [drm:mipi_dbi_typec3_command [drm_mipi_dbi]] cmd=2c, len=460800
[   73.654519] [drm:nc4_mipi_dbi18_pipe_update [nc4_ili9488]] nc4_ili9488: [nc4_mipi_dbi18_pipe_update] pipe_update done for dev=spi0.1 cs=1
[   73.654559] nc4_ili9488 spi0.1: [drm:drm_atomic_state_default_clear [drm]] Clearing atomic state 00000000341b1cd2
[   73.654671] [drm:drm_mode_object_put.part.0 [drm]] OBJ ID: 31 (5)
[   73.654740] [drm:drm_mode_object_put.part.0 [drm]] OBJ ID: 31 (4)
[   73.654810] [drm:drm_mode_object_put.part.0 [drm]] OBJ ID: 37 (2)
[   73.654879] [drm:drm_mode_object_put.part.0 [drm]] OBJ ID: 36 (3)
[   73.654947] nc4_ili9488 spi0.1: [drm:__drm_atomic_state_free [drm]] Freeing atomic state 00000000341b1cd2
[   73.656676] nc4_ili9488 spi0.1: [drm:drm_atomic_state_init [drm]] Allocated atomic state 00000000341b1cd2
[   73.656833] [drm:drm_mode_object_get [drm]] OBJ ID: 36 (2)
[   73.656905] nc4_ili9488 spi0.1: [drm:drm_atomic_get_plane_state [drm]] Added [PLANE:32:plane-0] 000000007f5ae4de state to 00000000341b1cd2
[   73.656980] [drm:drm_mode_object_get [drm]] OBJ ID: 37 (1)
[   73.657050] nc4_ili9488 spi0.1: [drm:drm_atomic_get_crtc_state [drm]] Added [CRTC:34:crtc-0] 000000000abf8b6b state to 00000000341b1cd2
[   73.657122] [drm:drm_mode_object_get [drm]] OBJ ID: 38 (1)
[   73.657191] nc4_ili9488 spi0.1: [drm:drm_atomic_check_only [drm]] checking 00000000341b1cd2
[   73.657274] nc4_ili9488 spi0.1: [drm:drm_atomic_add_affected_planes [drm]] Adding all current planes for [CRTC:34:crtc-0] to 00000000341b1cd2
[   73.657347] nc4_ili9488 spi0.1: [drm:drm_atomic_commit [drm]] committing 00000000341b1cd2
[   73.657434] [drm:nc4_mipi_dbi18_pipe_update [nc4_ili9488]] nc4_ili9488: [nc4_mipi_dbi18_pipe_update] pipe_update called
[   73.657448] [drm:nc4_mipi_dbi18_pipe_update [nc4_ili9488]] nc4_ili9488: [nc4_mipi_dbi18_pipe_update] merged damage rect=(320x480+0+0)
[   73.657457] [drm:nc4_mipi_dbi18_fb_dirty [nc4_ili9488]] nc4_ili9488: [nc4_mipi_dbi18_fb_dirty] Dirty framebuffer update: dev=spi0.1 cs=1 rect=(0,0)-(320,480)
[   73.657467] [drm:nc4_mipi_dbi18_fb_dirty [nc4_ili9488]] nc4_ili9488: [nc4_mipi_dbi18_fb_dirty] Full framebuffer update detected.
[   73.657475] [drm:nc4_mipi_dbi18_buf_copy [nc4_ili9488]] nc4_ili9488: [nc4_mipi_dbi18_buf_copy] format=XR24 little-endian (0x34325258) swap=1 clip=(0,0)-(320,480)
[   73.657488] [drm:nc4_mipi_dbi18_buf_copy [nc4_ili9488]] nc4_ili9488: [nc4_mipi_dbi18_buf_copy] Converting from XRGB8888 to 18-bit
[   73.658724] [drm:nc4_mipi_dbi18_fb_dirty [nc4_ili9488]] nc4_ili9488: [nc4_mipi_dbi_set_window_address] dev=spi0 cs=0 xs=0 xe=319 ys=0 ye=479
[   73.658736] [drm:mipi_dbi_typec3_command [drm_mipi_dbi]] cmd=2a, par=00 00 01 3f
[   73.658771] [drm:mipi_dbi_typec3_command [drm_mipi_dbi]] cmd=2b, par=00 00 01 df
[   73.658790] [drm:nc4_mipi_dbi18_fb_dirty [nc4_ili9488]] nc4_ili9488: [nc4_mipi_dbi18_fb_dirty] Writing memory data to device.
[   73.658798] [drm:mipi_dbi_typec3_command [drm_mipi_dbi]] cmd=2c, len=460800
[   73.851127] [drm:nc4_mipi_dbi18_pipe_update [nc4_ili9488]] nc4_ili9488: [nc4_mipi_dbi18_pipe_update] pipe_update done for dev=spi0.1 cs=1
[   73.851167] [drm:drm_mode_object_put.part.0 [drm]] OBJ ID: 38 (2)
[   73.851279] nc4_ili9488 spi0.1: [drm:drm_atomic_state_default_clear [drm]] Clearing atomic state 00000000341b1cd2
[   73.851352] [drm:drm_mode_object_put.part.0 [drm]] OBJ ID: 37 (2)
[   73.851423] [drm:drm_mode_object_put.part.0 [drm]] OBJ ID: 36 (3)
[   73.851492] nc4_ili9488 spi0.1: [drm:__drm_atomic_state_free [drm]] Freeing atomic state 00000000341b1cd2
[   73.851881] nc4_ili9488 spi0.1: [drm:drm_atomic_state_init [drm]] Allocated atomic state 00000000341b1cd2
[   73.851981] [drm:drm_mode_object_get [drm]] OBJ ID: 36 (2)
[   73.852052] nc4_ili9488 spi0.1: [drm:drm_atomic_get_plane_state [drm]] Added [PLANE:32:plane-0] 0000000046582104 state to 00000000341b1cd2
[   73.852125] [drm:drm_mode_object_get [drm]] OBJ ID: 37 (1)
[   73.852195] nc4_ili9488 spi0.1: [drm:drm_atomic_get_crtc_state [drm]] Added [CRTC:34:crtc-0] 00000000c191c382 state to 00000000341b1cd2
[   73.852266] [drm:drm_mode_object_get [drm]] OBJ ID: 39 (1)
[   73.852336] nc4_ili9488 spi0.1: [drm:drm_atomic_check_only [drm]] checking 00000000341b1cd2
[   73.852418] nc4_ili9488 spi0.1: [drm:drm_atomic_add_affected_planes [drm]] Adding all current planes for [CRTC:34:crtc-0] to 00000000341b1cd2
[   73.852492] nc4_ili9488 spi0.1: [drm:drm_atomic_commit [drm]] committing 00000000341b1cd2
[   73.852576] [drm:nc4_mipi_dbi18_pipe_update [nc4_ili9488]] nc4_ili9488: [nc4_mipi_dbi18_pipe_update] pipe_update called
[   73.852589] [drm:nc4_mipi_dbi18_pipe_update [nc4_ili9488]] nc4_ili9488: [nc4_mipi_dbi18_pipe_update] merged damage rect=(320x480+0+0)
[   73.852599] [drm:nc4_mipi_dbi18_fb_dirty [nc4_ili9488]] nc4_ili9488: [nc4_mipi_dbi18_fb_dirty] Dirty framebuffer update: dev=spi0.1 cs=1 rect=(0,0)-(320,480)
[   73.852608] [drm:nc4_mipi_dbi18_fb_dirty [nc4_ili9488]] nc4_ili9488: [nc4_mipi_dbi18_fb_dirty] Full framebuffer update detected.
[   73.852616] [drm:nc4_mipi_dbi18_buf_copy [nc4_ili9488]] nc4_ili9488: [nc4_mipi_dbi18_buf_copy] format=XR24 little-endian (0x34325258) swap=1 clip=(0,0)-(320,480)
[   73.852629] [drm:nc4_mipi_dbi18_buf_copy [nc4_ili9488]] nc4_ili9488: [nc4_mipi_dbi18_buf_copy] Converting from XRGB8888 to 18-bit
[   73.853862] [drm:nc4_mipi_dbi18_fb_dirty [nc4_ili9488]] nc4_ili9488: [nc4_mipi_dbi_set_window_address] dev=spi0 cs=0 xs=0 xe=319 ys=0 ye=479
[   73.853875] [drm:mipi_dbi_typec3_command [drm_mipi_dbi]] cmd=2a, par=00 00 01 3f
[   73.853906] [drm:mipi_dbi_typec3_command [drm_mipi_dbi]] cmd=2b, par=00 00 01 df
[   73.853924] [drm:nc4_mipi_dbi18_fb_dirty [nc4_ili9488]] nc4_ili9488: [nc4_mipi_dbi18_fb_dirty] Writing memory data to device.
[   73.853932] [drm:mipi_dbi_typec3_command [drm_mipi_dbi]] cmd=2c, len=460800
[   74.046225] [drm:nc4_mipi_dbi18_pipe_update [nc4_ili9488]] nc4_ili9488: [nc4_mipi_dbi18_pipe_update] pipe_update done for dev=spi0.1 cs=1
[   74.046264] [drm:drm_mode_object_put.part.0 [drm]] OBJ ID: 39 (2)
[   74.046373] nc4_ili9488 spi0.1: [drm:drm_atomic_state_default_clear [drm]] Clearing atomic state 00000000341b1cd2
[   74.046446] [drm:drm_mode_object_put.part.0 [drm]] OBJ ID: 37 (2)
[   74.046516] [drm:drm_mode_object_put.part.0 [drm]] OBJ ID: 36 (3)
[   74.046585] [drm:drm_mode_object_put.part.0 [drm]] OBJ ID: 38 (1)
[   74.046656] nc4_ili9488 spi0.1: [drm:__drm_atomic_state_free [drm]] Freeing atomic state 00000000341b1cd2
[   77.351072] nc4_ili9488 spi0.1: [drm:drm_atomic_state_init [drm]] Allocated atomic state 00000000fb7cf033
[   77.351373] [drm:drm_mode_object_get [drm]] OBJ ID: 36 (2)
[   77.351595] nc4_ili9488 spi0.1: [drm:drm_atomic_get_plane_state [drm]] Added [PLANE:32:plane-0] 000000007f5ae4de state to 00000000fb7cf033
[   77.351817] [drm:drm_mode_object_get [drm]] OBJ ID: 37 (1)
[   77.352028] nc4_ili9488 spi0.1: [drm:drm_atomic_get_crtc_state [drm]] Added [CRTC:34:crtc-0] 00000000c364e564 state to 00000000fb7cf033
[   77.352243] [drm:drm_mode_object_get [drm]] OBJ ID: 38 (1)
[   77.352452] nc4_ili9488 spi0.1: [drm:drm_atomic_check_only [drm]] checking 00000000fb7cf033
[   77.352682] nc4_ili9488 spi0.1: [drm:drm_atomic_add_affected_planes [drm]] Adding all current planes for [CRTC:34:crtc-0] to 00000000fb7cf033
[   77.352909] nc4_ili9488 spi0.1: [drm:drm_atomic_commit [drm]] committing 00000000fb7cf033
[   77.353144] [drm:nc4_mipi_dbi18_pipe_update [nc4_ili9488]] nc4_ili9488: [nc4_mipi_dbi18_pipe_update] pipe_update called
[   77.353176] [drm:nc4_mipi_dbi18_pipe_update [nc4_ili9488]] nc4_ili9488: [nc4_mipi_dbi18_pipe_update] merged damage rect=(320x480+0+0)
[   77.353204] [drm:nc4_mipi_dbi18_fb_dirty [nc4_ili9488]] nc4_ili9488: [nc4_mipi_dbi18_fb_dirty] Dirty framebuffer update: dev=spi0.1 cs=1 rect=(0,0)-(320,480)
[   77.353232] [drm:nc4_mipi_dbi18_fb_dirty [nc4_ili9488]] nc4_ili9488: [nc4_mipi_dbi18_fb_dirty] Full framebuffer update detected.
[   77.353255] [drm:nc4_mipi_dbi18_buf_copy [nc4_ili9488]] nc4_ili9488: [nc4_mipi_dbi18_buf_copy] format=XR24 little-endian (0x34325258) swap=1 clip=(0,0)-(320,480)
[   77.353290] [drm:nc4_mipi_dbi18_buf_copy [nc4_ili9488]] nc4_ili9488: [nc4_mipi_dbi18_buf_copy] Converting from XRGB8888 to 18-bit
[   77.355804] [drm:nc4_mipi_dbi18_fb_dirty [nc4_ili9488]] nc4_ili9488: [nc4_mipi_dbi_set_window_address] dev=spi0 cs=0 xs=0 xe=319 ys=0 ye=479
[   77.355843] [drm:mipi_dbi_typec3_command [drm_mipi_dbi]] cmd=2a, par=00 00 01 3f
[   77.355921] [drm:mipi_dbi_typec3_command [drm_mipi_dbi]] cmd=2b, par=00 00 01 df
[   77.355975] [drm:nc4_mipi_dbi18_fb_dirty [nc4_ili9488]] nc4_ili9488: [nc4_mipi_dbi18_fb_dirty] Writing memory data to device.
[   77.355999] [drm:mipi_dbi_typec3_command [drm_mipi_dbi]] cmd=2c, len=460800
[   77.357072] nc4_ili9488 spi0.0: [drm:drm_atomic_state_init [drm]] Allocated atomic state 00000000306b823b
[   77.357342] [drm:drm_mode_object_get [drm]] OBJ ID: 36 (2)
[   77.357555] nc4_ili9488 spi0.0: [drm:drm_atomic_get_plane_state [drm]] Added [PLANE:32:plane-0] 0000000085e70b55 state to 00000000306b823b
[   77.357774] [drm:drm_mode_object_get [drm]] OBJ ID: 37 (1)
[   77.358021] nc4_ili9488 spi0.0: [drm:drm_atomic_get_crtc_state [drm]] Added [CRTC:34:crtc-0] 00000000d41cb51c state to 00000000306b823b
[   77.358238] [drm:drm_mode_object_get [drm]] OBJ ID: 38 (1)
[   77.358448] nc4_ili9488 spi0.0: [drm:drm_atomic_check_only [drm]] checking 00000000306b823b
[   77.358676] nc4_ili9488 spi0.0: [drm:drm_atomic_add_affected_planes [drm]] Adding all current planes for [CRTC:34:crtc-0] to 00000000306b823b
[   77.358891] nc4_ili9488 spi0.0: [drm:drm_atomic_commit [drm]] committing 00000000306b823b
[   77.359124] [drm:nc4_mipi_dbi18_pipe_update [nc4_ili9488]] nc4_ili9488: [nc4_mipi_dbi18_pipe_update] pipe_update called
[   77.359157] [drm:nc4_mipi_dbi18_pipe_update [nc4_ili9488]] nc4_ili9488: [nc4_mipi_dbi18_pipe_update] merged damage rect=(320x480+0+0)
[   77.359183] [drm:nc4_mipi_dbi18_fb_dirty [nc4_ili9488]] nc4_ili9488: [nc4_mipi_dbi18_fb_dirty] Dirty framebuffer update: dev=spi0.0 cs=0 rect=(0,0)-(320,480)
[   77.359211] [drm:nc4_mipi_dbi18_fb_dirty [nc4_ili9488]] nc4_ili9488: [nc4_mipi_dbi18_fb_dirty] Full framebuffer update detected.
[   77.359234] [drm:nc4_mipi_dbi18_buf_copy [nc4_ili9488]] nc4_ili9488: [nc4_mipi_dbi18_buf_copy] format=XR24 little-endian (0x34325258) swap=1 clip=(0,0)-(320,480)
[   77.359268] [drm:nc4_mipi_dbi18_buf_copy [nc4_ili9488]] nc4_ili9488: [nc4_mipi_dbi18_buf_copy] Converting from XRGB8888 to 18-bit
[   77.361658] [drm:nc4_mipi_dbi18_fb_dirty [nc4_ili9488]] nc4_ili9488: [nc4_mipi_dbi_set_window_address] dev=spi0 cs=0 xs=0 xe=319 ys=0 ye=479
[   77.361689] [drm:mipi_dbi_typec3_command [drm_mipi_dbi]] cmd=2a, par=00 00 01 3f
[   77.793694] [drm:nc4_mipi_dbi18_pipe_update [nc4_ili9488]] nc4_ili9488: [nc4_mipi_dbi18_pipe_update] pipe_update done for dev=spi0.1 cs=1
[   77.793776] [drm:drm_mode_object_put.part.0 [drm]] OBJ ID: 38 (2)
[   77.794011] nc4_ili9488 spi0.1: [drm:drm_atomic_state_default_clear [drm]] Clearing atomic state 00000000fb7cf033
[   77.794227] [drm:drm_mode_object_put.part.0 [drm]] OBJ ID: 37 (2)
[   77.794438] [drm:drm_mode_object_put.part.0 [drm]] OBJ ID: 36 (3)
[   77.794644] [drm:drm_mode_object_put.part.0 [drm]] OBJ ID: 39 (1)
[   77.794855] nc4_ili9488 spi0.1: [drm:__drm_atomic_state_free [drm]] Freeing atomic state 00000000fb7cf033
[   77.795115] [drm:mipi_dbi_typec3_command [drm_mipi_dbi]] cmd=2b, par=00 00 01 df
[   77.795179] [drm:nc4_mipi_dbi18_fb_dirty [nc4_ili9488]] nc4_ili9488: [nc4_mipi_dbi18_fb_dirty] Writing memory data to device.
[   77.795204] [drm:mipi_dbi_typec3_command [drm_mipi_dbi]] cmd=2c, len=460800
[   78.259122] [drm:nc4_mipi_dbi18_pipe_update [nc4_ili9488]] nc4_ili9488: [nc4_mipi_dbi18_pipe_update] pipe_update done for dev=spi0.0 cs=0
[   78.259201] [drm:drm_mode_object_put.part.0 [drm]] OBJ ID: 38 (2)
[   78.259438] nc4_ili9488 spi0.0: [drm:drm_atomic_state_default_clear [drm]] Clearing atomic state 00000000306b823b
[   78.259654] [drm:drm_mode_object_put.part.0 [drm]] OBJ ID: 37 (2)
[   78.259910] [drm:drm_mode_object_put.part.0 [drm]] OBJ ID: 36 (3)
[   78.260122] [drm:drm_mode_object_put.part.0 [drm]] OBJ ID: 39 (1)
[   78.260337] nc4_ili9488 spi0.0: [drm:__drm_atomic_state_free [drm]] Freeing atomic state 00000000306b823b
[  137.325812] nc4_ili9488 spi0.1: [drm:drm_atomic_state_init [drm]] Allocated atomic state 00000000d8ff605b
[  137.326148] [drm:drm_mode_object_get [drm]] OBJ ID: 36 (2)
[  137.326371] nc4_ili9488 spi0.1: [drm:drm_atomic_get_plane_state [drm]] Added [PLANE:32:plane-0] 00000000b2af8168 state to 00000000d8ff605b
[  137.326596] [drm:drm_mode_object_get [drm]] OBJ ID: 37 (1)
[  137.326809] nc4_ili9488 spi0.1: [drm:drm_atomic_get_crtc_state [drm]] Added [CRTC:34:crtc-0] 00000000f0c86eb4 state to 00000000d8ff605b
[  137.327024] [drm:drm_mode_object_get [drm]] OBJ ID: 39 (1)
[  137.327234] nc4_ili9488 spi0.1: [drm:drm_atomic_check_only [drm]] checking 00000000d8ff605b
[  137.327465] nc4_ili9488 spi0.1: [drm:drm_atomic_add_affected_planes [drm]] Adding all current planes for [CRTC:34:crtc-0] to 00000000d8ff605b
[  137.327680] nc4_ili9488 spi0.1: [drm:drm_atomic_commit [drm]] committing 00000000d8ff605b
[  137.327915] [drm:nc4_mipi_dbi18_pipe_update [nc4_ili9488]] nc4_ili9488: [nc4_mipi_dbi18_pipe_update] pipe_update called
[  137.327948] [drm:nc4_mipi_dbi18_pipe_update [nc4_ili9488]] nc4_ili9488: [nc4_mipi_dbi18_pipe_update] merged damage rect=(320x480+0+0)
[  137.327976] [drm:nc4_mipi_dbi18_fb_dirty [nc4_ili9488]] nc4_ili9488: [nc4_mipi_dbi18_fb_dirty] Dirty framebuffer update: dev=spi0.1 cs=1 rect=(0,0)-(320,480)
[  137.328006] [drm:nc4_mipi_dbi18_fb_dirty [nc4_ili9488]] nc4_ili9488: [nc4_mipi_dbi18_fb_dirty] Full framebuffer update detected.
[  137.328029] [drm:nc4_mipi_dbi18_buf_copy [nc4_ili9488]] nc4_ili9488: [nc4_mipi_dbi18_buf_copy] format=XR24 little-endian (0x34325258) swap=1 clip=(0,0)-(320,480)
[  137.328064] [drm:nc4_mipi_dbi18_buf_copy [nc4_ili9488]] nc4_ili9488: [nc4_mipi_dbi18_buf_copy] Converting from XRGB8888 to 18-bit
[  137.330678] [drm:nc4_mipi_dbi18_fb_dirty [nc4_ili9488]] nc4_ili9488: [nc4_mipi_dbi_set_window_address] dev=spi0 cs=0 xs=0 xe=319 ys=0 ye=479
[  137.330721] [drm:mipi_dbi_typec3_command [drm_mipi_dbi]] cmd=2a, par=00 00 01 3f
[  137.330800] [drm:mipi_dbi_typec3_command [drm_mipi_dbi]] cmd=2b, par=00 00 01 df
[  137.330853] [drm:nc4_mipi_dbi18_fb_dirty [nc4_ili9488]] nc4_ili9488: [nc4_mipi_dbi18_fb_dirty] Writing memory data to device.
[  137.330878] [drm:mipi_dbi_typec3_command [drm_mipi_dbi]] cmd=2c, len=460800
[  137.332343] nc4_ili9488 spi0.0: [drm:drm_atomic_state_init [drm]] Allocated atomic state 00000000a2866b5c
[  137.332696] [drm:drm_mode_object_get [drm]] OBJ ID: 36 (2)
[  137.332916] nc4_ili9488 spi0.0: [drm:drm_atomic_get_plane_state [drm]] Added [PLANE:32:plane-0] 00000000a04f5754 state to 00000000a2866b5c
[  137.333135] [drm:drm_mode_object_get [drm]] OBJ ID: 37 (1)
[  137.333345] nc4_ili9488 spi0.0: [drm:drm_atomic_get_crtc_state [drm]] Added [CRTC:34:crtc-0] 00000000286e3de8 state to 00000000a2866b5c
[  137.333557] [drm:drm_mode_object_get [drm]] OBJ ID: 39 (1)
[  137.333766] nc4_ili9488 spi0.0: [drm:drm_atomic_check_only [drm]] checking 00000000a2866b5c
[  137.333997] nc4_ili9488 spi0.0: [drm:drm_atomic_add_affected_planes [drm]] Adding all current planes for [CRTC:34:crtc-0] to 00000000a2866b5c
[  137.334213] nc4_ili9488 spi0.0: [drm:drm_atomic_commit [drm]] committing 00000000a2866b5c
[  137.334446] [drm:nc4_mipi_dbi18_pipe_update [nc4_ili9488]] nc4_ili9488: [nc4_mipi_dbi18_pipe_update] pipe_update called
[  137.334478] [drm:nc4_mipi_dbi18_pipe_update [nc4_ili9488]] nc4_ili9488: [nc4_mipi_dbi18_pipe_update] merged damage rect=(320x480+0+0)
[  137.334505] [drm:nc4_mipi_dbi18_fb_dirty [nc4_ili9488]] nc4_ili9488: [nc4_mipi_dbi18_fb_dirty] Dirty framebuffer update: dev=spi0.0 cs=0 rect=(0,0)-(320,480)
[  137.334533] [drm:nc4_mipi_dbi18_fb_dirty [nc4_ili9488]] nc4_ili9488: [nc4_mipi_dbi18_fb_dirty] Full framebuffer update detected.
[  137.334556] [drm:nc4_mipi_dbi18_buf_copy [nc4_ili9488]] nc4_ili9488: [nc4_mipi_dbi18_buf_copy] format=XR24 little-endian (0x34325258) swap=1 clip=(0,0)-(320,480)
[  137.334590] [drm:nc4_mipi_dbi18_buf_copy [nc4_ili9488]] nc4_ili9488: [nc4_mipi_dbi18_buf_copy] Converting from XRGB8888 to 18-bit
[  137.337084] [drm:nc4_mipi_dbi18_fb_dirty [nc4_ili9488]] nc4_ili9488: [nc4_mipi_dbi_set_window_address] dev=spi0 cs=0 xs=0 xe=319 ys=0 ye=479
[  137.337124] [drm:mipi_dbi_typec3_command [drm_mipi_dbi]] cmd=2a, par=00 00 01 3f
[  137.767193] [drm:nc4_mipi_dbi18_pipe_update [nc4_ili9488]] nc4_ili9488: [nc4_mipi_dbi18_pipe_update] pipe_update done for dev=spi0.1 cs=1
[  137.767274] [drm:drm_mode_object_put.part.0 [drm]] OBJ ID: 39 (2)
[  137.767521] nc4_ili9488 spi0.1: [drm:drm_atomic_state_default_clear [drm]] Clearing atomic state 00000000d8ff605b
[  137.767736] [drm:drm_mode_object_put.part.0 [drm]] OBJ ID: 37 (2)
[  137.767946] [drm:drm_mode_object_put.part.0 [drm]] OBJ ID: 36 (3)
[  137.768152] [drm:drm_mode_object_put.part.0 [drm]] OBJ ID: 38 (1)
[  137.768363] nc4_ili9488 spi0.1: [drm:__drm_atomic_state_free [drm]] Freeing atomic state 00000000d8ff605b
[  137.768646] [drm:mipi_dbi_typec3_command [drm_mipi_dbi]] cmd=2b, par=00 00 01 df
[  137.768712] [drm:nc4_mipi_dbi18_fb_dirty [nc4_ili9488]] nc4_ili9488: [nc4_mipi_dbi18_fb_dirty] Writing memory data to device.
[  137.768737] [drm:mipi_dbi_typec3_command [drm_mipi_dbi]] cmd=2c, len=460800
[  138.236000] [drm:nc4_mipi_dbi18_pipe_update [nc4_ili9488]] nc4_ili9488: [nc4_mipi_dbi18_pipe_update] pipe_update done for dev=spi0.0 cs=0
[  138.236076] [drm:drm_mode_object_put.part.0 [drm]] OBJ ID: 39 (2)
[  138.236310] nc4_ili9488 spi0.0: [drm:drm_atomic_state_default_clear [drm]] Clearing atomic state 00000000a2866b5c
[  138.236524] [drm:drm_mode_object_put.part.0 [drm]] OBJ ID: 37 (2)
[  138.236733] [drm:drm_mode_object_put.part.0 [drm]] OBJ ID: 36 (3)
[  138.236939] [drm:drm_mode_object_put.part.0 [drm]] OBJ ID: 38 (1)
[  138.237149] nc4_ili9488 spi0.0: [drm:__drm_atomic_state_free [drm]] Freeing atomic state 00000000a2866b5c
