[   46.444577] nc4_ili9488: loading out-of-tree module taints kernel.
[   46.444685] nc4_ili9488: Unknown symbol mipi_dbi_poweron_conditional_reset (err -2)
[   46.444702] nc4_ili9488: Unknown symbol drm_gem_fb_end_cpu_access (err -2)
[   46.444723] nc4_ili9488: Unknown symbol mipi_dbi_dev_init_with_formats (err -2)
[   46.444746] nc4_ili9488: Unknown symbol mipi_dbi_command_stackbuf (err -2)
[   46.444758] nc4_ili9488: Unknown symbol mipi_dbi_debugfs_init (err -2)
[   46.444770] nc4_ili9488: Unknown symbol drm_atomic_helper_shutdown (err -2)
[   46.444786] nc4_ili9488: Unknown symbol mipi_dbi_spi_init (err -2)
[   46.444804] nc4_ili9488: Unknown symbol mipi_dbi_pipe_mode_valid (err -2)
[   46.444831] nc4_ili9488: Unknown symbol mipi_dbi_pipe_disable (err -2)
[   46.444861] nc4_ili9488: Unknown symbol drm_gem_fb_vmap (err -2)
[   46.444872] nc4_ili9488: Unknown symbol mipi_dbi_command_buf (err -2)
[   46.444893] nc4_ili9488: Unknown symbol drm_atomic_helper_damage_merged (err -2)
[   46.444915] nc4_ili9488: Unknown symbol drm_gem_fb_vunmap (err -2)
[   46.444926] nc4_ili9488: Unknown symbol drm_gem_dma_dumb_create (err -2)
[   46.444938] nc4_ili9488: Unknown symbol drm_gem_fb_get_obj (err -2)
[   46.444967] nc4_ili9488: Unknown symbol drm_fb_xrgb8888_to_rgb888 (err -2)
[   46.444981] nc4_ili9488: Unknown symbol drm_fbdev_generic_setup (err -2)
[   46.444994] nc4_ili9488: Unknown symbol drm_fb_memcpy (err -2)
[   46.445007] nc4_ili9488: Unknown symbol drm_gem_fb_begin_cpu_access (err -2)
[   46.445018] nc4_ili9488: Unknown symbol drm_fb_swab (err -2)
[   46.445040] nc4_ili9488: Unknown symbol drm_gem_dma_prime_import_sg_table_vmap (err -2)
