Jan 07 17:06:06 raspberrypi sudo[1549]:      nc4 : TTY=pts/2 ; PWD=/home/nc4/TouchscreenApparatus ; USER=root ; COMMAND=/home/nc4/TouchscreenApparatus/src/drivers/nc4_ili9488/utils/nc4_drm_init_util
Jan 07 17:11:44 raspberrypi sudo[4639]:      nc4 : TTY=pts/2 ; PWD=/home/nc4/TouchscreenApparatus ; USER=root ; COMMAND=/home/nc4/TouchscreenApparatus/src/drivers/nc4_ili9488/utils/nc4_drm_init_util
Jan 07 17:26:22 raspberrypi sudo[1559]:      nc4 : TTY=pts/1 ; PWD=/home/nc4/TouchscreenApparatus ; USER=root ; COMMAND=/home/nc4/TouchscreenApparatus/src/drivers/nc4_ili9488/utils/nc4_drm_init_util
Jan 07 17:28:04 raspberrypi sudo[1911]:      nc4 : TTY=pts/1 ; PWD=/home/nc4/TouchscreenApparatus ; USER=root ; COMMAND=/home/nc4/TouchscreenApparatus/src/drivers/nc4_ili9488/utils/nc4_drm_init_util
Jan 07 18:06:52 raspberrypi sudo[2931]:      nc4 : TTY=pts/1 ; PWD=/home/nc4/TouchscreenApparatus ; USER=root ; COMMAND=/home/nc4/TouchscreenApparatus/src/drivers/nc4_ili9488/utils/nc4_drm_init_util
Jan 07 18:10:29 raspberrypi sudo[1329]:      nc4 : TTY=pts/3 ; PWD=/home/nc4/TouchscreenApparatus ; USER=root ; COMMAND=/home/nc4/TouchscreenApparatus/src/drivers/nc4_ili9488/utils/nc4_drm_init_util
Jan 07 18:28:27 raspberrypi sudo[1803]:      nc4 : TTY=pts/3 ; PWD=/home/nc4/TouchscreenApparatus ; USER=root ; COMMAND=/home/nc4/TouchscreenApparatus/src/drivers/nc4_ili9488/utils/nc4_drm_init_util
Jan 07 18:31:51 raspberrypi sudo[2102]:      nc4 : TTY=pts/3 ; PWD=/home/nc4/TouchscreenApparatus ; USER=root ; COMMAND=/home/nc4/TouchscreenApparatus/src/drivers/nc4_ili9488/utils/nc4_drm_init_util
Jan 07 19:16:01 raspberrypi sudo[3011]:      nc4 : TTY=pts/3 ; PWD=/home/nc4/TouchscreenApparatus ; USER=root ; COMMAND=/home/nc4/TouchscreenApparatus/src/drivers/nc4_ili9488/utils/nc4_drm_init_util
Jan 07 19:47:12 raspberrypi sudo[1641]:      nc4 : TTY=pts/5 ; PWD=/home/nc4/TouchscreenApparatus ; USER=root ; COMMAND=/home/nc4/TouchscreenApparatus/src/drivers/nc4_ili9488/utils/nc4_drm_init_util
Jan 07 19:49:39 raspberrypi sudo[2020]:      nc4 : TTY=pts/5 ; PWD=/home/nc4/TouchscreenApparatus ; USER=root ; COMMAND=/home/nc4/TouchscreenApparatus/src/drivers/nc4_ili9488/utils/nc4_drm_init_util
Jan 07 19:50:08 raspberrypi sudo[2187]:      nc4 : TTY=pts/5 ; PWD=/home/nc4/TouchscreenApparatus ; USER=root ; COMMAND=/home/nc4/TouchscreenApparatus/src/drivers/nc4_ili9488/utils/nc4_drm_init_util
Jan 07 19:50:30 raspberrypi sudo[2322]:      nc4 : TTY=pts/5 ; PWD=/home/nc4/TouchscreenApparatus ; USER=root ; COMMAND=/home/nc4/TouchscreenApparatus/src/drivers/nc4_ili9488/utils/nc4_drm_init_util
Jan 08 14:39:09 raspberrypi sudo[2240]:      nc4 : TTY=pts/5 ; PWD=/home/nc4/TouchscreenApparatus ; USER=root ; COMMAND=/home/nc4/TouchscreenApparatus/src/drivers/nc4_ili9488/utils/nc4_drm_init_util
Jan 08 14:39:09 raspberrypi nc4_drm_init_util[2242]: nc4_ili9488: [drm_init_utility] Opened DRM device successfully
Jan 08 14:39:09 raspberrypi nc4_drm_init_util[2242]: nc4_ili9488: [drm_init_utility] Fetched DRM resources successfully
Jan 08 14:39:09 raspberrypi nc4_drm_init_util[2242]: nc4_ili9488: [drm_init_utility] Connector 31 is connected with mode 320x480
Jan 08 14:39:09 raspberrypi nc4_drm_init_util[2242]: nc4_ili9488: [drm_init_utility] Dumb buffer created: handle=1, pitch=1280, size=614400
Jan 08 14:39:09 raspberrypi nc4_drm_init_util[2242]: nc4_ili9488: [drm_init_utility] Framebuffer added with ID=37
Jan 08 14:39:09 raspberrypi nc4_drm_init_util[2242]: nc4_ili9488: [drm_init_utility] Dumb buffer mapped at offset=4295581696
Jan 08 14:39:09 raspberrypi nc4_drm_init_util[2242]: nc4_ili9488: [drm_init_utility] Framebuffer filled with white color
Jan 08 14:39:10 raspberrypi nc4_drm_init_util[2242]: nc4_ili9488: [drm_init_utility] CRTC set successfully for mode 320x480 on connector 31
Jan 08 14:40:18 raspberrypi sudo[2392]:      nc4 : TTY=pts/5 ; PWD=/home/nc4/TouchscreenApparatus ; USER=root ; COMMAND=/home/nc4/TouchscreenApparatus/src/drivers/nc4_ili9488/utils/nc4_drm_init_util
Jan 08 14:40:18 raspberrypi nc4_drm_init_util[2394]: nc4_ili9488: [drm_init_utility] Opened DRM device successfully
Jan 08 14:40:18 raspberrypi nc4_drm_init_util[2394]: nc4_ili9488: [drm_init_utility] Fetched DRM resources successfully
Jan 08 14:40:18 raspberrypi nc4_drm_init_util[2394]: nc4_ili9488: [drm_init_utility] Connector 31 is connected with mode 320x480
Jan 08 14:40:18 raspberrypi nc4_drm_init_util[2394]: nc4_ili9488: [drm_init_utility] Dumb buffer created: handle=1, pitch=1280, size=614400
Jan 08 14:40:18 raspberrypi nc4_drm_init_util[2394]: nc4_ili9488: [drm_init_utility] Framebuffer added with ID=38
Jan 08 14:40:18 raspberrypi nc4_drm_init_util[2394]: nc4_ili9488: [drm_init_utility] Dumb buffer mapped at offset=4295581696
Jan 08 14:40:18 raspberrypi nc4_drm_init_util[2394]: nc4_ili9488: [drm_init_utility] Framebuffer filled with white color
Jan 08 14:40:18 raspberrypi nc4_drm_init_util[2394]: nc4_ili9488: [drm_init_utility] CRTC set successfully for mode 320x480 on connector 31
Jan 08 14:41:20 raspberrypi sudo[2579]:      nc4 : TTY=pts/5 ; PWD=/home/nc4/TouchscreenApparatus ; USER=root ; COMMAND=/usr/bin/systemctl is-enabled nc4_drm_init_util.service
Jan 08 14:41:28 raspberrypi sudo[2608]:      nc4 : TTY=pts/5 ; PWD=/home/nc4/TouchscreenApparatus ; USER=root ; COMMAND=/usr/bin/systemctl enable nc4_drm_init_util.service
Jan 08 14:43:43 raspberrypi sudo[1332]:      nc4 : TTY=pts/5 ; PWD=/home/nc4/TouchscreenApparatus ; USER=root ; COMMAND=/usr/bin/micro /etc/systemd/system/nc4_drm_init_util.service
Jan 08 14:44:11 raspberrypi sudo[1487]:      nc4 : TTY=pts/5 ; PWD=/home/nc4/TouchscreenApparatus ; USER=root ; COMMAND=/usr/bin/systemctl is-enabled nc4_drm_init_util.service
Jan 08 14:44:21 raspberrypi systemd[1]: Starting nc4_drm_init_util.service - Initialize DRM Services...
Jan 08 14:44:21 raspberrypi nc4_drm_init_util[800]: nc4_ili9488: [drm_init_utility] Opened DRM device successfully
Jan 08 14:44:21 raspberrypi nc4_drm_init_util[800]: nc4_ili9488: [drm_init_utility] Fetched DRM resources successfully
Jan 08 14:44:21 raspberrypi nc4_drm_init_util[800]: nc4_ili9488: [drm_init_utility] Connector 31 is connected with mode 320x480
Jan 08 14:44:21 raspberrypi nc4_drm_init_util[800]: nc4_ili9488: [drm_init_utility] Dumb buffer created: handle=1, pitch=1280, size=614400
Jan 08 14:44:21 raspberrypi nc4_drm_init_util[800]: nc4_ili9488: [drm_init_utility] Framebuffer added with ID=37
Jan 08 14:44:21 raspberrypi nc4_drm_init_util[800]: nc4_ili9488: [drm_init_utility] Dumb buffer mapped at offset=4295581696
Jan 08 14:44:21 raspberrypi nc4_drm_init_util[800]: nc4_ili9488: [drm_init_utility] Framebuffer filled with white color
Jan 08 14:44:22 raspberrypi nc4_drm_init_util[800]: nc4_ili9488: [drm_init_utility] CRTC set successfully for mode 320x480 on connector 31
Jan 08 14:44:23 raspberrypi systemd[1]: Finished nc4_drm_init_util.service - Initialize DRM Services.
Jan 08 14:48:27 raspberrypi sudo[1683]:      nc4 : TTY=pts/5 ; PWD=/etc/systemd/system ; USER=root ; COMMAND=/usr/bin/micro /etc/systemd/system/nc4_drm_init_util.service
Jan 08 14:49:11 raspberrypi sudo[1970]:      nc4 : TTY=pts/5 ; PWD=/etc/systemd/system ; USER=root ; COMMAND=/usr/bin/systemctl is-enabled nc4_drm_init_util.service
Jan 08 14:51:09 raspberrypi systemd[1]: nc4_drm_init_util.service: Deactivated successfully.
Jan 08 14:51:09 raspberrypi systemd[1]: Stopped nc4_drm_init_util.service - Initialize DRM Services.
Jan 08 14:51:22 raspberrypi systemd[1]: Starting nc4_drm_init_util.service - Initialize DRM Services...
Jan 08 14:51:22 raspberrypi nc4_drm_init_util[921]: nc4_ili9488: [drm_init_utility] Opened DRM device successfully
Jan 08 14:51:22 raspberrypi nc4_drm_init_util[921]: nc4_ili9488: [drm_init_utility] Fetched DRM resources successfully
Jan 08 14:51:22 raspberrypi nc4_drm_init_util[921]: nc4_ili9488: [drm_init_utility] Connector 31 is connected with mode 320x480
Jan 08 14:51:22 raspberrypi nc4_drm_init_util[921]: nc4_ili9488: [drm_init_utility] Dumb buffer created: handle=1, pitch=1280, size=614400
Jan 08 14:51:22 raspberrypi nc4_drm_init_util[921]: nc4_ili9488: [drm_init_utility] Framebuffer added with ID=37
Jan 08 14:51:22 raspberrypi nc4_drm_init_util[921]: nc4_ili9488: [drm_init_utility] Dumb buffer mapped at offset=4295581696
Jan 08 14:51:22 raspberrypi nc4_drm_init_util[921]: nc4_ili9488: [drm_init_utility] Framebuffer filled with white color
Jan 08 14:51:23 raspberrypi nc4_drm_init_util[921]: nc4_ili9488: [drm_init_utility] CRTC set successfully for mode 320x480 on connector 31
Jan 08 14:51:24 raspberrypi systemd[1]: Finished nc4_drm_init_util.service - Initialize DRM Services.
Jan 08 14:56:34 raspberrypi systemd[1]: nc4_drm_init_util.service: Deactivated successfully.
Jan 08 14:56:34 raspberrypi systemd[1]: Stopped nc4_drm_init_util.service - Initialize DRM Services.
Jan 08 14:56:46 raspberrypi systemd[1]: Starting nc4_drm_init_util.service - Initialize DRM Services...
Jan 08 14:56:46 raspberrypi nc4_drm_init_util[797]: nc4_ili9488: [drm_init_utility] Opened DRM device successfully
Jan 08 14:56:46 raspberrypi nc4_drm_init_util[797]: nc4_ili9488: [drm_init_utility] Fetched DRM resources successfully
Jan 08 14:56:46 raspberrypi nc4_drm_init_util[797]: nc4_ili9488: [drm_init_utility] Connector 31 is connected with mode 320x480
Jan 08 14:56:46 raspberrypi nc4_drm_init_util[797]: nc4_ili9488: [drm_init_utility] Dumb buffer created: handle=1, pitch=1280, size=614400
Jan 08 14:56:46 raspberrypi nc4_drm_init_util[797]: nc4_ili9488: [drm_init_utility] Framebuffer added with ID=37
Jan 08 14:56:46 raspberrypi nc4_drm_init_util[797]: nc4_ili9488: [drm_init_utility] Dumb buffer mapped at offset=4295581696
Jan 08 14:56:46 raspberrypi nc4_drm_init_util[797]: nc4_ili9488: [drm_init_utility] Framebuffer filled with white color
Jan 08 14:56:47 raspberrypi nc4_drm_init_util[797]: nc4_ili9488: [drm_init_utility] CRTC set successfully for mode 320x480 on connector 31
Jan 08 14:56:48 raspberrypi systemd[1]: Finished nc4_drm_init_util.service - Initialize DRM Services.
Jan 08 14:58:52 raspberrypi sudo[1338]:      nc4 : TTY=pts/1 ; PWD=/home/nc4/TouchscreenApparatus ; USER=root ; COMMAND=/usr/bin/systemctl start nc4_drm_init_util.service
Jan 08 15:09:49 raspberrypi sudo[1641]:      nc4 : TTY=pts/1 ; PWD=/home/nc4/TouchscreenApparatus ; USER=root ; COMMAND=/home/nc4/TouchscreenApparatus/src/drivers/nc4_ili9488/utils/nc4_drm_init_util
Jan 08 15:09:49 raspberrypi nc4_drm_init_util[1643]: nc4_ili9488: [nc4_drm_init_util] Initializing display for card0
Jan 08 15:09:49 raspberrypi nc4_drm_init_util[1643]: nc4_ili9488: [nc4_drm_init_util] Opened DRM device /dev/dri/card0 successfully
Jan 08 15:09:49 raspberrypi nc4_drm_init_util[1643]: nc4_ili9488: [nc4_drm_init_util] Fetched DRM resources for /dev/dri/card0 successfully
Jan 08 15:09:49 raspberrypi nc4_drm_init_util[1643]: nc4_ili9488: [nc4_drm_init_util] Connector 31 is connected with mode 320x480
Jan 08 15:09:49 raspberrypi nc4_drm_init_util[1643]: nc4_ili9488: [nc4_drm_init_util] Dumb buffer created: handle=1, pitch=1280, size=614400
Jan 08 15:09:49 raspberrypi nc4_drm_init_util[1643]: nc4_ili9488: [nc4_drm_init_util] Framebuffer added with ID=38 for /dev/dri/card0
Jan 08 15:09:49 raspberrypi nc4_drm_init_util[1643]: nc4_ili9488: [nc4_drm_init_util] Dumb buffer mapped at offset=4295581696
Jan 08 15:09:49 raspberrypi nc4_drm_init_util[1643]: nc4_ili9488: [nc4_drm_init_util] Framebuffer filled with white color for /dev/dri/card0
Jan 08 15:09:49 raspberrypi nc4_drm_init_util[1643]: nc4_ili9488: [nc4_drm_init_util] CRTC set successfully for /dev/dri/card0 with mode 320x480 on connector 31
Jan 08 15:09:49 raspberrypi nc4_drm_init_util[1643]: nc4_ili9488: [nc4_drm_init_util] Initializing display for card1
Jan 08 15:09:49 raspberrypi nc4_drm_init_util[1643]: nc4_ili9488: [nc4_drm_init_util] Opened DRM device /dev/dri/card1 successfully
Jan 08 15:09:49 raspberrypi nc4_drm_init_util[1643]: nc4_ili9488: [nc4_drm_init_util] Fetched DRM resources for /dev/dri/card1 successfully
Jan 08 15:09:49 raspberrypi nc4_drm_init_util[1643]: nc4_ili9488: [nc4_drm_init_util] Connector 31 is connected with mode 320x480
Jan 08 15:09:49 raspberrypi nc4_drm_init_util[1643]: nc4_ili9488: [nc4_drm_init_util] Dumb buffer created: handle=1, pitch=1280, size=614400
Jan 08 15:09:49 raspberrypi nc4_drm_init_util[1643]: nc4_ili9488: [nc4_drm_init_util] Framebuffer added with ID=38 for /dev/dri/card1
Jan 08 15:09:49 raspberrypi nc4_drm_init_util[1643]: nc4_ili9488: [nc4_drm_init_util] Dumb buffer mapped at offset=4295581696
Jan 08 15:09:49 raspberrypi nc4_drm_init_util[1643]: nc4_ili9488: [nc4_drm_init_util] Framebuffer filled with white color for /dev/dri/card1
Jan 08 15:09:49 raspberrypi nc4_drm_init_util[1643]: nc4_ili9488: [nc4_drm_init_util] CRTC set successfully for /dev/dri/card1 with mode 320x480 on connector 31
Jan 08 15:09:49 raspberrypi nc4_drm_init_util[1643]: nc4_ili9488: [nc4_drm_init_util] Initializing display for card2
Jan 08 15:09:49 raspberrypi nc4_drm_init_util[1643]: nc4_ili9488: [nc4_drm_init_util] Failed to open DRM device /dev/dri/card2: No such file or directory
Jan 08 15:09:49 raspberrypi nc4_drm_init_util[1643]: nc4_ili9488: [nc4_drm_init_util] Failed to initialize card2
Jan 08 15:10:53 raspberrypi systemd[1]: nc4_drm_init_util.service: Deactivated successfully.
Jan 08 15:10:53 raspberrypi systemd[1]: Stopped nc4_drm_init_util.service - Initialize DRM Services.
Jan 08 15:11:11 raspberrypi systemd[1]: Starting nc4_drm_init_util.service - Initialize DRM Services...
Jan 08 15:11:11 raspberrypi nc4_drm_init_util[1019]: nc4_ili9488: [nc4_drm_init_util] Initializing display for card0
Jan 08 15:11:11 raspberrypi nc4_drm_init_util[1019]: nc4_ili9488: [nc4_drm_init_util] Opened DRM device /dev/dri/card0 successfully
Jan 08 15:11:11 raspberrypi nc4_drm_init_util[1019]: nc4_ili9488: [nc4_drm_init_util] Fetched DRM resources for /dev/dri/card0 successfully
Jan 08 15:11:11 raspberrypi nc4_drm_init_util[1019]: nc4_ili9488: [nc4_drm_init_util] Connector 31 is connected with mode 320x480
Jan 08 15:11:11 raspberrypi nc4_drm_init_util[1019]: nc4_ili9488: [nc4_drm_init_util] Dumb buffer created: handle=1, pitch=1280, size=614400
Jan 08 15:11:11 raspberrypi nc4_drm_init_util[1019]: nc4_ili9488: [nc4_drm_init_util] Framebuffer added with ID=38 for /dev/dri/card0
Jan 08 15:11:11 raspberrypi nc4_drm_init_util[1019]: nc4_ili9488: [nc4_drm_init_util] Dumb buffer mapped at offset=4295581696
Jan 08 15:11:11 raspberrypi nc4_drm_init_util[1019]: nc4_ili9488: [nc4_drm_init_util] Framebuffer filled with white color for /dev/dri/card0
Jan 08 15:11:12 raspberrypi nc4_drm_init_util[1019]: nc4_ili9488: [nc4_drm_init_util] CRTC set successfully for /dev/dri/card0 with mode 320x480 on connector 31
Jan 08 15:11:12 raspberrypi nc4_drm_init_util[1019]: nc4_ili9488: [nc4_drm_init_util] Initializing display for card1
Jan 08 15:11:12 raspberrypi nc4_drm_init_util[1019]: nc4_ili9488: [nc4_drm_init_util] Opened DRM device /dev/dri/card1 successfully
Jan 08 15:11:12 raspberrypi nc4_drm_init_util[1019]: nc4_ili9488: [nc4_drm_init_util] Fetched DRM resources for /dev/dri/card1 successfully
Jan 08 15:11:12 raspberrypi nc4_drm_init_util[1019]: nc4_ili9488: [nc4_drm_init_util] Connector 31 is connected with mode 320x480
Jan 08 15:11:12 raspberrypi nc4_drm_init_util[1019]: nc4_ili9488: [nc4_drm_init_util] Dumb buffer created: handle=1, pitch=1280, size=614400
Jan 08 15:11:12 raspberrypi nc4_drm_init_util[1019]: nc4_ili9488: [nc4_drm_init_util] Framebuffer added with ID=37 for /dev/dri/card1
Jan 08 15:11:12 raspberrypi nc4_drm_init_util[1019]: nc4_ili9488: [nc4_drm_init_util] Dumb buffer mapped at offset=4295581696
Jan 08 15:11:12 raspberrypi nc4_drm_init_util[1019]: nc4_ili9488: [nc4_drm_init_util] Framebuffer filled with white color for /dev/dri/card1
Jan 08 15:11:13 raspberrypi nc4_drm_init_util[1019]: nc4_ili9488: [nc4_drm_init_util] CRTC set successfully for /dev/dri/card1 with mode 320x480 on connector 31
Jan 08 15:11:13 raspberrypi nc4_drm_init_util[1019]: nc4_ili9488: [nc4_drm_init_util] Initializing display for card2
Jan 08 15:11:13 raspberrypi nc4_drm_init_util[1019]: nc4_ili9488: [nc4_drm_init_util] Failed to open DRM device /dev/dri/card2: No such file or directory
Jan 08 15:11:13 raspberrypi nc4_drm_init_util[1019]: nc4_ili9488: [nc4_drm_init_util] Failed to initialize card2
Jan 08 15:11:15 raspberrypi systemd[1]: Finished nc4_drm_init_util.service - Initialize DRM Services.
Jan 08 15:12:12 raspberrypi sudo[1685]:      nc4 : TTY=pts/5 ; PWD=/home/nc4/TouchscreenApparatus ; USER=root ; COMMAND=/home/nc4/TouchscreenApparatus/src/drivers/nc4_ili9488/utils/nc4_drm_init_util
Jan 08 15:12:12 raspberrypi nc4_drm_init_util[1687]: nc4_ili9488: [nc4_drm_init_util] Initializing display for card0
Jan 08 15:12:12 raspberrypi nc4_drm_init_util[1687]: nc4_ili9488: [nc4_drm_init_util] Opened DRM device /dev/dri/card0 successfully
Jan 08 15:12:12 raspberrypi nc4_drm_init_util[1687]: nc4_ili9488: [nc4_drm_init_util] Fetched DRM resources for /dev/dri/card0 successfully
Jan 08 15:12:12 raspberrypi nc4_drm_init_util[1687]: nc4_ili9488: [nc4_drm_init_util] Connector 31 is connected with mode 320x480
Jan 08 15:12:12 raspberrypi nc4_drm_init_util[1687]: nc4_ili9488: [nc4_drm_init_util] Dumb buffer created: handle=1, pitch=1280, size=614400
Jan 08 15:12:12 raspberrypi nc4_drm_init_util[1687]: nc4_ili9488: [nc4_drm_init_util] Framebuffer added with ID=38 for /dev/dri/card0
Jan 08 15:12:12 raspberrypi nc4_drm_init_util[1687]: nc4_ili9488: [nc4_drm_init_util] Dumb buffer mapped at offset=4295581696
Jan 08 15:12:12 raspberrypi nc4_drm_init_util[1687]: nc4_ili9488: [nc4_drm_init_util] Framebuffer filled with white color for /dev/dri/card0
Jan 08 15:12:12 raspberrypi nc4_drm_init_util[1687]: nc4_ili9488: [nc4_drm_init_util] CRTC set successfully for /dev/dri/card0 with mode 320x480 on connector 31
Jan 08 15:12:12 raspberrypi nc4_drm_init_util[1687]: nc4_ili9488: [nc4_drm_init_util] Initializing display for card1
Jan 08 15:12:12 raspberrypi nc4_drm_init_util[1687]: nc4_ili9488: [nc4_drm_init_util] Opened DRM device /dev/dri/card1 successfully
Jan 08 15:12:12 raspberrypi nc4_drm_init_util[1687]: nc4_ili9488: [nc4_drm_init_util] Fetched DRM resources for /dev/dri/card1 successfully
Jan 08 15:12:12 raspberrypi nc4_drm_init_util[1687]: nc4_ili9488: [nc4_drm_init_util] Connector 31 is connected with mode 320x480
Jan 08 15:12:12 raspberrypi nc4_drm_init_util[1687]: nc4_ili9488: [nc4_drm_init_util] Dumb buffer created: handle=1, pitch=1280, size=614400
Jan 08 15:12:12 raspberrypi nc4_drm_init_util[1687]: nc4_ili9488: [nc4_drm_init_util] Framebuffer added with ID=38 for /dev/dri/card1
Jan 08 15:12:12 raspberrypi nc4_drm_init_util[1687]: nc4_ili9488: [nc4_drm_init_util] Dumb buffer mapped at offset=4295581696
Jan 08 15:12:12 raspberrypi nc4_drm_init_util[1687]: nc4_ili9488: [nc4_drm_init_util] Framebuffer filled with white color for /dev/dri/card1
Jan 08 15:12:13 raspberrypi nc4_drm_init_util[1687]: nc4_ili9488: [nc4_drm_init_util] CRTC set successfully for /dev/dri/card1 with mode 320x480 on connector 31
Jan 08 15:12:13 raspberrypi nc4_drm_init_util[1687]: nc4_ili9488: [nc4_drm_init_util] Initializing display for card2
Jan 08 15:12:13 raspberrypi nc4_drm_init_util[1687]: nc4_ili9488: [nc4_drm_init_util] Failed to open DRM device /dev/dri/card2: No such file or directory
Jan 08 15:12:13 raspberrypi nc4_drm_init_util[1687]: nc4_ili9488: [nc4_drm_init_util] Failed to initialize card2
Jan 08 15:15:37 raspberrypi systemd[1]: nc4_drm_init_util.service: Deactivated successfully.
Jan 08 15:15:37 raspberrypi systemd[1]: Stopped nc4_drm_init_util.service - Initialize DRM Services.
Jan 08 15:15:51 raspberrypi systemd[1]: Starting nc4_drm_init_util.service - Initialize DRM Services...
Jan 08 15:15:51 raspberrypi nc4_drm_init_util[874]: nc4_ili9488: [nc4_drm_init_util] Initializing display for card0
Jan 08 15:15:51 raspberrypi nc4_drm_init_util[874]: nc4_ili9488: [nc4_drm_init_util] Opened DRM device /dev/dri/card0 successfully
Jan 08 15:15:51 raspberrypi nc4_drm_init_util[874]: nc4_ili9488: [nc4_drm_init_util] Fetched DRM resources for /dev/dri/card0 successfully
Jan 08 15:15:51 raspberrypi nc4_drm_init_util[874]: nc4_ili9488: [nc4_drm_init_util] Connector 31 is connected with mode 320x480
Jan 08 15:15:51 raspberrypi nc4_drm_init_util[874]: nc4_ili9488: [nc4_drm_init_util] Dumb buffer created: handle=1, pitch=1280, size=614400
Jan 08 15:15:51 raspberrypi nc4_drm_init_util[874]: nc4_ili9488: [nc4_drm_init_util] Framebuffer added with ID=39 for /dev/dri/card0
Jan 08 15:15:51 raspberrypi nc4_drm_init_util[874]: nc4_ili9488: [nc4_drm_init_util] Dumb buffer mapped at offset=4295581696
Jan 08 15:15:51 raspberrypi nc4_drm_init_util[874]: nc4_ili9488: [nc4_drm_init_util] Framebuffer filled with white color for /dev/dri/card0
Jan 08 15:15:51 raspberrypi nc4_drm_init_util[874]: nc4_ili9488: [nc4_drm_init_util] CRTC set successfully for /dev/dri/card0 with mode 320x480 on connector 31
Jan 08 15:15:51 raspberrypi nc4_drm_init_util[874]: nc4_ili9488: [nc4_drm_init_util] Initializing display for card1
Jan 08 15:15:51 raspberrypi nc4_drm_init_util[874]: nc4_ili9488: [nc4_drm_init_util] Opened DRM device /dev/dri/card1 successfully
Jan 08 15:15:51 raspberrypi nc4_drm_init_util[874]: nc4_ili9488: [nc4_drm_init_util] Fetched DRM resources for /dev/dri/card1 successfully
Jan 08 15:15:51 raspberrypi nc4_drm_init_util[874]: nc4_ili9488: [nc4_drm_init_util] Connector 31 is connected with mode 320x480
Jan 08 15:15:51 raspberrypi nc4_drm_init_util[874]: nc4_ili9488: [nc4_drm_init_util] Dumb buffer created: handle=1, pitch=1280, size=614400
Jan 08 15:15:51 raspberrypi nc4_drm_init_util[874]: nc4_ili9488: [nc4_drm_init_util] Framebuffer added with ID=37 for /dev/dri/card1
Jan 08 15:15:51 raspberrypi nc4_drm_init_util[874]: nc4_ili9488: [nc4_drm_init_util] Dumb buffer mapped at offset=4295581696
Jan 08 15:15:51 raspberrypi nc4_drm_init_util[874]: nc4_ili9488: [nc4_drm_init_util] Framebuffer filled with white color for /dev/dri/card1
Jan 08 15:15:52 raspberrypi nc4_drm_init_util[874]: nc4_ili9488: [nc4_drm_init_util] CRTC set successfully for /dev/dri/card1 with mode 320x480 on connector 31
Jan 08 15:15:52 raspberrypi nc4_drm_init_util[874]: nc4_ili9488: [nc4_drm_init_util] Initializing display for card2
Jan 08 15:15:52 raspberrypi nc4_drm_init_util[874]: nc4_ili9488: [nc4_drm_init_util] Opened DRM device /dev/dri/card2 successfully
Jan 08 15:15:52 raspberrypi nc4_drm_init_util[874]: nc4_ili9488: [nc4_drm_init_util] Fetched DRM resources for /dev/dri/card2 successfully
Jan 08 15:15:52 raspberrypi nc4_drm_init_util[874]: nc4_ili9488: [nc4_drm_init_util] Connector 31 is connected with mode 320x480
Jan 08 15:15:52 raspberrypi nc4_drm_init_util[874]: nc4_ili9488: [nc4_drm_init_util] Dumb buffer created: handle=1, pitch=1280, size=614400
Jan 08 15:15:52 raspberrypi nc4_drm_init_util[874]: nc4_ili9488: [nc4_drm_init_util] Framebuffer added with ID=37 for /dev/dri/card2
Jan 08 15:15:52 raspberrypi nc4_drm_init_util[874]: nc4_ili9488: [nc4_drm_init_util] Dumb buffer mapped at offset=4295581696
Jan 08 15:15:52 raspberrypi nc4_drm_init_util[874]: nc4_ili9488: [nc4_drm_init_util] Framebuffer filled with white color for /dev/dri/card2
Jan 08 15:15:53 raspberrypi nc4_drm_init_util[874]: nc4_ili9488: [nc4_drm_init_util] CRTC set successfully for /dev/dri/card2 with mode 320x480 on connector 31
Jan 08 15:15:56 raspberrypi systemd[1]: Finished nc4_drm_init_util.service - Initialize DRM Services.
Jan 08 15:16:12 raspberrypi systemd[1]: nc4_drm_init_util.service: Deactivated successfully.
Jan 08 15:16:12 raspberrypi systemd[1]: Stopped nc4_drm_init_util.service - Initialize DRM Services.
Jan 08 15:16:48 raspberrypi systemd[1]: Starting nc4_drm_init_util.service - Initialize DRM Services...
Jan 08 15:16:48 raspberrypi nc4_drm_init_util[919]: nc4_ili9488: [nc4_drm_init_util] Initializing display for card0
Jan 08 15:16:48 raspberrypi nc4_drm_init_util[919]: nc4_ili9488: [nc4_drm_init_util] Opened DRM device /dev/dri/card0 successfully
Jan 08 15:16:48 raspberrypi nc4_drm_init_util[919]: nc4_ili9488: [nc4_drm_init_util] Fetched DRM resources for /dev/dri/card0 successfully
Jan 08 15:16:48 raspberrypi nc4_drm_init_util[919]: nc4_ili9488: [nc4_drm_init_util] Connector 31 is connected with mode 320x480
Jan 08 15:16:48 raspberrypi nc4_drm_init_util[919]: nc4_ili9488: [nc4_drm_init_util] Dumb buffer created: handle=1, pitch=1280, size=614400
Jan 08 15:16:48 raspberrypi nc4_drm_init_util[919]: nc4_ili9488: [nc4_drm_init_util] Framebuffer added with ID=38 for /dev/dri/card0
Jan 08 15:16:48 raspberrypi nc4_drm_init_util[919]: nc4_ili9488: [nc4_drm_init_util] Dumb buffer mapped at offset=4295581696
Jan 08 15:16:48 raspberrypi nc4_drm_init_util[919]: nc4_ili9488: [nc4_drm_init_util] Framebuffer filled with white color for /dev/dri/card0
Jan 08 15:16:48 raspberrypi nc4_drm_init_util[919]: nc4_ili9488: [nc4_drm_init_util] CRTC set successfully for /dev/dri/card0 with mode 320x480 on connector 31
Jan 08 15:16:48 raspberrypi nc4_drm_init_util[919]: nc4_ili9488: [nc4_drm_init_util] Initializing display for card1
Jan 08 15:16:48 raspberrypi nc4_drm_init_util[919]: nc4_ili9488: [nc4_drm_init_util] Opened DRM device /dev/dri/card1 successfully
Jan 08 15:16:48 raspberrypi nc4_drm_init_util[919]: nc4_ili9488: [nc4_drm_init_util] Fetched DRM resources for /dev/dri/card1 successfully
Jan 08 15:16:48 raspberrypi nc4_drm_init_util[919]: nc4_ili9488: [nc4_drm_init_util] Connector 31 is connected with mode 320x480
Jan 08 15:16:48 raspberrypi nc4_drm_init_util[919]: nc4_ili9488: [nc4_drm_init_util] Dumb buffer created: handle=1, pitch=1280, size=614400
Jan 08 15:16:48 raspberrypi nc4_drm_init_util[919]: nc4_ili9488: [nc4_drm_init_util] Framebuffer added with ID=37 for /dev/dri/card1
Jan 08 15:16:48 raspberrypi nc4_drm_init_util[919]: nc4_ili9488: [nc4_drm_init_util] Dumb buffer mapped at offset=4295581696
Jan 08 15:16:48 raspberrypi nc4_drm_init_util[919]: nc4_ili9488: [nc4_drm_init_util] Framebuffer filled with white color for /dev/dri/card1
Jan 08 15:16:49 raspberrypi nc4_drm_init_util[919]: nc4_ili9488: [nc4_drm_init_util] CRTC set successfully for /dev/dri/card1 with mode 320x480 on connector 31
Jan 08 15:16:49 raspberrypi nc4_drm_init_util[919]: nc4_ili9488: [nc4_drm_init_util] Initializing display for card2
Jan 08 15:16:49 raspberrypi nc4_drm_init_util[919]: nc4_ili9488: [nc4_drm_init_util] Opened DRM device /dev/dri/card2 successfully
Jan 08 15:16:49 raspberrypi nc4_drm_init_util[919]: nc4_ili9488: [nc4_drm_init_util] Fetched DRM resources for /dev/dri/card2 successfully
Jan 08 15:16:49 raspberrypi nc4_drm_init_util[919]: nc4_ili9488: [nc4_drm_init_util] Connector 31 is connected with mode 320x480
Jan 08 15:16:49 raspberrypi nc4_drm_init_util[919]: nc4_ili9488: [nc4_drm_init_util] Dumb buffer created: handle=1, pitch=1280, size=614400
Jan 08 15:16:49 raspberrypi nc4_drm_init_util[919]: nc4_ili9488: [nc4_drm_init_util] Framebuffer added with ID=37 for /dev/dri/card2
Jan 08 15:16:49 raspberrypi nc4_drm_init_util[919]: nc4_ili9488: [nc4_drm_init_util] Dumb buffer mapped at offset=4295581696
Jan 08 15:16:49 raspberrypi nc4_drm_init_util[919]: nc4_ili9488: [nc4_drm_init_util] Framebuffer filled with white color for /dev/dri/card2
Jan 08 15:16:50 raspberrypi nc4_drm_init_util[919]: nc4_ili9488: [nc4_drm_init_util] CRTC set successfully for /dev/dri/card2 with mode 320x480 on connector 31
Jan 08 15:16:53 raspberrypi systemd[1]: Finished nc4_drm_init_util.service - Initialize DRM Services.
Jan 08 15:18:43 raspberrypi sudo[1677]:      nc4 : TTY=pts/1 ; PWD=/home/nc4/TouchscreenApparatus ; USER=root ; COMMAND=/home/nc4/TouchscreenApparatus/src/drivers/nc4_ili9488/utils/nc4_drm_init_util
Jan 08 15:18:43 raspberrypi nc4_drm_init_util[1679]: nc4_ili9488: [drm_init_utility] Opened DRM device successfully
Jan 08 15:18:43 raspberrypi nc4_drm_init_util[1679]: nc4_ili9488: [drm_init_utility] Fetched DRM resources successfully
Jan 08 15:18:43 raspberrypi nc4_drm_init_util[1679]: nc4_ili9488: [drm_init_utility] Connector 31 is connected with mode 320x480
Jan 08 15:18:43 raspberrypi nc4_drm_init_util[1679]: nc4_ili9488: [drm_init_utility] Dumb buffer created: handle=1, pitch=1280, size=614400
Jan 08 15:18:43 raspberrypi nc4_drm_init_util[1679]: nc4_ili9488: [drm_init_utility] Framebuffer added with ID=39
Jan 08 15:18:43 raspberrypi nc4_drm_init_util[1679]: nc4_ili9488: [drm_init_utility] Dumb buffer mapped at offset=4295581696
Jan 08 15:18:43 raspberrypi nc4_drm_init_util[1679]: nc4_ili9488: [drm_init_utility] Framebuffer filled with white color
Jan 08 15:18:43 raspberrypi nc4_drm_init_util[1679]: nc4_ili9488: [drm_init_utility] CRTC set successfully for mode 320x480 on connector 31
