[   23.789644] [drm:nc4_ili9488_probe [nc4_ili9488]] nc4_ili9488: [nc4_ili9488_probe] Starting probe for device spi0.0 on SPI0, CS=0
[   23.789743] [drm:nc4_ili9488_probe [nc4_ili9488]] nc4_ili9488: [nc4_ili9488_probe] Allocated DRM device successfully.
[   23.789754] [drm:nc4_ili9488_probe [nc4_ili9488]] nc4_ili9488: [DRIVER INFO] Driver Name: nc4_ili9488
[   23.789763] [drm:nc4_ili9488_probe [nc4_ili9488]] nc4_ili9488: [DRIVER INFO] Description: nc4 ILI9488
[   23.789771] [drm:nc4_ili9488_probe [nc4_ili9488]] nc4_ili9488: [DRIVER INFO] Date: 20241227
[   23.789807] [drm:nc4_ili9488_probe [nc4_ili9488]] nc4_ili9488: [nc4_ili9488_probe] RESET GPIO: acquired
[   23.789825] [drm:nc4_ili9488_probe [nc4_ili9488]] nc4_ili9488: [nc4_ili9488_probe] DC GPIO: acquired
[   23.789849] [drm:nc4_ili9488_probe [nc4_ili9488]] nc4_ili9488: [nc4_ili9488_probe] Backlight initialized successfully.
[   23.789860] [drm:nc4_ili9488_probe [nc4_ili9488]] nc4_ili9488: [nc4_ili9488_probe] Device rotation property: 0
[   23.789884] [drm:nc4_ili9488_probe [nc4_ili9488]] nc4_ili9488: [nc4_ili9488_probe] SPI0 initialized successfully.
[   23.789893] [drm:nc4_ili9488_probe [nc4_ili9488]] nc4_ili9488: [nc4_mipi_dbi18_dev_init] dev_init mode=320x480 rotation=0
[   23.789978] [drm:nc4_ili9488_probe [nc4_ili9488]] nc4_ili9488: [nc4_ili9488_probe] MIPI-DBI device initialized successfully.
[   23.791095] nc4_ili9488 spi0.0: [drm:drm_sysfs_connector_hotplug_event [drm]] [CONNECTOR:31:SPI-1] generating connector hotplug event
[   23.791215] [drm] Initialized nc4_ili9488 1.0.0 20241227 for spi0.0 on minor 0
[   23.791220] [drm:nc4_ili9488_probe [nc4_ili9488]] nc4_ili9488: [nc4_ili9488_probe] DRM device registered successfully.
[   23.792384] nc4_ili9488 spi0.0: [drm:__drm_fb_helper_initial_config_and_unlock [drm_kms_helper]] test CRTC 0 primary plane
[   23.792442] nc4_ili9488 spi0.0: [drm:drm_fbdev_generic_helper_fb_probe [drm_kms_helper]] surface width(320), height(480) and bpp(32)
[   23.793039] nc4_ili9488 spi0.0: [drm:drm_mode_addfb2 [drm]] [FB:36]
[   23.793815] nc4_ili9488 spi0.0: [drm] fb0: nc4_ili9488drmf frame buffer device
[   23.831294] [drm:nc4_ili9488_probe [nc4_ili9488]] nc4_ili9488: [nc4_ili9488_probe] Probe completed for device spi0.0 on CS=0
[   23.831496] [drm:nc4_ili9488_probe [nc4_ili9488]] nc4_ili9488: [nc4_ili9488_probe] Starting probe for device spi0.1 on SPI0, CS=1
[   23.831545] [drm:nc4_ili9488_probe [nc4_ili9488]] nc4_ili9488: [nc4_ili9488_probe] Allocated DRM device successfully.
[   23.831554] [drm:nc4_ili9488_probe [nc4_ili9488]] nc4_ili9488: [DRIVER INFO] Driver Name: nc4_ili9488
[   23.831563] [drm:nc4_ili9488_probe [nc4_ili9488]] nc4_ili9488: [DRIVER INFO] Description: nc4 ILI9488
[   23.831571] [drm:nc4_ili9488_probe [nc4_ili9488]] nc4_ili9488: [DRIVER INFO] Date: 20241227
[   23.831605] [drm:nc4_ili9488_probe [nc4_ili9488]] nc4_ili9488: [nc4_ili9488_probe] RESET GPIO: acquired
[   23.831623] [drm:nc4_ili9488_probe [nc4_ili9488]] nc4_ili9488: [nc4_ili9488_probe] DC GPIO: acquired
[   23.831646] [drm:nc4_ili9488_probe [nc4_ili9488]] nc4_ili9488: [nc4_ili9488_probe] Backlight initialized successfully.
[   23.831656] [drm:nc4_ili9488_probe [nc4_ili9488]] nc4_ili9488: [nc4_ili9488_probe] Device rotation property: 0
[   23.831680] [drm:nc4_ili9488_probe [nc4_ili9488]] nc4_ili9488: [nc4_ili9488_probe] SPI0 initialized successfully.
[   23.831689] [drm:nc4_ili9488_probe [nc4_ili9488]] nc4_ili9488: [nc4_mipi_dbi18_dev_init] dev_init mode=320x480 rotation=0
[   23.831772] [drm:nc4_ili9488_probe [nc4_ili9488]] nc4_ili9488: [nc4_ili9488_probe] MIPI-DBI device initialized successfully.
[   23.832470] nc4_ili9488 spi0.1: [drm:drm_sysfs_connector_hotplug_event [drm]] [CONNECTOR:31:SPI-2] generating connector hotplug event
[   23.832558] [drm] Initialized nc4_ili9488 1.0.0 20241227 for spi0.1 on minor 1
[   23.832562] [drm:nc4_ili9488_probe [nc4_ili9488]] nc4_ili9488: [nc4_ili9488_probe] DRM device registered successfully.
[   23.833612] nc4_ili9488 spi0.1: [drm:__drm_fb_helper_initial_config_and_unlock [drm_kms_helper]] test CRTC 0 primary plane
[   23.833654] nc4_ili9488 spi0.1: [drm:drm_fbdev_generic_helper_fb_probe [drm_kms_helper]] surface width(320), height(480) and bpp(32)
[   23.834542] nc4_ili9488 spi0.1: [drm:drm_mode_addfb2 [drm]] [FB:36]
[   23.835233] nc4_ili9488 spi0.1: [drm] fb1: nc4_ili9488drmf frame buffer device
[   23.835265] [drm:nc4_ili9488_probe [nc4_ili9488]] nc4_ili9488: [nc4_ili9488_probe] Probe completed for device spi0.1 on CS=1
[   23.844212] nc4_ili9488 spi0.1: [drm:drm_open_helper [drm]] comm="kmscon", pid=666, minor=1
[   23.844703] nc4_ili9488 spi0.1: [drm:drm_ioctl [drm]] comm="kmscon" pid=666, dev=0xe201, auth=1, DRM_IOCTL_VERSION
[   23.844798] nc4_ili9488 spi0.1: [drm:drm_ioctl [drm]] comm="kmscon" pid=666, dev=0xe201, auth=1, DRM_IOCTL_VERSION
[   23.844873] nc4_ili9488 spi0.1: [drm:drm_release [drm]] open_count = 1
[   23.844943] nc4_ili9488 spi0.1: [drm:drm_file_free [drm]] comm="kmscon", pid=666, dev=0xe201, open_count=1
[   23.845021] nc4_ili9488 spi0.1: [drm:drm_lastclose [drm]] 
[   23.845090] nc4_ili9488 spi0.1: [drm:drm_lastclose [drm]] driver lastclose completed
[   23.845165] nc4_ili9488 spi0.1: [drm:drm_atomic_state_init [drm]] Allocated atomic state 000000002d983ed6
[   23.845240] nc4_ili9488 spi0.1: [drm:drm_atomic_get_plane_state [drm]] Added [PLANE:32:plane-0] 000000004f69e86a state to 000000002d983ed6
[   23.845313] nc4_ili9488 spi0.1: [drm:drm_atomic_get_crtc_state [drm]] Added [CRTC:34:crtc-0] 00000000d957b0e3 state to 000000002d983ed6
[   23.845392] nc4_ili9488 spi0.1: [drm:drm_atomic_set_mode_for_crtc [drm]] Set [MODE:320x480] for [CRTC:34:crtc-0] state 00000000d957b0e3
[   23.845463] nc4_ili9488 spi0.1: [drm:drm_atomic_set_crtc_for_plane [drm]] Link [PLANE:32:plane-0] state 000000004f69e86a to [CRTC:34:crtc-0]
[   23.845536] nc4_ili9488 spi0.1: [drm:drm_atomic_set_fb_for_plane [drm]] Set [FB:36] for [PLANE:32:plane-0] state 000000004f69e86a
[   23.845678] nc4_ili9488 spi0.1: [drm:drm_atomic_add_affected_connectors [drm]] Adding all current connectors for [CRTC:34:crtc-0] to 000000002d983ed6
[   23.845823] nc4_ili9488 spi0.1: [drm:drm_atomic_get_connector_state [drm]] Added [CONNECTOR:31:SPI-2] 000000000fedd036 state to 000000002d983ed6
[   23.845964] nc4_ili9488 spi0.1: [drm:drm_atomic_set_crtc_for_connector [drm]] Link [CONNECTOR:31:SPI-2] state 000000000fedd036 to [CRTC:34:crtc-0]
[   23.846036] nc4_ili9488 spi0.1: [drm:drm_atomic_check_only [drm]] checking 000000002d983ed6
[   23.846109] nc4_ili9488 spi0.1: [drm:drm_atomic_helper_check_modeset [drm_kms_helper]] [CRTC:34:crtc-0] mode changed
[   23.846168] nc4_ili9488 spi0.1: [drm:drm_atomic_helper_check_modeset [drm_kms_helper]] [CRTC:34:crtc-0] enable changed
[   23.846201] nc4_ili9488 spi0.1: [drm:drm_atomic_helper_check_modeset [drm_kms_helper]] [CRTC:34:crtc-0] active changed
[   23.846236] nc4_ili9488 spi0.1: [drm:drm_atomic_helper_check_modeset [drm_kms_helper]] Updating routing for [CONNECTOR:31:SPI-2]
[   23.846271] nc4_ili9488 spi0.1: [drm:drm_atomic_helper_check_modeset [drm_kms_helper]] [CONNECTOR:31:SPI-2] using [ENCODER:35:None-35] on [CRTC:34:crtc-0]
[   23.846305] nc4_ili9488 spi0.1: [drm:drm_atomic_helper_check_modeset [drm_kms_helper]] [CRTC:34:crtc-0] needs all connectors, enable: y, active: y
[   23.846339] nc4_ili9488 spi0.1: [drm:drm_atomic_add_affected_connectors [drm]] Adding all current connectors for [CRTC:34:crtc-0] to 000000002d983ed6
[   23.846413] nc4_ili9488 spi0.1: [drm:drm_atomic_add_affected_planes [drm]] Adding all current planes for [CRTC:34:crtc-0] to 000000002d983ed6
[   23.846484] nc4_ili9488 spi0.1: [drm:drm_atomic_add_encoder_bridges [drm]] Adding all bridges for [encoder:35:None-35] to 000000002d983ed6
[   23.846563] nc4_ili9488 spi0.1: [drm:drm_atomic_add_affected_planes [drm]] Adding all current planes for [CRTC:34:crtc-0] to 000000002d983ed6
[   23.846635] nc4_ili9488 spi0.1: [drm:drm_atomic_commit [drm]] committing 000000002d983ed6
[   23.846718] nc4_ili9488 spi0.1: [drm:crtc_set_mode [drm_kms_helper]] modeset on [ENCODER:35:None-35]
[   23.846756] [drm:nc4_mipi_dbi18_pipe_update [nc4_ili9488]] nc4_ili9488: [nc4_mipi_dbi18_pipe_update] pipe_update called
[   23.846768] [drm:nc4_mipi_dbi18_pipe_update [nc4_ili9488]] nc4_ili9488: [nc4_mipi_dbi18_pipe_update] merged damage rect=(320x480+0+0)
[   23.846778] [drm:nc4_mipi_dbi18_fb_dirty [nc4_ili9488]] nc4_ili9488: [nc4_mipi_dbi18_fb_dirty] Dirty framebuffer update: dev=spi0.1 on SPI0, CS=1 rect=(0,0)-(320,480)
[   23.846788] [drm:nc4_mipi_dbi18_fb_dirty [nc4_ili9488]] nc4_ili9488: [nc4_mipi_dbi18_fb_dirty] Full framebuffer update detected.
[   23.846796] [drm:nc4_mipi_dbi18_buf_copy [nc4_ili9488]] nc4_ili9488: [nc4_mipi_dbi18_buf_copy] format=XR24 little-endian (0x34325258) swap=1 clip=(0,0)-(320,480)
[   23.846810] [drm:nc4_mipi_dbi18_buf_copy [nc4_ili9488]] nc4_ili9488: [nc4_mipi_dbi18_buf_copy] Converting from XRGB8888 to 18-bit
[   23.848126] [drm:nc4_mipi_dbi18_fb_dirty [nc4_ili9488]] nc4_ili9488: [nc4_mipi_dbi_set_window_address] dev=spi0 cs=0 xs=0 xe=319 ys=0 ye=479
[   23.848205] [drm:nc4_mipi_dbi18_fb_dirty [nc4_ili9488]] nc4_ili9488: [nc4_mipi_dbi18_fb_dirty] Writing memory data to device.
[   24.040665] [drm:nc4_mipi_dbi18_pipe_update [nc4_ili9488]] nc4_ili9488: [nc4_mipi_dbi18_pipe_update] pipe_update done for dev=spi0.1 cs=1
[   24.040700] nc4_ili9488 spi0.1: [drm:drm_atomic_helper_commit_modeset_enables [drm_kms_helper]] enabling [CRTC:34:crtc-0]
[   24.040760] [drm:nc4_ili9488_enable [nc4_ili9488]] nc4_ili9488: [ENABLE] Starting enable sequence for device spi0.1 on SPI0, CS=1
[   24.187304] [drm:nc4_ili9488_enable [nc4_ili9488]] nc4_ili9488: [ENABLE] Power-on reset completed for device spi0.1 on CS=1
[   24.343258] [drm:nc4_ili9488_enable [nc4_ili9488]] nc4_ili9488: [ENABLE] Explicit hardware reset completed for spi0.1 on CS=1
[   24.343276] [drm:nc4_ili9488_enable [nc4_ili9488]] nc4_ili9488: [ENABLE] Initializing panel commands for device spi0.1 on CS=1
[   24.343284] [drm:nc4_ili9488_send_cmd.constprop.0 [nc4_ili9488]] nc4_ili9488: [nc4_ili9488_send_cmd] SPI dev=spi0 cs=0 -> cmd=SW_RESET(0x01), num_args=0
[   24.343294] [drm:nc4_ili9488_send_cmd.constprop.0 [nc4_ili9488]] nc4_ili9488: [nc4_ili9488_send_cmd] CMD:SW_RESET(0x01), args(0):
[   24.343303] [drm:nc4_ili9488_send_cmd.constprop.0 [nc4_ili9488]] 
[   24.471261] [drm:nc4_ili9488_send_cmd.constprop.0 [nc4_ili9488]] nc4_ili9488: [nc4_ili9488_send_cmd] SPI dev=spi0 cs=0 -> cmd=DISPLAY_OFF(0x28), num_args=0
[   24.471278] [drm:nc4_ili9488_send_cmd.constprop.0 [nc4_ili9488]] nc4_ili9488: [nc4_ili9488_send_cmd] CMD:DISPLAY_OFF(0x28), args(0):
[   24.471287] [drm:nc4_ili9488_send_cmd.constprop.0 [nc4_ili9488]] 
[   24.471330] [drm:nc4_ili9488_send_cmd.constprop.0 [nc4_ili9488]] nc4_ili9488: [nc4_ili9488_send_cmd] SPI dev=spi0 cs=0 -> cmd=SLEEP_OUT(0x11), num_args=0
[   24.471340] [drm:nc4_ili9488_send_cmd.constprop.0 [nc4_ili9488]] nc4_ili9488: [nc4_ili9488_send_cmd] CMD:SLEEP_OUT(0x11), args(0):
[   24.471348] [drm:nc4_ili9488_send_cmd.constprop.0 [nc4_ili9488]] 
[   24.599261] [drm:nc4_ili9488_send_cmd.constprop.0 [nc4_ili9488]] nc4_ili9488: [nc4_ili9488_send_cmd] SPI dev=spi0 cs=0 -> cmd=DISPLAY_ON(0x29), num_args=0
[   24.599275] [drm:nc4_ili9488_send_cmd.constprop.0 [nc4_ili9488]] nc4_ili9488: [nc4_ili9488_send_cmd] CMD:DISPLAY_ON(0x29), args(0):
[   24.599284] [drm:nc4_ili9488_send_cmd.constprop.0 [nc4_ili9488]] 
[   24.599327] [drm:nc4_ili9488_enable [nc4_ili9488]] nc4_ili9488: [ENABLE] Address mode configuration.
[   24.599351] [drm:nc4_ili9488_enable [nc4_ili9488]] nc4_ili9488: [ENABLE] Address mode set to 0x40 for rotation 0
[   24.599359] [drm:nc4_ili9488_enable [nc4_ili9488]] nc4_ili9488: [ENABLE] Flushing framebuffer to panel.
[   24.599367] [drm:nc4_mipi_dbi18_enable_flush [nc4_ili9488]] nc4_ili9488: [nc4_mipi_dbi18_enable_flush] enable_flush - full screen
[   24.599376] [drm:nc4_mipi_dbi18_fb_dirty [nc4_ili9488]] nc4_ili9488: [nc4_mipi_dbi18_fb_dirty] Dirty framebuffer update: dev=spi0.1 on SPI0, CS=1 rect=(0,0)-(320,480)
[   24.599386] [drm:nc4_mipi_dbi18_fb_dirty [nc4_ili9488]] nc4_ili9488: [nc4_mipi_dbi18_fb_dirty] Full framebuffer update detected.
[   24.599394] [drm:nc4_mipi_dbi18_buf_copy [nc4_ili9488]] nc4_ili9488: [nc4_mipi_dbi18_buf_copy] format=XR24 little-endian (0x34325258) swap=1 clip=(0,0)-(320,480)
[   24.599408] [drm:nc4_mipi_dbi18_buf_copy [nc4_ili9488]] nc4_ili9488: [nc4_mipi_dbi18_buf_copy] Converting from XRGB8888 to 18-bit
[   24.600631] [drm:nc4_mipi_dbi18_fb_dirty [nc4_ili9488]] nc4_ili9488: [nc4_mipi_dbi_set_window_address] dev=spi0 cs=0 xs=0 xe=319 ys=0 ye=479
[   24.600678] [drm:nc4_mipi_dbi18_fb_dirty [nc4_ili9488]] nc4_ili9488: [nc4_mipi_dbi18_fb_dirty] Writing memory data to device.
[   24.792976] [drm:nc4_mipi_dbi18_enable_flush [nc4_ili9488]] nc4_ili9488: [nc4_mipi_dbi18_enable_flush] after fb_dirty in enable_flush dev=spi0 cs=0
[   24.793005] [drm:nc4_mipi_dbi18_enable_flush [nc4_ili9488]] nc4_ili9488: [nc4_mipi_dbi18_enable_flush] enabling backlight
[   24.793015] [drm:nc4_ili9488_enable [nc4_ili9488]] nc4_ili9488: [ENABLE] Backlight enabled for device spi0.1 on CS=1
[   24.793023] [drm:nc4_ili9488_enable [nc4_ili9488]] nc4_ili9488: [ENABLE] Enable sequence completed for device spi0.1 on CS=1
[   24.793034] nc4_ili9488 spi0.1: [drm:drm_atomic_helper_commit_modeset_enables [drm_kms_helper]] enabling [ENCODER:35:None-35]
[   24.793098] nc4_ili9488 spi0.1: [drm:drm_atomic_state_default_clear [drm]] Clearing atomic state 000000002d983ed6
[   24.793286] nc4_ili9488 spi0.1: [drm:__drm_atomic_state_free [drm]] Freeing atomic state 000000002d983ed6
[   24.793359] nc4_ili9488 spi0.1: [drm:drm_client_dev_restore [drm]] fbdev: ret=0
[   24.793711] nc4_ili9488 spi0.0: [drm:drm_open_helper [drm]] comm="kmscon", pid=666, minor=0
[   24.794210] nc4_ili9488 spi0.0: [drm:drm_ioctl [drm]] comm="kmscon" pid=666, dev=0xe200, auth=1, DRM_IOCTL_VERSION
[   24.794294] nc4_ili9488 spi0.0: [drm:drm_ioctl [drm]] comm="kmscon" pid=666, dev=0xe200, auth=1, DRM_IOCTL_VERSION
[   24.794369] nc4_ili9488 spi0.0: [drm:drm_release [drm]] open_count = 1
[   24.794439] nc4_ili9488 spi0.0: [drm:drm_file_free [drm]] comm="kmscon", pid=666, dev=0xe200, open_count=1
[   24.794515] nc4_ili9488 spi0.0: [drm:drm_lastclose [drm]] 
[   24.794584] nc4_ili9488 spi0.0: [drm:drm_lastclose [drm]] driver lastclose completed
[   24.794657] nc4_ili9488 spi0.0: [drm:drm_atomic_state_init [drm]] Allocated atomic state 000000002bb52a88
[   24.794731] nc4_ili9488 spi0.0: [drm:drm_atomic_get_plane_state [drm]] Added [PLANE:32:plane-0] 000000006d984db5 state to 000000002bb52a88
[   24.794804] nc4_ili9488 spi0.0: [drm:drm_atomic_get_crtc_state [drm]] Added [CRTC:34:crtc-0] 00000000723392b5 state to 000000002bb52a88
[   24.794882] nc4_ili9488 spi0.0: [drm:drm_atomic_set_mode_for_crtc [drm]] Set [MODE:320x480] for [CRTC:34:crtc-0] state 00000000723392b5
[   24.794953] nc4_ili9488 spi0.0: [drm:drm_atomic_set_crtc_for_plane [drm]] Link [PLANE:32:plane-0] state 000000006d984db5 to [CRTC:34:crtc-0]
[   24.795025] nc4_ili9488 spi0.0: [drm:drm_atomic_set_fb_for_plane [drm]] Set [FB:36] for [PLANE:32:plane-0] state 000000006d984db5
[   24.795167] nc4_ili9488 spi0.0: [drm:drm_atomic_add_affected_connectors [drm]] Adding all current connectors for [CRTC:34:crtc-0] to 000000002bb52a88
[   24.795369] nc4_ili9488 spi0.0: [drm:drm_atomic_get_connector_state [drm]] Added [CONNECTOR:31:SPI-1] 00000000f585f380 state to 000000002bb52a88
[   24.795514] nc4_ili9488 spi0.0: [drm:drm_atomic_set_crtc_for_connector [drm]] Link [CONNECTOR:31:SPI-1] state 00000000f585f380 to [CRTC:34:crtc-0]
[   24.795587] nc4_ili9488 spi0.0: [drm:drm_atomic_check_only [drm]] checking 000000002bb52a88
[   24.795661] nc4_ili9488 spi0.0: [drm:drm_atomic_helper_check_modeset [drm_kms_helper]] [CRTC:34:crtc-0] mode changed
[   24.795707] nc4_ili9488 spi0.0: [drm:drm_atomic_helper_check_modeset [drm_kms_helper]] [CRTC:34:crtc-0] enable changed
[   24.795740] nc4_ili9488 spi0.0: [drm:drm_atomic_helper_check_modeset [drm_kms_helper]] [CRTC:34:crtc-0] active changed
[   24.795776] nc4_ili9488 spi0.0: [drm:drm_atomic_helper_check_modeset [drm_kms_helper]] Updating routing for [CONNECTOR:31:SPI-1]
[   24.795810] nc4_ili9488 spi0.0: [drm:drm_atomic_helper_check_modeset [drm_kms_helper]] [CONNECTOR:31:SPI-1] using [ENCODER:35:None-35] on [CRTC:34:crtc-0]
[   24.795844] nc4_ili9488 spi0.0: [drm:drm_atomic_helper_check_modeset [drm_kms_helper]] [CRTC:34:crtc-0] needs all connectors, enable: y, active: y
[   24.795880] nc4_ili9488 spi0.0: [drm:drm_atomic_add_affected_connectors [drm]] Adding all current connectors for [CRTC:34:crtc-0] to 000000002bb52a88
[   24.795958] nc4_ili9488 spi0.0: [drm:drm_atomic_add_affected_planes [drm]] Adding all current planes for [CRTC:34:crtc-0] to 000000002bb52a88
[   24.796030] nc4_ili9488 spi0.0: [drm:drm_atomic_add_encoder_bridges [drm]] Adding all bridges for [encoder:35:None-35] to 000000002bb52a88
[   24.796110] nc4_ili9488 spi0.0: [drm:drm_atomic_add_affected_planes [drm]] Adding all current planes for [CRTC:34:crtc-0] to 000000002bb52a88
[   24.796181] nc4_ili9488 spi0.0: [drm:drm_atomic_commit [drm]] committing 000000002bb52a88
[   24.796265] nc4_ili9488 spi0.0: [drm:crtc_set_mode [drm_kms_helper]] modeset on [ENCODER:35:None-35]
[   24.796303] [drm:nc4_mipi_dbi18_pipe_update [nc4_ili9488]] nc4_ili9488: [nc4_mipi_dbi18_pipe_update] pipe_update called
[   24.796315] [drm:nc4_mipi_dbi18_pipe_update [nc4_ili9488]] nc4_ili9488: [nc4_mipi_dbi18_pipe_update] merged damage rect=(320x480+0+0)
[   24.796325] [drm:nc4_mipi_dbi18_fb_dirty [nc4_ili9488]] nc4_ili9488: [nc4_mipi_dbi18_fb_dirty] Dirty framebuffer update: dev=spi0.0 on SPI0, CS=0 rect=(0,0)-(320,480)
[   24.796334] [drm:nc4_mipi_dbi18_fb_dirty [nc4_ili9488]] nc4_ili9488: [nc4_mipi_dbi18_fb_dirty] Full framebuffer update detected.
[   24.796342] [drm:nc4_mipi_dbi18_buf_copy [nc4_ili9488]] nc4_ili9488: [nc4_mipi_dbi18_buf_copy] format=XR24 little-endian (0x34325258) swap=1 clip=(0,0)-(320,480)
[   24.796355] [drm:nc4_mipi_dbi18_buf_copy [nc4_ili9488]] nc4_ili9488: [nc4_mipi_dbi18_buf_copy] Converting from XRGB8888 to 18-bit
[   24.797589] [drm:nc4_mipi_dbi18_fb_dirty [nc4_ili9488]] nc4_ili9488: [nc4_mipi_dbi_set_window_address] dev=spi0 cs=0 xs=0 xe=319 ys=0 ye=479
[   24.797655] [drm:nc4_mipi_dbi18_fb_dirty [nc4_ili9488]] nc4_ili9488: [nc4_mipi_dbi18_fb_dirty] Writing memory data to device.
[   24.989992] [drm:nc4_mipi_dbi18_pipe_update [nc4_ili9488]] nc4_ili9488: [nc4_mipi_dbi18_pipe_update] pipe_update done for dev=spi0.0 cs=0
[   24.990023] nc4_ili9488 spi0.0: [drm:drm_atomic_helper_commit_modeset_enables [drm_kms_helper]] enabling [CRTC:34:crtc-0]
[   24.990077] [drm:nc4_ili9488_enable [nc4_ili9488]] nc4_ili9488: [ENABLE] Starting enable sequence for device spi0.0 on SPI0, CS=0
[   25.135310] [drm:nc4_ili9488_enable [nc4_ili9488]] nc4_ili9488: [ENABLE] Power-on reset completed for device spi0.0 on CS=0
[   25.291253] [drm:nc4_ili9488_enable [nc4_ili9488]] nc4_ili9488: [ENABLE] Explicit hardware reset completed for spi0.0 on CS=0
[   25.291264] [drm:nc4_ili9488_enable [nc4_ili9488]] nc4_ili9488: [ENABLE] Initializing panel commands for device spi0.0 on CS=0
[   25.291272] [drm:nc4_ili9488_send_cmd.constprop.0 [nc4_ili9488]] nc4_ili9488: [nc4_ili9488_send_cmd] SPI dev=spi0 cs=0 -> cmd=SW_RESET(0x01), num_args=0
[   25.291281] [drm:nc4_ili9488_send_cmd.constprop.0 [nc4_ili9488]] nc4_ili9488: [nc4_ili9488_send_cmd] CMD:SW_RESET(0x01), args(0):
[   25.291290] [drm:nc4_ili9488_send_cmd.constprop.0 [nc4_ili9488]] 
[   25.419253] [drm:nc4_ili9488_send_cmd.constprop.0 [nc4_ili9488]] nc4_ili9488: [nc4_ili9488_send_cmd] SPI dev=spi0 cs=0 -> cmd=DISPLAY_OFF(0x28), num_args=0
[   25.419266] [drm:nc4_ili9488_send_cmd.constprop.0 [nc4_ili9488]] nc4_ili9488: [nc4_ili9488_send_cmd] CMD:DISPLAY_OFF(0x28), args(0):
[   25.419274] [drm:nc4_ili9488_send_cmd.constprop.0 [nc4_ili9488]] 
[   25.419313] [drm:nc4_ili9488_send_cmd.constprop.0 [nc4_ili9488]] nc4_ili9488: [nc4_ili9488_send_cmd] SPI dev=spi0 cs=0 -> cmd=SLEEP_OUT(0x11), num_args=0
[   25.419322] [drm:nc4_ili9488_send_cmd.constprop.0 [nc4_ili9488]] nc4_ili9488: [nc4_ili9488_send_cmd] CMD:SLEEP_OUT(0x11), args(0):
[   25.419330] [drm:nc4_ili9488_send_cmd.constprop.0 [nc4_ili9488]] 
[   25.547258] [drm:nc4_ili9488_send_cmd.constprop.0 [nc4_ili9488]] nc4_ili9488: [nc4_ili9488_send_cmd] SPI dev=spi0 cs=0 -> cmd=DISPLAY_ON(0x29), num_args=0
[   25.547280] [drm:nc4_ili9488_send_cmd.constprop.0 [nc4_ili9488]] nc4_ili9488: [nc4_ili9488_send_cmd] CMD:DISPLAY_ON(0x29), args(0):
[   25.547288] [drm:nc4_ili9488_send_cmd.constprop.0 [nc4_ili9488]] 
[   25.547337] [drm:nc4_ili9488_enable [nc4_ili9488]] nc4_ili9488: [ENABLE] Address mode configuration.
[   25.547361] [drm:nc4_ili9488_enable [nc4_ili9488]] nc4_ili9488: [ENABLE] Address mode set to 0x40 for rotation 0
[   25.547369] [drm:nc4_ili9488_enable [nc4_ili9488]] nc4_ili9488: [ENABLE] Flushing framebuffer to panel.
[   25.547377] [drm:nc4_mipi_dbi18_enable_flush [nc4_ili9488]] nc4_ili9488: [nc4_mipi_dbi18_enable_flush] enable_flush - full screen
[   25.547385] [drm:nc4_mipi_dbi18_fb_dirty [nc4_ili9488]] nc4_ili9488: [nc4_mipi_dbi18_fb_dirty] Dirty framebuffer update: dev=spi0.0 on SPI0, CS=0 rect=(0,0)-(320,480)
[   25.547395] [drm:nc4_mipi_dbi18_fb_dirty [nc4_ili9488]] nc4_ili9488: [nc4_mipi_dbi18_fb_dirty] Full framebuffer update detected.
[   25.547402] [drm:nc4_mipi_dbi18_buf_copy [nc4_ili9488]] nc4_ili9488: [nc4_mipi_dbi18_buf_copy] format=XR24 little-endian (0x34325258) swap=1 clip=(0,0)-(320,480)
[   25.547417] [drm:nc4_mipi_dbi18_buf_copy [nc4_ili9488]] nc4_ili9488: [nc4_mipi_dbi18_buf_copy] Converting from XRGB8888 to 18-bit
[   25.548637] [drm:nc4_mipi_dbi18_fb_dirty [nc4_ili9488]] nc4_ili9488: [nc4_mipi_dbi_set_window_address] dev=spi0 cs=0 xs=0 xe=319 ys=0 ye=479
[   25.548683] [drm:nc4_mipi_dbi18_fb_dirty [nc4_ili9488]] nc4_ili9488: [nc4_mipi_dbi18_fb_dirty] Writing memory data to device.
[   25.741015] [drm:nc4_mipi_dbi18_enable_flush [nc4_ili9488]] nc4_ili9488: [nc4_mipi_dbi18_enable_flush] after fb_dirty in enable_flush dev=spi0 cs=0
[   25.741042] [drm:nc4_mipi_dbi18_enable_flush [nc4_ili9488]] nc4_ili9488: [nc4_mipi_dbi18_enable_flush] enabling backlight
[   25.741052] [drm:nc4_ili9488_enable [nc4_ili9488]] nc4_ili9488: [ENABLE] Backlight enabled for device spi0.0 on CS=0
[   25.741060] [drm:nc4_ili9488_enable [nc4_ili9488]] nc4_ili9488: [ENABLE] Enable sequence completed for device spi0.0 on CS=0
[   25.741071] nc4_ili9488 spi0.0: [drm:drm_atomic_helper_commit_modeset_enables [drm_kms_helper]] enabling [ENCODER:35:None-35]
[   25.741138] nc4_ili9488 spi0.0: [drm:drm_atomic_state_default_clear [drm]] Clearing atomic state 000000002bb52a88
[   25.741330] nc4_ili9488 spi0.0: [drm:__drm_atomic_state_free [drm]] Freeing atomic state 000000002bb52a88
[   25.741403] nc4_ili9488 spi0.0: [drm:drm_client_dev_restore [drm]] fbdev: ret=0
[   25.741805] nc4_ili9488 spi0.0: [drm:drm_atomic_state_init [drm]] Allocated atomic state 000000002bb52a88
[   25.741959] nc4_ili9488 spi0.0: [drm:drm_atomic_get_plane_state [drm]] Added [PLANE:32:plane-0] 00000000952f1f93 state to 000000002bb52a88
[   25.742101] nc4_ili9488 spi0.0: [drm:drm_atomic_get_crtc_state [drm]] Added [CRTC:34:crtc-0] 00000000bd09ff2f state to 000000002bb52a88
[   25.742175] nc4_ili9488 spi0.0: [drm:drm_atomic_set_fb_for_plane [drm]] Set [FB:36] for [PLANE:32:plane-0] state 00000000952f1f93
[   25.742383] nc4_ili9488 spi0.0: [drm:drm_atomic_add_affected_connectors [drm]] Adding all current connectors for [CRTC:34:crtc-0] to 000000002bb52a88
[   25.742593] nc4_ili9488 spi0.0: [drm:drm_atomic_get_connector_state [drm]] Added [CONNECTOR:31:SPI-1] 00000000d8cea87c state to 000000002bb52a88
[   25.742732] nc4_ili9488 spi0.0: [drm:drm_atomic_set_crtc_for_connector [drm]] Link [CONNECTOR:31:SPI-1] state 00000000d8cea87c to [NOCRTC]
[   25.742872] nc4_ili9488 spi0.0: [drm:drm_atomic_set_crtc_for_connector [drm]] Link [CONNECTOR:31:SPI-1] state 00000000d8cea87c to [CRTC:34:crtc-0]
[   25.742942] nc4_ili9488 spi0.0: [drm:drm_atomic_check_only [drm]] checking 000000002bb52a88
[   25.743017] nc4_ili9488 spi0.0: [drm:drm_atomic_helper_check_modeset [drm_kms_helper]] Updating routing for [CONNECTOR:31:SPI-1]
[   25.743056] nc4_ili9488 spi0.0: [drm:drm_atomic_helper_check_modeset [drm_kms_helper]] [CONNECTOR:31:SPI-1] keeps [ENCODER:35:None-35], now on [CRTC:34:crtc-0]
[   25.743091] nc4_ili9488 spi0.0: [drm:drm_atomic_add_encoder_bridges [drm]] Adding all bridges for [encoder:35:None-35] to 000000002bb52a88
[   25.743162] nc4_ili9488 spi0.0: [drm:drm_atomic_add_encoder_bridges [drm]] Adding all bridges for [encoder:35:None-35] to 000000002bb52a88
[   25.743237] nc4_ili9488 spi0.0: [drm:drm_atomic_add_affected_planes [drm]] Adding all current planes for [CRTC:34:crtc-0] to 000000002bb52a88
[   25.743336] nc4_ili9488 spi0.0: [drm:drm_atomic_commit [drm]] committing 000000002bb52a88
[   25.743425] [drm:nc4_mipi_dbi18_pipe_update [nc4_ili9488]] nc4_ili9488: [nc4_mipi_dbi18_pipe_update] pipe_update called
[   25.743437] [drm:nc4_mipi_dbi18_pipe_update [nc4_ili9488]] nc4_ili9488: [nc4_mipi_dbi18_pipe_update] merged damage rect=(320x480+0+0)
[   25.743446] [drm:nc4_mipi_dbi18_fb_dirty [nc4_ili9488]] nc4_ili9488: [nc4_mipi_dbi18_fb_dirty] Dirty framebuffer update: dev=spi0.0 on SPI0, CS=0 rect=(0,0)-(320,480)
[   25.743455] [drm:nc4_mipi_dbi18_fb_dirty [nc4_ili9488]] nc4_ili9488: [nc4_mipi_dbi18_fb_dirty] Full framebuffer update detected.
[   25.743463] [drm:nc4_mipi_dbi18_buf_copy [nc4_ili9488]] nc4_ili9488: [nc4_mipi_dbi18_buf_copy] format=XR24 little-endian (0x34325258) swap=1 clip=(0,0)-(320,480)
[   25.743476] [drm:nc4_mipi_dbi18_buf_copy [nc4_ili9488]] nc4_ili9488: [nc4_mipi_dbi18_buf_copy] Converting from XRGB8888 to 18-bit
[   25.744723] [drm:nc4_mipi_dbi18_fb_dirty [nc4_ili9488]] nc4_ili9488: [nc4_mipi_dbi_set_window_address] dev=spi0 cs=0 xs=0 xe=319 ys=0 ye=479
[   25.744784] [drm:nc4_mipi_dbi18_fb_dirty [nc4_ili9488]] nc4_ili9488: [nc4_mipi_dbi18_fb_dirty] Writing memory data to device.
[   25.937108] [drm:nc4_mipi_dbi18_pipe_update [nc4_ili9488]] nc4_ili9488: [nc4_mipi_dbi18_pipe_update] pipe_update done for dev=spi0.0 cs=0
[   25.937144] nc4_ili9488 spi0.0: [drm:drm_atomic_state_default_clear [drm]] Clearing atomic state 000000002bb52a88
[   25.937542] nc4_ili9488 spi0.0: [drm:__drm_atomic_state_free [drm]] Freeing atomic state 000000002bb52a88
[   25.937619] nc4_ili9488 spi0.0: [drm:drm_atomic_state_init [drm]] Allocated atomic state 000000002bb52a88
[   25.937759] nc4_ili9488 spi0.0: [drm:drm_atomic_get_plane_state [drm]] Added [PLANE:32:plane-0] 00000000e14f9a69 state to 000000002bb52a88
[   25.937899] nc4_ili9488 spi0.0: [drm:drm_atomic_get_crtc_state [drm]] Added [CRTC:34:crtc-0] 00000000723392b5 state to 000000002bb52a88
[   25.937973] nc4_ili9488 spi0.0: [drm:drm_atomic_set_fb_for_plane [drm]] Set [FB:36] for [PLANE:32:plane-0] state 00000000e14f9a69
[   25.938180] nc4_ili9488 spi0.0: [drm:drm_atomic_add_affected_connectors [drm]] Adding all current connectors for [CRTC:34:crtc-0] to 000000002bb52a88
[   25.938389] nc4_ili9488 spi0.0: [drm:drm_atomic_get_connector_state [drm]] Added [CONNECTOR:31:SPI-1] 00000000416d3826 state to 000000002bb52a88
[   25.938528] nc4_ili9488 spi0.0: [drm:drm_atomic_set_crtc_for_connector [drm]] Link [CONNECTOR:31:SPI-1] state 00000000416d3826 to [NOCRTC]
[   25.938667] nc4_ili9488 spi0.0: [drm:drm_atomic_set_crtc_for_connector [drm]] Link [CONNECTOR:31:SPI-1] state 00000000416d3826 to [CRTC:34:crtc-0]
[   25.938738] nc4_ili9488 spi0.0: [drm:drm_atomic_check_only [drm]] checking 000000002bb52a88
[   25.938813] nc4_ili9488 spi0.0: [drm:drm_atomic_helper_check_modeset [drm_kms_helper]] Updating routing for [CONNECTOR:31:SPI-1]
[   25.938867] nc4_ili9488 spi0.0: [drm:drm_atomic_helper_check_modeset [drm_kms_helper]] [CONNECTOR:31:SPI-1] keeps [ENCODER:35:None-35], now on [CRTC:34:crtc-0]
[   25.938902] nc4_ili9488 spi0.0: [drm:drm_atomic_add_encoder_bridges [drm]] Adding all bridges for [encoder:35:None-35] to 000000002bb52a88
[   25.938973] nc4_ili9488 spi0.0: [drm:drm_atomic_add_encoder_bridges [drm]] Adding all bridges for [encoder:35:None-35] to 000000002bb52a88
[   25.939048] nc4_ili9488 spi0.0: [drm:drm_atomic_add_affected_planes [drm]] Adding all current planes for [CRTC:34:crtc-0] to 000000002bb52a88
[   25.939118] nc4_ili9488 spi0.0: [drm:drm_atomic_commit [drm]] committing 000000002bb52a88
[   25.939200] [drm:nc4_mipi_dbi18_pipe_update [nc4_ili9488]] nc4_ili9488: [nc4_mipi_dbi18_pipe_update] pipe_update called
[   25.939210] [drm:nc4_mipi_dbi18_pipe_update [nc4_ili9488]] nc4_ili9488: [nc4_mipi_dbi18_pipe_update] merged damage rect=(320x480+0+0)
[   25.939219] [drm:nc4_mipi_dbi18_fb_dirty [nc4_ili9488]] nc4_ili9488: [nc4_mipi_dbi18_fb_dirty] Dirty framebuffer update: dev=spi0.0 on SPI0, CS=0 rect=(0,0)-(320,480)
[   25.939229] [drm:nc4_mipi_dbi18_fb_dirty [nc4_ili9488]] nc4_ili9488: [nc4_mipi_dbi18_fb_dirty] Full framebuffer update detected.
[   25.939236] [drm:nc4_mipi_dbi18_buf_copy [nc4_ili9488]] nc4_ili9488: [nc4_mipi_dbi18_buf_copy] format=XR24 little-endian (0x34325258) swap=1 clip=(0,0)-(320,480)
[   25.939287] [drm:nc4_mipi_dbi18_buf_copy [nc4_ili9488]] nc4_ili9488: [nc4_mipi_dbi18_buf_copy] Converting from XRGB8888 to 18-bit
[   25.940538] [drm:nc4_mipi_dbi18_fb_dirty [nc4_ili9488]] nc4_ili9488: [nc4_mipi_dbi_set_window_address] dev=spi0 cs=0 xs=0 xe=319 ys=0 ye=479
[   25.940598] [drm:nc4_mipi_dbi18_fb_dirty [nc4_ili9488]] nc4_ili9488: [nc4_mipi_dbi18_fb_dirty] Writing memory data to device.
[   26.132892] [drm:nc4_mipi_dbi18_pipe_update [nc4_ili9488]] nc4_ili9488: [nc4_mipi_dbi18_pipe_update] pipe_update done for dev=spi0.0 cs=0
[   26.132927] nc4_ili9488 spi0.0: [drm:drm_atomic_state_default_clear [drm]] Clearing atomic state 000000002bb52a88
[   26.133315] nc4_ili9488 spi0.0: [drm:__drm_atomic_state_free [drm]] Freeing atomic state 000000002bb52a88
[   26.134030] nc4_ili9488 spi0.0: [drm:drm_atomic_state_init [drm]] Allocated atomic state 000000002bb52a88
[   26.134220] nc4_ili9488 spi0.0: [drm:drm_atomic_get_plane_state [drm]] Added [PLANE:32:plane-0] 00000000a6cdb896 state to 000000002bb52a88
[   26.134362] nc4_ili9488 spi0.0: [drm:drm_atomic_get_crtc_state [drm]] Added [CRTC:34:crtc-0] 00000000bd09ff2f state to 000000002bb52a88
[   26.134436] nc4_ili9488 spi0.0: [drm:drm_atomic_set_fb_for_plane [drm]] Set [FB:36] for [PLANE:32:plane-0] state 00000000a6cdb896
[   26.134643] nc4_ili9488 spi0.0: [drm:drm_atomic_add_affected_connectors [drm]] Adding all current connectors for [CRTC:34:crtc-0] to 000000002bb52a88
[   26.134853] nc4_ili9488 spi0.0: [drm:drm_atomic_get_connector_state [drm]] Added [CONNECTOR:31:SPI-1] 00000000f998d235 state to 000000002bb52a88
[   26.134993] nc4_ili9488 spi0.0: [drm:drm_atomic_set_crtc_for_connector [drm]] Link [CONNECTOR:31:SPI-1] state 00000000f998d235 to [NOCRTC]
[   26.135132] nc4_ili9488 spi0.0: [drm:drm_atomic_set_crtc_for_connector [drm]] Link [CONNECTOR:31:SPI-1] state 00000000f998d235 to [CRTC:34:crtc-0]
[   26.135202] nc4_ili9488 spi0.0: [drm:drm_atomic_check_only [drm]] checking 000000002bb52a88
[   26.135340] nc4_ili9488 spi0.0: [drm:drm_atomic_helper_check_modeset [drm_kms_helper]] Updating routing for [CONNECTOR:31:SPI-1]
[   26.135413] nc4_ili9488 spi0.0: [drm:drm_atomic_helper_check_modeset [drm_kms_helper]] [CONNECTOR:31:SPI-1] keeps [ENCODER:35:None-35], now on [CRTC:34:crtc-0]
[   26.135448] nc4_ili9488 spi0.0: [drm:drm_atomic_add_encoder_bridges [drm]] Adding all bridges for [encoder:35:None-35] to 000000002bb52a88
[   26.135527] nc4_ili9488 spi0.0: [drm:drm_atomic_add_encoder_bridges [drm]] Adding all bridges for [encoder:35:None-35] to 000000002bb52a88
[   26.135603] nc4_ili9488 spi0.0: [drm:drm_atomic_add_affected_planes [drm]] Adding all current planes for [CRTC:34:crtc-0] to 000000002bb52a88
[   26.135674] nc4_ili9488 spi0.0: [drm:drm_atomic_commit [drm]] committing 000000002bb52a88
[   26.135762] [drm:nc4_mipi_dbi18_pipe_update [nc4_ili9488]] nc4_ili9488: [nc4_mipi_dbi18_pipe_update] pipe_update called
[   26.135774] [drm:nc4_mipi_dbi18_pipe_update [nc4_ili9488]] nc4_ili9488: [nc4_mipi_dbi18_pipe_update] merged damage rect=(320x480+0+0)
[   26.135783] [drm:nc4_mipi_dbi18_fb_dirty [nc4_ili9488]] nc4_ili9488: [nc4_mipi_dbi18_fb_dirty] Dirty framebuffer update: dev=spi0.0 on SPI0, CS=0 rect=(0,0)-(320,480)
[   26.135792] [drm:nc4_mipi_dbi18_fb_dirty [nc4_ili9488]] nc4_ili9488: [nc4_mipi_dbi18_fb_dirty] Full framebuffer update detected.
[   26.135799] [drm:nc4_mipi_dbi18_buf_copy [nc4_ili9488]] nc4_ili9488: [nc4_mipi_dbi18_buf_copy] format=XR24 little-endian (0x34325258) swap=1 clip=(0,0)-(320,480)
[   26.135812] [drm:nc4_mipi_dbi18_buf_copy [nc4_ili9488]] nc4_ili9488: [nc4_mipi_dbi18_buf_copy] Converting from XRGB8888 to 18-bit
[   26.137049] [drm:nc4_mipi_dbi18_fb_dirty [nc4_ili9488]] nc4_ili9488: [nc4_mipi_dbi_set_window_address] dev=spi0 cs=0 xs=0 xe=319 ys=0 ye=479
[   26.137113] [drm:nc4_mipi_dbi18_fb_dirty [nc4_ili9488]] nc4_ili9488: [nc4_mipi_dbi18_fb_dirty] Writing memory data to device.
[   26.329429] [drm:nc4_mipi_dbi18_pipe_update [nc4_ili9488]] nc4_ili9488: [nc4_mipi_dbi18_pipe_update] pipe_update done for dev=spi0.0 cs=0
[   26.329465] nc4_ili9488 spi0.0: [drm:drm_atomic_state_default_clear [drm]] Clearing atomic state 000000002bb52a88
[   26.329858] nc4_ili9488 spi0.0: [drm:__drm_atomic_state_free [drm]] Freeing atomic state 000000002bb52a88
[   26.332718] nc4_ili9488 spi0.0: [drm:drm_atomic_state_init [drm]] Allocated atomic state 000000002bb52a88
[   26.332962] nc4_ili9488 spi0.0: [drm:drm_atomic_get_plane_state [drm]] Added [PLANE:32:plane-0] 00000000e14f9a69 state to 000000002bb52a88
[   26.333106] nc4_ili9488 spi0.0: [drm:drm_atomic_get_crtc_state [drm]] Added [CRTC:34:crtc-0] 00000000723392b5 state to 000000002bb52a88
[   26.333246] nc4_ili9488 spi0.0: [drm:drm_atomic_check_only [drm]] checking 000000002bb52a88
[   26.333328] nc4_ili9488 spi0.0: [drm:drm_atomic_add_affected_planes [drm]] Adding all current planes for [CRTC:34:crtc-0] to 000000002bb52a88
[   26.333400] nc4_ili9488 spi0.0: [drm:drm_atomic_commit [drm]] committing 000000002bb52a88
[   26.333486] [drm:nc4_mipi_dbi18_pipe_update [nc4_ili9488]] nc4_ili9488: [nc4_mipi_dbi18_pipe_update] pipe_update called
[   26.333499] [drm:nc4_mipi_dbi18_pipe_update [nc4_ili9488]] nc4_ili9488: [nc4_mipi_dbi18_pipe_update] merged damage rect=(320x480+0+0)
[   26.333510] [drm:nc4_mipi_dbi18_fb_dirty [nc4_ili9488]] nc4_ili9488: [nc4_mipi_dbi18_fb_dirty] Dirty framebuffer update: dev=spi0.0 on SPI0, CS=0 rect=(0,0)-(320,480)
[   26.333519] [drm:nc4_mipi_dbi18_fb_dirty [nc4_ili9488]] nc4_ili9488: [nc4_mipi_dbi18_fb_dirty] Full framebuffer update detected.
[   26.333527] [drm:nc4_mipi_dbi18_buf_copy [nc4_ili9488]] nc4_ili9488: [nc4_mipi_dbi18_buf_copy] format=XR24 little-endian (0x34325258) swap=1 clip=(0,0)-(320,480)
[   26.333540] [drm:nc4_mipi_dbi18_buf_copy [nc4_ili9488]] nc4_ili9488: [nc4_mipi_dbi18_buf_copy] Converting from XRGB8888 to 18-bit
[   26.334762] [drm:nc4_mipi_dbi18_fb_dirty [nc4_ili9488]] nc4_ili9488: [nc4_mipi_dbi_set_window_address] dev=spi0 cs=0 xs=0 xe=319 ys=0 ye=479
[   26.334832] [drm:nc4_mipi_dbi18_fb_dirty [nc4_ili9488]] nc4_ili9488: [nc4_mipi_dbi18_fb_dirty] Writing memory data to device.
[   26.335714] nc4_ili9488 spi0.1: [drm:drm_atomic_state_init [drm]] Allocated atomic state 00000000ac966a8d
[   26.335944] nc4_ili9488 spi0.1: [drm:drm_atomic_get_plane_state [drm]] Added [PLANE:32:plane-0] 00000000875e3df9 state to 00000000ac966a8d
[   26.336088] nc4_ili9488 spi0.1: [drm:drm_atomic_get_crtc_state [drm]] Added [CRTC:34:crtc-0] 00000000757514bb state to 00000000ac966a8d
[   26.336164] nc4_ili9488 spi0.1: [drm:drm_atomic_set_fb_for_plane [drm]] Set [FB:36] for [PLANE:32:plane-0] state 00000000875e3df9
[   26.336376] nc4_ili9488 spi0.1: [drm:drm_atomic_add_affected_connectors [drm]] Adding all current connectors for [CRTC:34:crtc-0] to 00000000ac966a8d
[   26.336588] nc4_ili9488 spi0.1: [drm:drm_atomic_get_connector_state [drm]] Added [CONNECTOR:31:SPI-2] 000000007f53d0a9 state to 00000000ac966a8d
[   26.336729] nc4_ili9488 spi0.1: [drm:drm_atomic_set_crtc_for_connector [drm]] Link [CONNECTOR:31:SPI-2] state 000000007f53d0a9 to [NOCRTC]
[   26.336869] nc4_ili9488 spi0.1: [drm:drm_atomic_set_crtc_for_connector [drm]] Link [CONNECTOR:31:SPI-2] state 000000007f53d0a9 to [CRTC:34:crtc-0]
[   26.336940] nc4_ili9488 spi0.1: [drm:drm_atomic_check_only [drm]] checking 00000000ac966a8d
[   26.337015] nc4_ili9488 spi0.1: [drm:drm_atomic_helper_check_modeset [drm_kms_helper]] Updating routing for [CONNECTOR:31:SPI-2]
[   26.337084] nc4_ili9488 spi0.1: [drm:drm_atomic_helper_check_modeset [drm_kms_helper]] [CONNECTOR:31:SPI-2] keeps [ENCODER:35:None-35], now on [CRTC:34:crtc-0]
[   26.337119] nc4_ili9488 spi0.1: [drm:drm_atomic_add_encoder_bridges [drm]] Adding all bridges for [encoder:35:None-35] to 00000000ac966a8d
[   26.337198] nc4_ili9488 spi0.1: [drm:drm_atomic_add_encoder_bridges [drm]] Adding all bridges for [encoder:35:None-35] to 00000000ac966a8d
[   26.337275] nc4_ili9488 spi0.1: [drm:drm_atomic_add_affected_planes [drm]] Adding all current planes for [CRTC:34:crtc-0] to 00000000ac966a8d
[   26.337346] nc4_ili9488 spi0.1: [drm:drm_atomic_commit [drm]] committing 00000000ac966a8d
[   26.337434] [drm:nc4_mipi_dbi18_pipe_update [nc4_ili9488]] nc4_ili9488: [nc4_mipi_dbi18_pipe_update] pipe_update called
[   26.337446] [drm:nc4_mipi_dbi18_pipe_update [nc4_ili9488]] nc4_ili9488: [nc4_mipi_dbi18_pipe_update] merged damage rect=(320x480+0+0)
[   26.337455] [drm:nc4_mipi_dbi18_fb_dirty [nc4_ili9488]] nc4_ili9488: [nc4_mipi_dbi18_fb_dirty] Dirty framebuffer update: dev=spi0.1 on SPI0, CS=1 rect=(0,0)-(320,480)
[   26.337464] [drm:nc4_mipi_dbi18_fb_dirty [nc4_ili9488]] nc4_ili9488: [nc4_mipi_dbi18_fb_dirty] Full framebuffer update detected.
[   26.337471] [drm:nc4_mipi_dbi18_buf_copy [nc4_ili9488]] nc4_ili9488: [nc4_mipi_dbi18_buf_copy] format=XR24 little-endian (0x34325258) swap=1 clip=(0,0)-(320,480)
[   26.337484] [drm:nc4_mipi_dbi18_buf_copy [nc4_ili9488]] nc4_ili9488: [nc4_mipi_dbi18_buf_copy] Converting from XRGB8888 to 18-bit
[   26.338732] [drm:nc4_mipi_dbi18_fb_dirty [nc4_ili9488]] nc4_ili9488: [nc4_mipi_dbi_set_window_address] dev=spi0 cs=0 xs=0 xe=319 ys=0 ye=479
[   26.527269] [drm:nc4_mipi_dbi18_pipe_update [nc4_ili9488]] nc4_ili9488: [nc4_mipi_dbi18_pipe_update] pipe_update done for dev=spi0.0 cs=0
[   26.527424] nc4_ili9488 spi0.0: [drm:drm_atomic_state_default_clear [drm]] Clearing atomic state 000000002bb52a88
[   26.527518] [drm:nc4_mipi_dbi18_fb_dirty [nc4_ili9488]] nc4_ili9488: [nc4_mipi_dbi18_fb_dirty] Writing memory data to device.
[   26.527648] nc4_ili9488 spi0.0: [drm:__drm_atomic_state_free [drm]] Freeing atomic state 000000002bb52a88
[   26.528090] nc4_ili9488 spi0.0: [drm:drm_atomic_state_init [drm]] Allocated atomic state 000000002bb52a88
[   26.528246] nc4_ili9488 spi0.0: [drm:drm_atomic_get_plane_state [drm]] Added [PLANE:32:plane-0] 00000000a6cdb896 state to 000000002bb52a88
[   26.528388] nc4_ili9488 spi0.0: [drm:drm_atomic_get_crtc_state [drm]] Added [CRTC:34:crtc-0] 00000000bd09ff2f state to 000000002bb52a88
[   26.528527] nc4_ili9488 spi0.0: [drm:drm_atomic_check_only [drm]] checking 000000002bb52a88
[   26.528607] nc4_ili9488 spi0.0: [drm:drm_atomic_add_affected_planes [drm]] Adding all current planes for [CRTC:34:crtc-0] to 000000002bb52a88
[   26.528678] nc4_ili9488 spi0.0: [drm:drm_atomic_commit [drm]] committing 000000002bb52a88
[   26.528762] [drm:nc4_mipi_dbi18_pipe_update [nc4_ili9488]] nc4_ili9488: [nc4_mipi_dbi18_pipe_update] pipe_update called
[   26.528773] [drm:nc4_mipi_dbi18_pipe_update [nc4_ili9488]] nc4_ili9488: [nc4_mipi_dbi18_pipe_update] merged damage rect=(320x480+0+0)
[   26.528782] [drm:nc4_mipi_dbi18_fb_dirty [nc4_ili9488]] nc4_ili9488: [nc4_mipi_dbi18_fb_dirty] Dirty framebuffer update: dev=spi0.0 on SPI0, CS=0 rect=(0,0)-(320,480)
[   26.528791] [drm:nc4_mipi_dbi18_fb_dirty [nc4_ili9488]] nc4_ili9488: [nc4_mipi_dbi18_fb_dirty] Full framebuffer update detected.
[   26.528798] [drm:nc4_mipi_dbi18_buf_copy [nc4_ili9488]] nc4_ili9488: [nc4_mipi_dbi18_buf_copy] format=XR24 little-endian (0x34325258) swap=1 clip=(0,0)-(320,480)
[   26.528810] [drm:nc4_mipi_dbi18_buf_copy [nc4_ili9488]] nc4_ili9488: [nc4_mipi_dbi18_buf_copy] Converting from XRGB8888 to 18-bit
[   26.530034] [drm:nc4_mipi_dbi18_fb_dirty [nc4_ili9488]] nc4_ili9488: [nc4_mipi_dbi_set_window_address] dev=spi0 cs=0 xs=0 xe=319 ys=0 ye=479
[   26.719955] [drm:nc4_mipi_dbi18_pipe_update [nc4_ili9488]] nc4_ili9488: [nc4_mipi_dbi18_pipe_update] pipe_update done for dev=spi0.1 cs=1
[   26.719999] [drm:nc4_mipi_dbi18_fb_dirty [nc4_ili9488]] nc4_ili9488: [nc4_mipi_dbi18_fb_dirty] Writing memory data to device.
[   26.719993] nc4_ili9488 spi0.1: [drm:drm_atomic_state_default_clear [drm]] Clearing atomic state 00000000ac966a8d
[   26.720432] nc4_ili9488 spi0.1: [drm:__drm_atomic_state_free [drm]] Freeing atomic state 00000000ac966a8d
[   26.720512] nc4_ili9488 spi0.1: [drm:drm_atomic_state_init [drm]] Allocated atomic state 00000000d22468c5
[   26.720652] nc4_ili9488 spi0.1: [drm:drm_atomic_get_plane_state [drm]] Added [PLANE:32:plane-0] 0000000002c3229e state to 00000000d22468c5
[   26.720794] nc4_ili9488 spi0.1: [drm:drm_atomic_get_crtc_state [drm]] Added [CRTC:34:crtc-0] 00000000874fe780 state to 00000000d22468c5
[   26.720869] nc4_ili9488 spi0.1: [drm:drm_atomic_set_fb_for_plane [drm]] Set [FB:36] for [PLANE:32:plane-0] state 0000000002c3229e
[   26.721077] nc4_ili9488 spi0.1: [drm:drm_atomic_add_affected_connectors [drm]] Adding all current connectors for [CRTC:34:crtc-0] to 00000000d22468c5
[   26.721287] nc4_ili9488 spi0.1: [drm:drm_atomic_get_connector_state [drm]] Added [CONNECTOR:31:SPI-2] 0000000056b1f9bc state to 00000000d22468c5
[   26.721427] nc4_ili9488 spi0.1: [drm:drm_atomic_set_crtc_for_connector [drm]] Link [CONNECTOR:31:SPI-2] state 0000000056b1f9bc to [NOCRTC]
[   26.721566] nc4_ili9488 spi0.1: [drm:drm_atomic_set_crtc_for_connector [drm]] Link [CONNECTOR:31:SPI-2] state 0000000056b1f9bc to [CRTC:34:crtc-0]
[   26.721636] nc4_ili9488 spi0.1: [drm:drm_atomic_check_only [drm]] checking 00000000d22468c5
[   26.721711] nc4_ili9488 spi0.1: [drm:drm_atomic_helper_check_modeset [drm_kms_helper]] Updating routing for [CONNECTOR:31:SPI-2]
[   26.721762] nc4_ili9488 spi0.1: [drm:drm_atomic_helper_check_modeset [drm_kms_helper]] [CONNECTOR:31:SPI-2] keeps [ENCODER:35:None-35], now on [CRTC:34:crtc-0]
[   26.721798] nc4_ili9488 spi0.1: [drm:drm_atomic_add_encoder_bridges [drm]] Adding all bridges for [encoder:35:None-35] to 00000000d22468c5
[   26.721870] nc4_ili9488 spi0.1: [drm:drm_atomic_add_encoder_bridges [drm]] Adding all bridges for [encoder:35:None-35] to 00000000d22468c5
[   26.721945] nc4_ili9488 spi0.1: [drm:drm_atomic_add_affected_planes [drm]] Adding all current planes for [CRTC:34:crtc-0] to 00000000d22468c5
[   26.722015] nc4_ili9488 spi0.1: [drm:drm_atomic_commit [drm]] committing 00000000d22468c5
[   26.722099] [drm:nc4_mipi_dbi18_pipe_update [nc4_ili9488]] nc4_ili9488: [nc4_mipi_dbi18_pipe_update] pipe_update called
[   26.722110] [drm:nc4_mipi_dbi18_pipe_update [nc4_ili9488]] nc4_ili9488: [nc4_mipi_dbi18_pipe_update] merged damage rect=(320x480+0+0)
[   26.722119] [drm:nc4_mipi_dbi18_fb_dirty [nc4_ili9488]] nc4_ili9488: [nc4_mipi_dbi18_fb_dirty] Dirty framebuffer update: dev=spi0.1 on SPI0, CS=1 rect=(0,0)-(320,480)
[   26.722129] [drm:nc4_mipi_dbi18_fb_dirty [nc4_ili9488]] nc4_ili9488: [nc4_mipi_dbi18_fb_dirty] Full framebuffer update detected.
[   26.722136] [drm:nc4_mipi_dbi18_buf_copy [nc4_ili9488]] nc4_ili9488: [nc4_mipi_dbi18_buf_copy] format=XR24 little-endian (0x34325258) swap=1 clip=(0,0)-(320,480)
[   26.722149] [drm:nc4_mipi_dbi18_buf_copy [nc4_ili9488]] nc4_ili9488: [nc4_mipi_dbi18_buf_copy] Converting from XRGB8888 to 18-bit
[   26.723417] [drm:nc4_mipi_dbi18_fb_dirty [nc4_ili9488]] nc4_ili9488: [nc4_mipi_dbi_set_window_address] dev=spi0 cs=0 xs=0 xe=319 ys=0 ye=479
[   26.912371] [drm:nc4_mipi_dbi18_pipe_update [nc4_ili9488]] nc4_ili9488: [nc4_mipi_dbi18_pipe_update] pipe_update done for dev=spi0.0 cs=0
[   26.912423] [drm:nc4_mipi_dbi18_fb_dirty [nc4_ili9488]] nc4_ili9488: [nc4_mipi_dbi18_fb_dirty] Writing memory data to device.
[   26.912582] nc4_ili9488 spi0.0: [drm:drm_atomic_state_default_clear [drm]] Clearing atomic state 000000002bb52a88
[   26.912887] nc4_ili9488 spi0.0: [drm:__drm_atomic_state_free [drm]] Freeing atomic state 000000002bb52a88
[   27.104815] [drm:nc4_mipi_dbi18_pipe_update [nc4_ili9488]] nc4_ili9488: [nc4_mipi_dbi18_pipe_update] pipe_update done for dev=spi0.1 cs=1
[   27.104855] nc4_ili9488 spi0.1: [drm:drm_atomic_state_default_clear [drm]] Clearing atomic state 00000000d22468c5
[   27.105277] nc4_ili9488 spi0.1: [drm:__drm_atomic_state_free [drm]] Freeing atomic state 00000000d22468c5
[   27.105997] nc4_ili9488 spi0.1: [drm:drm_atomic_state_init [drm]] Allocated atomic state 00000000d22468c5
[   27.106169] nc4_ili9488 spi0.1: [drm:drm_atomic_get_plane_state [drm]] Added [PLANE:32:plane-0] 0000000010cf6196 state to 00000000d22468c5
[   27.106311] nc4_ili9488 spi0.1: [drm:drm_atomic_get_crtc_state [drm]] Added [CRTC:34:crtc-0] 000000004c3a6fd4 state to 00000000d22468c5
[   27.106386] nc4_ili9488 spi0.1: [drm:drm_atomic_set_fb_for_plane [drm]] Set [FB:36] for [PLANE:32:plane-0] state 0000000010cf6196
[   27.106593] nc4_ili9488 spi0.1: [drm:drm_atomic_add_affected_connectors [drm]] Adding all current connectors for [CRTC:34:crtc-0] to 00000000d22468c5
[   27.106804] nc4_ili9488 spi0.1: [drm:drm_atomic_get_connector_state [drm]] Added [CONNECTOR:31:SPI-2] 00000000067ea734 state to 00000000d22468c5
[   27.106944] nc4_ili9488 spi0.1: [drm:drm_atomic_set_crtc_for_connector [drm]] Link [CONNECTOR:31:SPI-2] state 00000000067ea734 to [NOCRTC]
[   27.107083] nc4_ili9488 spi0.1: [drm:drm_atomic_set_crtc_for_connector [drm]] Link [CONNECTOR:31:SPI-2] state 00000000067ea734 to [CRTC:34:crtc-0]
[   27.107153] nc4_ili9488 spi0.1: [drm:drm_atomic_check_only [drm]] checking 00000000d22468c5
[   27.107229] nc4_ili9488 spi0.1: [drm:drm_atomic_helper_check_modeset [drm_kms_helper]] Updating routing for [CONNECTOR:31:SPI-2]
[   27.107327] nc4_ili9488 spi0.1: [drm:drm_atomic_helper_check_modeset [drm_kms_helper]] [CONNECTOR:31:SPI-2] keeps [ENCODER:35:None-35], now on [CRTC:34:crtc-0]
[   27.107364] nc4_ili9488 spi0.1: [drm:drm_atomic_add_encoder_bridges [drm]] Adding all bridges for [encoder:35:None-35] to 00000000d22468c5
[   27.107442] nc4_ili9488 spi0.1: [drm:drm_atomic_add_encoder_bridges [drm]] Adding all bridges for [encoder:35:None-35] to 00000000d22468c5
[   27.107520] nc4_ili9488 spi0.1: [drm:drm_atomic_add_affected_planes [drm]] Adding all current planes for [CRTC:34:crtc-0] to 00000000d22468c5
[   27.107591] nc4_ili9488 spi0.1: [drm:drm_atomic_commit [drm]] committing 00000000d22468c5
[   27.107678] [drm:nc4_mipi_dbi18_pipe_update [nc4_ili9488]] nc4_ili9488: [nc4_mipi_dbi18_pipe_update] pipe_update called
[   27.107690] [drm:nc4_mipi_dbi18_pipe_update [nc4_ili9488]] nc4_ili9488: [nc4_mipi_dbi18_pipe_update] merged damage rect=(320x480+0+0)
[   27.107700] [drm:nc4_mipi_dbi18_fb_dirty [nc4_ili9488]] nc4_ili9488: [nc4_mipi_dbi18_fb_dirty] Dirty framebuffer update: dev=spi0.1 on SPI0, CS=1 rect=(0,0)-(320,480)
[   27.107710] [drm:nc4_mipi_dbi18_fb_dirty [nc4_ili9488]] nc4_ili9488: [nc4_mipi_dbi18_fb_dirty] Full framebuffer update detected.
[   27.107717] [drm:nc4_mipi_dbi18_buf_copy [nc4_ili9488]] nc4_ili9488: [nc4_mipi_dbi18_buf_copy] format=XR24 little-endian (0x34325258) swap=1 clip=(0,0)-(320,480)
[   27.107730] [drm:nc4_mipi_dbi18_buf_copy [nc4_ili9488]] nc4_ili9488: [nc4_mipi_dbi18_buf_copy] Converting from XRGB8888 to 18-bit
[   27.108978] [drm:nc4_mipi_dbi18_fb_dirty [nc4_ili9488]] nc4_ili9488: [nc4_mipi_dbi_set_window_address] dev=spi0 cs=0 xs=0 xe=319 ys=0 ye=479
[   27.109045] [drm:nc4_mipi_dbi18_fb_dirty [nc4_ili9488]] nc4_ili9488: [nc4_mipi_dbi18_fb_dirty] Writing memory data to device.
[   27.301387] [drm:nc4_mipi_dbi18_pipe_update [nc4_ili9488]] nc4_ili9488: [nc4_mipi_dbi18_pipe_update] pipe_update done for dev=spi0.1 cs=1
[   27.301425] nc4_ili9488 spi0.1: [drm:drm_atomic_state_default_clear [drm]] Clearing atomic state 00000000d22468c5
[   27.301821] nc4_ili9488 spi0.1: [drm:__drm_atomic_state_free [drm]] Freeing atomic state 00000000d22468c5
[   27.303405] nc4_ili9488 spi0.1: [drm:drm_atomic_state_init [drm]] Allocated atomic state 00000000d22468c5
[   27.303640] nc4_ili9488 spi0.1: [drm:drm_atomic_get_plane_state [drm]] Added [PLANE:32:plane-0] 0000000002c3229e state to 00000000d22468c5
[   27.303785] nc4_ili9488 spi0.1: [drm:drm_atomic_get_crtc_state [drm]] Added [CRTC:34:crtc-0] 00000000874fe780 state to 00000000d22468c5
[   27.303927] nc4_ili9488 spi0.1: [drm:drm_atomic_check_only [drm]] checking 00000000d22468c5
[   27.304011] nc4_ili9488 spi0.1: [drm:drm_atomic_add_affected_planes [drm]] Adding all current planes for [CRTC:34:crtc-0] to 00000000d22468c5
[   27.304085] nc4_ili9488 spi0.1: [drm:drm_atomic_commit [drm]] committing 00000000d22468c5
[   27.304172] [drm:nc4_mipi_dbi18_pipe_update [nc4_ili9488]] nc4_ili9488: [nc4_mipi_dbi18_pipe_update] pipe_update called
[   27.304188] [drm:nc4_mipi_dbi18_pipe_update [nc4_ili9488]] nc4_ili9488: [nc4_mipi_dbi18_pipe_update] merged damage rect=(320x480+0+0)
[   27.304198] [drm:nc4_mipi_dbi18_fb_dirty [nc4_ili9488]] nc4_ili9488: [nc4_mipi_dbi18_fb_dirty] Dirty framebuffer update: dev=spi0.1 on SPI0, CS=1 rect=(0,0)-(320,480)
[   27.304207] [drm:nc4_mipi_dbi18_fb_dirty [nc4_ili9488]] nc4_ili9488: [nc4_mipi_dbi18_fb_dirty] Full framebuffer update detected.
[   27.304215] [drm:nc4_mipi_dbi18_buf_copy [nc4_ili9488]] nc4_ili9488: [nc4_mipi_dbi18_buf_copy] format=XR24 little-endian (0x34325258) swap=1 clip=(0,0)-(320,480)
[   27.304228] [drm:nc4_mipi_dbi18_buf_copy [nc4_ili9488]] nc4_ili9488: [nc4_mipi_dbi18_buf_copy] Converting from XRGB8888 to 18-bit
[   27.305472] [drm:nc4_mipi_dbi18_fb_dirty [nc4_ili9488]] nc4_ili9488: [nc4_mipi_dbi_set_window_address] dev=spi0 cs=0 xs=0 xe=319 ys=0 ye=479
[   27.305545] [drm:nc4_mipi_dbi18_fb_dirty [nc4_ili9488]] nc4_ili9488: [nc4_mipi_dbi18_fb_dirty] Writing memory data to device.
[   27.497888] [drm:nc4_mipi_dbi18_pipe_update [nc4_ili9488]] nc4_ili9488: [nc4_mipi_dbi18_pipe_update] pipe_update done for dev=spi0.1 cs=1
[   27.498041] nc4_ili9488 spi0.1: [drm:drm_atomic_state_default_clear [drm]] Clearing atomic state 00000000d22468c5
[   27.498255] nc4_ili9488 spi0.1: [drm:__drm_atomic_state_free [drm]] Freeing atomic state 00000000d22468c5
[   27.498590] nc4_ili9488 spi0.1: [drm:drm_atomic_state_init [drm]] Allocated atomic state 00000000d22468c5
[   27.498744] nc4_ili9488 spi0.1: [drm:drm_atomic_get_plane_state [drm]] Added [PLANE:32:plane-0] 0000000010cf6196 state to 00000000d22468c5
[   27.498887] nc4_ili9488 spi0.1: [drm:drm_atomic_get_crtc_state [drm]] Added [CRTC:34:crtc-0] 000000004c3a6fd4 state to 00000000d22468c5
[   27.499027] nc4_ili9488 spi0.1: [drm:drm_atomic_check_only [drm]] checking 00000000d22468c5
[   27.499108] nc4_ili9488 spi0.1: [drm:drm_atomic_add_affected_planes [drm]] Adding all current planes for [CRTC:34:crtc-0] to 00000000d22468c5
[   27.499180] nc4_ili9488 spi0.1: [drm:drm_atomic_commit [drm]] committing 00000000d22468c5
[   27.499304] [drm:nc4_mipi_dbi18_pipe_update [nc4_ili9488]] nc4_ili9488: [nc4_mipi_dbi18_pipe_update] pipe_update called
[   27.499320] [drm:nc4_mipi_dbi18_pipe_update [nc4_ili9488]] nc4_ili9488: [nc4_mipi_dbi18_pipe_update] merged damage rect=(320x480+0+0)
[   27.499330] [drm:nc4_mipi_dbi18_fb_dirty [nc4_ili9488]] nc4_ili9488: [nc4_mipi_dbi18_fb_dirty] Dirty framebuffer update: dev=spi0.1 on SPI0, CS=1 rect=(0,0)-(320,480)
[   27.499339] [drm:nc4_mipi_dbi18_fb_dirty [nc4_ili9488]] nc4_ili9488: [nc4_mipi_dbi18_fb_dirty] Full framebuffer update detected.
[   27.499347] [drm:nc4_mipi_dbi18_buf_copy [nc4_ili9488]] nc4_ili9488: [nc4_mipi_dbi18_buf_copy] format=XR24 little-endian (0x34325258) swap=1 clip=(0,0)-(320,480)
[   27.499360] [drm:nc4_mipi_dbi18_buf_copy [nc4_ili9488]] nc4_ili9488: [nc4_mipi_dbi18_buf_copy] Converting from XRGB8888 to 18-bit
[   27.500604] [drm:nc4_mipi_dbi18_fb_dirty [nc4_ili9488]] nc4_ili9488: [nc4_mipi_dbi_set_window_address] dev=spi0 cs=0 xs=0 xe=319 ys=0 ye=479
[   27.500667] [drm:nc4_mipi_dbi18_fb_dirty [nc4_ili9488]] nc4_ili9488: [nc4_mipi_dbi18_fb_dirty] Writing memory data to device.
[   27.692949] [drm:nc4_mipi_dbi18_pipe_update [nc4_ili9488]] nc4_ili9488: [nc4_mipi_dbi18_pipe_update] pipe_update done for dev=spi0.1 cs=1
[   27.693097] nc4_ili9488 spi0.1: [drm:drm_atomic_state_default_clear [drm]] Clearing atomic state 00000000d22468c5
[   27.693381] nc4_ili9488 spi0.1: [drm:__drm_atomic_state_free [drm]] Freeing atomic state 00000000d22468c5
[   48.887878] nc4_ili9488 spi0.0: [drm:drm_atomic_state_init [drm]] Allocated atomic state 0000000080bf3e2b
[   48.888116] nc4_ili9488 spi0.0: [drm:drm_atomic_get_plane_state [drm]] Added [PLANE:32:plane-0] 000000000c5ab959 state to 0000000080bf3e2b
[   48.888266] nc4_ili9488 spi0.0: [drm:drm_atomic_get_crtc_state [drm]] Added [CRTC:34:crtc-0] 0000000045b3a9ce state to 0000000080bf3e2b
[   48.888409] nc4_ili9488 spi0.0: [drm:drm_atomic_check_only [drm]] checking 0000000080bf3e2b
[   48.888496] nc4_ili9488 spi0.0: [drm:drm_atomic_add_affected_planes [drm]] Adding all current planes for [CRTC:34:crtc-0] to 0000000080bf3e2b
[   48.888573] nc4_ili9488 spi0.0: [drm:drm_atomic_commit [drm]] committing 0000000080bf3e2b
[   48.888664] [drm:nc4_mipi_dbi18_pipe_update [nc4_ili9488]] nc4_ili9488: [nc4_mipi_dbi18_pipe_update] pipe_update called
[   48.888681] [drm:nc4_mipi_dbi18_pipe_update [nc4_ili9488]] nc4_ili9488: [nc4_mipi_dbi18_pipe_update] merged damage rect=(320x480+0+0)
[   48.888691] [drm:nc4_mipi_dbi18_fb_dirty [nc4_ili9488]] nc4_ili9488: [nc4_mipi_dbi18_fb_dirty] Dirty framebuffer update: dev=spi0.0 on SPI0, CS=0 rect=(0,0)-(320,480)
[   48.888702] [drm:nc4_mipi_dbi18_fb_dirty [nc4_ili9488]] nc4_ili9488: [nc4_mipi_dbi18_fb_dirty] Full framebuffer update detected.
[   48.888710] [drm:nc4_mipi_dbi18_buf_copy [nc4_ili9488]] nc4_ili9488: [nc4_mipi_dbi18_buf_copy] format=XR24 little-endian (0x34325258) swap=1 clip=(0,0)-(320,480)
[   48.888723] [drm:nc4_mipi_dbi18_buf_copy [nc4_ili9488]] nc4_ili9488: [nc4_mipi_dbi18_buf_copy] Converting from XRGB8888 to 18-bit
[   48.890074] [drm:nc4_mipi_dbi18_fb_dirty [nc4_ili9488]] nc4_ili9488: [nc4_mipi_dbi_set_window_address] dev=spi0 cs=0 xs=0 xe=319 ys=0 ye=479
[   48.890159] [drm:nc4_mipi_dbi18_fb_dirty [nc4_ili9488]] nc4_ili9488: [nc4_mipi_dbi18_fb_dirty] Writing memory data to device.
[   48.935655] nc4_ili9488 spi0.1: [drm:drm_atomic_state_init [drm]] Allocated atomic state 000000000df5149c
[   48.935875] nc4_ili9488 spi0.1: [drm:drm_atomic_get_plane_state [drm]] Added [PLANE:32:plane-0] 00000000502cd058 state to 000000000df5149c
[   48.936022] nc4_ili9488 spi0.1: [drm:drm_atomic_get_crtc_state [drm]] Added [CRTC:34:crtc-0] 000000000a378245 state to 000000000df5149c
[   48.936163] nc4_ili9488 spi0.1: [drm:drm_atomic_check_only [drm]] checking 000000000df5149c
[   48.936246] nc4_ili9488 spi0.1: [drm:drm_atomic_add_affected_planes [drm]] Adding all current planes for [CRTC:34:crtc-0] to 000000000df5149c
[   48.936339] nc4_ili9488 spi0.1: [drm:drm_atomic_commit [drm]] committing 000000000df5149c
[   48.936423] [drm:nc4_mipi_dbi18_pipe_update [nc4_ili9488]] nc4_ili9488: [nc4_mipi_dbi18_pipe_update] pipe_update called
[   48.936438] [drm:nc4_mipi_dbi18_pipe_update [nc4_ili9488]] nc4_ili9488: [nc4_mipi_dbi18_pipe_update] merged damage rect=(320x480+0+0)
[   48.936448] [drm:nc4_mipi_dbi18_fb_dirty [nc4_ili9488]] nc4_ili9488: [nc4_mipi_dbi18_fb_dirty] Dirty framebuffer update: dev=spi0.1 on SPI0, CS=1 rect=(0,0)-(320,480)
[   48.936458] [drm:nc4_mipi_dbi18_fb_dirty [nc4_ili9488]] nc4_ili9488: [nc4_mipi_dbi18_fb_dirty] Full framebuffer update detected.
[   48.936465] [drm:nc4_mipi_dbi18_buf_copy [nc4_ili9488]] nc4_ili9488: [nc4_mipi_dbi18_buf_copy] format=XR24 little-endian (0x34325258) swap=1 clip=(0,0)-(320,480)
[   48.936479] [drm:nc4_mipi_dbi18_buf_copy [nc4_ili9488]] nc4_ili9488: [nc4_mipi_dbi18_buf_copy] Converting from XRGB8888 to 18-bit
[   48.937703] [drm:nc4_mipi_dbi18_fb_dirty [nc4_ili9488]] nc4_ili9488: [nc4_mipi_dbi_set_window_address] dev=spi0 cs=0 xs=0 xe=319 ys=0 ye=479
[   49.162721] [drm:nc4_mipi_dbi18_pipe_update [nc4_ili9488]] nc4_ili9488: [nc4_mipi_dbi18_pipe_update] pipe_update done for dev=spi0.0 cs=0
[   49.162835] [drm:nc4_mipi_dbi18_fb_dirty [nc4_ili9488]] nc4_ili9488: [nc4_mipi_dbi18_fb_dirty] Writing memory data to device.
[   49.163015] nc4_ili9488 spi0.0: [drm:drm_atomic_state_default_clear [drm]] Clearing atomic state 0000000080bf3e2b
[   49.163825] nc4_ili9488 spi0.0: [drm:__drm_atomic_state_free [drm]] Freeing atomic state 0000000080bf3e2b
[   49.563684] [drm:nc4_mipi_dbi18_pipe_update [nc4_ili9488]] nc4_ili9488: [nc4_mipi_dbi18_pipe_update] pipe_update done for dev=spi0.1 cs=1
[   49.563859] nc4_ili9488 spi0.1: [drm:drm_atomic_state_default_clear [drm]] Clearing atomic state 000000000df5149c
[   49.564148] nc4_ili9488 spi0.1: [drm:__drm_atomic_state_free [drm]] Freeing atomic state 000000000df5149c
[   50.980152] nc4_ili9488 spi0.0: [drm:drm_atomic_state_init [drm]] Allocated atomic state 000000002938ef08
[   50.980468] nc4_ili9488 spi0.0: [drm:drm_atomic_get_plane_state [drm]] Added [PLANE:32:plane-0] 0000000010cf6196 state to 000000002938ef08
[   50.980620] nc4_ili9488 spi0.0: [drm:drm_atomic_get_crtc_state [drm]] Added [CRTC:34:crtc-0] 000000002e0f616f state to 000000002938ef08
[   50.980768] nc4_ili9488 spi0.0: [drm:drm_atomic_check_only [drm]] checking 000000002938ef08
[   50.980861] nc4_ili9488 spi0.0: [drm:drm_atomic_add_affected_planes [drm]] Adding all current planes for [CRTC:34:crtc-0] to 000000002938ef08
[   50.980942] nc4_ili9488 spi0.0: [drm:drm_atomic_commit [drm]] committing 000000002938ef08
[   50.981030] [drm:nc4_mipi_dbi18_pipe_update [nc4_ili9488]] nc4_ili9488: [nc4_mipi_dbi18_pipe_update] pipe_update called
[   50.981045] [drm:nc4_mipi_dbi18_pipe_update [nc4_ili9488]] nc4_ili9488: [nc4_mipi_dbi18_pipe_update] merged damage rect=(320x480+0+0)
[   50.981055] [drm:nc4_mipi_dbi18_fb_dirty [nc4_ili9488]] nc4_ili9488: [nc4_mipi_dbi18_fb_dirty] Dirty framebuffer update: dev=spi0.0 on SPI0, CS=0 rect=(0,0)-(320,480)
[   50.981066] [drm:nc4_mipi_dbi18_fb_dirty [nc4_ili9488]] nc4_ili9488: [nc4_mipi_dbi18_fb_dirty] Full framebuffer update detected.
[   50.981074] [drm:nc4_mipi_dbi18_buf_copy [nc4_ili9488]] nc4_ili9488: [nc4_mipi_dbi18_buf_copy] format=XR24 little-endian (0x34325258) swap=1 clip=(0,0)-(320,480)
[   50.981104] [drm:nc4_mipi_dbi18_buf_copy [nc4_ili9488]] nc4_ili9488: [nc4_mipi_dbi18_buf_copy] Converting from XRGB8888 to 18-bit
[   50.982454] [drm:nc4_mipi_dbi18_fb_dirty [nc4_ili9488]] nc4_ili9488: [nc4_mipi_dbi_set_window_address] dev=spi0 cs=0 xs=0 xe=319 ys=0 ye=479
[   50.982530] [drm:nc4_mipi_dbi18_fb_dirty [nc4_ili9488]] nc4_ili9488: [nc4_mipi_dbi18_fb_dirty] Writing memory data to device.
[   51.031681] nc4_ili9488 spi0.1: [drm:drm_atomic_state_init [drm]] Allocated atomic state 00000000c29a78b4
[   51.031898] nc4_ili9488 spi0.1: [drm:drm_atomic_get_plane_state [drm]] Added [PLANE:32:plane-0] 00000000bf6415f9 state to 00000000c29a78b4
[   51.032043] nc4_ili9488 spi0.1: [drm:drm_atomic_get_crtc_state [drm]] Added [CRTC:34:crtc-0] 00000000efb3283c state to 00000000c29a78b4
[   51.032184] nc4_ili9488 spi0.1: [drm:drm_atomic_check_only [drm]] checking 00000000c29a78b4
[   51.032266] nc4_ili9488 spi0.1: [drm:drm_atomic_add_affected_planes [drm]] Adding all current planes for [CRTC:34:crtc-0] to 00000000c29a78b4
[   51.032338] nc4_ili9488 spi0.1: [drm:drm_atomic_commit [drm]] committing 00000000c29a78b4
[   51.032423] [drm:nc4_mipi_dbi18_pipe_update [nc4_ili9488]] nc4_ili9488: [nc4_mipi_dbi18_pipe_update] pipe_update called
[   51.032438] [drm:nc4_mipi_dbi18_pipe_update [nc4_ili9488]] nc4_ili9488: [nc4_mipi_dbi18_pipe_update] merged damage rect=(320x480+0+0)
[   51.032448] [drm:nc4_mipi_dbi18_fb_dirty [nc4_ili9488]] nc4_ili9488: [nc4_mipi_dbi18_fb_dirty] Dirty framebuffer update: dev=spi0.1 on SPI0, CS=1 rect=(0,0)-(320,480)
[   51.032458] [drm:nc4_mipi_dbi18_fb_dirty [nc4_ili9488]] nc4_ili9488: [nc4_mipi_dbi18_fb_dirty] Full framebuffer update detected.
[   51.032466] [drm:nc4_mipi_dbi18_buf_copy [nc4_ili9488]] nc4_ili9488: [nc4_mipi_dbi18_buf_copy] format=XR24 little-endian (0x34325258) swap=1 clip=(0,0)-(320,480)
[   51.032478] [drm:nc4_mipi_dbi18_buf_copy [nc4_ili9488]] nc4_ili9488: [nc4_mipi_dbi18_buf_copy] Converting from XRGB8888 to 18-bit
[   51.033702] [drm:nc4_mipi_dbi18_fb_dirty [nc4_ili9488]] nc4_ili9488: [nc4_mipi_dbi_set_window_address] dev=spi0 cs=0 xs=0 xe=319 ys=0 ye=479
[   51.175068] [drm:nc4_mipi_dbi18_pipe_update [nc4_ili9488]] nc4_ili9488: [nc4_mipi_dbi18_pipe_update] pipe_update done for dev=spi0.0 cs=0
[   51.175121] [drm:nc4_mipi_dbi18_fb_dirty [nc4_ili9488]] nc4_ili9488: [nc4_mipi_dbi18_fb_dirty] Writing memory data to device.
[   51.175312] nc4_ili9488 spi0.0: [drm:drm_atomic_state_default_clear [drm]] Clearing atomic state 000000002938ef08
[   51.175666] nc4_ili9488 spi0.0: [drm:__drm_atomic_state_free [drm]] Freeing atomic state 000000002938ef08
[   51.367525] [drm:nc4_mipi_dbi18_pipe_update [nc4_ili9488]] nc4_ili9488: [nc4_mipi_dbi18_pipe_update] pipe_update done for dev=spi0.1 cs=1
[   51.367679] nc4_ili9488 spi0.1: [drm:drm_atomic_state_default_clear [drm]] Clearing atomic state 00000000c29a78b4
[   51.367968] nc4_ili9488 spi0.1: [drm:__drm_atomic_state_free [drm]] Freeing atomic state 00000000c29a78b4
[   53.079719] nc4_ili9488 spi0.0: [drm:drm_atomic_state_init [drm]] Allocated atomic state 0000000026565218
[   53.079939] nc4_ili9488 spi0.0: [drm:drm_atomic_get_plane_state [drm]] Added [PLANE:32:plane-0] 000000000c5ab959 state to 0000000026565218
[   53.080084] nc4_ili9488 spi0.0: [drm:drm_atomic_get_crtc_state [drm]] Added [CRTC:34:crtc-0] 000000008ce11fb4 state to 0000000026565218
[   53.080226] nc4_ili9488 spi0.0: [drm:drm_atomic_check_only [drm]] checking 0000000026565218
[   53.080308] nc4_ili9488 spi0.0: [drm:drm_atomic_add_affected_planes [drm]] Adding all current planes for [CRTC:34:crtc-0] to 0000000026565218
[   53.080380] nc4_ili9488 spi0.0: [drm:drm_atomic_commit [drm]] committing 0000000026565218
[   53.080464] [drm:nc4_mipi_dbi18_pipe_update [nc4_ili9488]] nc4_ili9488: [nc4_mipi_dbi18_pipe_update] pipe_update called
[   53.080478] [drm:nc4_mipi_dbi18_pipe_update [nc4_ili9488]] nc4_ili9488: [nc4_mipi_dbi18_pipe_update] merged damage rect=(320x480+0+0)
[   53.080488] [drm:nc4_mipi_dbi18_fb_dirty [nc4_ili9488]] nc4_ili9488: [nc4_mipi_dbi18_fb_dirty] Dirty framebuffer update: dev=spi0.0 on SPI0, CS=0 rect=(0,0)-(320,480)
[   53.080498] [drm:nc4_mipi_dbi18_fb_dirty [nc4_ili9488]] nc4_ili9488: [nc4_mipi_dbi18_fb_dirty] Full framebuffer update detected.
[   53.080506] [drm:nc4_mipi_dbi18_buf_copy [nc4_ili9488]] nc4_ili9488: [nc4_mipi_dbi18_buf_copy] format=XR24 little-endian (0x34325258) swap=1 clip=(0,0)-(320,480)
[   53.080518] [drm:nc4_mipi_dbi18_buf_copy [nc4_ili9488]] nc4_ili9488: [nc4_mipi_dbi18_buf_copy] Converting from XRGB8888 to 18-bit
[   53.081739] [drm:nc4_mipi_dbi18_fb_dirty [nc4_ili9488]] nc4_ili9488: [nc4_mipi_dbi_set_window_address] dev=spi0 cs=0 xs=0 xe=319 ys=0 ye=479
[   53.081804] [drm:nc4_mipi_dbi18_fb_dirty [nc4_ili9488]] nc4_ili9488: [nc4_mipi_dbi18_fb_dirty] Writing memory data to device.
[   53.119720] nc4_ili9488 spi0.1: [drm:drm_atomic_state_init [drm]] Allocated atomic state 00000000d9e390fb
[   53.119935] nc4_ili9488 spi0.1: [drm:drm_atomic_get_plane_state [drm]] Added [PLANE:32:plane-0] 000000000215ff07 state to 00000000d9e390fb
[   53.120082] nc4_ili9488 spi0.1: [drm:drm_atomic_get_crtc_state [drm]] Added [CRTC:34:crtc-0] 000000007d0d8317 state to 00000000d9e390fb
[   53.120242] nc4_ili9488 spi0.1: [drm:drm_atomic_check_only [drm]] checking 00000000d9e390fb
[   53.120325] nc4_ili9488 spi0.1: [drm:drm_atomic_add_affected_planes [drm]] Adding all current planes for [CRTC:34:crtc-0] to 00000000d9e390fb
[   53.120397] nc4_ili9488 spi0.1: [drm:drm_atomic_commit [drm]] committing 00000000d9e390fb
[   53.120481] [drm:nc4_mipi_dbi18_pipe_update [nc4_ili9488]] nc4_ili9488: [nc4_mipi_dbi18_pipe_update] pipe_update called
[   53.120494] [drm:nc4_mipi_dbi18_pipe_update [nc4_ili9488]] nc4_ili9488: [nc4_mipi_dbi18_pipe_update] merged damage rect=(320x480+0+0)
[   53.120504] [drm:nc4_mipi_dbi18_fb_dirty [nc4_ili9488]] nc4_ili9488: [nc4_mipi_dbi18_fb_dirty] Dirty framebuffer update: dev=spi0.1 on SPI0, CS=1 rect=(0,0)-(320,480)
[   53.120514] [drm:nc4_mipi_dbi18_fb_dirty [nc4_ili9488]] nc4_ili9488: [nc4_mipi_dbi18_fb_dirty] Full framebuffer update detected.
[   53.120522] [drm:nc4_mipi_dbi18_buf_copy [nc4_ili9488]] nc4_ili9488: [nc4_mipi_dbi18_buf_copy] format=XR24 little-endian (0x34325258) swap=1 clip=(0,0)-(320,480)
[   53.120536] [drm:nc4_mipi_dbi18_buf_copy [nc4_ili9488]] nc4_ili9488: [nc4_mipi_dbi18_buf_copy] Converting from XRGB8888 to 18-bit
[   53.121760] [drm:nc4_mipi_dbi18_fb_dirty [nc4_ili9488]] nc4_ili9488: [nc4_mipi_dbi_set_window_address] dev=spi0 cs=0 xs=0 xe=319 ys=0 ye=479
[   53.274194] [drm:nc4_mipi_dbi18_pipe_update [nc4_ili9488]] nc4_ili9488: [nc4_mipi_dbi18_pipe_update] pipe_update done for dev=spi0.0 cs=0
[   53.274249] [drm:nc4_mipi_dbi18_fb_dirty [nc4_ili9488]] nc4_ili9488: [nc4_mipi_dbi18_fb_dirty] Writing memory data to device.
[   53.274410] nc4_ili9488 spi0.0: [drm:drm_atomic_state_default_clear [drm]] Clearing atomic state 0000000026565218
[   53.274721] nc4_ili9488 spi0.0: [drm:__drm_atomic_state_free [drm]] Freeing atomic state 0000000026565218
[   53.466659] [drm:nc4_mipi_dbi18_pipe_update [nc4_ili9488]] nc4_ili9488: [nc4_mipi_dbi18_pipe_update] pipe_update done for dev=spi0.1 cs=1
[   53.466811] nc4_ili9488 spi0.1: [drm:drm_atomic_state_default_clear [drm]] Clearing atomic state 00000000d9e390fb
[   53.467100] nc4_ili9488 spi0.1: [drm:__drm_atomic_state_free [drm]] Freeing atomic state 00000000d9e390fb
[   55.079371] nc4_ili9488 spi0.0: [drm:drm_atomic_state_init [drm]] Allocated atomic state 0000000060008bf1
[   55.079881] nc4_ili9488 spi0.0: [drm:drm_atomic_get_plane_state [drm]] Added [PLANE:32:plane-0] 0000000010cf6196 state to 0000000060008bf1
[   55.080317] nc4_ili9488 spi0.0: [drm:drm_atomic_get_crtc_state [drm]] Added [CRTC:34:crtc-0] 0000000086783651 state to 0000000060008bf1
[   55.080741] nc4_ili9488 spi0.0: [drm:drm_atomic_check_only [drm]] checking 0000000060008bf1
[   55.080973] nc4_ili9488 spi0.0: [drm:drm_atomic_add_affected_planes [drm]] Adding all current planes for [CRTC:34:crtc-0] to 0000000060008bf1
[   55.081188] nc4_ili9488 spi0.0: [drm:drm_atomic_commit [drm]] committing 0000000060008bf1
[   55.081422] [drm:nc4_mipi_dbi18_pipe_update [nc4_ili9488]] nc4_ili9488: [nc4_mipi_dbi18_pipe_update] pipe_update called
[   55.081455] [drm:nc4_mipi_dbi18_pipe_update [nc4_ili9488]] nc4_ili9488: [nc4_mipi_dbi18_pipe_update] merged damage rect=(320x20+0+460)
[   55.081484] [drm:nc4_mipi_dbi18_fb_dirty [nc4_ili9488]] nc4_ili9488: [nc4_mipi_dbi18_fb_dirty] Dirty framebuffer update: dev=spi0.0 on SPI0, CS=0 rect=(0,460)-(320,480)
[   55.081515] [drm:nc4_mipi_dbi18_buf_copy [nc4_ili9488]] nc4_ili9488: [nc4_mipi_dbi18_buf_copy] format=XR24 little-endian (0x34325258) swap=1 clip=(0,460)-(320,480)
[   55.081550] [drm:nc4_mipi_dbi18_buf_copy [nc4_ili9488]] nc4_ili9488: [nc4_mipi_dbi18_buf_copy] Converting from XRGB8888 to 18-bit
[   55.081676] [drm:nc4_mipi_dbi18_fb_dirty [nc4_ili9488]] nc4_ili9488: [nc4_mipi_dbi_set_window_address] dev=spi0 cs=0 xs=0 xe=319 ys=460 ye=479
[   55.081839] [drm:nc4_mipi_dbi18_fb_dirty [nc4_ili9488]] nc4_ili9488: [nc4_mipi_dbi18_fb_dirty] Writing memory data to device.
[   55.101986] [drm:nc4_mipi_dbi18_pipe_update [nc4_ili9488]] nc4_ili9488: [nc4_mipi_dbi18_pipe_update] pipe_update done for dev=spi0.0 cs=0
[   55.102265] nc4_ili9488 spi0.0: [drm:drm_atomic_state_default_clear [drm]] Clearing atomic state 0000000060008bf1
[   55.103104] nc4_ili9488 spi0.0: [drm:__drm_atomic_state_free [drm]] Freeing atomic state 0000000060008bf1
[   55.123367] nc4_ili9488 spi0.1: [drm:drm_atomic_state_init [drm]] Allocated atomic state 000000000dc072aa
[   55.123875] nc4_ili9488 spi0.1: [drm:drm_atomic_get_plane_state [drm]] Added [PLANE:32:plane-0] 00000000c374166c state to 000000000dc072aa
[   55.124311] nc4_ili9488 spi0.1: [drm:drm_atomic_get_crtc_state [drm]] Added [CRTC:34:crtc-0] 00000000f24d2ed7 state to 000000000dc072aa
[   55.124736] nc4_ili9488 spi0.1: [drm:drm_atomic_check_only [drm]] checking 000000000dc072aa
[   55.124967] nc4_ili9488 spi0.1: [drm:drm_atomic_add_affected_planes [drm]] Adding all current planes for [CRTC:34:crtc-0] to 000000000dc072aa
[   55.125181] nc4_ili9488 spi0.1: [drm:drm_atomic_commit [drm]] committing 000000000dc072aa
[   55.125416] [drm:nc4_mipi_dbi18_pipe_update [nc4_ili9488]] nc4_ili9488: [nc4_mipi_dbi18_pipe_update] pipe_update called
[   55.125450] [drm:nc4_mipi_dbi18_pipe_update [nc4_ili9488]] nc4_ili9488: [nc4_mipi_dbi18_pipe_update] merged damage rect=(320x20+0+460)
[   55.125478] [drm:nc4_mipi_dbi18_fb_dirty [nc4_ili9488]] nc4_ili9488: [nc4_mipi_dbi18_fb_dirty] Dirty framebuffer update: dev=spi0.1 on SPI0, CS=1 rect=(0,460)-(320,480)
[   55.125509] [drm:nc4_mipi_dbi18_buf_copy [nc4_ili9488]] nc4_ili9488: [nc4_mipi_dbi18_buf_copy] format=XR24 little-endian (0x34325258) swap=1 clip=(0,460)-(320,480)
[   55.125544] [drm:nc4_mipi_dbi18_buf_copy [nc4_ili9488]] nc4_ili9488: [nc4_mipi_dbi18_buf_copy] Converting from XRGB8888 to 18-bit
[   55.125672] [drm:nc4_mipi_dbi18_fb_dirty [nc4_ili9488]] nc4_ili9488: [nc4_mipi_dbi_set_window_address] dev=spi0 cs=0 xs=0 xe=319 ys=460 ye=479
[   55.125837] [drm:nc4_mipi_dbi18_fb_dirty [nc4_ili9488]] nc4_ili9488: [nc4_mipi_dbi18_fb_dirty] Writing memory data to device.
[   55.145995] [drm:nc4_mipi_dbi18_pipe_update [nc4_ili9488]] nc4_ili9488: [nc4_mipi_dbi18_pipe_update] pipe_update done for dev=spi0.1 cs=1
[   55.146296] nc4_ili9488 spi0.1: [drm:drm_atomic_state_default_clear [drm]] Clearing atomic state 000000000dc072aa
[   55.147145] nc4_ili9488 spi0.1: [drm:__drm_atomic_state_free [drm]] Freeing atomic state 000000000dc072aa
[   57.032139] nc4_ili9488 spi0.0: [drm:drm_atomic_state_init [drm]] Allocated atomic state 0000000060008bf1
[   57.032634] nc4_ili9488 spi0.0: [drm:drm_atomic_get_plane_state [drm]] Added [PLANE:32:plane-0] 000000000c5ab959 state to 0000000060008bf1
[   57.033062] nc4_ili9488 spi0.0: [drm:drm_atomic_get_crtc_state [drm]] Added [CRTC:34:crtc-0] 000000008ce11fb4 state to 0000000060008bf1
[   57.033282] nc4_ili9488 spi0.0: [drm:drm_atomic_set_fb_for_plane [drm]] Set [FB:36] for [PLANE:32:plane-0] state 000000000c5ab959
[   57.033904] nc4_ili9488 spi0.0: [drm:drm_atomic_add_affected_connectors [drm]] Adding all current connectors for [CRTC:34:crtc-0] to 0000000060008bf1
[   57.034527] nc4_ili9488 spi0.0: [drm:drm_atomic_get_connector_state [drm]] Added [CONNECTOR:31:SPI-1] 000000005fe14f87 state to 0000000060008bf1
[   57.034943] nc4_ili9488 spi0.0: [drm:drm_atomic_set_crtc_for_connector [drm]] Link [CONNECTOR:31:SPI-1] state 000000005fe14f87 to [NOCRTC]
[   57.035392] nc4_ili9488 spi0.0: [drm:drm_atomic_set_crtc_for_connector [drm]] Link [CONNECTOR:31:SPI-1] state 000000005fe14f87 to [CRTC:34:crtc-0]
[   57.035611] nc4_ili9488 spi0.0: [drm:drm_atomic_check_only [drm]] checking 0000000060008bf1
[   57.035832] nc4_ili9488 spi0.0: [drm:drm_atomic_helper_check_modeset [drm_kms_helper]] Updating routing for [CONNECTOR:31:SPI-1]
[   57.035958] nc4_ili9488 spi0.0: [drm:drm_atomic_helper_check_modeset [drm_kms_helper]] [CONNECTOR:31:SPI-1] keeps [ENCODER:35:None-35], now on [CRTC:34:crtc-0]
[   57.036061] nc4_ili9488 spi0.0: [drm:drm_atomic_add_encoder_bridges [drm]] Adding all bridges for [encoder:35:None-35] to 0000000060008bf1
[   57.036279] nc4_ili9488 spi0.0: [drm:drm_atomic_add_encoder_bridges [drm]] Adding all bridges for [encoder:35:None-35] to 0000000060008bf1
[   57.036501] nc4_ili9488 spi0.0: [drm:drm_atomic_add_affected_planes [drm]] Adding all current planes for [CRTC:34:crtc-0] to 0000000060008bf1
[   57.036715] nc4_ili9488 spi0.0: [drm:drm_atomic_commit [drm]] committing 0000000060008bf1
[   57.036952] [drm:nc4_mipi_dbi18_pipe_update [nc4_ili9488]] nc4_ili9488: [nc4_mipi_dbi18_pipe_update] pipe_update called
[   57.036982] [drm:nc4_mipi_dbi18_pipe_update [nc4_ili9488]] nc4_ili9488: [nc4_mipi_dbi18_pipe_update] merged damage rect=(320x480+0+0)
[   57.037008] [drm:nc4_mipi_dbi18_fb_dirty [nc4_ili9488]] nc4_ili9488: [nc4_mipi_dbi18_fb_dirty] Dirty framebuffer update: dev=spi0.0 on SPI0, CS=0 rect=(0,0)-(320,480)
[   57.037035] [drm:nc4_mipi_dbi18_fb_dirty [nc4_ili9488]] nc4_ili9488: [nc4_mipi_dbi18_fb_dirty] Full framebuffer update detected.
[   57.037056] [drm:nc4_mipi_dbi18_buf_copy [nc4_ili9488]] nc4_ili9488: [nc4_mipi_dbi18_buf_copy] format=XR24 little-endian (0x34325258) swap=1 clip=(0,0)-(320,480)
[   57.037091] [drm:nc4_mipi_dbi18_buf_copy [nc4_ili9488]] nc4_ili9488: [nc4_mipi_dbi18_buf_copy] Converting from XRGB8888 to 18-bit
[   57.039528] [drm:nc4_mipi_dbi18_fb_dirty [nc4_ili9488]] nc4_ili9488: [nc4_mipi_dbi_set_window_address] dev=spi0 cs=0 xs=0 xe=319 ys=0 ye=479
[   57.039693] [drm:nc4_mipi_dbi18_fb_dirty [nc4_ili9488]] nc4_ili9488: [nc4_mipi_dbi18_fb_dirty] Writing memory data to device.
[   57.124083] nc4_ili9488 spi0.1: [drm:drm_atomic_state_init [drm]] Allocated atomic state 000000000dc072aa
[   57.124468] nc4_ili9488 spi0.1: [drm:drm_atomic_get_plane_state [drm]] Added [PLANE:32:plane-0] 0000000016c72062 state to 000000000dc072aa
[   57.124788] nc4_ili9488 spi0.1: [drm:drm_atomic_get_crtc_state [drm]] Added [CRTC:34:crtc-0] 000000007d0d8317 state to 000000000dc072aa
[   57.125103] nc4_ili9488 spi0.1: [drm:drm_atomic_check_only [drm]] checking 000000000dc072aa
[   57.125276] nc4_ili9488 spi0.1: [drm:drm_atomic_add_affected_planes [drm]] Adding all current planes for [CRTC:34:crtc-0] to 000000000dc072aa
[   57.125436] nc4_ili9488 spi0.1: [drm:drm_atomic_commit [drm]] committing 000000000dc072aa
[   57.125613] [drm:nc4_mipi_dbi18_pipe_update [nc4_ili9488]] nc4_ili9488: [nc4_mipi_dbi18_pipe_update] pipe_update called
[   57.125637] [drm:nc4_mipi_dbi18_pipe_update [nc4_ili9488]] nc4_ili9488: [nc4_mipi_dbi18_pipe_update] merged damage rect=(320x480+0+0)
[   57.125657] [drm:nc4_mipi_dbi18_fb_dirty [nc4_ili9488]] nc4_ili9488: [nc4_mipi_dbi18_fb_dirty] Dirty framebuffer update: dev=spi0.1 on SPI0, CS=1 rect=(0,0)-(320,480)
[   57.125677] [drm:nc4_mipi_dbi18_fb_dirty [nc4_ili9488]] nc4_ili9488: [nc4_mipi_dbi18_fb_dirty] Full framebuffer update detected.
[   57.125693] [drm:nc4_mipi_dbi18_buf_copy [nc4_ili9488]] nc4_ili9488: [nc4_mipi_dbi18_buf_copy] format=XR24 little-endian (0x34325258) swap=1 clip=(0,0)-(320,480)
[   57.125718] [drm:nc4_mipi_dbi18_buf_copy [nc4_ili9488]] nc4_ili9488: [nc4_mipi_dbi18_buf_copy] Converting from XRGB8888 to 18-bit
[   57.127697] [drm:nc4_mipi_dbi18_fb_dirty [nc4_ili9488]] nc4_ili9488: [nc4_mipi_dbi_set_window_address] dev=spi0 cs=0 xs=0 xe=319 ys=0 ye=479
[   57.379148] [drm:nc4_mipi_dbi18_pipe_update [nc4_ili9488]] nc4_ili9488: [nc4_mipi_dbi18_pipe_update] pipe_update done for dev=spi0.0 cs=0
[   57.379196] [drm:nc4_mipi_dbi18_fb_dirty [nc4_ili9488]] nc4_ili9488: [nc4_mipi_dbi18_fb_dirty] Writing memory data to device.
[   57.379191] nc4_ili9488 spi0.0: [drm:drm_atomic_state_default_clear [drm]] Clearing atomic state 0000000060008bf1
[   57.379807] nc4_ili9488 spi0.0: [drm:__drm_atomic_state_free [drm]] Freeing atomic state 0000000060008bf1
[   57.379897] nc4_ili9488 spi0.0: [drm:drm_atomic_state_init [drm]] Allocated atomic state 0000000060008bf1
[   57.380040] nc4_ili9488 spi0.0: [drm:drm_atomic_get_plane_state [drm]] Added [PLANE:32:plane-0] 0000000010cf6196 state to 0000000060008bf1
[   57.380182] nc4_ili9488 spi0.0: [drm:drm_atomic_get_crtc_state [drm]] Added [CRTC:34:crtc-0] 0000000086783651 state to 0000000060008bf1
[   57.380258] nc4_ili9488 spi0.0: [drm:drm_atomic_set_fb_for_plane [drm]] Set [FB:36] for [PLANE:32:plane-0] state 0000000010cf6196
[   57.380466] nc4_ili9488 spi0.0: [drm:drm_atomic_add_affected_connectors [drm]] Adding all current connectors for [CRTC:34:crtc-0] to 0000000060008bf1
[   57.380677] nc4_ili9488 spi0.0: [drm:drm_atomic_get_connector_state [drm]] Added [CONNECTOR:31:SPI-1] 0000000065edfab2 state to 0000000060008bf1
[   57.380818] nc4_ili9488 spi0.0: [drm:drm_atomic_set_crtc_for_connector [drm]] Link [CONNECTOR:31:SPI-1] state 0000000065edfab2 to [NOCRTC]
[   57.380956] nc4_ili9488 spi0.0: [drm:drm_atomic_set_crtc_for_connector [drm]] Link [CONNECTOR:31:SPI-1] state 0000000065edfab2 to [CRTC:34:crtc-0]
[   57.381028] nc4_ili9488 spi0.0: [drm:drm_atomic_check_only [drm]] checking 0000000060008bf1
[   57.381104] nc4_ili9488 spi0.0: [drm:drm_atomic_helper_check_modeset [drm_kms_helper]] Updating routing for [CONNECTOR:31:SPI-1]
[   57.381161] nc4_ili9488 spi0.0: [drm:drm_atomic_helper_check_modeset [drm_kms_helper]] [CONNECTOR:31:SPI-1] keeps [ENCODER:35:None-35], now on [CRTC:34:crtc-0]
[   57.381196] nc4_ili9488 spi0.0: [drm:drm_atomic_add_encoder_bridges [drm]] Adding all bridges for [encoder:35:None-35] to 0000000060008bf1
[   57.381271] nc4_ili9488 spi0.0: [drm:drm_atomic_add_encoder_bridges [drm]] Adding all bridges for [encoder:35:None-35] to 0000000060008bf1
[   57.381347] nc4_ili9488 spi0.0: [drm:drm_atomic_add_affected_planes [drm]] Adding all current planes for [CRTC:34:crtc-0] to 0000000060008bf1
[   57.381419] nc4_ili9488 spi0.0: [drm:drm_atomic_commit [drm]] committing 0000000060008bf1
[   57.381507] [drm:nc4_mipi_dbi18_pipe_update [nc4_ili9488]] nc4_ili9488: [nc4_mipi_dbi18_pipe_update] pipe_update called
[   57.381519] [drm:nc4_mipi_dbi18_pipe_update [nc4_ili9488]] nc4_ili9488: [nc4_mipi_dbi18_pipe_update] merged damage rect=(320x480+0+0)
[   57.381528] [drm:nc4_mipi_dbi18_fb_dirty [nc4_ili9488]] nc4_ili9488: [nc4_mipi_dbi18_fb_dirty] Dirty framebuffer update: dev=spi0.0 on SPI0, CS=0 rect=(0,0)-(320,480)
[   57.381537] [drm:nc4_mipi_dbi18_fb_dirty [nc4_ili9488]] nc4_ili9488: [nc4_mipi_dbi18_fb_dirty] Full framebuffer update detected.
[   57.381545] [drm:nc4_mipi_dbi18_buf_copy [nc4_ili9488]] nc4_ili9488: [nc4_mipi_dbi18_buf_copy] format=XR24 little-endian (0x34325258) swap=1 clip=(0,0)-(320,480)
[   57.381557] [drm:nc4_mipi_dbi18_buf_copy [nc4_ili9488]] nc4_ili9488: [nc4_mipi_dbi18_buf_copy] Converting from XRGB8888 to 18-bit
[   57.382798] [drm:nc4_mipi_dbi18_fb_dirty [nc4_ili9488]] nc4_ili9488: [nc4_mipi_dbi_set_window_address] dev=spi0 cs=0 xs=0 xe=319 ys=0 ye=479
[   57.571660] [drm:nc4_mipi_dbi18_pipe_update [nc4_ili9488]] nc4_ili9488: [nc4_mipi_dbi18_pipe_update] pipe_update done for dev=spi0.1 cs=1
[   57.571713] [drm:nc4_mipi_dbi18_fb_dirty [nc4_ili9488]] nc4_ili9488: [nc4_mipi_dbi18_fb_dirty] Writing memory data to device.
[   57.571854] nc4_ili9488 spi0.1: [drm:drm_atomic_state_default_clear [drm]] Clearing atomic state 000000000dc072aa
[   57.572159] nc4_ili9488 spi0.1: [drm:__drm_atomic_state_free [drm]] Freeing atomic state 000000000dc072aa
[   57.764094] [drm:nc4_mipi_dbi18_pipe_update [nc4_ili9488]] nc4_ili9488: [nc4_mipi_dbi18_pipe_update] pipe_update done for dev=spi0.0 cs=0
[   57.764134] nc4_ili9488 spi0.0: [drm:drm_atomic_state_default_clear [drm]] Clearing atomic state 0000000060008bf1
[   57.764525] nc4_ili9488 spi0.0: [drm:__drm_atomic_state_free [drm]] Freeing atomic state 0000000060008bf1
[   57.764881] nc4_ili9488 spi0.0: [drm:drm_atomic_state_init [drm]] Allocated atomic state 0000000060008bf1
[   57.765036] nc4_ili9488 spi0.0: [drm:drm_atomic_get_plane_state [drm]] Added [PLANE:32:plane-0] 000000000c5ab959 state to 0000000060008bf1
[   57.765177] nc4_ili9488 spi0.0: [drm:drm_atomic_get_crtc_state [drm]] Added [CRTC:34:crtc-0] 000000008ce11fb4 state to 0000000060008bf1
[   57.765315] nc4_ili9488 spi0.0: [drm:drm_atomic_check_only [drm]] checking 0000000060008bf1
[   57.765396] nc4_ili9488 spi0.0: [drm:drm_atomic_add_affected_planes [drm]] Adding all current planes for [CRTC:34:crtc-0] to 0000000060008bf1
[   57.765467] nc4_ili9488 spi0.0: [drm:drm_atomic_commit [drm]] committing 0000000060008bf1
[   57.765550] [drm:nc4_mipi_dbi18_pipe_update [nc4_ili9488]] nc4_ili9488: [nc4_mipi_dbi18_pipe_update] pipe_update called
[   57.765562] [drm:nc4_mipi_dbi18_pipe_update [nc4_ili9488]] nc4_ili9488: [nc4_mipi_dbi18_pipe_update] merged damage rect=(320x480+0+0)
[   57.765571] [drm:nc4_mipi_dbi18_fb_dirty [nc4_ili9488]] nc4_ili9488: [nc4_mipi_dbi18_fb_dirty] Dirty framebuffer update: dev=spi0.0 on SPI0, CS=0 rect=(0,0)-(320,480)
[   57.765581] [drm:nc4_mipi_dbi18_fb_dirty [nc4_ili9488]] nc4_ili9488: [nc4_mipi_dbi18_fb_dirty] Full framebuffer update detected.
[   57.765588] [drm:nc4_mipi_dbi18_buf_copy [nc4_ili9488]] nc4_ili9488: [nc4_mipi_dbi18_buf_copy] format=XR24 little-endian (0x34325258) swap=1 clip=(0,0)-(320,480)
[   57.765600] [drm:nc4_mipi_dbi18_buf_copy [nc4_ili9488]] nc4_ili9488: [nc4_mipi_dbi18_buf_copy] Converting from XRGB8888 to 18-bit
[   57.766819] [drm:nc4_mipi_dbi18_fb_dirty [nc4_ili9488]] nc4_ili9488: [nc4_mipi_dbi_set_window_address] dev=spi0 cs=0 xs=0 xe=319 ys=0 ye=479
[   57.766878] [drm:nc4_mipi_dbi18_fb_dirty [nc4_ili9488]] nc4_ili9488: [nc4_mipi_dbi18_fb_dirty] Writing memory data to device.
[   57.767293] nc4_ili9488 spi0.1: [drm:drm_atomic_state_init [drm]] Allocated atomic state 000000000dc072aa
[   57.767503] nc4_ili9488 spi0.1: [drm:drm_atomic_get_plane_state [drm]] Added [PLANE:32:plane-0] 00000000cb5f98fc state to 000000000dc072aa
[   57.767650] nc4_ili9488 spi0.1: [drm:drm_atomic_get_crtc_state [drm]] Added [CRTC:34:crtc-0] 00000000f24d2ed7 state to 000000000dc072aa
[   57.767726] nc4_ili9488 spi0.1: [drm:drm_atomic_set_fb_for_plane [drm]] Set [FB:36] for [PLANE:32:plane-0] state 00000000cb5f98fc
[   57.767943] nc4_ili9488 spi0.1: [drm:drm_atomic_add_affected_connectors [drm]] Adding all current connectors for [CRTC:34:crtc-0] to 000000000dc072aa
[   57.768166] nc4_ili9488 spi0.1: [drm:drm_atomic_get_connector_state [drm]] Added [CONNECTOR:31:SPI-2] 000000004f69e86a state to 000000000dc072aa
[   57.768318] nc4_ili9488 spi0.1: [drm:drm_atomic_set_crtc_for_connector [drm]] Link [CONNECTOR:31:SPI-2] state 000000004f69e86a to [NOCRTC]
[   57.768470] nc4_ili9488 spi0.1: [drm:drm_atomic_set_crtc_for_connector [drm]] Link [CONNECTOR:31:SPI-2] state 000000004f69e86a to [CRTC:34:crtc-0]
[   57.768543] nc4_ili9488 spi0.1: [drm:drm_atomic_check_only [drm]] checking 000000000dc072aa
[   57.768623] nc4_ili9488 spi0.1: [drm:drm_atomic_helper_check_modeset [drm_kms_helper]] Updating routing for [CONNECTOR:31:SPI-2]
[   57.768700] nc4_ili9488 spi0.1: [drm:drm_atomic_helper_check_modeset [drm_kms_helper]] [CONNECTOR:31:SPI-2] keeps [ENCODER:35:None-35], now on [CRTC:34:crtc-0]
[   57.768736] nc4_ili9488 spi0.1: [drm:drm_atomic_add_encoder_bridges [drm]] Adding all bridges for [encoder:35:None-35] to 000000000dc072aa
[   57.768820] nc4_ili9488 spi0.1: [drm:drm_atomic_add_encoder_bridges [drm]] Adding all bridges for [encoder:35:None-35] to 000000000dc072aa
[   57.768899] nc4_ili9488 spi0.1: [drm:drm_atomic_add_affected_planes [drm]] Adding all current planes for [CRTC:34:crtc-0] to 000000000dc072aa
[   57.768972] nc4_ili9488 spi0.1: [drm:drm_atomic_commit [drm]] committing 000000000dc072aa
[   57.769064] [drm:nc4_mipi_dbi18_pipe_update [nc4_ili9488]] nc4_ili9488: [nc4_mipi_dbi18_pipe_update] pipe_update called
[   57.769077] [drm:nc4_mipi_dbi18_pipe_update [nc4_ili9488]] nc4_ili9488: [nc4_mipi_dbi18_pipe_update] merged damage rect=(320x480+0+0)
[   57.769086] [drm:nc4_mipi_dbi18_fb_dirty [nc4_ili9488]] nc4_ili9488: [nc4_mipi_dbi18_fb_dirty] Dirty framebuffer update: dev=spi0.1 on SPI0, CS=1 rect=(0,0)-(320,480)
[   57.769096] [drm:nc4_mipi_dbi18_fb_dirty [nc4_ili9488]] nc4_ili9488: [nc4_mipi_dbi18_fb_dirty] Full framebuffer update detected.
[   57.769103] [drm:nc4_mipi_dbi18_buf_copy [nc4_ili9488]] nc4_ili9488: [nc4_mipi_dbi18_buf_copy] format=XR24 little-endian (0x34325258) swap=1 clip=(0,0)-(320,480)
[   57.769116] [drm:nc4_mipi_dbi18_buf_copy [nc4_ili9488]] nc4_ili9488: [nc4_mipi_dbi18_buf_copy] Converting from XRGB8888 to 18-bit
[   57.770395] [drm:nc4_mipi_dbi18_fb_dirty [nc4_ili9488]] nc4_ili9488: [nc4_mipi_dbi_set_window_address] dev=spi0 cs=0 xs=0 xe=319 ys=0 ye=479
[   57.959176] [drm:nc4_mipi_dbi18_pipe_update [nc4_ili9488]] nc4_ili9488: [nc4_mipi_dbi18_pipe_update] pipe_update done for dev=spi0.0 cs=0
[   57.959226] [drm:nc4_mipi_dbi18_fb_dirty [nc4_ili9488]] nc4_ili9488: [nc4_mipi_dbi18_fb_dirty] Writing memory data to device.
[   57.959386] nc4_ili9488 spi0.0: [drm:drm_atomic_state_default_clear [drm]] Clearing atomic state 0000000060008bf1
[   57.959649] nc4_ili9488 spi0.0: [drm:__drm_atomic_state_free [drm]] Freeing atomic state 0000000060008bf1
[   58.151718] [drm:nc4_mipi_dbi18_pipe_update [nc4_ili9488]] nc4_ili9488: [nc4_mipi_dbi18_pipe_update] pipe_update done for dev=spi0.1 cs=1
[   58.151759] nc4_ili9488 spi0.1: [drm:drm_atomic_state_default_clear [drm]] Clearing atomic state 000000000dc072aa
[   58.152220] nc4_ili9488 spi0.1: [drm:__drm_atomic_state_free [drm]] Freeing atomic state 000000000dc072aa
[   58.152296] nc4_ili9488 spi0.1: [drm:drm_atomic_state_init [drm]] Allocated atomic state 000000000dc072aa
[   58.152436] nc4_ili9488 spi0.1: [drm:drm_atomic_get_plane_state [drm]] Added [PLANE:32:plane-0] 0000000016c72062 state to 000000000dc072aa
[   58.152576] nc4_ili9488 spi0.1: [drm:drm_atomic_get_crtc_state [drm]] Added [CRTC:34:crtc-0] 000000007d0d8317 state to 000000000dc072aa
[   58.152650] nc4_ili9488 spi0.1: [drm:drm_atomic_set_fb_for_plane [drm]] Set [FB:36] for [PLANE:32:plane-0] state 0000000016c72062
[   58.152858] nc4_ili9488 spi0.1: [drm:drm_atomic_add_affected_connectors [drm]] Adding all current connectors for [CRTC:34:crtc-0] to 000000000dc072aa
[   58.153066] nc4_ili9488 spi0.1: [drm:drm_atomic_get_connector_state [drm]] Added [CONNECTOR:31:SPI-2] 0000000092c1d5eb state to 000000000dc072aa
[   58.153206] nc4_ili9488 spi0.1: [drm:drm_atomic_set_crtc_for_connector [drm]] Link [CONNECTOR:31:SPI-2] state 0000000092c1d5eb to [NOCRTC]
[   58.153344] nc4_ili9488 spi0.1: [drm:drm_atomic_set_crtc_for_connector [drm]] Link [CONNECTOR:31:SPI-2] state 0000000092c1d5eb to [CRTC:34:crtc-0]
[   58.153415] nc4_ili9488 spi0.1: [drm:drm_atomic_check_only [drm]] checking 000000000dc072aa
[   58.153490] nc4_ili9488 spi0.1: [drm:drm_atomic_helper_check_modeset [drm_kms_helper]] Updating routing for [CONNECTOR:31:SPI-2]
[   58.153544] nc4_ili9488 spi0.1: [drm:drm_atomic_helper_check_modeset [drm_kms_helper]] [CONNECTOR:31:SPI-2] keeps [ENCODER:35:None-35], now on [CRTC:34:crtc-0]
[   58.153579] nc4_ili9488 spi0.1: [drm:drm_atomic_add_encoder_bridges [drm]] Adding all bridges for [encoder:35:None-35] to 000000000dc072aa
[   58.153651] nc4_ili9488 spi0.1: [drm:drm_atomic_add_encoder_bridges [drm]] Adding all bridges for [encoder:35:None-35] to 000000000dc072aa
[   58.153727] nc4_ili9488 spi0.1: [drm:drm_atomic_add_affected_planes [drm]] Adding all current planes for [CRTC:34:crtc-0] to 000000000dc072aa
[   58.153798] nc4_ili9488 spi0.1: [drm:drm_atomic_commit [drm]] committing 000000000dc072aa
[   58.153881] [drm:nc4_mipi_dbi18_pipe_update [nc4_ili9488]] nc4_ili9488: [nc4_mipi_dbi18_pipe_update] pipe_update called
[   58.153891] [drm:nc4_mipi_dbi18_pipe_update [nc4_ili9488]] nc4_ili9488: [nc4_mipi_dbi18_pipe_update] merged damage rect=(320x480+0+0)
[   58.153900] [drm:nc4_mipi_dbi18_fb_dirty [nc4_ili9488]] nc4_ili9488: [nc4_mipi_dbi18_fb_dirty] Dirty framebuffer update: dev=spi0.1 on SPI0, CS=1 rect=(0,0)-(320,480)
[   58.153910] [drm:nc4_mipi_dbi18_fb_dirty [nc4_ili9488]] nc4_ili9488: [nc4_mipi_dbi18_fb_dirty] Full framebuffer update detected.
[   58.153917] [drm:nc4_mipi_dbi18_buf_copy [nc4_ili9488]] nc4_ili9488: [nc4_mipi_dbi18_buf_copy] format=XR24 little-endian (0x34325258) swap=1 clip=(0,0)-(320,480)
[   58.153930] [drm:nc4_mipi_dbi18_buf_copy [nc4_ili9488]] nc4_ili9488: [nc4_mipi_dbi18_buf_copy] Converting from XRGB8888 to 18-bit
[   58.155150] [drm:nc4_mipi_dbi18_fb_dirty [nc4_ili9488]] nc4_ili9488: [nc4_mipi_dbi_set_window_address] dev=spi0 cs=0 xs=0 xe=319 ys=0 ye=479
[   58.155207] [drm:nc4_mipi_dbi18_fb_dirty [nc4_ili9488]] nc4_ili9488: [nc4_mipi_dbi18_fb_dirty] Writing memory data to device.
[   58.348916] [drm:nc4_mipi_dbi18_pipe_update [nc4_ili9488]] nc4_ili9488: [nc4_mipi_dbi18_pipe_update] pipe_update done for dev=spi0.1 cs=1
[   58.348960] nc4_ili9488 spi0.1: [drm:drm_atomic_state_default_clear [drm]] Clearing atomic state 000000000dc072aa
[   58.349384] nc4_ili9488 spi0.1: [drm:__drm_atomic_state_free [drm]] Freeing atomic state 000000000dc072aa
