=== SPI1 Debug Information ===
Timestamp: Fri  3 Jan 10:01:20 PST 2025

=== dmesg Logs ===
[   51.791142] nc4_ili9488: Unknown symbol mipi_dbi_poweron_conditional_reset (err -2)
[   51.791169] nc4_ili9488: Unknown symbol drm_gem_fb_end_cpu_access (err -2)
[   51.791191] nc4_ili9488: Unknown symbol mipi_dbi_dev_init_with_formats (err -2)
[   51.791215] nc4_ili9488: Unknown symbol mipi_dbi_command_stackbuf (err -2)
[   51.791227] nc4_ili9488: Unknown symbol mipi_dbi_debugfs_init (err -2)
[   51.791241] nc4_ili9488: Unknown symbol drm_atomic_helper_shutdown (err -2)
[   51.791257] nc4_ili9488: Unknown symbol mipi_dbi_spi_init (err -2)
[   51.791277] nc4_ili9488: Unknown symbol mipi_dbi_pipe_mode_valid (err -2)
[   51.791305] nc4_ili9488: Unknown symbol mipi_dbi_pipe_disable (err -2)
[   51.791338] nc4_ili9488: Unknown symbol drm_gem_fb_vmap (err -2)
[   51.791349] nc4_ili9488: Unknown symbol mipi_dbi_command_buf (err -2)
[   51.791370] nc4_ili9488: Unknown symbol drm_atomic_helper_damage_merged (err -2)
[   51.791394] nc4_ili9488: Unknown symbol drm_gem_fb_vunmap (err -2)
[   51.791406] nc4_ili9488: Unknown symbol drm_gem_dma_dumb_create (err -2)
[   51.791419] nc4_ili9488: Unknown symbol drm_gem_fb_get_obj (err -2)
[   51.791450] nc4_ili9488: Unknown symbol drm_fb_xrgb8888_to_rgb888 (err -2)
[   51.791465] nc4_ili9488: Unknown symbol drm_fbdev_generic_setup (err -2)
[   51.791479] nc4_ili9488: Unknown symbol drm_fb_memcpy (err -2)
[   51.791493] nc4_ili9488: Unknown symbol drm_gem_fb_begin_cpu_access (err -2)
[   51.791505] nc4_ili9488: Unknown symbol drm_fb_swab (err -2)
[   51.791529] nc4_ili9488: Unknown symbol drm_gem_dma_prime_import_sg_table_vmap (err -2)
[  129.962338] nc4_ili9488: Unknown symbol mipi_dbi_poweron_conditional_reset (err -2)
[  129.962367] nc4_ili9488: Unknown symbol drm_gem_fb_end_cpu_access (err -2)
[  129.962390] nc4_ili9488: Unknown symbol mipi_dbi_dev_init_with_formats (err -2)
[  129.962415] nc4_ili9488: Unknown symbol mipi_dbi_command_stackbuf (err -2)
[  129.962427] nc4_ili9488: Unknown symbol mipi_dbi_debugfs_init (err -2)
[  129.962441] nc4_ili9488: Unknown symbol drm_atomic_helper_shutdown (err -2)
[  129.962457] nc4_ili9488: Unknown symbol mipi_dbi_spi_init (err -2)
[  129.962477] nc4_ili9488: Unknown symbol mipi_dbi_pipe_mode_valid (err -2)
[  129.962506] nc4_ili9488: Unknown symbol mipi_dbi_pipe_disable (err -2)
[  129.962592] nc4_ili9488: Unknown symbol drm_gem_fb_vmap (err -2)
[  129.962605] nc4_ili9488: Unknown symbol mipi_dbi_command_buf (err -2)
[  129.962627] nc4_ili9488: Unknown symbol drm_atomic_helper_damage_merged (err -2)
[  129.962651] nc4_ili9488: Unknown symbol drm_gem_fb_vunmap (err -2)
[  129.962664] nc4_ili9488: Unknown symbol drm_gem_dma_dumb_create (err -2)
[  129.962677] nc4_ili9488: Unknown symbol drm_gem_fb_get_obj (err -2)
[  129.962708] nc4_ili9488: Unknown symbol drm_fb_xrgb8888_to_rgb888 (err -2)
[  129.962723] nc4_ili9488: Unknown symbol drm_fbdev_generic_setup (err -2)
[  129.962738] nc4_ili9488: Unknown symbol drm_fb_memcpy (err -2)
[  129.962752] nc4_ili9488: Unknown symbol drm_gem_fb_begin_cpu_access (err -2)
[  129.962765] nc4_ili9488: Unknown symbol drm_fb_swab (err -2)
[  129.962789] nc4_ili9488: Unknown symbol drm_gem_dma_prime_import_sg_table_vmap (err -2)

=== Loaded Overlays ===
vcdbg command not found. Skipping.

=== Live Device Tree (/proc/device-tree) ===
/soc/spi@7e215080:
#address-cells
clocks
compatible
cs-gpios
interrupts
name
phandle
pinctrl-0
pinctrl-names
reg
#size-cells
spidev@0
spidev@1
spidev@2
status

=== GPIO States ===
BANK0 (GPIO 0 to 27):
GPIO 0: level=1 func=INPUT pull=UP
GPIO 1: level=1 func=INPUT pull=UP
GPIO 2: level=1 func=INPUT pull=UP
GPIO 3: level=1 func=INPUT pull=UP
GPIO 4: level=1 func=INPUT pull=UP
GPIO 5: level=1 func=INPUT pull=UP
GPIO 6: level=1 func=INPUT pull=UP
GPIO 7: level=1 func=OUTPUT pull=UP
GPIO 8: level=1 func=OUTPUT pull=UP
GPIO 9: level=0 alt=0 func=SPI0_MISO pull=DOWN
GPIO 10: level=0 alt=0 func=SPI0_MOSI pull=DOWN
GPIO 11: level=0 alt=0 func=SPI0_SCLK pull=DOWN
GPIO 12: level=0 func=INPUT pull=DOWN
GPIO 13: level=1 func=INPUT pull=DOWN
GPIO 14: level=1 func=INPUT pull=NONE
GPIO 15: level=1 func=INPUT pull=UP
GPIO 16: level=1 func=OUTPUT pull=DOWN
GPIO 17: level=1 func=OUTPUT pull=DOWN
GPIO 18: level=1 func=OUTPUT pull=DOWN
GPIO 19: level=0 alt=4 func=SPI1_MISO pull=DOWN
GPIO 20: level=0 alt=4 func=SPI1_MOSI pull=DOWN
GPIO 21: level=0 alt=4 func=SPI1_SCLK pull=DOWN
GPIO 22: level=0 func=INPUT pull=DOWN
GPIO 23: level=1 func=INPUT pull=DOWN
GPIO 24: level=0 func=INPUT pull=DOWN
GPIO 25: level=1 func=INPUT pull=DOWN
GPIO 26: level=0 func=INPUT pull=DOWN
GPIO 27: level=0 func=INPUT pull=DOWN
BANK1 (GPIO 28 to 45):
GPIO 28: level=1 alt=5 func=RGMII_MDIO pull=UP
GPIO 29: level=0 alt=5 func=RGMII_MDC pull=DOWN
GPIO 30: level=0 alt=3 func=CTS0 pull=UP
GPIO 31: level=0 alt=3 func=RTS0 pull=NONE
GPIO 32: level=1 alt=3 func=TXD0 pull=NONE
GPIO 33: level=1 alt=3 func=RXD0 pull=UP
GPIO 34: level=1 alt=3 func=SD1_CLK pull=NONE
GPIO 35: level=1 alt=3 func=SD1_CMD pull=UP
GPIO 36: level=1 alt=3 func=SD1_DAT0 pull=UP
GPIO 37: level=1 alt=3 func=SD1_DAT1 pull=UP
GPIO 38: level=1 alt=3 func=SD1_DAT2 pull=UP
GPIO 39: level=1 alt=3 func=SD1_DAT3 pull=UP
GPIO 40: level=0 alt=0 func=PWM1_0 pull=NONE
GPIO 41: level=0 alt=0 func=PWM1_1 pull=NONE
GPIO 42: level=0 func=OUTPUT pull=UP
GPIO 43: level=1 func=INPUT pull=UP
GPIO 44: level=1 func=INPUT pull=UP
GPIO 45: level=1 func=INPUT pull=UP
BANK2 (GPIO 46 to 53):
GPIO 46: level=0 func=INPUT pull=UP
GPIO 47: level=0 func=INPUT pull=UP
GPIO 48: level=0 func=INPUT pull=DOWN
GPIO 49: level=0 func=INPUT pull=DOWN
GPIO 50: level=0 func=INPUT pull=DOWN
GPIO 51: level=0 func=INPUT pull=DOWN
GPIO 52: level=0 func=INPUT pull=DOWN
GPIO 53: level=0 func=INPUT pull=DOWN

=== Loaded Kernel Modules ===
spidev                 16384  0
spi_bcm2835aux         12288  0
drm                   643072  0
drm_panel_orientation_quirks    28672  1 drm
backlight              24576  1 drm
spi_bcm2835            20480  0

=== Driver Module Check ===
Driver module found: /lib/modules/6.6.62+rpt-rpi-v8/extra/nc4_ili9488.ko

=== DRM Cards and Connectors ===
version

=== Framebuffers ===
fbcon

