=== SPI1 Debugging Logs ===
Timestamp: Fri  3 Jan 13:20:04 PST 2025

=== Kernel Logs: Overlay Loading Errors ===

=== Decompiled Device Tree ===
Decompiled device tree saved to: /home/nc4/TouchscreenApparatus/src/drivers/debug/SPI1_debug/live_device_tree.dts

=== SPI Nodes in Live Device Tree ===
		spi@7e204600 {
			compatible = "brcm,bcm2835-spi";
			spi5_pins {
			spi1_cs_pins {
			spi3-gpio0 {
				pins-spi {
			spi4_pins {
			spi3_cs_pins {
			spi4-gpio4 {
				pins-spi {
			spi0-gpio46 {
				pins-spi {
			spi3_pins {
			spi5_cs_pins {
			spi2-gpio46 {
				pins-spi {
			spi1-gpio16 {
			spi0-gpio7 {
			spi0_cs_pins {
			spi6-gpio18 {
				pins-spi {
			spi1_pins {
			spi2-gpio40 {
			spi0_pins {
			spi4_cs_pins {
			spi5-gpio12 {
				pins-spi {
			spi6_pins {
			spi0-gpio35 {
			spi6_cs_pins {
		spi@7e204a00 {
			compatible = "brcm,bcm2835-spi";
		spi@7e204800 {
			compatible = "brcm,bcm2835-spi";
		spi@7e215080 {
			compatible = "brcm,bcm2835-aux-spi";
			spidev@2 {
				spi-max-frequency = <0x7735940>;
				compatible = "spidev";
			spidev@0 {
				spi-max-frequency = <0x7735940>;
				compatible = "spidev";
			spidev@1 {
				spi-max-frequency = <0x7735940>;
				compatible = "spidev";
		spi@7e2150c0 {
			compatible = "brcm,bcm2835-aux-spi";
		spi@7e204c00 {
			compatible = "brcm,bcm2835-spi";
		spi@7e204000 {
			compatible = "brcm,bcm2835-spi";
			spidev@0 {
				spi-max-frequency = <0x7735940>;
				compatible = "spidev";
			spidev@1 {
				spi-max-frequency = <0x7735940>;
				compatible = "spidev";
		spi2 = "/soc/spi@7e2150c0";
		spi0 = "/soc/spi@7e204000";
		spi5 = "/soc/spi@7e204a00";
		spi3 = "/soc/spi@7e204600";
		spi1 = "/soc/spi@7e215080";
		spi6 = "/soc/spi@7e204c00";
		spi4 = "/soc/spi@7e204800";
			enable-method = "spin-table";
			enable-method = "spin-table";
			enable-method = "spin-table";
			enable-method = "spin-table";
		spi5_pins = "/soc/gpio@7e200000/spi5_pins";
		spi0_gpio46 = "/soc/gpio@7e200000/spi0-gpio46";
		spi2 = "/soc/spi@7e2150c0";
		spidev1 = "/soc/spi@7e204000/spidev@1";
		spi2_gpio46 = "/soc/gpio@7e200000/spi2-gpio46";
		spi0 = "/soc/spi@7e204000";
		spi1_gpio16 = "/soc/gpio@7e200000/spi1-gpio16";
		spi4_pins = "/soc/gpio@7e200000/spi4_pins";
		spi0_gpio7 = "/soc/gpio@7e200000/spi0-gpio7";
		spi3_cs_pins = "/soc/gpio@7e200000/spi3_cs_pins";
		spi6_gpio18 = "/soc/gpio@7e200000/spi6-gpio18";
		spi3_pins = "/soc/gpio@7e200000/spi3_pins";
		spi5_cs_pins = "/soc/gpio@7e200000/spi5_cs_pins";
		spi5 = "/soc/spi@7e204a00";
		spi2_gpio40 = "/soc/gpio@7e200000/spi2-gpio40";
		spi = "/soc/spi@7e204000";
		spi3 = "/soc/spi@7e204600";
		spi0_cs_pins = "/soc/gpio@7e200000/spi0_cs_pins";
		spi5_gpio12 = "/soc/gpio@7e200000/spi5-gpio12";
		spi1 = "/soc/spi@7e215080";
		spi0_gpio35 = "/soc/gpio@7e200000/spi0-gpio35";
		spidev0 = "/soc/spi@7e204000/spidev@0";
		spi0_pins = "/soc/gpio@7e200000/spi0_pins";
		spi4_cs_pins = "/soc/gpio@7e200000/spi4_cs_pins";
		spi6 = "/soc/spi@7e204c00";
		spi6_pins = "/soc/gpio@7e200000/spi6_pins";
		spi3_gpio0 = "/soc/gpio@7e200000/spi3-gpio0";
		spi6_cs_pins = "/soc/gpio@7e200000/spi6_cs_pins";
		spi4 = "/soc/spi@7e204800";
		spi4_gpio4 = "/soc/gpio@7e200000/spi4-gpio4";
		spi_dma4 = <0x46 0x646d6173 0x3a303d00 0x2e 0x46 0x646d6173 0x3a383d00 0x2e>;
		spi = "\0\0\0Fstatus";

=== Specific Spidev References in Live Device Tree ===
			status = "okay";
			reg = <0x7e215080 0x40>;
			phandle = <0xc1>;
			cs-gpios = <0x07 0x12 0x01 0x07 0x11 0x01 0x07 0x10 0x01>;

			spidev@2 {
				#address-cells = <0x01>;
				#size-cells = <0x00>;
				spi-max-frequency = <0x7735940>;
				compatible = "spidev";
				status = "okay";
				reg = <0x02>;
				phandle = <0xf8>;
			};

			spidev@0 {
				#address-cells = <0x01>;
				#size-cells = <0x00>;
				spi-max-frequency = <0x7735940>;
				compatible = "spidev";
				status = "okay";
				reg = <0x00>;
				phandle = <0xf6>;
			};

			spidev@1 {
				#address-cells = <0x01>;
				#size-cells = <0x00>;
				spi-max-frequency = <0x7735940>;
				compatible = "spidev";
				status = "okay";
--
			reg = <0x7e204000 0x200>;
			phandle = <0x46>;
			dmas = <0x0c 0x06 0x0c 0x07>;
			cs-gpios = <0x07 0x08 0x01 0x07 0x07 0x01>;

			spidev@0 {
				#address-cells = <0x01>;
				#size-cells = <0x00>;
				spi-max-frequency = <0x7735940>;
				compatible = "spidev";
				reg = <0x00>;
				phandle = <0xbe>;
			};

			spidev@1 {
				#address-cells = <0x01>;
				#size-cells = <0x00>;
				spi-max-frequency = <0x7735940>;
				compatible = "spidev";
				reg = <0x01>;
--
		vchiq = "/soc/mailbox@7e00b840";
		uart1_ctsrts_gpio16 = "/soc/gpio@7e200000/uart1-ctsrts-gpio16";
		i2c3_gpio4 = "/soc/gpio@7e200000/i2c3-gpio4";
		gpclk1_gpio44 = "/soc/gpio@7e200000/gpclk1-gpio44";
		smi = "/soc/smi@7e600000";
		spidev1 = "/soc/spi@7e204000/spidev@1";
		i2c4_pins = "/soc/gpio@7e200000/i2c4";
		clk_27MHz = "/clk-27M";
		uart5_gpio12 = "/soc/gpio@7e200000/uart5-gpio12";
		i2c6_gpio0 = "/soc/gpio@7e200000/i2c6-gpio0";
		sdhci = "/soc/mmc@7e300000";
--
		led_act = "/leds/led-act";
		emmc2bus = "/emmc2bus";
		gpclk2_gpio6 = "/soc/gpio@7e200000/gpclk2-gpio6";
		aliases = "/aliases";
		uart0_ctsrts_gpio16 = "/soc/gpio@7e200000/uart0-ctsrts-gpio16";
		spidev0 = "/soc/spi@7e204000/spidev@0";
		gicv2 = "/soc/interrupt-controller@40041000";
		sound = "/soc/sound";
		uart5 = "/soc/serial@7e201a00";
		firmware = "/soc/firmware";
		dpi_18bit_gpio0 = "/soc/gpio@7e200000/dpi_18bit_gpio0";

=== Symbolic Links for Spidev Nodes ===
				compatible = "spidev";
				compatible = "spidev";
				compatible = "spidev";
				compatible = "spidev";
				compatible = "spidev";
		spidev1 = "/soc/spi@7e204000/spidev@1";
		spidev0 = "/soc/spi@7e204000/spidev@0";

=== GPIO States ===
BANK0 (GPIO 0 to 27):
GPIO 0: level=1 func=INPUT pull=UP
GPIO 1: level=1 func=INPUT pull=UP
GPIO 2: level=1 func=INPUT pull=UP
GPIO 3: level=1 func=INPUT pull=UP
GPIO 4: level=1 func=INPUT pull=UP
GPIO 5: level=1 func=INPUT pull=UP
GPIO 6: level=1 func=INPUT pull=UP
GPIO 7: level=1 func=OUTPUT pull=UP
GPIO 8: level=1 func=OUTPUT pull=UP
GPIO 9: level=0 alt=0 func=SPI0_MISO pull=DOWN
GPIO 10: level=0 alt=0 func=SPI0_MOSI pull=DOWN
GPIO 11: level=0 alt=0 func=SPI0_SCLK pull=DOWN
GPIO 12: level=0 func=INPUT pull=DOWN
GPIO 13: level=1 func=INPUT pull=DOWN
GPIO 14: level=1 func=INPUT pull=NONE
GPIO 15: level=1 func=INPUT pull=UP
GPIO 16: level=1 func=OUTPUT pull=DOWN
GPIO 17: level=1 func=OUTPUT pull=DOWN
GPIO 18: level=1 func=OUTPUT pull=DOWN
GPIO 19: level=0 alt=4 func=SPI1_MISO pull=DOWN
GPIO 20: level=0 alt=4 func=SPI1_MOSI pull=DOWN
GPIO 21: level=0 alt=4 func=SPI1_SCLK pull=DOWN
GPIO 22: level=0 func=INPUT pull=DOWN
GPIO 23: level=1 func=INPUT pull=DOWN
GPIO 24: level=0 func=INPUT pull=DOWN
GPIO 25: level=1 func=INPUT pull=DOWN
GPIO 26: level=0 func=INPUT pull=DOWN
GPIO 27: level=0 func=INPUT pull=DOWN
BANK1 (GPIO 28 to 45):
GPIO 28: level=1 alt=5 func=RGMII_MDIO pull=UP
GPIO 29: level=0 alt=5 func=RGMII_MDC pull=DOWN
GPIO 30: level=0 alt=3 func=CTS0 pull=UP
GPIO 31: level=0 alt=3 func=RTS0 pull=NONE
GPIO 32: level=1 alt=3 func=TXD0 pull=NONE
GPIO 33: level=1 alt=3 func=RXD0 pull=UP
GPIO 34: level=1 alt=3 func=SD1_CLK pull=NONE
GPIO 35: level=1 alt=3 func=SD1_CMD pull=UP
GPIO 36: level=1 alt=3 func=SD1_DAT0 pull=UP
GPIO 37: level=1 alt=3 func=SD1_DAT1 pull=UP
GPIO 38: level=1 alt=3 func=SD1_DAT2 pull=UP
GPIO 39: level=1 alt=3 func=SD1_DAT3 pull=UP
GPIO 40: level=0 alt=0 func=PWM1_0 pull=NONE
GPIO 41: level=0 alt=0 func=PWM1_1 pull=NONE
GPIO 42: level=0 func=OUTPUT pull=UP
GPIO 43: level=1 func=INPUT pull=UP
GPIO 44: level=1 func=INPUT pull=UP
GPIO 45: level=1 func=INPUT pull=UP
BANK2 (GPIO 46 to 53):
GPIO 46: level=0 func=INPUT pull=UP
GPIO 47: level=0 func=INPUT pull=UP
GPIO 48: level=0 func=INPUT pull=DOWN
GPIO 49: level=0 func=INPUT pull=DOWN
GPIO 50: level=0 func=INPUT pull=DOWN
GPIO 51: level=0 func=INPUT pull=DOWN
GPIO 52: level=0 func=INPUT pull=DOWN
GPIO 53: level=0 func=INPUT pull=DOWN

=== vcdbg Logs for Overlays ===
vcdbg command not found. Skipping overlay verification with vcdbg.

