plane[32]: plane-0
	crtc=crtc-0
	fb=36
		allocated by = [fbcon]
		refcount=2
		format=XR24 little-endian (0x34325258)
		modifier=0x0
		size=320x480
		layers:
			size[0]=320x480
			pitch[0]=1280
			offset[0]=0
			obj[0]:
				name=0
				refcount=2
				start=00100000
				size=614400
				imported=no
				dma_addr=0x000000002a700000
				vaddr=00000000f11b3290
	crtc-pos=320x480+0+0
	src-pos=320.000000x480.000000+0.000000+0.000000
	rotation=1
	normalized-zpos=0
	color-encoding=ITU-R BT.601 YCbCr
	color-range=YCbCr limited range
crtc[34]: crtc-0
	enable=1
	active=1
	self_refresh_active=0
	planes_changed=1
	mode_changed=0
	active_changed=0
	connectors_changed=0
	color_mgmt_changed=0
	plane_mask=1
	connector_mask=1
	encoder_mask=1
	mode: "320x480": 0 1 320 320 320 320 480 480 480 480 0x48 0x0
connector[31]: SPI-1
	crtc=crtc-0
	self_refresh_aware=0
	max_requested_bpc=0
	colorspace=Default
