==== Enabling DRM_DEBUG_KMS logging. ====
==== Building and Installing the nc4_ili9488 Device Tree Overlay ====
Compiling nc4_ili9488.dts -> nc4_ili9488.dtbo
/home/nc4/TouchscreenApparatus/src/drivers/nc4_ili9488/nc4_ili9488.dts:117.5-15: Warning (reg_format): /fragment@6/__overlay__/pitft1@1:reg: property has invalid length (4 bytes) (#address-cells == 2, #size-cells == 1)
/home/nc4/TouchscreenApparatus/src/drivers/nc4_ili9488/builds/nc4_ili9488.dtbo: Warning (pci_device_reg): Failed prerequisite 'reg_format'
/home/nc4/TouchscreenApparatus/src/drivers/nc4_ili9488/builds/nc4_ili9488.dtbo: Warning (pci_device_bus_num): Failed prerequisite 'reg_format'
/home/nc4/TouchscreenApparatus/src/drivers/nc4_ili9488/builds/nc4_ili9488.dtbo: Warning (simple_bus_reg): Failed prerequisite 'reg_format'
/home/nc4/TouchscreenApparatus/src/drivers/nc4_ili9488/builds/nc4_ili9488.dtbo: Warning (i2c_bus_reg): Failed prerequisite 'reg_format'
/home/nc4/TouchscreenApparatus/src/drivers/nc4_ili9488/builds/nc4_ili9488.dtbo: Warning (spi_bus_reg): Failed prerequisite 'reg_format'
/home/nc4/TouchscreenApparatus/src/drivers/nc4_ili9488/nc4_ili9488.dts:112.21-124.6: Warning (avoid_default_addr_size): /fragment@6/__overlay__/pitft1@1: Relying on default #address-cells value
/home/nc4/TouchscreenApparatus/src/drivers/nc4_ili9488/nc4_ili9488.dts:112.21-124.6: Warning (avoid_default_addr_size): /fragment@6/__overlay__/pitft1@1: Relying on default #size-cells value
/home/nc4/TouchscreenApparatus/src/drivers/nc4_ili9488/builds/nc4_ili9488.dtbo: Warning (avoid_unnecessary_addr_size): Failed prerequisite 'avoid_default_addr_size'
/home/nc4/TouchscreenApparatus/src/drivers/nc4_ili9488/builds/nc4_ili9488.dtbo: Warning (unique_unit_address): Failed prerequisite 'avoid_default_addr_size'
Copying nc4_ili9488.dtbo to /boot/firmware/overlays/
==== Building the nc4_ili9488 Kernel Module ====
Cleaning old builds...
make -C /lib/modules/6.6.62+rpt-rpi-v8/build M=/home/nc4/TouchscreenApparatus/src/drivers/nc4_ili9488 clean
make[1]: Entering directory '/usr/src/linux-headers-6.6.62+rpt-rpi-v8'
make[1]: Leaving directory '/usr/src/linux-headers-6.6.62+rpt-rpi-v8'
Compiling nc4_ili9488.ko...
make -C /lib/modules/6.6.62+rpt-rpi-v8/build M=/home/nc4/TouchscreenApparatus/src/drivers/nc4_ili9488 modules
make[1]: Entering directory '/usr/src/linux-headers-6.6.62+rpt-rpi-v8'

  ERROR: Kernel configuration is invalid.
         include/generated/autoconf.h or include/config/auto.conf are missing.
         Run 'make oldconfig && make prepare' on kernel src to fix it.

make[2]: *** [/usr/src/linux-headers-6.6.62+rpt-common-rpi/Makefile:817: include/config/auto.conf] Error 1
make[1]: *** [/usr/src/linux-headers-6.6.62+rpt-common-rpi/Makefile:246: __sub-make] Error 2
make[1]: Leaving directory '/usr/src/linux-headers-6.6.62+rpt-rpi-v8'
make: *** [Makefile:9: all] Error 2
Moving build artifacts to BUILDS_DIR...
Warning: No *.o found to move.
Warning: No *.mod.c found to move.
Warning: No *.symvers found to move.
Warning: No *.order found to move.
Warning: No *.ko found to move.
==== Installing the nc4_ili9488 Kernel Module ====
cp: cannot stat '/home/nc4/TouchscreenApparatus/src/drivers/nc4_ili9488/builds/nc4_ili9488.ko': No such file or directory
==== Done Installing nc4_ili9488 ====
To enable at boot, add the following line to /boot/firmware/config.txt (if not present):
  dtoverlay=nc4_ili9488
Powering off
