Dec 30 01:45:18 raspberrypi systemd[1]: Created slice system-kmsconvt.slice - Slice /system/kmsconvt.
Dec 30 01:45:22 raspberrypi systemd[1]: Started kmsconvt@tty1.service - KMS System Console on tty1.
Dec 30 01:45:28 raspberrypi kernel: nc4_ili9488 spi0.1: [drm:drm_open_helper [drm]] comm="kmscon", pid=662, minor=0
Dec 30 01:45:28 raspberrypi kernel: nc4_ili9488 spi0.1: [drm:drm_ioctl [drm]] comm="kmscon" pid=662, dev=0xe200, auth=1, DRM_IOCTL_VERSION
Dec 30 01:45:28 raspberrypi kernel: nc4_ili9488 spi0.1: [drm:drm_ioctl [drm]] comm="kmscon" pid=662, dev=0xe200, auth=1, DRM_IOCTL_VERSION
Dec 30 01:45:28 raspberrypi kernel: nc4_ili9488 spi0.1: [drm:drm_file_free [drm]] comm="kmscon", pid=662, dev=0xe200, open_count=1
Dec 30 01:45:28 raspberrypi kmscon[662]: [0000.000000] NOTICE: kmscon Revision v9.0.0 Jan 29 2023 19:19:17 (log_print_init() in ../src/shl_log.c:509)
Dec 30 01:45:28 raspberrypi kernel: nc4_ili9488 spi0.1: [drm:drm_open_helper [drm]] comm="kmscon", pid=662, minor=0
Dec 30 01:45:28 raspberrypi kernel: nc4_ili9488 spi0.1: [drm:drm_ioctl [drm]] comm="kmscon" pid=662, dev=0xe200, auth=1, DRM_IOCTL_VERSION
Dec 30 01:45:28 raspberrypi kernel: nc4_ili9488 spi0.1: [drm:drm_ioctl [drm]] comm="kmscon" pid=662, dev=0xe200, auth=1, DRM_IOCTL_VERSION
Dec 30 01:45:28 raspberrypi kernel: nc4_ili9488 spi0.1: [drm:drm_file_free [drm]] comm="kmscon", pid=662, dev=0xe200, open_count=1
Dec 30 01:45:28 raspberrypi kmscon[662]: [0000.354113] NOTICE: vt: using tty /dev/tty1 (open_tty() in ../src/uterm_vt.c:285)
Dec 30 01:45:29 raspberrypi kernel: nc4_ili9488 spi0.0: [drm:drm_open_helper [drm]] comm="kmscon", pid=662, minor=1
Dec 30 01:45:29 raspberrypi kernel: nc4_ili9488 spi0.0: [drm:drm_ioctl [drm]] comm="kmscon" pid=662, dev=0xe201, auth=1, DRM_IOCTL_VERSION
Dec 30 01:45:29 raspberrypi kernel: nc4_ili9488 spi0.0: [drm:drm_ioctl [drm]] comm="kmscon" pid=662, dev=0xe201, auth=1, DRM_IOCTL_VERSION
Dec 30 01:45:29 raspberrypi kernel: nc4_ili9488 spi0.0: [drm:drm_file_free [drm]] comm="kmscon", pid=662, dev=0xe201, open_count=1
Dec 30 01:45:30 raspberrypi kernel: nc4_ili9488 spi0.0: [drm:drm_open_helper [drm]] comm="kmscon", pid=662, minor=1
Dec 30 01:45:30 raspberrypi kernel: nc4_ili9488 spi0.0: [drm:drm_ioctl [drm]] comm="kmscon" pid=662, dev=0xe201, auth=1, DRM_IOCTL_DROP_MASTER
Dec 30 01:45:30 raspberrypi kernel: nc4_ili9488 spi0.0: [drm:drm_ioctl [drm]] comm="kmscon" pid=662, dev=0xe201, auth=1, DRM_IOCTL_GET_CAP
Dec 30 01:45:30 raspberrypi kernel: nc4_ili9488 spi0.1: [drm:drm_open_helper [drm]] comm="kmscon", pid=662, minor=0
Dec 30 01:45:30 raspberrypi kernel: nc4_ili9488 spi0.1: [drm:drm_ioctl [drm]] comm="kmscon" pid=662, dev=0xe200, auth=1, DRM_IOCTL_VERSION
Dec 30 01:45:30 raspberrypi kernel: nc4_ili9488 spi0.1: [drm:drm_ioctl [drm]] comm="kmscon" pid=662, dev=0xe200, auth=1, DRM_IOCTL_VERSION
Dec 30 01:45:30 raspberrypi kernel: nc4_ili9488 spi0.1: [drm:drm_file_free [drm]] comm="kmscon", pid=662, dev=0xe200, open_count=1
Dec 30 01:45:30 raspberrypi kernel: nc4_ili9488 spi0.1: [drm:drm_open_helper [drm]] comm="kmscon", pid=662, minor=0
Dec 30 01:45:30 raspberrypi kernel: nc4_ili9488 spi0.1: [drm:drm_ioctl [drm]] comm="kmscon" pid=662, dev=0xe200, auth=1, DRM_IOCTL_DROP_MASTER
Dec 30 01:45:30 raspberrypi kernel: nc4_ili9488 spi0.1: [drm:drm_ioctl [drm]] comm="kmscon" pid=662, dev=0xe200, auth=1, DRM_IOCTL_GET_CAP
Dec 30 01:45:30 raspberrypi kernel: nc4_ili9488 spi0.1: [drm:drm_ioctl [drm]] comm="kmscon" pid=662, dev=0xe200, auth=1, DRM_IOCTL_SET_MASTER
Dec 30 01:45:30 raspberrypi kernel: nc4_ili9488 spi0.1: [drm:drm_ioctl [drm]] comm="kmscon" pid=662, dev=0xe200, auth=1, DRM_IOCTL_MODE_GETRESOURCES
Dec 30 01:45:30 raspberrypi kernel: nc4_ili9488 spi0.1: [drm:drm_ioctl [drm]] comm="kmscon" pid=662, dev=0xe200, auth=1, DRM_IOCTL_MODE_GETRESOURCES
Dec 30 01:45:30 raspberrypi kernel: nc4_ili9488 spi0.1: [drm:drm_ioctl [drm]] comm="kmscon" pid=662, dev=0xe200, auth=1, DRM_IOCTL_MODE_GETCONNECTOR
Dec 30 01:45:30 raspberrypi kernel: nc4_ili9488 spi0.1: [drm:drm_ioctl [drm]] comm="kmscon" pid=662, dev=0xe200, auth=1, DRM_IOCTL_MODE_GETCONNECTOR
Dec 30 01:45:30 raspberrypi kernel: nc4_ili9488 spi0.1: [drm:drm_ioctl [drm]] comm="kmscon" pid=662, dev=0xe200, auth=1, DRM_IOCTL_MODE_GETPROPERTY
Dec 30 01:45:30 raspberrypi kernel: nc4_ili9488 spi0.1: [drm:drm_ioctl [drm]] comm="kmscon" pid=662, dev=0xe200, auth=1, DRM_IOCTL_MODE_GETPROPERTY
Dec 30 01:45:30 raspberrypi kernel: nc4_ili9488 spi0.1: [drm:drm_ioctl [drm]] comm="kmscon" pid=662, dev=0xe200, auth=1, DRM_IOCTL_MODE_GETPROPERTY
Dec 30 01:45:30 raspberrypi kernel: nc4_ili9488 spi0.1: [drm:drm_ioctl [drm]] comm="kmscon" pid=662, dev=0xe200, auth=1, DRM_IOCTL_MODE_GETPROPERTY
Dec 30 01:45:30 raspberrypi kernel: nc4_ili9488 spi0.0: [drm:drm_ioctl [drm]] comm="kmscon" pid=662, dev=0xe201, auth=1, DRM_IOCTL_SET_MASTER
Dec 30 01:45:30 raspberrypi kernel: nc4_ili9488 spi0.0: [drm:drm_ioctl [drm]] comm="kmscon" pid=662, dev=0xe201, auth=1, DRM_IOCTL_MODE_GETRESOURCES
Dec 30 01:45:30 raspberrypi kernel: nc4_ili9488 spi0.0: [drm:drm_ioctl [drm]] comm="kmscon" pid=662, dev=0xe201, auth=1, DRM_IOCTL_MODE_GETRESOURCES
Dec 30 01:45:30 raspberrypi kernel: nc4_ili9488 spi0.0: [drm:drm_ioctl [drm]] comm="kmscon" pid=662, dev=0xe201, auth=1, DRM_IOCTL_MODE_GETCONNECTOR
Dec 30 01:45:30 raspberrypi kernel: nc4_ili9488 spi0.0: [drm:drm_ioctl [drm]] comm="kmscon" pid=662, dev=0xe201, auth=1, DRM_IOCTL_MODE_GETCONNECTOR
Dec 30 01:45:30 raspberrypi kernel: nc4_ili9488 spi0.0: [drm:drm_ioctl [drm]] comm="kmscon" pid=662, dev=0xe201, auth=1, DRM_IOCTL_MODE_GETPROPERTY
Dec 30 01:45:30 raspberrypi kernel: nc4_ili9488 spi0.0: [drm:drm_ioctl [drm]] comm="kmscon" pid=662, dev=0xe201, auth=1, DRM_IOCTL_MODE_GETPROPERTY
Dec 30 01:45:30 raspberrypi kernel: nc4_ili9488 spi0.0: [drm:drm_ioctl [drm]] comm="kmscon" pid=662, dev=0xe201, auth=1, DRM_IOCTL_MODE_GETPROPERTY
Dec 30 01:45:30 raspberrypi kernel: nc4_ili9488 spi0.0: [drm:drm_ioctl [drm]] comm="kmscon" pid=662, dev=0xe201, auth=1, DRM_IOCTL_MODE_GETPROPERTY
Dec 30 01:45:30 raspberrypi kernel: nc4_ili9488 spi0.0: [drm:drm_ioctl [drm]] comm="kmscon" pid=662, dev=0xe201, auth=1, DRM_IOCTL_MODE_GETRESOURCES
Dec 30 01:45:30 raspberrypi kernel: nc4_ili9488 spi0.0: [drm:drm_ioctl [drm]] comm="kmscon" pid=662, dev=0xe201, auth=1, DRM_IOCTL_MODE_GETRESOURCES
Dec 30 01:45:30 raspberrypi kernel: nc4_ili9488 spi0.0: [drm:drm_ioctl [drm]] comm="kmscon" pid=662, dev=0xe201, auth=1, DRM_IOCTL_MODE_GETCONNECTOR
Dec 30 01:45:30 raspberrypi kernel: nc4_ili9488 spi0.0: [drm:drm_ioctl [drm]] comm="kmscon" pid=662, dev=0xe201, auth=1, DRM_IOCTL_MODE_GETCONNECTOR
Dec 30 01:45:30 raspberrypi kernel: nc4_ili9488 spi0.0: [drm:drm_ioctl [drm]] comm="kmscon" pid=662, dev=0xe201, auth=1, DRM_IOCTL_MODE_GETENCODER
Dec 30 01:45:30 raspberrypi kernel: nc4_ili9488 spi0.0: [drm:drm_ioctl [drm]] comm="kmscon" pid=662, dev=0xe201, auth=1, DRM_IOCTL_MODE_GETCRTC
Dec 30 01:45:30 raspberrypi kernel: nc4_ili9488 spi0.0: [drm:drm_ioctl [drm]] comm="kmscon" pid=662, dev=0xe201, auth=1, DRM_IOCTL_MODE_CREATE_DUMB
Dec 30 01:45:30 raspberrypi kernel: nc4_ili9488 spi0.0: [drm:drm_ioctl [drm]] comm="kmscon" pid=662, dev=0xe201, auth=1, DRM_IOCTL_MODE_ADDFB
Dec 30 01:45:30 raspberrypi kernel: nc4_ili9488 spi0.0: [drm:drm_ioctl [drm]] comm="kmscon" pid=662, dev=0xe201, auth=1, DRM_IOCTL_MODE_MAP_DUMB
Dec 30 01:45:30 raspberrypi kernel: nc4_ili9488 spi0.0: [drm:drm_ioctl [drm]] comm="kmscon" pid=662, dev=0xe201, auth=1, DRM_IOCTL_MODE_CREATE_DUMB
Dec 30 01:45:30 raspberrypi kernel: nc4_ili9488 spi0.0: [drm:drm_ioctl [drm]] comm="kmscon" pid=662, dev=0xe201, auth=1, DRM_IOCTL_MODE_ADDFB
Dec 30 01:45:30 raspberrypi kernel: nc4_ili9488 spi0.0: [drm:drm_ioctl [drm]] comm="kmscon" pid=662, dev=0xe201, auth=1, DRM_IOCTL_MODE_MAP_DUMB
Dec 30 01:45:30 raspberrypi kernel: nc4_ili9488 spi0.0: [drm:drm_ioctl [drm]] comm="kmscon" pid=662, dev=0xe201, auth=1, DRM_IOCTL_MODE_SETCRTC
Dec 30 01:45:30 raspberrypi kernel: nc4_ili9488 spi0.0: [drm:drm_ioctl [drm]] comm="kmscon" pid=662, dev=0xe201, auth=1, DRM_IOCTL_MODE_GETCONNECTOR
Dec 30 01:45:30 raspberrypi kernel: nc4_ili9488 spi0.0: [drm:drm_ioctl [drm]] comm="kmscon" pid=662, dev=0xe201, auth=1, DRM_IOCTL_MODE_GETCONNECTOR
Dec 30 01:45:30 raspberrypi kernel: nc4_ili9488 spi0.0: [drm:drm_ioctl [drm]] comm="kmscon" pid=662, dev=0xe201, auth=1, DRM_IOCTL_MODE_GETPROPERTY
Dec 30 01:45:30 raspberrypi kernel: nc4_ili9488 spi0.0: [drm:drm_ioctl [drm]] comm="kmscon" pid=662, dev=0xe201, auth=1, DRM_IOCTL_MODE_GETPROPERTY
Dec 30 01:45:30 raspberrypi kernel: nc4_ili9488 spi0.0: [drm:drm_ioctl [drm]] comm="kmscon" pid=662, dev=0xe201, auth=1, DRM_IOCTL_MODE_GETPROPERTY
Dec 30 01:45:30 raspberrypi kernel: nc4_ili9488 spi0.0: [drm:drm_ioctl [drm]] comm="kmscon" pid=662, dev=0xe201, auth=1, DRM_IOCTL_MODE_GETPROPERTY
Dec 30 01:45:30 raspberrypi kernel: nc4_ili9488 spi0.0: [drm:drm_ioctl [drm]] comm="kmscon" pid=662, dev=0xe201, auth=1, DRM_IOCTL_MODE_SETPROPERTY
Dec 30 01:45:30 raspberrypi kernel: nc4_ili9488 spi0.1: [drm:drm_ioctl [drm]] comm="kmscon" pid=662, dev=0xe200, auth=1, DRM_IOCTL_MODE_GETRESOURCES
Dec 30 01:45:30 raspberrypi kernel: nc4_ili9488 spi0.1: [drm:drm_ioctl [drm]] comm="kmscon" pid=662, dev=0xe200, auth=1, DRM_IOCTL_MODE_GETRESOURCES
Dec 30 01:45:30 raspberrypi kernel: nc4_ili9488 spi0.1: [drm:drm_ioctl [drm]] comm="kmscon" pid=662, dev=0xe200, auth=1, DRM_IOCTL_MODE_GETCONNECTOR
Dec 30 01:45:30 raspberrypi kernel: nc4_ili9488 spi0.1: [drm:drm_ioctl [drm]] comm="kmscon" pid=662, dev=0xe200, auth=1, DRM_IOCTL_MODE_GETCONNECTOR
Dec 30 01:45:30 raspberrypi kernel: nc4_ili9488 spi0.1: [drm:drm_ioctl [drm]] comm="kmscon" pid=662, dev=0xe200, auth=1, DRM_IOCTL_MODE_GETENCODER
Dec 30 01:45:30 raspberrypi kernel: nc4_ili9488 spi0.1: [drm:drm_ioctl [drm]] comm="kmscon" pid=662, dev=0xe200, auth=1, DRM_IOCTL_MODE_GETCRTC
Dec 30 01:45:30 raspberrypi kernel: nc4_ili9488 spi0.1: [drm:drm_ioctl [drm]] comm="kmscon" pid=662, dev=0xe200, auth=1, DRM_IOCTL_MODE_CREATE_DUMB
Dec 30 01:45:30 raspberrypi kernel: nc4_ili9488 spi0.1: [drm:drm_ioctl [drm]] comm="kmscon" pid=662, dev=0xe200, auth=1, DRM_IOCTL_MODE_ADDFB
Dec 30 01:45:30 raspberrypi kernel: nc4_ili9488 spi0.1: [drm:drm_ioctl [drm]] comm="kmscon" pid=662, dev=0xe200, auth=1, DRM_IOCTL_MODE_MAP_DUMB
Dec 30 01:45:30 raspberrypi kernel: nc4_ili9488 spi0.1: [drm:drm_ioctl [drm]] comm="kmscon" pid=662, dev=0xe200, auth=1, DRM_IOCTL_MODE_CREATE_DUMB
Dec 30 01:45:30 raspberrypi kernel: nc4_ili9488 spi0.1: [drm:drm_ioctl [drm]] comm="kmscon" pid=662, dev=0xe200, auth=1, DRM_IOCTL_MODE_ADDFB
Dec 30 01:45:30 raspberrypi kernel: nc4_ili9488 spi0.1: [drm:drm_ioctl [drm]] comm="kmscon" pid=662, dev=0xe200, auth=1, DRM_IOCTL_MODE_MAP_DUMB
Dec 30 01:45:30 raspberrypi kernel: nc4_ili9488 spi0.1: [drm:drm_ioctl [drm]] comm="kmscon" pid=662, dev=0xe200, auth=1, DRM_IOCTL_MODE_SETCRTC
Dec 30 01:45:30 raspberrypi kernel: nc4_ili9488 spi0.1: [drm:drm_ioctl [drm]] comm="kmscon" pid=662, dev=0xe200, auth=1, DRM_IOCTL_MODE_GETCONNECTOR
Dec 30 01:45:30 raspberrypi kernel: nc4_ili9488 spi0.1: [drm:drm_ioctl [drm]] comm="kmscon" pid=662, dev=0xe200, auth=1, DRM_IOCTL_MODE_GETCONNECTOR
Dec 30 01:45:30 raspberrypi kernel: nc4_ili9488 spi0.1: [drm:drm_ioctl [drm]] comm="kmscon" pid=662, dev=0xe200, auth=1, DRM_IOCTL_MODE_GETPROPERTY
Dec 30 01:45:30 raspberrypi kernel: nc4_ili9488 spi0.1: [drm:drm_ioctl [drm]] comm="kmscon" pid=662, dev=0xe200, auth=1, DRM_IOCTL_MODE_GETPROPERTY
Dec 30 01:45:30 raspberrypi kernel: nc4_ili9488 spi0.1: [drm:drm_ioctl [drm]] comm="kmscon" pid=662, dev=0xe200, auth=1, DRM_IOCTL_MODE_GETPROPERTY
Dec 30 01:45:30 raspberrypi kernel: nc4_ili9488 spi0.1: [drm:drm_ioctl [drm]] comm="kmscon" pid=662, dev=0xe200, auth=1, DRM_IOCTL_MODE_GETPROPERTY
Dec 30 01:45:30 raspberrypi kernel: nc4_ili9488 spi0.1: [drm:drm_ioctl [drm]] comm="kmscon" pid=662, dev=0xe200, auth=1, DRM_IOCTL_MODE_SETPROPERTY
Dec 30 01:45:31 raspberrypi kernel: nc4_ili9488 spi0.1: [drm:drm_ioctl [drm]] comm="kmscon" pid=662, dev=0xe200, auth=1, DRM_IOCTL_MODE_PAGE_FLIP
Dec 30 01:45:31 raspberrypi kernel: nc4_ili9488 spi0.0: [drm:drm_ioctl [drm]] comm="kmscon" pid=662, dev=0xe201, auth=1, DRM_IOCTL_MODE_PAGE_FLIP
Dec 30 01:45:31 raspberrypi kmscon[662]: [0002.569467] WARNING: video_fbdev: cannot read monitor refresh rate, forcing 60 Hz (display_activate_force() in ../src/uterm_fbdev_video.c:285)
Dec 30 01:45:31 raspberrypi kmscon[662]: [0002.570854] WARNING: video_fbdev: cannot read monitor refresh rate, forcing 60 Hz (display_activate_force() in ../src/uterm_fbdev_video.c:285)
Dec 30 01:45:31 raspberrypi kernel: nc4_ili9488 spi0.1: [drm:drm_ioctl [drm]] comm="kmscon" pid=662, dev=0xe200, auth=1, DRM_IOCTL_MODE_PAGE_FLIP
Dec 30 01:45:31 raspberrypi kernel: nc4_ili9488 spi0.0: [drm:drm_ioctl [drm]] comm="kmscon" pid=662, dev=0xe201, auth=1, DRM_IOCTL_MODE_PAGE_FLIP
Dec 30 01:46:50 raspberrypi kernel: nc4_ili9488 spi0.1: [drm:drm_ioctl [drm]] comm="kmscon" pid=662, dev=0xe200, auth=1, DRM_IOCTL_MODE_PAGE_FLIP
Dec 30 01:46:50 raspberrypi kernel: nc4_ili9488 spi0.0: [drm:drm_ioctl [drm]] comm="kmscon" pid=662, dev=0xe201, auth=1, DRM_IOCTL_MODE_PAGE_FLIP
Dec 30 01:46:50 raspberrypi kernel: nc4_ili9488 spi0.1: [drm:drm_ioctl [drm]] comm="kmscon" pid=662, dev=0xe200, auth=1, DRM_IOCTL_MODE_PAGE_FLIP
Dec 30 01:46:50 raspberrypi kernel: nc4_ili9488 spi0.0: [drm:drm_ioctl [drm]] comm="kmscon" pid=662, dev=0xe201, auth=1, DRM_IOCTL_MODE_PAGE_FLIP
Dec 30 01:47:16 raspberrypi sudo[1394]:      nc4 : TTY=pts/4 ; PWD=/home/nc4/TouchscreenApparatus ; USER=root ; COMMAND=/usr/bin/journalctl -u kmsconvt@tty1.service --no-pager
